[0.021s] Invoking command in '/home/javierbecerril/harmonic_ws/src/build/ardupilot_gazebo': CMAKE_PREFIX_PATH=${CMAKE_PREFIX_PATH}:/home/javierbecerril/harmonic_ws/install/tag_hover_sim:/opt/ros/jazzy DEBUGINFOD_URLS=https://debuginfod.ubuntu.com PS1=\[\e]0;\u@\h: \w\a\]${debian_chroot:+($debian_chroot)}\[\033[01;32m\]\u@\h\[\033[00m\]:\[\033[01;34m\]\w\[\033[00m\]\$ /usr/bin/cmake /home/javierbecerril/harmonic_ws/src/ardupilot_gazebo -DCMAKE_INSTALL_PREFIX=/home/javierbecerril/harmonic_ws/src/install/ardupilot_gazebo
[0.423s] -- The C compiler identification is GNU 13.3.0
[1.723s] -- The CXX compiler identification is GNU 13.3.0
[2.902s] -- Detecting C compiler ABI info
[3.383s] -- Detecting C compiler ABI info - done
[3.391s] -- Check for working C compiler: /usr/bin/cc - skipped
[3.392s] -- Detecting C compile features
[3.393s] -- Detecting C compile features - done
[3.599s] -- Detecting CXX compiler ABI info
[4.084s] -- Detecting CXX compiler ABI info - done
[4.093s] -- Check for working CXX compiler: /usr/bin/c++ - skipped
[4.094s] -- Detecting CXX compile features
[4.094s] -- Detecting CXX compile features - done
[4.287s] -- Found Python3: /usr/bin/python3 (found version "3.12.3") found components: Interpreter 
[4.447s] [0mBuilding ardupilot_gazebo as an `ament_cmake` project.[0m
[4.464s] -- Looking for gz-common5 -- found version 5.7.1
[4.465s] -- Searching for dependencies of gz-common5
[4.468s] -- Looking for gz-utils2 -- found version 2.2.1
[4.468s] -- Searching for dependencies of gz-utils2
[4.561s] -- Looking for dlfcn.h - found
[4.881s] -- Looking for libdl - found
[4.883s] -- Found DL: TRUE  
[4.893s] -- Checking for module 'uuid'
[4.921s] --   Found uuid, version 2.39.3
[4.963s] -- Found UUID: TRUE  
[4.967s] -- Looking for gz-common5 - found
[4.967s] 
[4.976s] -- Looking for gz-rendering8 -- found version 8.2.2
[4.977s] -- Searching for dependencies of gz-rendering8
[4.982s] -- Looking for gz-math7 -- found version 7.5.2
[4.982s] -- Searching for dependencies of gz-math7
[4.983s] -- Looking for gz-utils2 -- found version 2.2.1
[4.984s] -- Searching for <gz-math7> component [eigen3]
[4.987s] -- Looking for gz-math7-eigen3 -- found version 7.5.2
[4.987s] -- Searching for dependencies of gz-math7-eigen3
[5.019s] -- Looking for gz-common5 -- found version 5.7.1
[5.019s] -- Searching for dependencies of gz-common5
[5.020s] -- Looking for gz-utils2 -- found version 2.2.1
[5.020s] -- Looking for dlfcn.h - found
[5.020s] -- Looking for libdl - found
[5.038s] -- Searching for <gz-common5> component [graphics]
[5.042s] -- Looking for gz-common5-graphics -- found version 5.7.1
[5.042s] -- Searching for dependencies of gz-common5-graphics
[5.042s] -- Looking for gz-math7 -- found version 7.5.2
[5.054s] -- Found GzAssimp: TRUE (found version "5.3.0") 
[5.056s] -- Searching for <gz-common5> component [events]
[5.059s] -- Looking for gz-common5-events -- found version 5.7.1
[5.059s] -- Searching for dependencies of gz-common5-events
[5.060s] -- Looking for gz-math7 -- found version 7.5.2
[5.061s] -- Searching for <gz-common5> component [geospatial]
[5.064s] -- Looking for gz-common5-geospatial -- found version 5.7.1
[5.064s] -- Searching for dependencies of gz-common5-geospatial
[5.064s] -- Looking for gz-math7 -- found version 7.5.2
[5.064s] -- Looking for gz-common5 -- found version 5.7.1
[5.068s] -- Looking for gz-plugin2 -- found version 2.0.4
[5.068s] -- Searching for dependencies of gz-plugin2
[5.068s] -- Looking for gz-utils2 -- found version 2.2.1
[5.069s] -- Searching for dependencies of gz-utils2
[5.069s] -- Searching for <gz-utils2> component [cli]
[5.072s] -- Looking for gz-utils2-cli -- found version 2.2.1
[5.072s] -- Searching for dependencies of gz-utils2-cli
[5.074s] -- Searching for <gz-plugin2> component [all]
[5.076s] -- Looking for all libraries of gz-plugin2 -- found version 2.0.4
[5.077s] -- Looking for gz-plugin2 -- found version 2.0.4
[5.079s] -- Looking for gz-plugin2-loader -- found version 2.0.4
[5.079s] -- Searching for dependencies of gz-plugin2-loader
[5.083s] -- Looking for gz-plugin2-register -- found version 2.0.4
[5.083s] -- Searching for dependencies of gz-plugin2-register
[5.085s] -- Looking for gz-utils2 -- found version 2.2.1
[6.411s] -- Found OpenGL: /usr/lib/x86_64-linux-gnu/libOpenGL.so  found components: OpenGL 
[6.412s] -- Looking for gz-rendering8 - found
[6.412s] 
[6.417s] -- Looking for gz-sim8 -- found version 8.10.0
[6.417s] -- Searching for dependencies of gz-sim8
[6.420s] -- Looking for sdformat14 -- found version 14.8.0
[6.420s] -- Searching for dependencies of sdformat14
[6.426s] -- Checking for module 'tinyxml2'
[6.445s] --   Found tinyxml2, version 10.0.0
[6.482s] -- Looking for gz-math7 -- found version 7.5.2
[6.482s] -- Looking for gz-utils2 -- found version 2.2.1
[6.485s] -- Looking for gz-plugin2 -- found version 2.0.4
[6.489s] -- Looking for gz-transport13 -- found version 13.5.0
[6.490s] -- Searching for dependencies of gz-transport13
[9.790s] -- Found Protobuf: /usr/lib/x86_64-linux-gnu/libprotobuf.so (found version "3.21.12") 
[11.672s] -- Config-file not installed for ZeroMQ -- checking for pkg-config
[11.676s] -- Checking for module 'libzmq >= 4'
[11.692s] --   Found libzmq, version 4.3.5
[11.744s] -- Found ZeroMQ: TRUE (Required is at least version "4") 
[11.863s] -- Looking for gz-utils2 -- found version 2.2.1
[11.866s] -- Looking for gz-msgs10 -- found version 10.3.2
[11.866s] -- Searching for dependencies of gz-msgs10
[13.883s] -- Looking for gz-utils2 -- found version 2.2.1
[13.884s] -- Looking for gz-math7 -- found version 7.5.2
[13.897s] -- Searching for <gz-transport13> component [log]
[13.899s] -- Looking for gz-transport13-log -- found version 13.5.0
[13.899s] -- Searching for dependencies of gz-transport13-log
[13.901s] -- Searching for <gz-transport13> component [parameters]
[13.903s] -- Looking for gz-transport13-parameters -- found version 13.5.0
[13.903s] -- Searching for dependencies of gz-transport13-parameters
[13.906s] -- Looking for gz-msgs10 -- found version 10.3.2
[13.906s] -- Looking for gz-common5 -- found version 5.7.1
[13.906s] -- Searching for dependencies of gz-common5
[13.907s] -- Looking for gz-utils2 -- found version 2.2.1
[13.907s] -- Looking for dlfcn.h - found
[13.907s] -- Looking for libdl - found
[13.919s] -- Searching for <gz-common5> component [av]
[13.922s] -- Looking for gz-common5-av -- found version 5.7.1
[13.923s] -- Searching for dependencies of gz-common5-av
[13.930s] -- Checking for module 'libswscale'
[13.947s] --   Found libswscale, version 7.5.100
[13.983s] -- Found SWSCALE: TRUE  
[13.989s] -- Checking for module 'libavdevice >= 56.4.100'
[14.005s] --   Found libavdevice, version 60.3.100
[14.054s] -- Found AVDEVICE: TRUE (Required is at least version "56.4.100") 
[14.059s] -- Checking for module 'libavformat'
[14.077s] --   Found libavformat, version 60.16.100
[14.123s] -- Found AVFORMAT: TRUE  
[14.130s] -- Checking for module 'libavcodec'
[14.145s] --   Found libavcodec, version 60.31.102
[14.184s] -- Found AVCODEC: TRUE  
[14.190s] -- Checking for module 'libavutil'
[14.206s] --   Found libavutil, version 58.29.100
[14.251s] -- Found AVUTIL: TRUE  
[14.253s] -- Searching for <gz-common5> component [events]
[14.253s] -- Searching for <gz-common5> component [graphics]
[14.253s] -- Searching for <gz-common5> component [io]
[14.257s] -- Looking for gz-common5-io -- found version 5.7.1
[14.257s] -- Searching for dependencies of gz-common5-io
[14.258s] -- Searching for <gz-common5> component [profiler]
[14.262s] -- Looking for gz-common5-profiler -- found version 5.7.1
[14.263s] -- Searching for dependencies of gz-common5-profiler
[14.268s] -- Looking for gz-fuel_tools9 -- found version 9.1.1
[14.268s] -- Searching for dependencies of gz-fuel_tools9
[16.624s] -- Found CURL: /usr/lib/x86_64-linux-gnu/libcurl.so (found version "8.5.0")  
[16.636s] -- Checking for module 'jsoncpp'
[16.651s] --   Found jsoncpp, version 1.9.5
[16.684s] -- Found JSONCPP: TRUE  
[18.335s] -- Checking for module 'yaml-0.1'
[18.353s] --   Found yaml-0.1, version 0.2.5
[18.389s] -- Found YAML: TRUE  
[18.395s] -- Checking for module 'libzip'
[18.410s] --   Found libzip, version 1.7.3
[18.445s] -- Found ZIP: TRUE  
[18.446s] -- Looking for gz-utils2 -- found version 2.2.1
[18.446s] -- Looking for gz-common5 -- found version 5.7.1
[18.446s] -- Searching for dependencies of gz-common5
[18.447s] -- Looking for gz-utils2 -- found version 2.2.1
[18.447s] -- Looking for dlfcn.h - found
[18.447s] -- Looking for libdl - found
[18.456s] -- Searching for <gz-common5> component [testing]
[18.461s] -- Looking for gz-common5-testing -- found version 5.7.1
[18.461s] -- Searching for dependencies of gz-common5-testing
[18.463s] -- Looking for gz-math7 -- found version 7.5.2
[18.464s] -- Looking for gz-msgs10 -- found version 10.3.2
[18.468s] -- Looking for gz-gui8 -- found version 8.4.0
[18.468s] -- Searching for dependencies of gz-gui8
[20.619s] -- Looking for gz-utils2 -- found version 2.2.1
[20.619s] -- Looking for gz-math7 -- found version 7.5.2
[20.620s] -- Looking for gz-common5 -- found version 5.7.1
[20.620s] -- Looking for gz-plugin2 -- found version 2.0.4
[20.621s] -- Looking for gz-transport13 -- found version 13.5.0
[20.621s] -- Looking for gz-rendering8 -- found version 8.2.2
[20.621s] -- Looking for gz-msgs10 -- found version 10.3.2
[20.823s] -- Looking for gz-physics7 -- found version 7.6.0
[20.823s] -- Searching for dependencies of gz-physics7
[20.824s] -- Looking for gz-common5 -- found version 5.7.1
[20.824s] -- Looking for gz-math7 -- found version 7.5.2
[20.824s] -- Looking for gz-plugin2 -- found version 2.0.4
[20.825s] -- Looking for gz-utils2 -- found version 2.2.1
[20.827s] -- Searching for <gz-physics7> component [heightmap]
[20.828s] -- Looking for gz-physics7-heightmap -- found version 7.6.0
[20.829s] -- Searching for dependencies of gz-physics7-heightmap
[20.829s] -- Looking for gz-common5 -- found version 5.7.1
[20.830s] -- Searching for <gz-physics7> component [mesh]
[20.832s] -- Looking for gz-physics7-mesh -- found version 7.6.0
[20.832s] -- Searching for dependencies of gz-physics7-mesh
[20.832s] -- Looking for gz-common5 -- found version 5.7.1
[20.833s] -- Searching for <gz-physics7> component [sdf]
[20.835s] -- Looking for gz-physics7-sdf -- found version 7.6.0
[20.835s] -- Searching for dependencies of gz-physics7-sdf
[20.835s] -- Looking for sdformat14 -- found version 14.8.0
[20.838s] -- Looking for gz-sensors8 -- found version 8.2.2
[20.838s] -- Searching for dependencies of gz-sensors8
[23.169s] -- Looking for gz-math7 -- found version 7.5.2
[23.170s] -- Looking for gz-common5 -- found version 5.7.1
[23.171s] -- Looking for gz-transport13 -- found version 13.5.0
[23.173s] -- Looking for gz-rendering8 -- found version 8.2.2
[23.174s] -- Looking for gz-msgs10 -- found version 10.3.2
[23.174s] -- Looking for sdformat14 -- found version 14.8.0
[23.177s] -- Searching for <gz-sensors8> component [air_pressure]
[23.181s] -- Looking for gz-sensors8-air_pressure -- found version 8.2.2
[23.182s] -- Searching for dependencies of gz-sensors8-air_pressure
[23.185s] -- Searching for <gz-sensors8> component [air_speed]
[23.189s] -- Looking for gz-sensors8-air_speed -- found version 8.2.2
[23.190s] -- Searching for dependencies of gz-sensors8-air_speed
[23.192s] -- Searching for <gz-sensors8> component [altimeter]
[23.196s] -- Looking for gz-sensors8-altimeter -- found version 8.2.2
[23.196s] -- Searching for dependencies of gz-sensors8-altimeter
[23.199s] -- Searching for <gz-sensors8> component [imu]
[23.202s] -- Looking for gz-sensors8-imu -- found version 8.2.2
[23.202s] -- Searching for dependencies of gz-sensors8-imu
[23.204s] -- Searching for <gz-sensors8> component [force_torque]
[23.207s] -- Looking for gz-sensors8-force_torque -- found version 8.2.2
[23.207s] -- Searching for dependencies of gz-sensors8-force_torque
[23.209s] -- Searching for <gz-sensors8> component [logical_camera]
[23.212s] -- Looking for gz-sensors8-logical_camera -- found version 8.2.2
[23.212s] -- Searching for dependencies of gz-sensors8-logical_camera
[23.213s] -- Searching for <gz-sensors8> component [magnetometer]
[23.216s] -- Looking for gz-sensors8-magnetometer -- found version 8.2.2
[23.216s] -- Searching for dependencies of gz-sensors8-magnetometer
[23.218s] -- Searching for <gz-sensors8> component [navsat]
[23.219s] -- Looking for gz-sensors8-navsat -- found version 8.2.2
[23.220s] -- Searching for dependencies of gz-sensors8-navsat
[23.221s] -- Searching for <gz-sensors8> component [dvl]
[23.223s] -- Looking for gz-sensors8-dvl -- found version 8.2.2
[23.224s] -- Searching for dependencies of gz-sensors8-dvl
[23.224s] -- Looking for gz-sensors8 -- found version 8.2.2
[23.224s] -- Searching for dependencies of gz-sensors8
[24.967s] -- Looking for gz-math7 -- found version 7.5.2
[24.967s] -- Looking for gz-common5 -- found version 5.7.1
[24.968s] -- Looking for gz-transport13 -- found version 13.5.0
[24.968s] -- Looking for gz-rendering8 -- found version 8.2.2
[24.969s] -- Looking for gz-msgs10 -- found version 10.3.2
[24.969s] -- Looking for sdformat14 -- found version 14.8.0
[24.970s] -- Searching for <gz-sensors8> component [rendering]
[24.972s] -- Looking for gz-sensors8-rendering -- found version 8.2.2
[24.972s] -- Searching for dependencies of gz-sensors8-rendering
[24.975s] -- Searching for <gz-sensors8> component [rendering]
[24.975s] -- Searching for <gz-sensors8> component [lidar]
[24.977s] -- Looking for gz-sensors8-lidar -- found version 8.2.2
[24.978s] -- Searching for dependencies of gz-sensors8-lidar
[24.978s] -- Looking for gz-sensors8 -- found version 8.2.2
[24.980s] -- Searching for <gz-sensors8> component [gpu_lidar]
[24.982s] -- Looking for gz-sensors8-gpu_lidar -- found version 8.2.2
[24.983s] -- Searching for dependencies of gz-sensors8-gpu_lidar
[24.983s] -- Looking for gz-sensors8 -- found version 8.2.2
[24.985s] -- Searching for <gz-sensors8> component [camera]
[24.987s] -- Looking for gz-sensors8-camera -- found version 8.2.2
[24.987s] -- Searching for dependencies of gz-sensors8-camera
[24.988s] -- Looking for gz-sensors8 -- found version 8.2.2
[24.989s] -- Searching for <gz-sensors8> component [boundingbox_camera]
[24.991s] -- Looking for gz-sensors8-boundingbox_camera -- found version 8.2.2
[24.991s] -- Searching for dependencies of gz-sensors8-boundingbox_camera
[24.993s] -- Searching for <gz-sensors8> component [segmentation_camera]
[24.995s] -- Looking for gz-sensors8-segmentation_camera -- found version 8.2.2
[24.995s] -- Searching for dependencies of gz-sensors8-segmentation_camera
[24.997s] -- Searching for <gz-sensors8> component [depth_camera]
[24.999s] -- Looking for gz-sensors8-depth_camera -- found version 8.2.2
[24.999s] -- Searching for dependencies of gz-sensors8-depth_camera
[25.000s] -- Looking for gz-sensors8 -- found version 8.2.2
[25.001s] -- Searching for <gz-sensors8> component [rgbd_camera]
[25.003s] -- Looking for gz-sensors8-rgbd_camera -- found version 8.2.2
[25.003s] -- Searching for dependencies of gz-sensors8-rgbd_camera
[25.003s] -- Looking for gz-sensors8 -- found version 8.2.2
[25.004s] -- Searching for <gz-sensors8> component [thermal_camera]
[25.006s] -- Looking for gz-sensors8-thermal_camera -- found version 8.2.2
[25.006s] -- Searching for dependencies of gz-sensors8-thermal_camera
[25.007s] -- Looking for gz-sensors8 -- found version 8.2.2
[25.008s] -- Searching for <gz-sensors8> component [wide_angle_camera]
[25.010s] -- Looking for gz-sensors8-wide_angle_camera -- found version 8.2.2
[25.010s] -- Searching for dependencies of gz-sensors8-wide_angle_camera
[25.012s] -- Looking for gz-rendering8 -- found version 8.2.2
[25.012s] -- Looking for gz-math7 -- found version 7.5.2
[25.012s] -- Looking for gz-utils2 -- found version 2.2.1
[26.988s] -- Looking for gz-sim8 - found
[26.988s] 
[26.988s] -- Compiling against Gazebo Harmonic
[26.992s] -- RapidJSON found. Headers: /usr/include
[27.003s] -- Found OpenCV: /usr (found version "4.6.0") 
[27.004s] -- Checking for modules 'gstreamer-1.0;gstreamer-app-1.0'
[27.030s] --   Found gstreamer-1.0, version 1.24.2
[27.044s] --   Found gstreamer-app-1.0, version 1.24.2
[27.207s] -- Configuring done (27.2s)
[27.260s] -- Generating done (0.0s)
[27.268s] -- Build files have been written to: /home/javierbecerril/harmonic_ws/src/build/ardupilot_gazebo
[27.283s] Invoked command in '/home/javierbecerril/harmonic_ws/src/build/ardupilot_gazebo' returned '0': CMAKE_PREFIX_PATH=${CMAKE_PREFIX_PATH}:/home/javierbecerril/harmonic_ws/install/tag_hover_sim:/opt/ros/jazzy DEBUGINFOD_URLS=https://debuginfod.ubuntu.com PS1=\[\e]0;\u@\h: \w\a\]${debian_chroot:+($debian_chroot)}\[\033[01;32m\]\u@\h\[\033[00m\]:\[\033[01;34m\]\w\[\033[00m\]\$ /usr/bin/cmake /home/javierbecerril/harmonic_ws/src/ardupilot_gazebo -DCMAKE_INSTALL_PREFIX=/home/javierbecerril/harmonic_ws/src/install/ardupilot_gazebo
[27.285s] Invoking command in '/home/javierbecerril/harmonic_ws/src/build/ardupilot_gazebo': CMAKE_PREFIX_PATH=${CMAKE_PREFIX_PATH}:/home/javierbecerril/harmonic_ws/install/tag_hover_sim:/opt/ros/jazzy DEBUGINFOD_URLS=https://debuginfod.ubuntu.com PS1=\[\e]0;\u@\h: \w\a\]${debian_chroot:+($debian_chroot)}\[\033[01;32m\]\u@\h\[\033[00m\]:\[\033[01;34m\]\w\[\033[00m\]\$ /usr/bin/cmake --build /home/javierbecerril/harmonic_ws/src/build/ardupilot_gazebo -- -j12 -l12
[27.342s] [ 10%] [32mBuilding CXX object CMakeFiles/ParachutePlugin.dir/src/ParachutePlugin.cc.o[0m
[27.343s] [ 20%] [32mBuilding CXX object CMakeFiles/ArduPilotPlugin.dir/src/ArduPilotPlugin.cc.o[0m
[27.343s] [ 30%] [32mBuilding CXX object CMakeFiles/ArduPilotPlugin.dir/src/Util.cc.o[0m
[27.343s] [ 40%] [32mBuilding CXX object CMakeFiles/ArduPilotPlugin.dir/src/SocketUDP.cc.o[0m
[27.347s] [ 50%] [32mBuilding CXX object CMakeFiles/GstCameraPlugin.dir/src/GstCameraPlugin.cc.o[0m
[27.350s] [ 60%] [32mBuilding CXX object CMakeFiles/CameraZoomPlugin.dir/src/CameraZoomPlugin.cc.o[0m
[35.938s] [ 70%] [32m[1mLinking CXX shared library libParachutePlugin.so[0m
[36.024s] [ 80%] [32m[1mLinking CXX shared library libCameraZoomPlugin.so[0m
[36.552s] [ 80%] Built target ParachutePlugin
[36.581s] [ 80%] Built target CameraZoomPlugin
[36.674s] [ 90%] [32m[1mLinking CXX shared library libGstCameraPlugin.so[0m
[37.325s] [100%] [32m[1mLinking CXX shared library libArduPilotPlugin.so[0m
[37.356s] [100%] Built target GstCameraPlugin
[37.915s] [100%] Built target ArduPilotPlugin
[37.928s] Invoked command in '/home/javierbecerril/harmonic_ws/src/build/ardupilot_gazebo' returned '0': CMAKE_PREFIX_PATH=${CMAKE_PREFIX_PATH}:/home/javierbecerril/harmonic_ws/install/tag_hover_sim:/opt/ros/jazzy DEBUGINFOD_URLS=https://debuginfod.ubuntu.com PS1=\[\e]0;\u@\h: \w\a\]${debian_chroot:+($debian_chroot)}\[\033[01;32m\]\u@\h\[\033[00m\]:\[\033[01;34m\]\w\[\033[00m\]\$ /usr/bin/cmake --build /home/javierbecerril/harmonic_ws/src/build/ardupilot_gazebo -- -j12 -l12
[37.942s] Invoking command in '/home/javierbecerril/harmonic_ws/src/build/ardupilot_gazebo': CMAKE_PREFIX_PATH=${CMAKE_PREFIX_PATH}:/home/javierbecerril/harmonic_ws/install/tag_hover_sim:/opt/ros/jazzy DEBUGINFOD_URLS=https://debuginfod.ubuntu.com PS1=\[\e]0;\u@\h: \w\a\]${debian_chroot:+($debian_chroot)}\[\033[01;32m\]\u@\h\[\033[00m\]:\[\033[01;34m\]\w\[\033[00m\]\$ /usr/bin/cmake --install /home/javierbecerril/harmonic_ws/src/build/ardupilot_gazebo
[37.952s] -- Install configuration: ""
[37.952s] -- Installing: /home/javierbecerril/harmonic_ws/src/install/ardupilot_gazebo/lib/ardupilot_gazebo/libArduPilotPlugin.so
[37.956s] -- Set non-toolchain portion of runtime path of "/home/javierbecerril/harmonic_ws/src/install/ardupilot_gazebo/lib/ardupilot_gazebo/libArduPilotPlugin.so" to ""
[37.956s] -- Installing: /home/javierbecerril/harmonic_ws/src/install/ardupilot_gazebo/lib/ardupilot_gazebo/libParachutePlugin.so
[37.958s] -- Set non-toolchain portion of runtime path of "/home/javierbecerril/harmonic_ws/src/install/ardupilot_gazebo/lib/ardupilot_gazebo/libParachutePlugin.so" to ""
[37.958s] -- Installing: /home/javierbecerril/harmonic_ws/src/install/ardupilot_gazebo/lib/ardupilot_gazebo/libCameraZoomPlugin.so
[37.960s] -- Set non-toolchain portion of runtime path of "/home/javierbecerril/harmonic_ws/src/install/ardupilot_gazebo/lib/ardupilot_gazebo/libCameraZoomPlugin.so" to ""
[37.960s] -- Installing: /home/javierbecerril/harmonic_ws/src/install/ardupilot_gazebo/lib/ardupilot_gazebo/libGstCameraPlugin.so
[37.962s] -- Set non-toolchain portion of runtime path of "/home/javierbecerril/harmonic_ws/src/install/ardupilot_gazebo/lib/ardupilot_gazebo/libGstCameraPlugin.so" to ""
[37.962s] -- Installing: /home/javierbecerril/harmonic_ws/src/install/ardupilot_gazebo/share/ardupilot_gazebo/config
[37.963s] -- Installing: /home/javierbecerril/harmonic_ws/src/install/ardupilot_gazebo/share/ardupilot_gazebo/config/gazebo-iris-gimbal.parm
[37.963s] -- Installing: /home/javierbecerril/harmonic_ws/src/install/ardupilot_gazebo/share/ardupilot_gazebo/models
[37.963s] -- Installing: /home/javierbecerril/harmonic_ws/src/install/ardupilot_gazebo/share/ardupilot_gazebo/models/iris_with_standoffs
[37.964s] -- Installing: /home/javierbecerril/harmonic_ws/src/install/ardupilot_gazebo/share/ardupilot_gazebo/models/iris_with_standoffs/model.sdf
[37.964s] -- Installing: /home/javierbecerril/harmonic_ws/src/install/ardupilot_gazebo/share/ardupilot_gazebo/models/iris_with_standoffs/model.config
[37.964s] -- Installing: /home/javierbecerril/harmonic_ws/src/install/ardupilot_gazebo/share/ardupilot_gazebo/models/iris_with_standoffs/meshes
[37.964s] -- Installing: /home/javierbecerril/harmonic_ws/src/install/ardupilot_gazebo/share/ardupilot_gazebo/models/iris_with_standoffs/meshes/iris_prop_cw.dae
[37.966s] -- Installing: /home/javierbecerril/harmonic_ws/src/install/ardupilot_gazebo/share/ardupilot_gazebo/models/iris_with_standoffs/meshes/iris.dae
[37.990s] -- Installing: /home/javierbecerril/harmonic_ws/src/install/ardupilot_gazebo/share/ardupilot_gazebo/models/iris_with_standoffs/meshes/iris_prop_ccw.dae
[37.992s] -- Installing: /home/javierbecerril/harmonic_ws/src/install/ardupilot_gazebo/share/ardupilot_gazebo/models/zephyr
[37.992s] -- Installing: /home/javierbecerril/harmonic_ws/src/install/ardupilot_gazebo/share/ardupilot_gazebo/models/zephyr/model.sdf
[37.993s] -- Installing: /home/javierbecerril/harmonic_ws/src/install/ardupilot_gazebo/share/ardupilot_gazebo/models/zephyr/model.config
[37.993s] -- Installing: /home/javierbecerril/harmonic_ws/src/install/ardupilot_gazebo/share/ardupilot_gazebo/models/zephyr/meshes
[37.993s] -- Installing: /home/javierbecerril/harmonic_ws/src/install/ardupilot_gazebo/share/ardupilot_gazebo/models/zephyr/meshes/parachute_small.dae
[37.994s] -- Installing: /home/javierbecerril/harmonic_ws/src/install/ardupilot_gazebo/share/ardupilot_gazebo/models/zephyr/meshes/wing.dae
[37.995s] -- Installing: /home/javierbecerril/harmonic_ws/src/install/ardupilot_gazebo/share/ardupilot_gazebo/models/zephyr/materials
[37.996s] -- Installing: /home/javierbecerril/harmonic_ws/src/install/ardupilot_gazebo/share/ardupilot_gazebo/models/zephyr/materials/textures
[37.996s] -- Installing: /home/javierbecerril/harmonic_ws/src/install/ardupilot_gazebo/share/ardupilot_gazebo/models/zephyr/materials/textures/wing.png
[37.997s] -- Installing: /home/javierbecerril/harmonic_ws/src/install/ardupilot_gazebo/share/ardupilot_gazebo/models/zephyr/thumbnails
[37.997s] -- Installing: /home/javierbecerril/harmonic_ws/src/install/ardupilot_gazebo/share/ardupilot_gazebo/models/zephyr/thumbnails/3.png
[37.997s] -- Installing: /home/javierbecerril/harmonic_ws/src/install/ardupilot_gazebo/share/ardupilot_gazebo/models/zephyr/thumbnails/4.png
[37.998s] -- Installing: /home/javierbecerril/harmonic_ws/src/install/ardupilot_gazebo/share/ardupilot_gazebo/models/zephyr/thumbnails/5.png
[37.998s] -- Installing: /home/javierbecerril/harmonic_ws/src/install/ardupilot_gazebo/share/ardupilot_gazebo/models/zephyr/thumbnails/2.png
[37.999s] -- Installing: /home/javierbecerril/harmonic_ws/src/install/ardupilot_gazebo/share/ardupilot_gazebo/models/zephyr/thumbnails/1.png
[37.999s] -- Installing: /home/javierbecerril/harmonic_ws/src/install/ardupilot_gazebo/share/ardupilot_gazebo/models/gimbal_small_2d
[37.999s] -- Installing: /home/javierbecerril/harmonic_ws/src/install/ardupilot_gazebo/share/ardupilot_gazebo/models/gimbal_small_2d/model.sdf
[38.000s] -- Installing: /home/javierbecerril/harmonic_ws/src/install/ardupilot_gazebo/share/ardupilot_gazebo/models/gimbal_small_2d/model.config
[38.000s] -- Installing: /home/javierbecerril/harmonic_ws/src/install/ardupilot_gazebo/share/ardupilot_gazebo/models/gimbal_small_2d/meshes
[38.001s] -- Installing: /home/javierbecerril/harmonic_ws/src/install/ardupilot_gazebo/share/ardupilot_gazebo/models/gimbal_small_2d/meshes/tilt.dae
[38.006s] -- Installing: /home/javierbecerril/harmonic_ws/src/install/ardupilot_gazebo/share/ardupilot_gazebo/models/gimbal_small_2d/meshes/base_main.dae
[38.015s] -- Installing: /home/javierbecerril/harmonic_ws/src/install/ardupilot_gazebo/share/ardupilot_gazebo/models/gimbal_small_2d/meshes/base_arm.dae
[38.023s] -- Installing: /home/javierbecerril/harmonic_ws/src/install/ardupilot_gazebo/share/ardupilot_gazebo/models/runway
[38.024s] -- Installing: /home/javierbecerril/harmonic_ws/src/install/ardupilot_gazebo/share/ardupilot_gazebo/models/runway/model.sdf
[38.024s] -- Installing: /home/javierbecerril/harmonic_ws/src/install/ardupilot_gazebo/share/ardupilot_gazebo/models/runway/model.config
[38.024s] -- Installing: /home/javierbecerril/harmonic_ws/src/install/ardupilot_gazebo/share/ardupilot_gazebo/models/runway/meshes
[38.024s] -- Installing: /home/javierbecerril/harmonic_ws/src/install/ardupilot_gazebo/share/ardupilot_gazebo/models/runway/meshes/airfield.dae
[38.025s] -- Installing: /home/javierbecerril/harmonic_ws/src/install/ardupilot_gazebo/share/ardupilot_gazebo/models/runway/materials
[38.025s] -- Installing: /home/javierbecerril/harmonic_ws/src/install/ardupilot_gazebo/share/ardupilot_gazebo/models/runway/materials/textures
[38.025s] -- Installing: /home/javierbecerril/harmonic_ws/src/install/ardupilot_gazebo/share/ardupilot_gazebo/models/runway/materials/textures/Grass004_2K_AmbientOcclusion.jpg
[38.032s] -- Installing: /home/javierbecerril/harmonic_ws/src/install/ardupilot_gazebo/share/ardupilot_gazebo/models/runway/materials/textures/Grass004_2K_Color copy.jpg
[38.060s] -- Installing: /home/javierbecerril/harmonic_ws/src/install/ardupilot_gazebo/share/ardupilot_gazebo/models/runway/materials/textures/Grass004_2K_Roughness.jpg
[38.069s] -- Installing: /home/javierbecerril/harmonic_ws/src/install/ardupilot_gazebo/share/ardupilot_gazebo/models/runway/materials/textures/Grass004_2K_Displacement.jpg
[38.075s] -- Installing: /home/javierbecerril/harmonic_ws/src/install/ardupilot_gazebo/share/ardupilot_gazebo/models/runway/materials/textures/Grass004_2K_Color.jpg
[38.081s] -- Installing: /home/javierbecerril/harmonic_ws/src/install/ardupilot_gazebo/share/ardupilot_gazebo/models/runway/materials/textures/Grass004_2K_NormalGL.jpg
[38.095s] -- Installing: /home/javierbecerril/harmonic_ws/src/install/ardupilot_gazebo/share/ardupilot_gazebo/models/runway/materials/textures/runway.png
[38.096s] -- Installing: /home/javierbecerril/harmonic_ws/src/install/ardupilot_gazebo/share/ardupilot_gazebo/models/zephyr_with_parachute
[38.096s] -- Installing: /home/javierbecerril/harmonic_ws/src/install/ardupilot_gazebo/share/ardupilot_gazebo/models/zephyr_with_parachute/model.sdf
[38.097s] -- Installing: /home/javierbecerril/harmonic_ws/src/install/ardupilot_gazebo/share/ardupilot_gazebo/models/zephyr_with_parachute/model.config
[38.097s] -- Installing: /home/javierbecerril/harmonic_ws/src/install/ardupilot_gazebo/share/ardupilot_gazebo/models/gimbal_small_1d
[38.097s] -- Installing: /home/javierbecerril/harmonic_ws/src/install/ardupilot_gazebo/share/ardupilot_gazebo/models/gimbal_small_1d/model.sdf
[38.098s] -- Installing: /home/javierbecerril/harmonic_ws/src/install/ardupilot_gazebo/share/ardupilot_gazebo/models/gimbal_small_1d/model.config
[38.098s] -- Installing: /home/javierbecerril/harmonic_ws/src/install/ardupilot_gazebo/share/ardupilot_gazebo/models/gimbal_small_1d/meshes
[38.098s] -- Installing: /home/javierbecerril/harmonic_ws/src/install/ardupilot_gazebo/share/ardupilot_gazebo/models/gimbal_small_1d/meshes/tilt.dae
[38.103s] -- Installing: /home/javierbecerril/harmonic_ws/src/install/ardupilot_gazebo/share/ardupilot_gazebo/models/gimbal_small_1d/meshes/base_main.dae
[38.110s] -- Installing: /home/javierbecerril/harmonic_ws/src/install/ardupilot_gazebo/share/ardupilot_gazebo/models/gimbal_small_1d/meshes/base_arm.dae
[38.116s] -- Installing: /home/javierbecerril/harmonic_ws/src/install/ardupilot_gazebo/share/ardupilot_gazebo/models/zephyr_with_ardupilot
[38.117s] -- Installing: /home/javierbecerril/harmonic_ws/src/install/ardupilot_gazebo/share/ardupilot_gazebo/models/zephyr_with_ardupilot/model.sdf
[38.117s] -- Installing: /home/javierbecerril/harmonic_ws/src/install/ardupilot_gazebo/share/ardupilot_gazebo/models/zephyr_with_ardupilot/model.config
[38.117s] -- Installing: /home/javierbecerril/harmonic_ws/src/install/ardupilot_gazebo/share/ardupilot_gazebo/models/iris_with_ardupilot
[38.118s] -- Installing: /home/javierbecerril/harmonic_ws/src/install/ardupilot_gazebo/share/ardupilot_gazebo/models/iris_with_ardupilot/model.sdf
[38.118s] -- Installing: /home/javierbecerril/harmonic_ws/src/install/ardupilot_gazebo/share/ardupilot_gazebo/models/iris_with_ardupilot/model.config
[38.119s] -- Installing: /home/javierbecerril/harmonic_ws/src/install/ardupilot_gazebo/share/ardupilot_gazebo/models/iris_with_gimbal
[38.119s] -- Installing: /home/javierbecerril/harmonic_ws/src/install/ardupilot_gazebo/share/ardupilot_gazebo/models/iris_with_gimbal/model.sdf
[38.120s] -- Installing: /home/javierbecerril/harmonic_ws/src/install/ardupilot_gazebo/share/ardupilot_gazebo/models/iris_with_gimbal/model.config
[38.120s] -- Installing: /home/javierbecerril/harmonic_ws/src/install/ardupilot_gazebo/share/ardupilot_gazebo/models/gimbal_small_3d
[38.120s] -- Installing: /home/javierbecerril/harmonic_ws/src/install/ardupilot_gazebo/share/ardupilot_gazebo/models/gimbal_small_3d/model.sdf
[38.121s] -- Installing: /home/javierbecerril/harmonic_ws/src/install/ardupilot_gazebo/share/ardupilot_gazebo/models/gimbal_small_3d/model.config
[38.121s] -- Installing: /home/javierbecerril/harmonic_ws/src/install/ardupilot_gazebo/share/ardupilot_gazebo/models/gimbal_small_3d/meshes
[38.121s] -- Installing: /home/javierbecerril/harmonic_ws/src/install/ardupilot_gazebo/share/ardupilot_gazebo/models/gimbal_small_3d/meshes/yaw_arm.dae
[38.125s] -- Installing: /home/javierbecerril/harmonic_ws/src/install/ardupilot_gazebo/share/ardupilot_gazebo/models/gimbal_small_3d/meshes/camera_enclosure.dae
[38.127s] -- Installing: /home/javierbecerril/harmonic_ws/src/install/ardupilot_gazebo/share/ardupilot_gazebo/models/gimbal_small_3d/meshes/base_plate.dae
[38.132s] -- Installing: /home/javierbecerril/harmonic_ws/src/install/ardupilot_gazebo/share/ardupilot_gazebo/models/gimbal_small_3d/meshes/roll_arm.dae
[38.135s] -- Installing: /home/javierbecerril/harmonic_ws/src/install/ardupilot_gazebo/share/ardupilot_gazebo/models/parachute_small
[38.135s] -- Installing: /home/javierbecerril/harmonic_ws/src/install/ardupilot_gazebo/share/ardupilot_gazebo/models/parachute_small/model.sdf
[38.135s] -- Installing: /home/javierbecerril/harmonic_ws/src/install/ardupilot_gazebo/share/ardupilot_gazebo/models/parachute_small/model.config
[38.135s] -- Installing: /home/javierbecerril/harmonic_ws/src/install/ardupilot_gazebo/share/ardupilot_gazebo/models/parachute_small/meshes
[38.136s] -- Installing: /home/javierbecerril/harmonic_ws/src/install/ardupilot_gazebo/share/ardupilot_gazebo/models/parachute_small/meshes/parachute_small.dae
[38.137s] -- Installing: /home/javierbecerril/harmonic_ws/src/install/ardupilot_gazebo/share/ardupilot_gazebo/worlds
[38.137s] -- Installing: /home/javierbecerril/harmonic_ws/src/install/ardupilot_gazebo/share/ardupilot_gazebo/worlds/iris_warehouse.sdf
[38.137s] -- Installing: /home/javierbecerril/harmonic_ws/src/install/ardupilot_gazebo/share/ardupilot_gazebo/worlds/zephyr_parachute.sdf
[38.138s] -- Installing: /home/javierbecerril/harmonic_ws/src/install/ardupilot_gazebo/share/ardupilot_gazebo/worlds/zephyr_runway.sdf
[38.138s] -- Installing: /home/javierbecerril/harmonic_ws/src/install/ardupilot_gazebo/share/ardupilot_gazebo/worlds/gimbal.sdf
[38.139s] -- Installing: /home/javierbecerril/harmonic_ws/src/install/ardupilot_gazebo/share/ardupilot_gazebo/worlds/iris_runway.sdf
[38.139s] -- Installing: /home/javierbecerril/harmonic_ws/src/install/ardupilot_gazebo/share/ardupilot_gazebo/environment/ardupilot_gazebo.dsv
[38.140s] -- Installing: /home/javierbecerril/harmonic_ws/src/install/ardupilot_gazebo/share/ardupilot_gazebo/environment/ardupilot_gazebo.sh
[38.140s] -- Installing: /home/javierbecerril/harmonic_ws/src/install/ardupilot_gazebo/share/ament_index/resource_index/package_run_dependencies/ardupilot_gazebo
[38.141s] -- Installing: /home/javierbecerril/harmonic_ws/src/install/ardupilot_gazebo/share/ament_index/resource_index/parent_prefix_path/ardupilot_gazebo
[38.141s] -- Installing: /home/javierbecerril/harmonic_ws/src/install/ardupilot_gazebo/share/ardupilot_gazebo/environment/ament_prefix_path.sh
[38.142s] -- Installing: /home/javierbecerril/harmonic_ws/src/install/ardupilot_gazebo/share/ardupilot_gazebo/environment/ament_prefix_path.dsv
[38.142s] -- Installing: /home/javierbecerril/harmonic_ws/src/install/ardupilot_gazebo/share/ardupilot_gazebo/environment/path.sh
[38.142s] -- Installing: /home/javierbecerril/harmonic_ws/src/install/ardupilot_gazebo/share/ardupilot_gazebo/environment/path.dsv
[38.143s] -- Installing: /home/javierbecerril/harmonic_ws/src/install/ardupilot_gazebo/share/ardupilot_gazebo/local_setup.bash
[38.143s] -- Installing: /home/javierbecerril/harmonic_ws/src/install/ardupilot_gazebo/share/ardupilot_gazebo/local_setup.sh
[38.143s] -- Installing: /home/javierbecerril/harmonic_ws/src/install/ardupilot_gazebo/share/ardupilot_gazebo/local_setup.zsh
[38.144s] -- Installing: /home/javierbecerril/harmonic_ws/src/install/ardupilot_gazebo/share/ardupilot_gazebo/local_setup.dsv
[38.144s] -- Installing: /home/javierbecerril/harmonic_ws/src/install/ardupilot_gazebo/share/ardupilot_gazebo/package.dsv
[38.144s] -- Installing: /home/javierbecerril/harmonic_ws/src/install/ardupilot_gazebo/share/ament_index/resource_index/packages/ardupilot_gazebo
[38.144s] -- Installing: /home/javierbecerril/harmonic_ws/src/install/ardupilot_gazebo/share/ardupilot_gazebo/cmake/ardupilot_gazeboConfig.cmake
[38.145s] -- Installing: /home/javierbecerril/harmonic_ws/src/install/ardupilot_gazebo/share/ardupilot_gazebo/cmake/ardupilot_gazeboConfig-version.cmake
[38.145s] -- Installing: /home/javierbecerril/harmonic_ws/src/install/ardupilot_gazebo/share/ardupilot_gazebo/package.xml
[38.147s] Invoked command in '/home/javierbecerril/harmonic_ws/src/build/ardupilot_gazebo' returned '0': CMAKE_PREFIX_PATH=${CMAKE_PREFIX_PATH}:/home/javierbecerril/harmonic_ws/install/tag_hover_sim:/opt/ros/jazzy DEBUGINFOD_URLS=https://debuginfod.ubuntu.com PS1=\[\e]0;\u@\h: \w\a\]${debian_chroot:+($debian_chroot)}\[\033[01;32m\]\u@\h\[\033[00m\]:\[\033[01;34m\]\w\[\033[00m\]\$ /usr/bin/cmake --install /home/javierbecerril/harmonic_ws/src/build/ardupilot_gazebo
