[0.016s] Invoking command in '/home/javierbecerril/harmonic_ws/build/ardupilot_gazebo': CMAKE_PREFIX_PATH=${CMAKE_PREFIX_PATH}:/opt/ros/jazzy DEBUGINFOD_URLS=https://debuginfod.ubuntu.com PS1=\[\e]0;\u@\h: \w\a\]${debian_chroot:+($debian_chroot)}\[\033[01;32m\]\u@\h\[\033[00m\]:\[\033[01;34m\]\w\[\033[00m\]\$ /usr/bin/cmake /home/javierbecerril/harmonic_ws/src/ardupilot_gazebo -DAMENT_CMAKE_SYMLINK_INSTALL=1 -DCMAKE_INSTALL_PREFIX=/home/javierbecerril/harmonic_ws/install/ardupilot_gazebo
[0.330s] -- Override CMake install command with custom implementation using symlinks instead of copying resources
[0.358s] [0mBuilding ardupilot_gazebo as an `ament_cmake` project.[0m
[0.373s] -- Looking for gz-common5 -- found version 5.7.1
[0.373s] -- Searching for dependencies of gz-common5
[0.375s] -- Looking for gz-utils2 -- found version 2.2.1
[0.375s] -- Searching for dependencies of gz-utils2
[0.377s] -- Looking for dlfcn.h - found
[0.378s] -- Looking for libdl - found
[0.388s] -- Checking for module 'uuid'
[0.417s] --   Found uuid, version 2.39.3
[0.450s] -- Looking for gz-common5 - found
[0.450s] 
[0.453s] -- Looking for gz-rendering8 -- found version 8.2.2
[0.453s] -- Searching for dependencies of gz-rendering8
[0.454s] -- Looking for gz-math7 -- found version 7.5.2
[0.454s] -- Searching for dependencies of gz-math7
[0.455s] -- Looking for gz-utils2 -- found version 2.2.1
[0.456s] -- Searching for <gz-math7> component [eigen3]
[0.457s] -- Looking for gz-math7-eigen3 -- found version 7.5.2
[0.458s] -- Searching for dependencies of gz-math7-eigen3
[0.462s] -- Looking for gz-common5 -- found version 5.7.1
[0.462s] -- Searching for dependencies of gz-common5
[0.462s] -- Looking for gz-utils2 -- found version 2.2.1
[0.462s] -- Looking for dlfcn.h - found
[0.462s] -- Looking for libdl - found
[0.471s] -- Searching for <gz-common5> component [graphics]
[0.472s] -- Looking for gz-common5-graphics -- found version 5.7.1
[0.472s] -- Searching for dependencies of gz-common5-graphics
[0.473s] -- Looking for gz-math7 -- found version 7.5.2
[0.478s] -- Searching for <gz-common5> component [events]
[0.479s] -- Looking for gz-common5-events -- found version 5.7.1
[0.479s] -- Searching for dependencies of gz-common5-events
[0.480s] -- Looking for gz-math7 -- found version 7.5.2
[0.481s] -- Searching for <gz-common5> component [geospatial]
[0.483s] -- Looking for gz-common5-geospatial -- found version 5.7.1
[0.483s] -- Searching for dependencies of gz-common5-geospatial
[0.483s] -- Looking for gz-math7 -- found version 7.5.2
[0.484s] -- Looking for gz-common5 -- found version 5.7.1
[0.486s] -- Looking for gz-plugin2 -- found version 2.0.4
[0.486s] -- Searching for dependencies of gz-plugin2
[0.487s] -- Looking for gz-utils2 -- found version 2.2.1
[0.487s] -- Searching for dependencies of gz-utils2
[0.487s] -- Searching for <gz-utils2> component [cli]
[0.488s] -- Looking for gz-utils2-cli -- found version 2.2.1
[0.488s] -- Searching for dependencies of gz-utils2-cli
[0.490s] -- Searching for <gz-plugin2> component [all]
[0.491s] -- Looking for all libraries of gz-plugin2 -- found version 2.0.4
[0.492s] -- Looking for gz-plugin2 -- found version 2.0.4
[0.493s] -- Looking for gz-plugin2-loader -- found version 2.0.4
[0.493s] -- Searching for dependencies of gz-plugin2-loader
[0.496s] -- Looking for gz-plugin2-register -- found version 2.0.4
[0.496s] -- Searching for dependencies of gz-plugin2-register
[0.498s] -- Looking for gz-utils2 -- found version 2.2.1
[0.616s] -- Looking for gz-rendering8 - found
[0.616s] 
[0.620s] -- Looking for gz-sim8 -- found version 8.10.0
[0.620s] -- Searching for dependencies of gz-sim8
[0.622s] -- Looking for sdformat14 -- found version 14.8.0
[0.622s] -- Searching for dependencies of sdformat14
[0.635s] -- Checking for module 'tinyxml2'
[0.662s] --   Found tinyxml2, version 10.0.0
[0.721s] -- Looking for gz-math7 -- found version 7.5.2
[0.721s] -- Looking for gz-utils2 -- found version 2.2.1
[0.725s] -- Looking for gz-plugin2 -- found version 2.0.4
[0.729s] -- Looking for gz-transport13 -- found version 13.5.0
[0.729s] -- Searching for dependencies of gz-transport13
[4.575s] -- Config-file not installed for ZeroMQ -- checking for pkg-config
[4.580s] -- Checking for module 'libzmq >= 4'
[4.594s] --   Found libzmq, version 4.3.5
[4.643s] -- Looking for gz-utils2 -- found version 2.2.1
[4.644s] -- Looking for gz-msgs10 -- found version 10.3.2
[4.645s] -- Searching for dependencies of gz-msgs10
[6.430s] -- Looking for gz-utils2 -- found version 2.2.1
[6.430s] -- Looking for gz-math7 -- found version 7.5.2
[6.440s] -- Searching for <gz-transport13> component [log]
[6.441s] -- Looking for gz-transport13-log -- found version 13.5.0
[6.442s] -- Searching for dependencies of gz-transport13-log
[6.443s] -- Searching for <gz-transport13> component [parameters]
[6.444s] -- Looking for gz-transport13-parameters -- found version 13.5.0
[6.444s] -- Searching for dependencies of gz-transport13-parameters
[6.445s] -- Looking for gz-msgs10 -- found version 10.3.2
[6.446s] -- Looking for gz-common5 -- found version 5.7.1
[6.446s] -- Searching for dependencies of gz-common5
[6.446s] -- Looking for gz-utils2 -- found version 2.2.1
[6.446s] -- Looking for dlfcn.h - found
[6.447s] -- Looking for libdl - found
[6.454s] -- Searching for <gz-common5> component [av]
[6.456s] -- Looking for gz-common5-av -- found version 5.7.1
[6.456s] -- Searching for dependencies of gz-common5-av
[6.461s] -- Checking for module 'libswscale'
[6.479s] --   Found libswscale, version 7.5.100
[6.538s] -- Checking for module 'libavdevice >= 56.4.100'
[6.566s] --   Found libavdevice, version 60.3.100
[6.636s] -- Checking for module 'libavformat'
[6.650s] --   Found libavformat, version 60.16.100
[6.690s] -- Checking for module 'libavcodec'
[6.706s] --   Found libavcodec, version 60.31.102
[6.755s] -- Checking for module 'libavutil'
[6.769s] --   Found libavutil, version 58.29.100
[6.801s] -- Searching for <gz-common5> component [events]
[6.801s] -- Searching for <gz-common5> component [graphics]
[6.801s] -- Searching for <gz-common5> component [io]
[6.802s] -- Looking for gz-common5-io -- found version 5.7.1
[6.803s] -- Searching for dependencies of gz-common5-io
[6.804s] -- Searching for <gz-common5> component [profiler]
[6.805s] -- Looking for gz-common5-profiler -- found version 5.7.1
[6.805s] -- Searching for dependencies of gz-common5-profiler
[6.807s] -- Looking for gz-fuel_tools9 -- found version 9.1.1
[6.807s] -- Searching for dependencies of gz-fuel_tools9
[8.615s] -- Checking for module 'jsoncpp'
[8.634s] --   Found jsoncpp, version 1.9.5
[10.176s] -- Checking for module 'yaml-0.1'
[10.196s] --   Found yaml-0.1, version 0.2.5
[10.241s] -- Checking for module 'libzip'
[10.263s] --   Found libzip, version 1.7.3
[10.302s] -- Looking for gz-utils2 -- found version 2.2.1
[10.302s] -- Looking for gz-common5 -- found version 5.7.1
[10.303s] -- Searching for dependencies of gz-common5
[10.304s] -- Looking for gz-utils2 -- found version 2.2.1
[10.304s] -- Looking for dlfcn.h - found
[10.304s] -- Looking for libdl - found
[10.312s] -- Searching for <gz-common5> component [testing]
[10.315s] -- Looking for gz-common5-testing -- found version 5.7.1
[10.315s] -- Searching for dependencies of gz-common5-testing
[10.317s] -- Looking for gz-math7 -- found version 7.5.2
[10.318s] -- Looking for gz-msgs10 -- found version 10.3.2
[10.322s] -- Looking for gz-gui8 -- found version 8.4.0
[10.322s] -- Searching for dependencies of gz-gui8
[11.913s] -- Looking for gz-utils2 -- found version 2.2.1
[11.914s] -- Looking for gz-math7 -- found version 7.5.2
[11.915s] -- Looking for gz-common5 -- found version 5.7.1
[11.916s] -- Looking for gz-plugin2 -- found version 2.0.4
[11.918s] -- Looking for gz-transport13 -- found version 13.5.0
[11.918s] -- Looking for gz-rendering8 -- found version 8.2.2
[11.919s] -- Looking for gz-msgs10 -- found version 10.3.2
[12.097s] -- Looking for gz-physics7 -- found version 7.6.0
[12.097s] -- Searching for dependencies of gz-physics7
[12.097s] -- Looking for gz-common5 -- found version 5.7.1
[12.098s] -- Looking for gz-math7 -- found version 7.5.2
[12.098s] -- Looking for gz-plugin2 -- found version 2.0.4
[12.098s] -- Looking for gz-utils2 -- found version 2.2.1
[12.101s] -- Searching for <gz-physics7> component [heightmap]
[12.102s] -- Looking for gz-physics7-heightmap -- found version 7.6.0
[12.102s] -- Searching for dependencies of gz-physics7-heightmap
[12.102s] -- Looking for gz-common5 -- found version 5.7.1
[12.103s] -- Searching for <gz-physics7> component [mesh]
[12.104s] -- Looking for gz-physics7-mesh -- found version 7.6.0
[12.104s] -- Searching for dependencies of gz-physics7-mesh
[12.105s] -- Looking for gz-common5 -- found version 5.7.1
[12.105s] -- Searching for <gz-physics7> component [sdf]
[12.107s] -- Looking for gz-physics7-sdf -- found version 7.6.0
[12.107s] -- Searching for dependencies of gz-physics7-sdf
[12.107s] -- Looking for sdformat14 -- found version 14.8.0
[12.109s] -- Looking for gz-sensors8 -- found version 8.2.2
[12.109s] -- Searching for dependencies of gz-sensors8
[13.577s] -- Looking for gz-math7 -- found version 7.5.2
[13.578s] -- Looking for gz-common5 -- found version 5.7.1
[13.578s] -- Looking for gz-transport13 -- found version 13.5.0
[13.578s] -- Looking for gz-rendering8 -- found version 8.2.2
[13.579s] -- Looking for gz-msgs10 -- found version 10.3.2
[13.579s] -- Looking for sdformat14 -- found version 14.8.0
[13.582s] -- Searching for <gz-sensors8> component [air_pressure]
[13.583s] -- Looking for gz-sensors8-air_pressure -- found version 8.2.2
[13.583s] -- Searching for dependencies of gz-sensors8-air_pressure
[13.584s] -- Searching for <gz-sensors8> component [air_speed]
[13.585s] -- Looking for gz-sensors8-air_speed -- found version 8.2.2
[13.585s] -- Searching for dependencies of gz-sensors8-air_speed
[13.586s] -- Searching for <gz-sensors8> component [altimeter]
[13.587s] -- Looking for gz-sensors8-altimeter -- found version 8.2.2
[13.588s] -- Searching for dependencies of gz-sensors8-altimeter
[13.589s] -- Searching for <gz-sensors8> component [imu]
[13.590s] -- Looking for gz-sensors8-imu -- found version 8.2.2
[13.590s] -- Searching for dependencies of gz-sensors8-imu
[13.591s] -- Searching for <gz-sensors8> component [force_torque]
[13.592s] -- Looking for gz-sensors8-force_torque -- found version 8.2.2
[13.592s] -- Searching for dependencies of gz-sensors8-force_torque
[13.593s] -- Searching for <gz-sensors8> component [logical_camera]
[13.594s] -- Looking for gz-sensors8-logical_camera -- found version 8.2.2
[13.594s] -- Searching for dependencies of gz-sensors8-logical_camera
[13.595s] -- Searching for <gz-sensors8> component [magnetometer]
[13.597s] -- Looking for gz-sensors8-magnetometer -- found version 8.2.2
[13.597s] -- Searching for dependencies of gz-sensors8-magnetometer
[13.598s] -- Searching for <gz-sensors8> component [navsat]
[13.599s] -- Looking for gz-sensors8-navsat -- found version 8.2.2
[13.599s] -- Searching for dependencies of gz-sensors8-navsat
[13.600s] -- Searching for <gz-sensors8> component [dvl]
[13.601s] -- Looking for gz-sensors8-dvl -- found version 8.2.2
[13.601s] -- Searching for dependencies of gz-sensors8-dvl
[13.602s] -- Looking for gz-sensors8 -- found version 8.2.2
[13.602s] -- Searching for dependencies of gz-sensors8
[15.118s] -- Looking for gz-math7 -- found version 7.5.2
[15.118s] -- Looking for gz-common5 -- found version 5.7.1
[15.119s] -- Looking for gz-transport13 -- found version 13.5.0
[15.119s] -- Looking for gz-rendering8 -- found version 8.2.2
[15.120s] -- Looking for gz-msgs10 -- found version 10.3.2
[15.120s] -- Looking for sdformat14 -- found version 14.8.0
[15.121s] -- Searching for <gz-sensors8> component [rendering]
[15.122s] -- Looking for gz-sensors8-rendering -- found version 8.2.2
[15.122s] -- Searching for dependencies of gz-sensors8-rendering
[15.125s] -- Searching for <gz-sensors8> component [rendering]
[15.125s] -- Searching for <gz-sensors8> component [lidar]
[15.126s] -- Looking for gz-sensors8-lidar -- found version 8.2.2
[15.126s] -- Searching for dependencies of gz-sensors8-lidar
[15.126s] -- Looking for gz-sensors8 -- found version 8.2.2
[15.128s] -- Searching for <gz-sensors8> component [gpu_lidar]
[15.129s] -- Looking for gz-sensors8-gpu_lidar -- found version 8.2.2
[15.129s] -- Searching for dependencies of gz-sensors8-gpu_lidar
[15.130s] -- Looking for gz-sensors8 -- found version 8.2.2
[15.131s] -- Searching for <gz-sensors8> component [camera]
[15.132s] -- Looking for gz-sensors8-camera -- found version 8.2.2
[15.132s] -- Searching for dependencies of gz-sensors8-camera
[15.133s] -- Looking for gz-sensors8 -- found version 8.2.2
[15.134s] -- Searching for <gz-sensors8> component [boundingbox_camera]
[15.135s] -- Looking for gz-sensors8-boundingbox_camera -- found version 8.2.2
[15.135s] -- Searching for dependencies of gz-sensors8-boundingbox_camera
[15.137s] -- Searching for <gz-sensors8> component [segmentation_camera]
[15.137s] -- Looking for gz-sensors8-segmentation_camera -- found version 8.2.2
[15.138s] -- Searching for dependencies of gz-sensors8-segmentation_camera
[15.139s] -- Searching for <gz-sensors8> component [depth_camera]
[15.140s] -- Looking for gz-sensors8-depth_camera -- found version 8.2.2
[15.140s] -- Searching for dependencies of gz-sensors8-depth_camera
[15.140s] -- Looking for gz-sensors8 -- found version 8.2.2
[15.141s] -- Searching for <gz-sensors8> component [rgbd_camera]
[15.142s] -- Looking for gz-sensors8-rgbd_camera -- found version 8.2.2
[15.143s] -- Searching for dependencies of gz-sensors8-rgbd_camera
[15.143s] -- Looking for gz-sensors8 -- found version 8.2.2
[15.144s] -- Searching for <gz-sensors8> component [thermal_camera]
[15.146s] -- Looking for gz-sensors8-thermal_camera -- found version 8.2.2
[15.146s] -- Searching for dependencies of gz-sensors8-thermal_camera
[15.146s] -- Looking for gz-sensors8 -- found version 8.2.2
[15.147s] -- Searching for <gz-sensors8> component [wide_angle_camera]
[15.148s] -- Looking for gz-sensors8-wide_angle_camera -- found version 8.2.2
[15.149s] -- Searching for dependencies of gz-sensors8-wide_angle_camera
[15.151s] -- Looking for gz-rendering8 -- found version 8.2.2
[15.151s] -- Looking for gz-math7 -- found version 7.5.2
[15.151s] -- Looking for gz-utils2 -- found version 2.2.1
[17.038s] -- Looking for gz-sim8 - found
[17.038s] 
[17.039s] -- Compiling against Gazebo Harmonic
[17.041s] -- RapidJSON found. Headers: /usr/include
[17.236s] -- Configuring done (17.2s)
[17.325s] -- Generating done (0.1s)
[17.342s] -- Build files have been written to: /home/javierbecerril/harmonic_ws/build/ardupilot_gazebo
[17.369s] Invoked command in '/home/javierbecerril/harmonic_ws/build/ardupilot_gazebo' returned '0': CMAKE_PREFIX_PATH=${CMAKE_PREFIX_PATH}:/opt/ros/jazzy DEBUGINFOD_URLS=https://debuginfod.ubuntu.com PS1=\[\e]0;\u@\h: \w\a\]${debian_chroot:+($debian_chroot)}\[\033[01;32m\]\u@\h\[\033[00m\]:\[\033[01;34m\]\w\[\033[00m\]\$ /usr/bin/cmake /home/javierbecerril/harmonic_ws/src/ardupilot_gazebo -DAMENT_CMAKE_SYMLINK_INSTALL=1 -DCMAKE_INSTALL_PREFIX=/home/javierbecerril/harmonic_ws/install/ardupilot_gazebo
[17.372s] Invoking command in '/home/javierbecerril/harmonic_ws/build/ardupilot_gazebo': CMAKE_PREFIX_PATH=${CMAKE_PREFIX_PATH}:/opt/ros/jazzy DEBUGINFOD_URLS=https://debuginfod.ubuntu.com PS1=\[\e]0;\u@\h: \w\a\]${debian_chroot:+($debian_chroot)}\[\033[01;32m\]\u@\h\[\033[00m\]:\[\033[01;34m\]\w\[\033[00m\]\$ /usr/bin/cmake --build /home/javierbecerril/harmonic_ws/build/ardupilot_gazebo -- -j12 -l12
[17.484s] [ 30%] [32m[1mLinking CXX shared library libGstCameraPlugin.so[0m
[17.484s] [ 30%] [32m[1mLinking CXX shared library libArduPilotPlugin.so[0m
[17.484s] [ 30%] [32m[1mLinking CXX shared library libParachutePlugin.so[0m
[17.486s] [ 40%] [32m[1mLinking CXX shared library libCameraZoomPlugin.so[0m
[18.065s] [ 50%] Built target ParachutePlugin
[18.066s] [ 60%] Built target CameraZoomPlugin
[18.075s] [ 90%] Built target ArduPilotPlugin
[18.188s] [100%] Built target GstCameraPlugin
[18.201s] Invoked command in '/home/javierbecerril/harmonic_ws/build/ardupilot_gazebo' returned '0': CMAKE_PREFIX_PATH=${CMAKE_PREFIX_PATH}:/opt/ros/jazzy DEBUGINFOD_URLS=https://debuginfod.ubuntu.com PS1=\[\e]0;\u@\h: \w\a\]${debian_chroot:+($debian_chroot)}\[\033[01;32m\]\u@\h\[\033[00m\]:\[\033[01;34m\]\w\[\033[00m\]\$ /usr/bin/cmake --build /home/javierbecerril/harmonic_ws/build/ardupilot_gazebo -- -j12 -l12
[18.216s] Invoking command in '/home/javierbecerril/harmonic_ws/build/ardupilot_gazebo': CMAKE_PREFIX_PATH=${CMAKE_PREFIX_PATH}:/opt/ros/jazzy DEBUGINFOD_URLS=https://debuginfod.ubuntu.com PS1=\[\e]0;\u@\h: \w\a\]${debian_chroot:+($debian_chroot)}\[\033[01;32m\]\u@\h\[\033[00m\]:\[\033[01;34m\]\w\[\033[00m\]\$ /usr/bin/cmake --install /home/javierbecerril/harmonic_ws/build/ardupilot_gazebo
[18.225s] -- Install configuration: ""
[18.225s] -- Execute custom install script
[18.225s] -- Symlinking: /home/javierbecerril/harmonic_ws/install/ardupilot_gazebo/lib/ardupilot_gazebo/libArduPilotPlugin.so
[18.235s] -- Symlinking: /home/javierbecerril/harmonic_ws/install/ardupilot_gazebo/lib/ardupilot_gazebo/libParachutePlugin.so
[18.245s] -- Symlinking: /home/javierbecerril/harmonic_ws/install/ardupilot_gazebo/lib/ardupilot_gazebo/libCameraZoomPlugin.so
[18.256s] -- Symlinking: /home/javierbecerril/harmonic_ws/install/ardupilot_gazebo/lib/ardupilot_gazebo/libGstCameraPlugin.so
[18.267s] -- Symlinking: /home/javierbecerril/harmonic_ws/install/ardupilot_gazebo/share/ardupilot_gazebo/config/gazebo-iris-gimbal.parm
[18.284s] -- Symlinking: /home/javierbecerril/harmonic_ws/install/ardupilot_gazebo/share/ardupilot_gazebo/models/gimbal_small_1d/meshes/base_arm.dae
[18.294s] -- Symlinking: /home/javierbecerril/harmonic_ws/install/ardupilot_gazebo/share/ardupilot_gazebo/models/gimbal_small_1d/meshes/base_main.dae
[18.305s] -- Symlinking: /home/javierbecerril/harmonic_ws/install/ardupilot_gazebo/share/ardupilot_gazebo/models/gimbal_small_1d/meshes/tilt.dae
[18.316s] -- Symlinking: /home/javierbecerril/harmonic_ws/install/ardupilot_gazebo/share/ardupilot_gazebo/models/gimbal_small_1d/model.config
[18.328s] -- Symlinking: /home/javierbecerril/harmonic_ws/install/ardupilot_gazebo/share/ardupilot_gazebo/models/gimbal_small_1d/model.sdf
[18.342s] -- Symlinking: /home/javierbecerril/harmonic_ws/install/ardupilot_gazebo/share/ardupilot_gazebo/models/gimbal_small_2d/meshes/base_arm.dae
[18.355s] -- Symlinking: /home/javierbecerril/harmonic_ws/install/ardupilot_gazebo/share/ardupilot_gazebo/models/gimbal_small_2d/meshes/base_main.dae
[18.366s] -- Symlinking: /home/javierbecerril/harmonic_ws/install/ardupilot_gazebo/share/ardupilot_gazebo/models/gimbal_small_2d/meshes/tilt.dae
[18.376s] -- Symlinking: /home/javierbecerril/harmonic_ws/install/ardupilot_gazebo/share/ardupilot_gazebo/models/gimbal_small_2d/model.config
[18.387s] -- Symlinking: /home/javierbecerril/harmonic_ws/install/ardupilot_gazebo/share/ardupilot_gazebo/models/gimbal_small_2d/model.sdf
[18.399s] -- Symlinking: /home/javierbecerril/harmonic_ws/install/ardupilot_gazebo/share/ardupilot_gazebo/models/gimbal_small_3d/meshes/base_plate.dae
[18.411s] -- Symlinking: /home/javierbecerril/harmonic_ws/install/ardupilot_gazebo/share/ardupilot_gazebo/models/gimbal_small_3d/meshes/camera_enclosure.dae
[18.423s] -- Symlinking: /home/javierbecerril/harmonic_ws/install/ardupilot_gazebo/share/ardupilot_gazebo/models/gimbal_small_3d/meshes/roll_arm.dae
[18.436s] -- Symlinking: /home/javierbecerril/harmonic_ws/install/ardupilot_gazebo/share/ardupilot_gazebo/models/gimbal_small_3d/meshes/yaw_arm.dae
[18.447s] -- Symlinking: /home/javierbecerril/harmonic_ws/install/ardupilot_gazebo/share/ardupilot_gazebo/models/gimbal_small_3d/model.config
[18.459s] -- Symlinking: /home/javierbecerril/harmonic_ws/install/ardupilot_gazebo/share/ardupilot_gazebo/models/gimbal_small_3d/model.sdf
[18.469s] -- Symlinking: /home/javierbecerril/harmonic_ws/install/ardupilot_gazebo/share/ardupilot_gazebo/models/iris_with_ardupilot/model.config
[18.480s] -- Symlinking: /home/javierbecerril/harmonic_ws/install/ardupilot_gazebo/share/ardupilot_gazebo/models/iris_with_ardupilot/model.sdf
[18.490s] -- Symlinking: /home/javierbecerril/harmonic_ws/install/ardupilot_gazebo/share/ardupilot_gazebo/models/iris_with_gimbal/model.config
[18.502s] -- Symlinking: /home/javierbecerril/harmonic_ws/install/ardupilot_gazebo/share/ardupilot_gazebo/models/iris_with_gimbal/model.sdf
[18.513s] -- Symlinking: /home/javierbecerril/harmonic_ws/install/ardupilot_gazebo/share/ardupilot_gazebo/models/iris_with_standoffs/meshes/iris.dae
[18.527s] -- Symlinking: /home/javierbecerril/harmonic_ws/install/ardupilot_gazebo/share/ardupilot_gazebo/models/iris_with_standoffs/meshes/iris_prop_ccw.dae
[18.545s] -- Symlinking: /home/javierbecerril/harmonic_ws/install/ardupilot_gazebo/share/ardupilot_gazebo/models/iris_with_standoffs/meshes/iris_prop_cw.dae
[18.558s] -- Symlinking: /home/javierbecerril/harmonic_ws/install/ardupilot_gazebo/share/ardupilot_gazebo/models/iris_with_standoffs/model.config
[18.568s] -- Symlinking: /home/javierbecerril/harmonic_ws/install/ardupilot_gazebo/share/ardupilot_gazebo/models/iris_with_standoffs/model.sdf
[18.580s] -- Symlinking: /home/javierbecerril/harmonic_ws/install/ardupilot_gazebo/share/ardupilot_gazebo/models/parachute_small/meshes/parachute_small.dae
[18.598s] -- Symlinking: /home/javierbecerril/harmonic_ws/install/ardupilot_gazebo/share/ardupilot_gazebo/models/parachute_small/model.config
[18.616s] -- Symlinking: /home/javierbecerril/harmonic_ws/install/ardupilot_gazebo/share/ardupilot_gazebo/models/parachute_small/model.sdf
[18.636s] -- Symlinking: /home/javierbecerril/harmonic_ws/install/ardupilot_gazebo/share/ardupilot_gazebo/models/runway/materials/textures/Grass004_2K_AmbientOcclusion.jpg
[18.662s] -- Symlinking: /home/javierbecerril/harmonic_ws/install/ardupilot_gazebo/share/ardupilot_gazebo/models/runway/materials/textures/Grass004_2K_Color copy.jpg
[18.682s] -- Symlinking: /home/javierbecerril/harmonic_ws/install/ardupilot_gazebo/share/ardupilot_gazebo/models/runway/materials/textures/Grass004_2K_Color.jpg
[18.695s] -- Symlinking: /home/javierbecerril/harmonic_ws/install/ardupilot_gazebo/share/ardupilot_gazebo/models/runway/materials/textures/Grass004_2K_Displacement.jpg
[18.706s] -- Symlinking: /home/javierbecerril/harmonic_ws/install/ardupilot_gazebo/share/ardupilot_gazebo/models/runway/materials/textures/Grass004_2K_NormalGL.jpg
[18.717s] -- Symlinking: /home/javierbecerril/harmonic_ws/install/ardupilot_gazebo/share/ardupilot_gazebo/models/runway/materials/textures/Grass004_2K_Roughness.jpg
[18.728s] -- Symlinking: /home/javierbecerril/harmonic_ws/install/ardupilot_gazebo/share/ardupilot_gazebo/models/runway/materials/textures/runway.png
[18.739s] -- Symlinking: /home/javierbecerril/harmonic_ws/install/ardupilot_gazebo/share/ardupilot_gazebo/models/runway/meshes/airfield.dae
[18.750s] -- Symlinking: /home/javierbecerril/harmonic_ws/install/ardupilot_gazebo/share/ardupilot_gazebo/models/runway/model.config
[18.761s] -- Symlinking: /home/javierbecerril/harmonic_ws/install/ardupilot_gazebo/share/ardupilot_gazebo/models/runway/model.sdf
[18.771s] -- Symlinking: /home/javierbecerril/harmonic_ws/install/ardupilot_gazebo/share/ardupilot_gazebo/models/zephyr/materials/textures/wing.png
[18.783s] -- Symlinking: /home/javierbecerril/harmonic_ws/install/ardupilot_gazebo/share/ardupilot_gazebo/models/zephyr/meshes/parachute_small.dae
[18.793s] -- Symlinking: /home/javierbecerril/harmonic_ws/install/ardupilot_gazebo/share/ardupilot_gazebo/models/zephyr/meshes/wing.dae
[18.804s] -- Symlinking: /home/javierbecerril/harmonic_ws/install/ardupilot_gazebo/share/ardupilot_gazebo/models/zephyr/model.config
[18.816s] -- Symlinking: /home/javierbecerril/harmonic_ws/install/ardupilot_gazebo/share/ardupilot_gazebo/models/zephyr/model.sdf
[18.827s] -- Symlinking: /home/javierbecerril/harmonic_ws/install/ardupilot_gazebo/share/ardupilot_gazebo/models/zephyr/thumbnails/1.png
[18.838s] -- Symlinking: /home/javierbecerril/harmonic_ws/install/ardupilot_gazebo/share/ardupilot_gazebo/models/zephyr/thumbnails/2.png
[18.850s] -- Symlinking: /home/javierbecerril/harmonic_ws/install/ardupilot_gazebo/share/ardupilot_gazebo/models/zephyr/thumbnails/3.png
[18.860s] -- Symlinking: /home/javierbecerril/harmonic_ws/install/ardupilot_gazebo/share/ardupilot_gazebo/models/zephyr/thumbnails/4.png
[18.871s] -- Symlinking: /home/javierbecerril/harmonic_ws/install/ardupilot_gazebo/share/ardupilot_gazebo/models/zephyr/thumbnails/5.png
[18.881s] -- Symlinking: /home/javierbecerril/harmonic_ws/install/ardupilot_gazebo/share/ardupilot_gazebo/models/zephyr_with_ardupilot/model.config
[18.893s] -- Symlinking: /home/javierbecerril/harmonic_ws/install/ardupilot_gazebo/share/ardupilot_gazebo/models/zephyr_with_ardupilot/model.sdf
[18.903s] -- Symlinking: /home/javierbecerril/harmonic_ws/install/ardupilot_gazebo/share/ardupilot_gazebo/models/zephyr_with_parachute/model.config
[18.914s] -- Symlinking: /home/javierbecerril/harmonic_ws/install/ardupilot_gazebo/share/ardupilot_gazebo/models/zephyr_with_parachute/model.sdf
[18.926s] -- Symlinking: /home/javierbecerril/harmonic_ws/install/ardupilot_gazebo/share/ardupilot_gazebo/worlds/gimbal.sdf
[18.937s] -- Symlinking: /home/javierbecerril/harmonic_ws/install/ardupilot_gazebo/share/ardupilot_gazebo/worlds/iris_runway.sdf
[18.948s] -- Symlinking: /home/javierbecerril/harmonic_ws/install/ardupilot_gazebo/share/ardupilot_gazebo/worlds/iris_warehouse.sdf
[18.958s] -- Symlinking: /home/javierbecerril/harmonic_ws/install/ardupilot_gazebo/share/ardupilot_gazebo/worlds/zephyr_parachute.sdf
[18.969s] -- Symlinking: /home/javierbecerril/harmonic_ws/install/ardupilot_gazebo/share/ardupilot_gazebo/worlds/zephyr_runway.sdf
[18.980s] -- Symlinking: /home/javierbecerril/harmonic_ws/install/ardupilot_gazebo/share/ardupilot_gazebo/environment/ardupilot_gazebo.dsv
[18.992s] -- Symlinking: /home/javierbecerril/harmonic_ws/install/ardupilot_gazebo/share/ardupilot_gazebo/environment/ardupilot_gazebo.sh
[19.002s] -- Symlinking: /home/javierbecerril/harmonic_ws/install/ardupilot_gazebo/share/ament_index/resource_index/package_run_dependencies/ardupilot_gazebo
[19.013s] -- Symlinking: /home/javierbecerril/harmonic_ws/install/ardupilot_gazebo/share/ament_index/resource_index/parent_prefix_path/ardupilot_gazebo
[19.025s] -- Symlinking: /home/javierbecerril/harmonic_ws/install/ardupilot_gazebo/share/ardupilot_gazebo/environment/ament_prefix_path.sh
[19.036s] -- Symlinking: /home/javierbecerril/harmonic_ws/install/ardupilot_gazebo/share/ardupilot_gazebo/environment/ament_prefix_path.dsv
[19.047s] -- Symlinking: /home/javierbecerril/harmonic_ws/install/ardupilot_gazebo/share/ardupilot_gazebo/environment/path.sh
[19.057s] -- Symlinking: /home/javierbecerril/harmonic_ws/install/ardupilot_gazebo/share/ardupilot_gazebo/environment/path.dsv
[19.070s] -- Symlinking: /home/javierbecerril/harmonic_ws/install/ardupilot_gazebo/share/ardupilot_gazebo/local_setup.bash
[19.084s] -- Symlinking: /home/javierbecerril/harmonic_ws/install/ardupilot_gazebo/share/ardupilot_gazebo/local_setup.sh
[19.104s] -- Symlinking: /home/javierbecerril/harmonic_ws/install/ardupilot_gazebo/share/ardupilot_gazebo/local_setup.zsh
[19.117s] -- Symlinking: /home/javierbecerril/harmonic_ws/install/ardupilot_gazebo/share/ardupilot_gazebo/local_setup.dsv
[19.129s] -- Symlinking: /home/javierbecerril/harmonic_ws/install/ardupilot_gazebo/share/ardupilot_gazebo/package.dsv
[19.143s] -- Symlinking: /home/javierbecerril/harmonic_ws/install/ardupilot_gazebo/share/ament_index/resource_index/packages/ardupilot_gazebo
[19.155s] -- Symlinking: /home/javierbecerril/harmonic_ws/install/ardupilot_gazebo/share/ardupilot_gazebo/cmake/ardupilot_gazeboConfig.cmake
[19.167s] -- Symlinking: /home/javierbecerril/harmonic_ws/install/ardupilot_gazebo/share/ardupilot_gazebo/cmake/ardupilot_gazeboConfig-version.cmake
[19.178s] -- Symlinking: /home/javierbecerril/harmonic_ws/install/ardupilot_gazebo/share/ardupilot_gazebo/package.xml
[19.192s] Invoked command in '/home/javierbecerril/harmonic_ws/build/ardupilot_gazebo' returned '0': CMAKE_PREFIX_PATH=${CMAKE_PREFIX_PATH}:/opt/ros/jazzy DEBUGINFOD_URLS=https://debuginfod.ubuntu.com PS1=\[\e]0;\u@\h: \w\a\]${debian_chroot:+($debian_chroot)}\[\033[01;32m\]\u@\h\[\033[00m\]:\[\033[01;34m\]\w\[\033[00m\]\$ /usr/bin/cmake --install /home/javierbecerril/harmonic_ws/build/ardupilot_gazebo
