[0.275s] Invoking command in '/home/javierbecerril/harmonic_ws/build/ardupilot_sitl': CMAKE_PREFIX_PATH=${CMAKE_PREFIX_PATH}:/home/javierbecerril/harmonic_ws/install/tag_hover_sim:/opt/ros/jazzy DEBUGINFOD_URLS=https://debuginfod.ubuntu.com PS1=\[\e]0;\u@\h: \w\a\]${debian_chroot:+($debian_chroot)}\[\033[01;32m\]\u@\h\[\033[00m\]:\[\033[01;34m\]\w\[\033[00m\]\$ PYTHONPATH=/home/javierbecerril/harmonic_ws/install/ardupilot_msgs/lib/python3.12/site-packages:/home/javierbecerril/harmonic_ws/build/my-test-package:/home/javierbecerril/harmonic_ws/install/my-test-package/lib/python3.12/site-packages:/home/javierbecerril/harmonic_ws/build/tag_hover_sim:/home/javierbecerril/harmonic_ws/install/tag_hover_sim/lib/python3.12/site-packages:/opt/ros/jazzy/lib/python3.12/site-packages /usr/bin/cmake --build /home/javierbecerril/harmonic_ws/build/ardupilot_sitl -- -j12 -l12
[0.333s] Built target ament_cmake_python_symlink_ardupilot_sitl
[0.524s] [32m[0mSetting top to                           :[0m [0m[32m[32m/home/javierbecerril/harmonic_ws/src/ardupilot[0m [0m
[0.524s] [32m[0mSetting out to                           :[0m [0m[32m[32m/home/javierbecerril/harmonic_ws/src/ardupilot/build[0m [0m
[0.535s] [32m[0mAutoconfiguration                        :[0m [0m[32m[32menabled[0m [0m
[0.536s] [32m[0mChecking for program 'python'            :[0m [0m[32m[32m/usr/bin/python3[0m [0m
[0.561s] running egg_info
[0.575s] writing ardupilot_sitl.egg-info/PKG-INFO
[0.576s] writing dependency_links to ardupilot_sitl.egg-info/dependency_links.txt
[0.576s] writing top-level names to ardupilot_sitl.egg-info/top_level.txt
[0.619s] reading manifest file 'ardupilot_sitl.egg-info/SOURCES.txt'
[0.620s] writing manifest file 'ardupilot_sitl.egg-info/SOURCES.txt'
[0.645s] Built target ament_cmake_python_build_ardupilot_sitl_egg
[0.776s] [32m[0mChecking for python version >= 3.8.0     :[0m [0m[32m[32m3.12.3[0m [0m
[0.777s] [32m[0mSetting board to                         :[0m [0m[32m[32msitl[0m [0m
[0.778s] [32m[0mUsing toolchain                          :[0m [0m[32m[32mnative[0m [0m
[0.792s] [32m[0mChecking for 'g++' (C++ compiler)        :[0m [0m[32m[32m/usr/bin/g++[0m [0m
[0.805s] [32m[0mChecking for 'gcc' (C compiler)          :[0m [0m[32m[32m/usr/bin/gcc[0m [0m
[0.822s] [32m[0mChecking for c flags '-MMD'              :[0m [0m[32m[32myes[0m [0m
[0.839s] [32m[0mChecking for cxx flags '-MMD'            :[0m [0m[32m[32myes[0m [0m
[0.839s] [32m[0mCXX Compiler                             :[0m [0m[32m[32mg++ 13.3.0[0m [0m
[1.050s] [32m[0mChecking for need to link with librt     :[0m [0m[32m[32mnot necessary[0m [0m
[1.170s] [32m[0mChecking for feenableexcept              :[0m [0m[32m[32myes[0m [0m
[1.170s] [32m[0mEnabling -Werror                         :[0m [0m[32m[32mno[0m [0m
[1.170s] [32m[0mEnabled OpenDroneID                      :[0m [0m[32m[33mno[0m [0m
[1.170s] [32m[0mEnabled firmware ID checking             :[0m [0m[32m[33mno[0m [0m
[1.170s] [32m[0mGPS Debug Logging                        :[0m [0m[32m[33mno[0m [0m
[1.170s] [32m[0mEnabled custom controller                :[0m [0m[32m[32myes[0m [0m
[1.171s] [32m[0mEnabled DDS                              :[0m [0m[32m[32myes[0m [0m
[1.310s] [32m[0mChecking for HAVE_CMATH_ISFINITE         :[0m [0m[32m[32myes[0m [0m
[1.443s] [32m[0mChecking for HAVE_CMATH_ISINF            :[0m [0m[32m[32myes[0m [0m
[1.588s] [32m[0mChecking for HAVE_CMATH_ISNAN            :[0m [0m[32m[32myes[0m [0m
[1.723s] [32m[0mChecking for NEED_CMATH_ISFINITE_STD_NAMESPACE :[0m [0m[32m[32myes[0m [0m
[1.858s] [32m[0mChecking for NEED_CMATH_ISINF_STD_NAMESPACE    :[0m [0m[32m[32myes[0m [0m
[1.991s] [32m[0mChecking for NEED_CMATH_ISNAN_STD_NAMESPACE    :[0m [0m[32m[32myes[0m [0m
[2.138s] [32m[0mChecking for header endian.h                   :[0m [0m[32m[32myes[0m [0m
[2.280s] [32m[0mChecking for header byteswap.h                 :[0m [0m[32m[32myes[0m [0m
[2.656s] [32m[0mChecking for HAVE_MEMRCHR                      :[0m [0m[32m[32myes[0m [0m
[2.656s] [32m[0mConfigured VSCode Intellisense:                :[0m [0m[32m[33mno[0m [0m
[2.659s] [32m[0mDC_DSDL compiler in                            :[0m [0m[32m[32m/home/javierbecerril/harmonic_ws/src/ardupilot/modules/DroneCAN/dronecan_dsdlc[0m [0m
[2.659s] [32m[0mSource is git repository                       :[0m [0m[32m[32myes[0m [0m
[2.659s] [32m[0mUpdate submodules                              :[0m [0m[32m[32myes[0m [0m
[2.660s] [32m[0mChecking for program 'git'                     :[0m [0m[32m[32m/usr/bin/git[0m [0m
[2.660s] [32m[0mLittlefs                                       :[0m [0m[32m[33mdisabled[0m [0m
[2.661s] [32m[0mChecking for program 'size'                    :[0m [0m[32m[32m/usr/bin/size[0m [0m
[2.661s] [32m[0mBenchmarks                                     :[0m [0m[32m[33mdisabled[0m [0m
[2.661s] [32m[0mUnit tests                                     :[0m [0m[32m[32menabled[0m [0m
[2.661s] [32m[0mScripting                                      :[0m [0m[32m[32mmaybe[0m [0m
[2.833s] [32m[0mChecking for program 'microxrceddsgen'         :[0m [0m[32m[33mnot found[0m [0m
[2.835s] [01;31mCould not find the program ['microxrceddsgen']
[2.835s] (complete log in /home/javierbecerril/harmonic_ws/src/ardupilot/build/config.log)[0m
[2.860s] gmake[2]: *** [CMakeFiles/ardupilot_configure.dir/build.make:70: CMakeFiles/ardupilot_configure] Error 1
[2.860s] gmake[1]: *** [CMakeFiles/Makefile2:142: CMakeFiles/ardupilot_configure.dir/all] Error 2
[2.860s] gmake: *** [Makefile:146: all] Error 2
[2.862s] Invoked command in '/home/javierbecerril/harmonic_ws/build/ardupilot_sitl' returned '2': CMAKE_PREFIX_PATH=${CMAKE_PREFIX_PATH}:/home/javierbecerril/harmonic_ws/install/tag_hover_sim:/opt/ros/jazzy DEBUGINFOD_URLS=https://debuginfod.ubuntu.com PS1=\[\e]0;\u@\h: \w\a\]${debian_chroot:+($debian_chroot)}\[\033[01;32m\]\u@\h\[\033[00m\]:\[\033[01;34m\]\w\[\033[00m\]\$ PYTHONPATH=/home/javierbecerril/harmonic_ws/install/ardupilot_msgs/lib/python3.12/site-packages:/home/javierbecerril/harmonic_ws/build/my-test-package:/home/javierbecerril/harmonic_ws/install/my-test-package/lib/python3.12/site-packages:/home/javierbecerril/harmonic_ws/build/tag_hover_sim:/home/javierbecerril/harmonic_ws/install/tag_hover_sim/lib/python3.12/site-packages:/opt/ros/jazzy/lib/python3.12/site-packages /usr/bin/cmake --build /home/javierbecerril/harmonic_ws/build/ardupilot_sitl -- -j12 -l12
