[3.673s] DEBUG:colcon:Command line arguments: ['/usr/bin/colcon', 'build']
[3.673s] DEBUG:colcon:Parsed command line arguments: Namespace(log_base=None, log_level=None, verb_name='build', build_base='build', install_base='install', merge_install=False, symlink_install=False, test_result_base=None, continue_on_error=False, executor='parallel', parallel_workers=12, event_handlers=None, ignore_user_meta=False, metas=['./colcon.meta'], base_paths=['.'], packages_ignore=None, packages_ignore_regex=None, paths=None, packages_up_to=None, packages_up_to_regex=None, packages_above=None, packages_above_and_dependencies=None, packages_above_depth=None, packages_select_by_dep=None, packages_skip_by_dep=None, packages_skip_up_to=None, packages_select_build_failed=False, packages_skip_build_finished=False, packages_select_test_failures=False, packages_skip_test_passed=False, packages_select=None, packages_skip=None, packages_select_regex=None, packages_skip_regex=None, packages_start=None, packages_end=None, allow_overriding=[], cmake_args=None, cmake_target=None, cmake_target_skip_unavailable=False, cmake_clean_cache=False, cmake_clean_first=False, cmake_force_configure=False, ament_cmake_args=None, catkin_cmake_args=None, catkin_skip_building_tests=False, mixin_files=None, mixin=None, verb_parser=<colcon_mixin.mixin.mixin_argument.MixinArgumentDecorator object at 0x789dd1c98d70>, verb_extension=<colcon_core.verb.build.BuildVerb object at 0x789dd1c98aa0>, main=<bound method BuildVerb.main of <colcon_core.verb.build.BuildVerb object at 0x789dd1c98aa0>>, mixin_verb=('build',))
[3.807s] Level 1:colcon.colcon_core.package_discovery:discover_packages(colcon_meta) check parameters
[3.808s] Level 1:colcon.colcon_core.package_discovery:discover_packages(recursive) check parameters
[3.808s] Level 1:colcon.colcon_core.package_discovery:discover_packages(ignore) check parameters
[3.808s] Level 1:colcon.colcon_core.package_discovery:discover_packages(path) check parameters
[3.808s] Level 1:colcon.colcon_core.package_discovery:discover_packages(colcon_meta) discover
[3.808s] Level 1:colcon.colcon_core.package_discovery:discover_packages(recursive) discover
[3.808s] INFO:colcon.colcon_core.package_discovery:Crawling recursively for packages in '/home/javierbecerril/harmonic_ws'
[3.809s] Level 1:colcon.colcon_core.package_identification:_identify(.) by extensions ['ignore', 'ignore_ament_install']
[3.809s] Level 1:colcon.colcon_core.package_identification:_identify(.) by extension 'ignore'
[3.809s] Level 1:colcon.colcon_core.package_identification:_identify(.) by extension 'ignore_ament_install'
[3.809s] Level 1:colcon.colcon_core.package_identification:_identify(.) by extensions ['colcon_pkg']
[3.809s] Level 1:colcon.colcon_core.package_identification:_identify(.) by extension 'colcon_pkg'
[3.809s] Level 1:colcon.colcon_core.package_identification:_identify(.) by extensions ['colcon_meta']
[3.809s] Level 1:colcon.colcon_core.package_identification:_identify(.) by extension 'colcon_meta'
[3.809s] Level 1:colcon.colcon_core.package_identification:_identify(.) by extensions ['ros']
[3.809s] Level 1:colcon.colcon_core.package_identification:_identify(.) by extension 'ros'
[3.902s] Level 1:colcon.colcon_core.package_identification:_identify(.) by extensions ['cmake', 'python']
[3.902s] Level 1:colcon.colcon_core.package_identification:_identify(.) by extension 'cmake'
[3.902s] Level 1:colcon.colcon_core.package_identification:_identify(.) by extension 'python'
[3.902s] Level 1:colcon.colcon_core.package_identification:_identify(.) by extensions ['python_setup_py']
[3.902s] Level 1:colcon.colcon_core.package_identification:_identify(.) by extension 'python_setup_py'
[3.902s] Level 1:colcon.colcon_core.package_identification:_identify(build) by extensions ['ignore', 'ignore_ament_install']
[3.903s] Level 1:colcon.colcon_core.package_identification:_identify(build) by extension 'ignore'
[3.903s] Level 1:colcon.colcon_core.package_identification:_identify(build) ignored
[3.903s] Level 1:colcon.colcon_core.package_identification:_identify(install) by extensions ['ignore', 'ignore_ament_install']
[3.903s] Level 1:colcon.colcon_core.package_identification:_identify(install) by extension 'ignore'
[3.903s] Level 1:colcon.colcon_core.package_identification:_identify(install) ignored
[3.904s] Level 1:colcon.colcon_core.package_identification:_identify(log) by extensions ['ignore', 'ignore_ament_install']
[3.904s] Level 1:colcon.colcon_core.package_identification:_identify(log) by extension 'ignore'
[3.904s] Level 1:colcon.colcon_core.package_identification:_identify(log) ignored
[3.904s] Level 1:colcon.colcon_core.package_identification:_identify(src) by extensions ['ignore', 'ignore_ament_install']
[3.904s] Level 1:colcon.colcon_core.package_identification:_identify(src) by extension 'ignore'
[3.905s] Level 1:colcon.colcon_core.package_identification:_identify(src) by extension 'ignore_ament_install'
[3.905s] Level 1:colcon.colcon_core.package_identification:_identify(src) by extensions ['colcon_pkg']
[3.905s] Level 1:colcon.colcon_core.package_identification:_identify(src) by extension 'colcon_pkg'
[3.905s] Level 1:colcon.colcon_core.package_identification:_identify(src) by extensions ['colcon_meta']
[3.905s] Level 1:colcon.colcon_core.package_identification:_identify(src) by extension 'colcon_meta'
[3.905s] Level 1:colcon.colcon_core.package_identification:_identify(src) by extensions ['ros']
[3.905s] Level 1:colcon.colcon_core.package_identification:_identify(src) by extension 'ros'
[3.905s] Level 1:colcon.colcon_core.package_identification:_identify(src) by extensions ['cmake', 'python']
[3.905s] Level 1:colcon.colcon_core.package_identification:_identify(src) by extension 'cmake'
[3.905s] Level 1:colcon.colcon_core.package_identification:_identify(src) by extension 'python'
[3.905s] Level 1:colcon.colcon_core.package_identification:_identify(src) by extensions ['python_setup_py']
[3.906s] Level 1:colcon.colcon_core.package_identification:_identify(src) by extension 'python_setup_py'
[3.907s] Level 1:colcon.colcon_core.package_identification:_identify(src/ardupilot_gazebo) by extensions ['ignore', 'ignore_ament_install']
[3.908s] Level 1:colcon.colcon_core.package_identification:_identify(src/ardupilot_gazebo) by extension 'ignore'
[3.908s] Level 1:colcon.colcon_core.package_identification:_identify(src/ardupilot_gazebo) by extension 'ignore_ament_install'
[3.908s] Level 1:colcon.colcon_core.package_identification:_identify(src/ardupilot_gazebo) by extensions ['colcon_pkg']
[3.908s] Level 1:colcon.colcon_core.package_identification:_identify(src/ardupilot_gazebo) by extension 'colcon_pkg'
[3.908s] Level 1:colcon.colcon_core.package_identification:_identify(src/ardupilot_gazebo) by extensions ['colcon_meta']
[3.908s] Level 1:colcon.colcon_core.package_identification:_identify(src/ardupilot_gazebo) by extension 'colcon_meta'
[3.908s] Level 1:colcon.colcon_core.package_identification:_identify(src/ardupilot_gazebo) by extensions ['ros']
[3.908s] Level 1:colcon.colcon_core.package_identification:_identify(src/ardupilot_gazebo) by extension 'ros'
[3.934s] DEBUG:colcon.colcon_core.package_identification:Package 'src/ardupilot_gazebo' with type 'ros.ament_cmake' and name 'ardupilot_gazebo'
[3.935s] Level 1:colcon.colcon_core.package_identification:_identify(src/backups_iris) by extensions ['ignore', 'ignore_ament_install']
[3.935s] Level 1:colcon.colcon_core.package_identification:_identify(src/backups_iris) by extension 'ignore'
[3.936s] Level 1:colcon.colcon_core.package_identification:_identify(src/backups_iris) by extension 'ignore_ament_install'
[3.936s] Level 1:colcon.colcon_core.package_identification:_identify(src/backups_iris) by extensions ['colcon_pkg']
[3.936s] Level 1:colcon.colcon_core.package_identification:_identify(src/backups_iris) by extension 'colcon_pkg'
[3.936s] Level 1:colcon.colcon_core.package_identification:_identify(src/backups_iris) by extensions ['colcon_meta']
[3.936s] Level 1:colcon.colcon_core.package_identification:_identify(src/backups_iris) by extension 'colcon_meta'
[3.936s] Level 1:colcon.colcon_core.package_identification:_identify(src/backups_iris) by extensions ['ros']
[3.936s] Level 1:colcon.colcon_core.package_identification:_identify(src/backups_iris) by extension 'ros'
[3.936s] Level 1:colcon.colcon_core.package_identification:_identify(src/backups_iris) by extensions ['cmake', 'python']
[3.936s] Level 1:colcon.colcon_core.package_identification:_identify(src/backups_iris) by extension 'cmake'
[3.936s] Level 1:colcon.colcon_core.package_identification:_identify(src/backups_iris) by extension 'python'
[3.936s] Level 1:colcon.colcon_core.package_identification:_identify(src/backups_iris) by extensions ['python_setup_py']
[3.936s] Level 1:colcon.colcon_core.package_identification:_identify(src/backups_iris) by extension 'python_setup_py'
[3.937s] Level 1:colcon.colcon_core.package_identification:_identify(src/backups_iris/iris_with_ardupilot) by extensions ['ignore', 'ignore_ament_install']
[3.937s] Level 1:colcon.colcon_core.package_identification:_identify(src/backups_iris/iris_with_ardupilot) by extension 'ignore'
[3.937s] Level 1:colcon.colcon_core.package_identification:_identify(src/backups_iris/iris_with_ardupilot) by extension 'ignore_ament_install'
[3.937s] Level 1:colcon.colcon_core.package_identification:_identify(src/backups_iris/iris_with_ardupilot) by extensions ['colcon_pkg']
[3.937s] Level 1:colcon.colcon_core.package_identification:_identify(src/backups_iris/iris_with_ardupilot) by extension 'colcon_pkg'
[3.937s] Level 1:colcon.colcon_core.package_identification:_identify(src/backups_iris/iris_with_ardupilot) by extensions ['colcon_meta']
[3.937s] Level 1:colcon.colcon_core.package_identification:_identify(src/backups_iris/iris_with_ardupilot) by extension 'colcon_meta'
[3.937s] Level 1:colcon.colcon_core.package_identification:_identify(src/backups_iris/iris_with_ardupilot) by extensions ['ros']
[3.937s] Level 1:colcon.colcon_core.package_identification:_identify(src/backups_iris/iris_with_ardupilot) by extension 'ros'
[3.937s] Level 1:colcon.colcon_core.package_identification:_identify(src/backups_iris/iris_with_ardupilot) by extensions ['cmake', 'python']
[3.937s] Level 1:colcon.colcon_core.package_identification:_identify(src/backups_iris/iris_with_ardupilot) by extension 'cmake'
[3.937s] Level 1:colcon.colcon_core.package_identification:_identify(src/backups_iris/iris_with_ardupilot) by extension 'python'
[3.937s] Level 1:colcon.colcon_core.package_identification:_identify(src/backups_iris/iris_with_ardupilot) by extensions ['python_setup_py']
[3.937s] Level 1:colcon.colcon_core.package_identification:_identify(src/backups_iris/iris_with_ardupilot) by extension 'python_setup_py'
[3.938s] Level 1:colcon.colcon_core.package_identification:_identify(src/backups_iris/iris_with_gimbal) by extensions ['ignore', 'ignore_ament_install']
[3.939s] Level 1:colcon.colcon_core.package_identification:_identify(src/backups_iris/iris_with_gimbal) by extension 'ignore'
[3.939s] Level 1:colcon.colcon_core.package_identification:_identify(src/backups_iris/iris_with_gimbal) by extension 'ignore_ament_install'
[3.939s] Level 1:colcon.colcon_core.package_identification:_identify(src/backups_iris/iris_with_gimbal) by extensions ['colcon_pkg']
[3.939s] Level 1:colcon.colcon_core.package_identification:_identify(src/backups_iris/iris_with_gimbal) by extension 'colcon_pkg'
[3.939s] Level 1:colcon.colcon_core.package_identification:_identify(src/backups_iris/iris_with_gimbal) by extensions ['colcon_meta']
[3.939s] Level 1:colcon.colcon_core.package_identification:_identify(src/backups_iris/iris_with_gimbal) by extension 'colcon_meta'
[3.939s] Level 1:colcon.colcon_core.package_identification:_identify(src/backups_iris/iris_with_gimbal) by extensions ['ros']
[3.939s] Level 1:colcon.colcon_core.package_identification:_identify(src/backups_iris/iris_with_gimbal) by extension 'ros'
[3.939s] Level 1:colcon.colcon_core.package_identification:_identify(src/backups_iris/iris_with_gimbal) by extensions ['cmake', 'python']
[3.939s] Level 1:colcon.colcon_core.package_identification:_identify(src/backups_iris/iris_with_gimbal) by extension 'cmake'
[3.939s] Level 1:colcon.colcon_core.package_identification:_identify(src/backups_iris/iris_with_gimbal) by extension 'python'
[3.939s] Level 1:colcon.colcon_core.package_identification:_identify(src/backups_iris/iris_with_gimbal) by extensions ['python_setup_py']
[3.940s] Level 1:colcon.colcon_core.package_identification:_identify(src/backups_iris/iris_with_gimbal) by extension 'python_setup_py'
[3.940s] Level 1:colcon.colcon_core.package_identification:_identify(src/backups_iris/iris_with_standoffs) by extensions ['ignore', 'ignore_ament_install']
[3.940s] Level 1:colcon.colcon_core.package_identification:_identify(src/backups_iris/iris_with_standoffs) by extension 'ignore'
[3.940s] Level 1:colcon.colcon_core.package_identification:_identify(src/backups_iris/iris_with_standoffs) by extension 'ignore_ament_install'
[3.941s] Level 1:colcon.colcon_core.package_identification:_identify(src/backups_iris/iris_with_standoffs) by extensions ['colcon_pkg']
[3.941s] Level 1:colcon.colcon_core.package_identification:_identify(src/backups_iris/iris_with_standoffs) by extension 'colcon_pkg'
[3.941s] Level 1:colcon.colcon_core.package_identification:_identify(src/backups_iris/iris_with_standoffs) by extensions ['colcon_meta']
[3.941s] Level 1:colcon.colcon_core.package_identification:_identify(src/backups_iris/iris_with_standoffs) by extension 'colcon_meta'
[3.941s] Level 1:colcon.colcon_core.package_identification:_identify(src/backups_iris/iris_with_standoffs) by extensions ['ros']
[3.941s] Level 1:colcon.colcon_core.package_identification:_identify(src/backups_iris/iris_with_standoffs) by extension 'ros'
[3.941s] Level 1:colcon.colcon_core.package_identification:_identify(src/backups_iris/iris_with_standoffs) by extensions ['cmake', 'python']
[3.941s] Level 1:colcon.colcon_core.package_identification:_identify(src/backups_iris/iris_with_standoffs) by extension 'cmake'
[3.941s] Level 1:colcon.colcon_core.package_identification:_identify(src/backups_iris/iris_with_standoffs) by extension 'python'
[3.941s] Level 1:colcon.colcon_core.package_identification:_identify(src/backups_iris/iris_with_standoffs) by extensions ['python_setup_py']
[3.941s] Level 1:colcon.colcon_core.package_identification:_identify(src/backups_iris/iris_with_standoffs) by extension 'python_setup_py'
[3.942s] Level 1:colcon.colcon_core.package_identification:_identify(src/backups_iris/iris_with_standoffs/meshes) by extensions ['ignore', 'ignore_ament_install']
[3.942s] Level 1:colcon.colcon_core.package_identification:_identify(src/backups_iris/iris_with_standoffs/meshes) by extension 'ignore'
[3.942s] Level 1:colcon.colcon_core.package_identification:_identify(src/backups_iris/iris_with_standoffs/meshes) by extension 'ignore_ament_install'
[3.942s] Level 1:colcon.colcon_core.package_identification:_identify(src/backups_iris/iris_with_standoffs/meshes) by extensions ['colcon_pkg']
[3.942s] Level 1:colcon.colcon_core.package_identification:_identify(src/backups_iris/iris_with_standoffs/meshes) by extension 'colcon_pkg'
[3.942s] Level 1:colcon.colcon_core.package_identification:_identify(src/backups_iris/iris_with_standoffs/meshes) by extensions ['colcon_meta']
[3.942s] Level 1:colcon.colcon_core.package_identification:_identify(src/backups_iris/iris_with_standoffs/meshes) by extension 'colcon_meta'
[3.942s] Level 1:colcon.colcon_core.package_identification:_identify(src/backups_iris/iris_with_standoffs/meshes) by extensions ['ros']
[3.942s] Level 1:colcon.colcon_core.package_identification:_identify(src/backups_iris/iris_with_standoffs/meshes) by extension 'ros'
[3.943s] Level 1:colcon.colcon_core.package_identification:_identify(src/backups_iris/iris_with_standoffs/meshes) by extensions ['cmake', 'python']
[3.943s] Level 1:colcon.colcon_core.package_identification:_identify(src/backups_iris/iris_with_standoffs/meshes) by extension 'cmake'
[3.943s] Level 1:colcon.colcon_core.package_identification:_identify(src/backups_iris/iris_with_standoffs/meshes) by extension 'python'
[3.944s] Level 1:colcon.colcon_core.package_identification:_identify(src/backups_iris/iris_with_standoffs/meshes) by extensions ['python_setup_py']
[3.944s] Level 1:colcon.colcon_core.package_identification:_identify(src/backups_iris/iris_with_standoffs/meshes) by extension 'python_setup_py'
[3.944s] Level 1:colcon.colcon_core.package_identification:_identify(src/disabled_models) by extensions ['ignore', 'ignore_ament_install']
[3.944s] Level 1:colcon.colcon_core.package_identification:_identify(src/disabled_models) by extension 'ignore'
[3.944s] Level 1:colcon.colcon_core.package_identification:_identify(src/disabled_models) by extension 'ignore_ament_install'
[3.945s] Level 1:colcon.colcon_core.package_identification:_identify(src/disabled_models) by extensions ['colcon_pkg']
[3.945s] Level 1:colcon.colcon_core.package_identification:_identify(src/disabled_models) by extension 'colcon_pkg'
[3.945s] Level 1:colcon.colcon_core.package_identification:_identify(src/disabled_models) by extensions ['colcon_meta']
[3.945s] Level 1:colcon.colcon_core.package_identification:_identify(src/disabled_models) by extension 'colcon_meta'
[3.945s] Level 1:colcon.colcon_core.package_identification:_identify(src/disabled_models) by extensions ['ros']
[3.945s] Level 1:colcon.colcon_core.package_identification:_identify(src/disabled_models) by extension 'ros'
[3.945s] Level 1:colcon.colcon_core.package_identification:_identify(src/disabled_models) by extensions ['cmake', 'python']
[3.945s] Level 1:colcon.colcon_core.package_identification:_identify(src/disabled_models) by extension 'cmake'
[3.945s] Level 1:colcon.colcon_core.package_identification:_identify(src/disabled_models) by extension 'python'
[3.945s] Level 1:colcon.colcon_core.package_identification:_identify(src/disabled_models) by extensions ['python_setup_py']
[3.945s] Level 1:colcon.colcon_core.package_identification:_identify(src/disabled_models) by extension 'python_setup_py'
[3.945s] Level 1:colcon.colcon_core.package_identification:_identify(src/disabled_models/model_graveyard) by extensions ['ignore', 'ignore_ament_install']
[3.945s] Level 1:colcon.colcon_core.package_identification:_identify(src/disabled_models/model_graveyard) by extension 'ignore'
[3.945s] Level 1:colcon.colcon_core.package_identification:_identify(src/disabled_models/model_graveyard) by extension 'ignore_ament_install'
[3.945s] Level 1:colcon.colcon_core.package_identification:_identify(src/disabled_models/model_graveyard) by extensions ['colcon_pkg']
[3.945s] Level 1:colcon.colcon_core.package_identification:_identify(src/disabled_models/model_graveyard) by extension 'colcon_pkg'
[3.946s] Level 1:colcon.colcon_core.package_identification:_identify(src/disabled_models/model_graveyard) by extensions ['colcon_meta']
[3.946s] Level 1:colcon.colcon_core.package_identification:_identify(src/disabled_models/model_graveyard) by extension 'colcon_meta'
[3.946s] Level 1:colcon.colcon_core.package_identification:_identify(src/disabled_models/model_graveyard) by extensions ['ros']
[3.946s] Level 1:colcon.colcon_core.package_identification:_identify(src/disabled_models/model_graveyard) by extension 'ros'
[3.946s] Level 1:colcon.colcon_core.package_identification:_identify(src/disabled_models/model_graveyard) by extensions ['cmake', 'python']
[3.946s] Level 1:colcon.colcon_core.package_identification:_identify(src/disabled_models/model_graveyard) by extension 'cmake'
[3.946s] Level 1:colcon.colcon_core.package_identification:_identify(src/disabled_models/model_graveyard) by extension 'python'
[3.946s] Level 1:colcon.colcon_core.package_identification:_identify(src/disabled_models/model_graveyard) by extensions ['python_setup_py']
[3.946s] Level 1:colcon.colcon_core.package_identification:_identify(src/disabled_models/model_graveyard) by extension 'python_setup_py'
[3.946s] Level 1:colcon.colcon_core.package_identification:_identify(src/disabled_models/model_graveyard/drone_with_camera) by extensions ['ignore', 'ignore_ament_install']
[3.946s] Level 1:colcon.colcon_core.package_identification:_identify(src/disabled_models/model_graveyard/drone_with_camera) by extension 'ignore'
[3.946s] Level 1:colcon.colcon_core.package_identification:_identify(src/disabled_models/model_graveyard/drone_with_camera) by extension 'ignore_ament_install'
[3.946s] Level 1:colcon.colcon_core.package_identification:_identify(src/disabled_models/model_graveyard/drone_with_camera) by extensions ['colcon_pkg']
[3.946s] Level 1:colcon.colcon_core.package_identification:_identify(src/disabled_models/model_graveyard/drone_with_camera) by extension 'colcon_pkg'
[3.946s] Level 1:colcon.colcon_core.package_identification:_identify(src/disabled_models/model_graveyard/drone_with_camera) by extensions ['colcon_meta']
[3.946s] Level 1:colcon.colcon_core.package_identification:_identify(src/disabled_models/model_graveyard/drone_with_camera) by extension 'colcon_meta'
[3.946s] Level 1:colcon.colcon_core.package_identification:_identify(src/disabled_models/model_graveyard/drone_with_camera) by extensions ['ros']
[3.947s] Level 1:colcon.colcon_core.package_identification:_identify(src/disabled_models/model_graveyard/drone_with_camera) by extension 'ros'
[3.947s] Level 1:colcon.colcon_core.package_identification:_identify(src/disabled_models/model_graveyard/drone_with_camera) by extensions ['cmake', 'python']
[3.947s] Level 1:colcon.colcon_core.package_identification:_identify(src/disabled_models/model_graveyard/drone_with_camera) by extension 'cmake'
[3.947s] Level 1:colcon.colcon_core.package_identification:_identify(src/disabled_models/model_graveyard/drone_with_camera) by extension 'python'
[3.947s] Level 1:colcon.colcon_core.package_identification:_identify(src/disabled_models/model_graveyard/drone_with_camera) by extensions ['python_setup_py']
[3.947s] Level 1:colcon.colcon_core.package_identification:_identify(src/disabled_models/model_graveyard/drone_with_camera) by extension 'python_setup_py'
[3.947s] Level 1:colcon.colcon_core.package_identification:_identify(src/disabled_models/model_graveyard/drone_with_camera/meshes) by extensions ['ignore', 'ignore_ament_install']
[3.947s] Level 1:colcon.colcon_core.package_identification:_identify(src/disabled_models/model_graveyard/drone_with_camera/meshes) by extension 'ignore'
[3.947s] Level 1:colcon.colcon_core.package_identification:_identify(src/disabled_models/model_graveyard/drone_with_camera/meshes) by extension 'ignore_ament_install'
[3.947s] Level 1:colcon.colcon_core.package_identification:_identify(src/disabled_models/model_graveyard/drone_with_camera/meshes) by extensions ['colcon_pkg']
[3.947s] Level 1:colcon.colcon_core.package_identification:_identify(src/disabled_models/model_graveyard/drone_with_camera/meshes) by extension 'colcon_pkg'
[3.947s] Level 1:colcon.colcon_core.package_identification:_identify(src/disabled_models/model_graveyard/drone_with_camera/meshes) by extensions ['colcon_meta']
[3.947s] Level 1:colcon.colcon_core.package_identification:_identify(src/disabled_models/model_graveyard/drone_with_camera/meshes) by extension 'colcon_meta'
[3.947s] Level 1:colcon.colcon_core.package_identification:_identify(src/disabled_models/model_graveyard/drone_with_camera/meshes) by extensions ['ros']
[3.948s] Level 1:colcon.colcon_core.package_identification:_identify(src/disabled_models/model_graveyard/drone_with_camera/meshes) by extension 'ros'
[3.948s] Level 1:colcon.colcon_core.package_identification:_identify(src/disabled_models/model_graveyard/drone_with_camera/meshes) by extensions ['cmake', 'python']
[3.948s] Level 1:colcon.colcon_core.package_identification:_identify(src/disabled_models/model_graveyard/drone_with_camera/meshes) by extension 'cmake'
[3.948s] Level 1:colcon.colcon_core.package_identification:_identify(src/disabled_models/model_graveyard/drone_with_camera/meshes) by extension 'python'
[3.948s] Level 1:colcon.colcon_core.package_identification:_identify(src/disabled_models/model_graveyard/drone_with_camera/meshes) by extensions ['python_setup_py']
[3.948s] Level 1:colcon.colcon_core.package_identification:_identify(src/disabled_models/model_graveyard/drone_with_camera/meshes) by extension 'python_setup_py'
[3.948s] Level 1:colcon.colcon_core.package_identification:_identify(src/disabled_models/model_graveyard/iris_base) by extensions ['ignore', 'ignore_ament_install']
[3.949s] Level 1:colcon.colcon_core.package_identification:_identify(src/disabled_models/model_graveyard/iris_base) by extension 'ignore'
[3.949s] Level 1:colcon.colcon_core.package_identification:_identify(src/disabled_models/model_graveyard/iris_base) by extension 'ignore_ament_install'
[3.949s] Level 1:colcon.colcon_core.package_identification:_identify(src/disabled_models/model_graveyard/iris_base) by extensions ['colcon_pkg']
[3.949s] Level 1:colcon.colcon_core.package_identification:_identify(src/disabled_models/model_graveyard/iris_base) by extension 'colcon_pkg'
[3.949s] Level 1:colcon.colcon_core.package_identification:_identify(src/disabled_models/model_graveyard/iris_base) by extensions ['colcon_meta']
[3.949s] Level 1:colcon.colcon_core.package_identification:_identify(src/disabled_models/model_graveyard/iris_base) by extension 'colcon_meta'
[3.949s] Level 1:colcon.colcon_core.package_identification:_identify(src/disabled_models/model_graveyard/iris_base) by extensions ['ros']
[3.949s] Level 1:colcon.colcon_core.package_identification:_identify(src/disabled_models/model_graveyard/iris_base) by extension 'ros'
[3.949s] Level 1:colcon.colcon_core.package_identification:_identify(src/disabled_models/model_graveyard/iris_base) by extensions ['cmake', 'python']
[3.949s] Level 1:colcon.colcon_core.package_identification:_identify(src/disabled_models/model_graveyard/iris_base) by extension 'cmake'
[3.950s] Level 1:colcon.colcon_core.package_identification:_identify(src/disabled_models/model_graveyard/iris_base) by extension 'python'
[3.950s] Level 1:colcon.colcon_core.package_identification:_identify(src/disabled_models/model_graveyard/iris_base) by extensions ['python_setup_py']
[3.950s] Level 1:colcon.colcon_core.package_identification:_identify(src/disabled_models/model_graveyard/iris_base) by extension 'python_setup_py'
[3.950s] Level 1:colcon.colcon_core.package_identification:_identify(src/disabled_models/model_graveyard/iris_base/meshes) by extensions ['ignore', 'ignore_ament_install']
[3.951s] Level 1:colcon.colcon_core.package_identification:_identify(src/disabled_models/model_graveyard/iris_base/meshes) by extension 'ignore'
[3.951s] Level 1:colcon.colcon_core.package_identification:_identify(src/disabled_models/model_graveyard/iris_base/meshes) by extension 'ignore_ament_install'
[3.951s] Level 1:colcon.colcon_core.package_identification:_identify(src/disabled_models/model_graveyard/iris_base/meshes) by extensions ['colcon_pkg']
[3.951s] Level 1:colcon.colcon_core.package_identification:_identify(src/disabled_models/model_graveyard/iris_base/meshes) by extension 'colcon_pkg'
[3.951s] Level 1:colcon.colcon_core.package_identification:_identify(src/disabled_models/model_graveyard/iris_base/meshes) by extensions ['colcon_meta']
[3.951s] Level 1:colcon.colcon_core.package_identification:_identify(src/disabled_models/model_graveyard/iris_base/meshes) by extension 'colcon_meta'
[3.951s] Level 1:colcon.colcon_core.package_identification:_identify(src/disabled_models/model_graveyard/iris_base/meshes) by extensions ['ros']
[3.951s] Level 1:colcon.colcon_core.package_identification:_identify(src/disabled_models/model_graveyard/iris_base/meshes) by extension 'ros'
[3.952s] Level 1:colcon.colcon_core.package_identification:_identify(src/disabled_models/model_graveyard/iris_base/meshes) by extensions ['cmake', 'python']
[3.952s] Level 1:colcon.colcon_core.package_identification:_identify(src/disabled_models/model_graveyard/iris_base/meshes) by extension 'cmake'
[3.952s] Level 1:colcon.colcon_core.package_identification:_identify(src/disabled_models/model_graveyard/iris_base/meshes) by extension 'python'
[3.952s] Level 1:colcon.colcon_core.package_identification:_identify(src/disabled_models/model_graveyard/iris_base/meshes) by extensions ['python_setup_py']
[3.952s] Level 1:colcon.colcon_core.package_identification:_identify(src/disabled_models/model_graveyard/iris_base/meshes) by extension 'python_setup_py'
[3.952s] Level 1:colcon.colcon_core.package_identification:_identify(src/tag_hover_sim) by extensions ['ignore', 'ignore_ament_install']
[3.952s] Level 1:colcon.colcon_core.package_identification:_identify(src/tag_hover_sim) by extension 'ignore'
[3.952s] Level 1:colcon.colcon_core.package_identification:_identify(src/tag_hover_sim) by extension 'ignore_ament_install'
[3.952s] Level 1:colcon.colcon_core.package_identification:_identify(src/tag_hover_sim) by extensions ['colcon_pkg']
[3.952s] Level 1:colcon.colcon_core.package_identification:_identify(src/tag_hover_sim) by extension 'colcon_pkg'
[3.952s] Level 1:colcon.colcon_core.package_identification:_identify(src/tag_hover_sim) by extensions ['colcon_meta']
[3.952s] Level 1:colcon.colcon_core.package_identification:_identify(src/tag_hover_sim) by extension 'colcon_meta'
[3.952s] Level 1:colcon.colcon_core.package_identification:_identify(src/tag_hover_sim) by extensions ['ros']
[3.952s] Level 1:colcon.colcon_core.package_identification:_identify(src/tag_hover_sim) by extension 'ros'
[3.953s] DEBUG:colcon.colcon_core.package_identification:Package 'src/tag_hover_sim' with type 'ros.ament_python' and name 'tag_hover_sim'
[3.953s] Level 1:colcon.colcon_core.package_discovery:discover_packages(recursive) using defaults
[3.953s] Level 1:colcon.colcon_core.package_discovery:discover_packages(ignore) discover
[3.953s] Level 1:colcon.colcon_core.package_discovery:discover_packages(ignore) using defaults
[3.953s] Level 1:colcon.colcon_core.package_discovery:discover_packages(path) discover
[3.953s] Level 1:colcon.colcon_core.package_discovery:discover_packages(path) using defaults
[4.010s] Level 1:colcon.colcon_core.package_discovery:discover_packages(prefix_path) check parameters
[4.010s] Level 1:colcon.colcon_core.package_discovery:discover_packages(prefix_path) discover
[4.015s] DEBUG:colcon.colcon_installed_package_information.package_discovery:Found 2 installed packages in /home/javierbecerril/harmonic_ws/install
[4.018s] DEBUG:colcon.colcon_installed_package_information.package_discovery:Found 339 installed packages in /opt/ros/jazzy
[4.019s] Level 1:colcon.colcon_core.package_discovery:discover_packages(prefix_path) using defaults
[4.198s] Level 5:colcon.colcon_core.verb:set package 'ardupilot_gazebo' build argument 'cmake_args' from command line to 'None'
[4.198s] Level 5:colcon.colcon_core.verb:set package 'ardupilot_gazebo' build argument 'cmake_target' from command line to 'None'
[4.198s] Level 5:colcon.colcon_core.verb:set package 'ardupilot_gazebo' build argument 'cmake_target_skip_unavailable' from command line to 'False'
[4.198s] Level 5:colcon.colcon_core.verb:set package 'ardupilot_gazebo' build argument 'cmake_clean_cache' from command line to 'False'
[4.198s] Level 5:colcon.colcon_core.verb:set package 'ardupilot_gazebo' build argument 'cmake_clean_first' from command line to 'False'
[4.198s] Level 5:colcon.colcon_core.verb:set package 'ardupilot_gazebo' build argument 'cmake_force_configure' from command line to 'False'
[4.198s] Level 5:colcon.colcon_core.verb:set package 'ardupilot_gazebo' build argument 'ament_cmake_args' from command line to 'None'
[4.198s] Level 5:colcon.colcon_core.verb:set package 'ardupilot_gazebo' build argument 'catkin_cmake_args' from command line to 'None'
[4.198s] Level 5:colcon.colcon_core.verb:set package 'ardupilot_gazebo' build argument 'catkin_skip_building_tests' from command line to 'False'
[4.198s] DEBUG:colcon.colcon_core.verb:Building package 'ardupilot_gazebo' with the following arguments: {'ament_cmake_args': None, 'build_base': '/home/javierbecerril/harmonic_ws/build/ardupilot_gazebo', 'catkin_cmake_args': None, 'catkin_skip_building_tests': False, 'cmake_args': None, 'cmake_clean_cache': False, 'cmake_clean_first': False, 'cmake_force_configure': False, 'cmake_target': None, 'cmake_target_skip_unavailable': False, 'install_base': '/home/javierbecerril/harmonic_ws/install/ardupilot_gazebo', 'merge_install': False, 'path': '/home/javierbecerril/harmonic_ws/src/ardupilot_gazebo', 'symlink_install': False, 'test_result_base': None}
[4.199s] Level 5:colcon.colcon_core.verb:set package 'tag_hover_sim' build argument 'cmake_args' from command line to 'None'
[4.199s] Level 5:colcon.colcon_core.verb:set package 'tag_hover_sim' build argument 'cmake_target' from command line to 'None'
[4.199s] Level 5:colcon.colcon_core.verb:set package 'tag_hover_sim' build argument 'cmake_target_skip_unavailable' from command line to 'False'
[4.199s] Level 5:colcon.colcon_core.verb:set package 'tag_hover_sim' build argument 'cmake_clean_cache' from command line to 'False'
[4.199s] Level 5:colcon.colcon_core.verb:set package 'tag_hover_sim' build argument 'cmake_clean_first' from command line to 'False'
[4.200s] Level 5:colcon.colcon_core.verb:set package 'tag_hover_sim' build argument 'cmake_force_configure' from command line to 'False'
[4.200s] Level 5:colcon.colcon_core.verb:set package 'tag_hover_sim' build argument 'ament_cmake_args' from command line to 'None'
[4.200s] Level 5:colcon.colcon_core.verb:set package 'tag_hover_sim' build argument 'catkin_cmake_args' from command line to 'None'
[4.200s] Level 5:colcon.colcon_core.verb:set package 'tag_hover_sim' build argument 'catkin_skip_building_tests' from command line to 'False'
[4.200s] DEBUG:colcon.colcon_core.verb:Building package 'tag_hover_sim' with the following arguments: {'ament_cmake_args': None, 'build_base': '/home/javierbecerril/harmonic_ws/build/tag_hover_sim', 'catkin_cmake_args': None, 'catkin_skip_building_tests': False, 'cmake_args': None, 'cmake_clean_cache': False, 'cmake_clean_first': False, 'cmake_force_configure': False, 'cmake_target': None, 'cmake_target_skip_unavailable': False, 'install_base': '/home/javierbecerril/harmonic_ws/install/tag_hover_sim', 'merge_install': False, 'path': '/home/javierbecerril/harmonic_ws/src/tag_hover_sim', 'symlink_install': False, 'test_result_base': None}
[4.200s] INFO:colcon.colcon_core.executor:Executing jobs using 'parallel' executor
[4.202s] DEBUG:colcon.colcon_parallel_executor.executor.parallel:run_until_complete
[4.202s] INFO:colcon.colcon_ros.task.ament_cmake.build:Building ROS package in '/home/javierbecerril/harmonic_ws/src/ardupilot_gazebo' with build type 'ament_cmake'
[4.202s] INFO:colcon.colcon_cmake.task.cmake.build:Building CMake package in '/home/javierbecerril/harmonic_ws/src/ardupilot_gazebo'
[4.213s] INFO:colcon.colcon_core.plugin_system:Skipping extension 'colcon_core.shell.bat': Not used on non-Windows systems
[4.213s] INFO:colcon.colcon_core.shell:Skip shell extension 'powershell' for command environment: Not usable outside of PowerShell
[4.214s] DEBUG:colcon.colcon_core.shell:Skip shell extension 'dsv' for command environment
[4.222s] INFO:colcon.colcon_ros.task.ament_python.build:Building ROS package in '/home/javierbecerril/harmonic_ws/src/tag_hover_sim' with build type 'ament_python'
[4.222s] Level 1:colcon.colcon_core.shell:create_environment_hook('tag_hover_sim', 'ament_prefix_path')
[4.223s] INFO:colcon.colcon_core.shell:Creating environment hook '/home/javierbecerril/harmonic_ws/install/tag_hover_sim/share/tag_hover_sim/hook/ament_prefix_path.ps1'
[4.224s] INFO:colcon.colcon_core.shell:Creating environment descriptor '/home/javierbecerril/harmonic_ws/install/tag_hover_sim/share/tag_hover_sim/hook/ament_prefix_path.dsv'
[4.225s] INFO:colcon.colcon_core.shell:Creating environment hook '/home/javierbecerril/harmonic_ws/install/tag_hover_sim/share/tag_hover_sim/hook/ament_prefix_path.sh'
[4.227s] INFO:colcon.colcon_core.shell:Skip shell extension 'powershell' for command environment: Not usable outside of PowerShell
[4.227s] DEBUG:colcon.colcon_core.shell:Skip shell extension 'dsv' for command environment
[4.243s] DEBUG:colcon.colcon_core.event_handler.log_command:Invoking command in '/home/javierbecerril/harmonic_ws/build/ardupilot_gazebo': CMAKE_PREFIX_PATH=${CMAKE_PREFIX_PATH}:/home/javierbecerril/harmonic_ws/install/tag_hover_sim:/opt/ros/jazzy DEBUGINFOD_URLS=https://debuginfod.ubuntu.com PS1=\[\e]0;\u@\h: \w\a\]${debian_chroot:+($debian_chroot)}\[\033[01;32m\]\u@\h\[\033[00m\]:\[\033[01;34m\]\w\[\033[00m\]\$ /usr/bin/cmake --build /home/javierbecerril/harmonic_ws/build/ardupilot_gazebo -- -j12 -l12
[4.610s] INFO:colcon.colcon_core.task.python.build:Building Python package in '/home/javierbecerril/harmonic_ws/src/tag_hover_sim'
[4.610s] INFO:colcon.colcon_core.shell:Skip shell extension 'powershell' for command environment: Not usable outside of PowerShell
[4.610s] DEBUG:colcon.colcon_core.shell:Skip shell extension 'dsv' for command environment
[4.617s] DEBUG:colcon.colcon_core.event_handler.log_command:Invoked command in '/home/javierbecerril/harmonic_ws/build/ardupilot_gazebo' returned '0': CMAKE_PREFIX_PATH=${CMAKE_PREFIX_PATH}:/home/javierbecerril/harmonic_ws/install/tag_hover_sim:/opt/ros/jazzy DEBUGINFOD_URLS=https://debuginfod.ubuntu.com PS1=\[\e]0;\u@\h: \w\a\]${debian_chroot:+($debian_chroot)}\[\033[01;32m\]\u@\h\[\033[00m\]:\[\033[01;34m\]\w\[\033[00m\]\$ /usr/bin/cmake --build /home/javierbecerril/harmonic_ws/build/ardupilot_gazebo -- -j12 -l12
[4.636s] DEBUG:colcon.colcon_core.event_handler.log_command:Invoking command in '/home/javierbecerril/harmonic_ws/build/ardupilot_gazebo': CMAKE_PREFIX_PATH=${CMAKE_PREFIX_PATH}:/home/javierbecerril/harmonic_ws/install/tag_hover_sim:/opt/ros/jazzy DEBUGINFOD_URLS=https://debuginfod.ubuntu.com PS1=\[\e]0;\u@\h: \w\a\]${debian_chroot:+($debian_chroot)}\[\033[01;32m\]\u@\h\[\033[00m\]:\[\033[01;34m\]\w\[\033[00m\]\$ /usr/bin/cmake --install /home/javierbecerril/harmonic_ws/build/ardupilot_gazebo
[4.671s] Level 1:colcon.colcon_core.environment:create_environment_scripts_only(ardupilot_gazebo)
[4.672s] DEBUG:colcon.colcon_core.event_handler.log_command:Invoked command in '/home/javierbecerril/harmonic_ws/build/ardupilot_gazebo' returned '0': CMAKE_PREFIX_PATH=${CMAKE_PREFIX_PATH}:/home/javierbecerril/harmonic_ws/install/tag_hover_sim:/opt/ros/jazzy DEBUGINFOD_URLS=https://debuginfod.ubuntu.com PS1=\[\e]0;\u@\h: \w\a\]${debian_chroot:+($debian_chroot)}\[\033[01;32m\]\u@\h\[\033[00m\]:\[\033[01;34m\]\w\[\033[00m\]\$ /usr/bin/cmake --install /home/javierbecerril/harmonic_ws/build/ardupilot_gazebo
[4.680s] Level 1:colcon.colcon_core.environment:checking '/home/javierbecerril/harmonic_ws/install/ardupilot_gazebo' for CMake module files
[4.681s] Level 1:colcon.colcon_core.environment:checking '/home/javierbecerril/harmonic_ws/install/ardupilot_gazebo' for CMake config files
[4.682s] Level 1:colcon.colcon_core.shell:create_environment_hook('ardupilot_gazebo', 'cmake_prefix_path')
[4.682s] INFO:colcon.colcon_core.shell:Creating environment hook '/home/javierbecerril/harmonic_ws/install/ardupilot_gazebo/share/ardupilot_gazebo/hook/cmake_prefix_path.ps1'
[4.683s] INFO:colcon.colcon_core.shell:Creating environment descriptor '/home/javierbecerril/harmonic_ws/install/ardupilot_gazebo/share/ardupilot_gazebo/hook/cmake_prefix_path.dsv'
[4.684s] INFO:colcon.colcon_core.shell:Creating environment hook '/home/javierbecerril/harmonic_ws/install/ardupilot_gazebo/share/ardupilot_gazebo/hook/cmake_prefix_path.sh'
[4.684s] Level 1:colcon.colcon_core.environment:checking '/home/javierbecerril/harmonic_ws/install/ardupilot_gazebo/lib'
[4.685s] Level 1:colcon.colcon_core.environment:checking '/home/javierbecerril/harmonic_ws/install/ardupilot_gazebo/bin'
[4.685s] Level 1:colcon.colcon_core.environment:checking '/home/javierbecerril/harmonic_ws/install/ardupilot_gazebo/lib/pkgconfig/ardupilot_gazebo.pc'
[4.685s] Level 1:colcon.colcon_core.environment:checking '/home/javierbecerril/harmonic_ws/install/ardupilot_gazebo/lib/python3.12/site-packages'
[4.685s] Level 1:colcon.colcon_core.environment:checking '/home/javierbecerril/harmonic_ws/install/ardupilot_gazebo/bin'
[4.685s] INFO:colcon.colcon_core.shell:Creating package script '/home/javierbecerril/harmonic_ws/install/ardupilot_gazebo/share/ardupilot_gazebo/package.ps1'
[4.687s] INFO:colcon.colcon_core.shell:Creating package descriptor '/home/javierbecerril/harmonic_ws/install/ardupilot_gazebo/share/ardupilot_gazebo/package.dsv'
[4.688s] INFO:colcon.colcon_core.shell:Creating package script '/home/javierbecerril/harmonic_ws/install/ardupilot_gazebo/share/ardupilot_gazebo/package.sh'
[4.690s] INFO:colcon.colcon_core.shell:Creating package script '/home/javierbecerril/harmonic_ws/install/ardupilot_gazebo/share/ardupilot_gazebo/package.bash'
[4.691s] INFO:colcon.colcon_core.shell:Creating package script '/home/javierbecerril/harmonic_ws/install/ardupilot_gazebo/share/ardupilot_gazebo/package.zsh'
[4.712s] Level 1:colcon.colcon_core.environment:create_file_with_runtime_dependencies(/home/javierbecerril/harmonic_ws/install/ardupilot_gazebo/share/colcon-core/packages/ardupilot_gazebo)
[4.713s] Level 1:colcon.colcon_core.environment:create_environment_scripts_only(ardupilot_gazebo)
[4.713s] Level 1:colcon.colcon_core.environment:checking '/home/javierbecerril/harmonic_ws/install/ardupilot_gazebo' for CMake module files
[4.714s] Level 1:colcon.colcon_core.environment:checking '/home/javierbecerril/harmonic_ws/install/ardupilot_gazebo' for CMake config files
[4.714s] Level 1:colcon.colcon_core.shell:create_environment_hook('ardupilot_gazebo', 'cmake_prefix_path')
[4.714s] INFO:colcon.colcon_core.shell:Creating environment hook '/home/javierbecerril/harmonic_ws/install/ardupilot_gazebo/share/ardupilot_gazebo/hook/cmake_prefix_path.ps1'
[4.715s] INFO:colcon.colcon_core.shell:Creating environment descriptor '/home/javierbecerril/harmonic_ws/install/ardupilot_gazebo/share/ardupilot_gazebo/hook/cmake_prefix_path.dsv'
[4.715s] INFO:colcon.colcon_core.shell:Creating environment hook '/home/javierbecerril/harmonic_ws/install/ardupilot_gazebo/share/ardupilot_gazebo/hook/cmake_prefix_path.sh'
[4.717s] Level 1:colcon.colcon_core.environment:checking '/home/javierbecerril/harmonic_ws/install/ardupilot_gazebo/lib'
[4.717s] Level 1:colcon.colcon_core.environment:checking '/home/javierbecerril/harmonic_ws/install/ardupilot_gazebo/bin'
[4.717s] Level 1:colcon.colcon_core.environment:checking '/home/javierbecerril/harmonic_ws/install/ardupilot_gazebo/lib/pkgconfig/ardupilot_gazebo.pc'
[4.717s] Level 1:colcon.colcon_core.environment:checking '/home/javierbecerril/harmonic_ws/install/ardupilot_gazebo/lib/python3.12/site-packages'
[4.717s] Level 1:colcon.colcon_core.environment:checking '/home/javierbecerril/harmonic_ws/install/ardupilot_gazebo/bin'
[4.718s] INFO:colcon.colcon_core.shell:Creating package script '/home/javierbecerril/harmonic_ws/install/ardupilot_gazebo/share/ardupilot_gazebo/package.ps1'
[4.718s] INFO:colcon.colcon_core.shell:Creating package descriptor '/home/javierbecerril/harmonic_ws/install/ardupilot_gazebo/share/ardupilot_gazebo/package.dsv'
[4.719s] INFO:colcon.colcon_core.shell:Creating package script '/home/javierbecerril/harmonic_ws/install/ardupilot_gazebo/share/ardupilot_gazebo/package.sh'
[4.719s] INFO:colcon.colcon_core.shell:Creating package script '/home/javierbecerril/harmonic_ws/install/ardupilot_gazebo/share/ardupilot_gazebo/package.bash'
[4.720s] INFO:colcon.colcon_core.shell:Creating package script '/home/javierbecerril/harmonic_ws/install/ardupilot_gazebo/share/ardupilot_gazebo/package.zsh'
[4.720s] Level 1:colcon.colcon_core.environment:create_file_with_runtime_dependencies(/home/javierbecerril/harmonic_ws/install/ardupilot_gazebo/share/colcon-core/packages/ardupilot_gazebo)
[4.951s] DEBUG:colcon.colcon_core.event_handler.log_command:Invoking command in '/home/javierbecerril/harmonic_ws/src/tag_hover_sim': DEBUGINFOD_URLS=https://debuginfod.ubuntu.com PS1=\[\e]0;\u@\h: \w\a\]${debian_chroot:+($debian_chroot)}\[\033[01;32m\]\u@\h\[\033[00m\]:\[\033[01;34m\]\w\[\033[00m\]\$ PYTHONPATH=/home/javierbecerril/harmonic_ws/build/tag_hover_sim/prefix_override:/usr/lib/python3/dist-packages/colcon_core/task/python/colcon_distutils_commands:/home/javierbecerril/harmonic_ws/install/tag_hover_sim/lib/python3.12/site-packages:${PYTHONPATH} /usr/bin/python3 -W ignore:setup.py install is deprecated -W ignore:easy_install command is deprecated setup.py egg_info --egg-base ../../build/tag_hover_sim build --build-base /home/javierbecerril/harmonic_ws/build/tag_hover_sim/build install --record /home/javierbecerril/harmonic_ws/build/tag_hover_sim/install.log --single-version-externally-managed install_data
[5.771s] Level 1:colcon.colcon_core.environment:checking '/home/javierbecerril/harmonic_ws/install/tag_hover_sim' for CMake module files
[5.772s] DEBUG:colcon.colcon_core.event_handler.log_command:Invoked command in '/home/javierbecerril/harmonic_ws/src/tag_hover_sim' returned '0': DEBUGINFOD_URLS=https://debuginfod.ubuntu.com PS1=\[\e]0;\u@\h: \w\a\]${debian_chroot:+($debian_chroot)}\[\033[01;32m\]\u@\h\[\033[00m\]:\[\033[01;34m\]\w\[\033[00m\]\$ PYTHONPATH=/home/javierbecerril/harmonic_ws/build/tag_hover_sim/prefix_override:/usr/lib/python3/dist-packages/colcon_core/task/python/colcon_distutils_commands:/home/javierbecerril/harmonic_ws/install/tag_hover_sim/lib/python3.12/site-packages:${PYTHONPATH} /usr/bin/python3 -W ignore:setup.py install is deprecated -W ignore:easy_install command is deprecated setup.py egg_info --egg-base ../../build/tag_hover_sim build --build-base /home/javierbecerril/harmonic_ws/build/tag_hover_sim/build install --record /home/javierbecerril/harmonic_ws/build/tag_hover_sim/install.log --single-version-externally-managed install_data
[5.772s] Level 1:colcon.colcon_core.environment:checking '/home/javierbecerril/harmonic_ws/install/tag_hover_sim' for CMake config files
[5.773s] Level 1:colcon.colcon_core.environment:checking '/home/javierbecerril/harmonic_ws/install/tag_hover_sim/lib'
[5.773s] Level 1:colcon.colcon_core.environment:checking '/home/javierbecerril/harmonic_ws/install/tag_hover_sim/bin'
[5.773s] Level 1:colcon.colcon_core.environment:checking '/home/javierbecerril/harmonic_ws/install/tag_hover_sim/lib/pkgconfig/tag_hover_sim.pc'
[5.773s] Level 1:colcon.colcon_core.environment:checking '/home/javierbecerril/harmonic_ws/install/tag_hover_sim/lib/python3.12/site-packages'
[5.774s] Level 1:colcon.colcon_core.shell:create_environment_hook('tag_hover_sim', 'pythonpath')
[5.774s] INFO:colcon.colcon_core.shell:Creating environment hook '/home/javierbecerril/harmonic_ws/install/tag_hover_sim/share/tag_hover_sim/hook/pythonpath.ps1'
[5.774s] INFO:colcon.colcon_core.shell:Creating environment descriptor '/home/javierbecerril/harmonic_ws/install/tag_hover_sim/share/tag_hover_sim/hook/pythonpath.dsv'
[5.775s] INFO:colcon.colcon_core.shell:Creating environment hook '/home/javierbecerril/harmonic_ws/install/tag_hover_sim/share/tag_hover_sim/hook/pythonpath.sh'
[5.776s] Level 1:colcon.colcon_core.environment:checking '/home/javierbecerril/harmonic_ws/install/tag_hover_sim/bin'
[5.776s] Level 1:colcon.colcon_core.environment:create_environment_scripts_only(tag_hover_sim)
[5.776s] INFO:colcon.colcon_core.shell:Creating package script '/home/javierbecerril/harmonic_ws/install/tag_hover_sim/share/tag_hover_sim/package.ps1'
[5.776s] INFO:colcon.colcon_core.shell:Creating package descriptor '/home/javierbecerril/harmonic_ws/install/tag_hover_sim/share/tag_hover_sim/package.dsv'
[5.777s] INFO:colcon.colcon_core.shell:Creating package script '/home/javierbecerril/harmonic_ws/install/tag_hover_sim/share/tag_hover_sim/package.sh'
[5.777s] INFO:colcon.colcon_core.shell:Creating package script '/home/javierbecerril/harmonic_ws/install/tag_hover_sim/share/tag_hover_sim/package.bash'
[5.777s] INFO:colcon.colcon_core.shell:Creating package script '/home/javierbecerril/harmonic_ws/install/tag_hover_sim/share/tag_hover_sim/package.zsh'
[5.778s] Level 1:colcon.colcon_core.environment:create_file_with_runtime_dependencies(/home/javierbecerril/harmonic_ws/install/tag_hover_sim/share/colcon-core/packages/tag_hover_sim)
[5.778s] DEBUG:colcon.colcon_parallel_executor.executor.parallel:closing loop
[5.779s] DEBUG:colcon.colcon_parallel_executor.executor.parallel:loop closed
[5.779s] DEBUG:colcon.colcon_parallel_executor.executor.parallel:run_until_complete finished with '0'
[5.779s] DEBUG:colcon.colcon_core.event_reactor:joining thread
[5.795s] INFO:colcon.colcon_core.plugin_system:Skipping extension 'colcon_notification.desktop_notification.terminal_notifier': Not used on non-Darwin systems
[5.795s] INFO:colcon.colcon_core.plugin_system:Skipping extension 'colcon_notification.desktop_notification.win32': Not used on non-Windows systems
[5.795s] INFO:colcon.colcon_notification.desktop_notification:Sending desktop notification using 'notify2'
[5.797s] DEBUG:colcon.colcon_notification.desktop_notification.notify2:Failed to initialize notify2: org.freedesktop.DBus.Error.ServiceUnknown: The name org.freedesktop.Notifications was not provided by any .service files
[5.797s] DEBUG:colcon.colcon_core.event_reactor:joined thread
[5.798s] INFO:colcon.colcon_core.shell:Creating prefix script '/home/javierbecerril/harmonic_ws/install/local_setup.ps1'
[5.799s] INFO:colcon.colcon_core.shell:Creating prefix util module '/home/javierbecerril/harmonic_ws/install/_local_setup_util_ps1.py'
[5.800s] INFO:colcon.colcon_core.shell:Creating prefix chain script '/home/javierbecerril/harmonic_ws/install/setup.ps1'
[5.801s] INFO:colcon.colcon_core.shell:Creating prefix script '/home/javierbecerril/harmonic_ws/install/local_setup.sh'
[5.802s] INFO:colcon.colcon_core.shell:Creating prefix util module '/home/javierbecerril/harmonic_ws/install/_local_setup_util_sh.py'
[5.803s] INFO:colcon.colcon_core.shell:Creating prefix chain script '/home/javierbecerril/harmonic_ws/install/setup.sh'
[5.804s] INFO:colcon.colcon_core.shell:Creating prefix script '/home/javierbecerril/harmonic_ws/install/local_setup.bash'
[5.805s] INFO:colcon.colcon_core.shell:Creating prefix chain script '/home/javierbecerril/harmonic_ws/install/setup.bash'
[5.807s] INFO:colcon.colcon_core.shell:Creating prefix script '/home/javierbecerril/harmonic_ws/install/local_setup.zsh'
[5.808s] INFO:colcon.colcon_core.shell:Creating prefix chain script '/home/javierbecerril/harmonic_ws/install/setup.zsh'
