running egg_info
writing ../build/tag_hover_sim/tag_hover_sim.egg-info/PKG-INFO
writing dependency_links to ../build/tag_hover_sim/tag_hover_sim.egg-info/dependency_links.txt
writing requirements to ../build/tag_hover_sim/tag_hover_sim.egg-info/requires.txt
writing top-level names to ../build/tag_hover_sim/tag_hover_sim.egg-info/top_level.txt
reading manifest file '../build/tag_hover_sim/tag_hover_sim.egg-info/SOURCES.txt'
writing manifest file '../build/tag_hover_sim/tag_hover_sim.egg-info/SOURCES.txt'
running build
running build_py
copying tag_hover_sim/hover_yaw_search.py -> /home/javierbecerril/harmonic_ws/src/build/tag_hover_sim/build/lib/tag_hover_sim
running install
running install_lib
copying /home/javierbecerril/harmonic_ws/src/build/tag_hover_sim/build/lib/tag_hover_sim/hover_yaw_search.py -> /home/javierbecerril/harmonic_ws/src/install/tag_hover_sim/lib/python3.12/site-packages/tag_hover_sim
byte-compiling /home/javierbecerril/harmonic_ws/src/install/tag_hover_sim/lib/python3.12/site-packages/tag_hover_sim/hover_yaw_search.py to hover_yaw_search.cpython-312.pyc
running install_data
running install_egg_info
removing '/home/javierbecerril/harmonic_ws/src/install/tag_hover_sim/lib/python3.12/site-packages/tag_hover_sim-0.1.0-py3.12.egg-info' (and everything under it)
Copying ../build/tag_hover_sim/tag_hover_sim.egg-info to /home/javierbecerril/harmonic_ws/src/install/tag_hover_sim/lib/python3.12/site-packages/tag_hover_sim-0.1.0-py3.12.egg-info
running install_scripts
writing list of installed files to '/home/javierbecerril/harmonic_ws/src/build/tag_hover_sim/install.log'
