[0.766s] Invoking command in '/home/javierbecerril/harmonic_ws/src/tag_hover_sim': DEBUGINFOD_URLS=https://debuginfod.ubuntu.com PS1=\[\e]0;\u@\h: \w\a\]${debian_chroot:+($debian_chroot)}\[\033[01;32m\]\u@\h\[\033[00m\]:\[\033[01;34m\]\w\[\033[00m\]\$ PYTHONPATH=/home/javierbecerril/harmonic_ws/src/build/tag_hover_sim/prefix_override:/usr/lib/python3/dist-packages/colcon_core/task/python/colcon_distutils_commands:/home/javierbecerril/harmonic_ws/src/install/tag_hover_sim/lib/python3.12/site-packages:${PYTHONPATH} /usr/bin/python3 -W ignore:setup.py install is deprecated -W ignore:easy_install command is deprecated setup.py egg_info --egg-base ../build/tag_hover_sim build --build-base /home/javierbecerril/harmonic_ws/src/build/tag_hover_sim/build install --record /home/javierbecerril/harmonic_ws/src/build/tag_hover_sim/install.log --single-version-externally-managed install_data
[0.985s] running egg_info
[1.000s] writing ../build/tag_hover_sim/tag_hover_sim.egg-info/PKG-INFO
[1.000s] writing dependency_links to ../build/tag_hover_sim/tag_hover_sim.egg-info/dependency_links.txt
[1.001s] writing requirements to ../build/tag_hover_sim/tag_hover_sim.egg-info/requires.txt
[1.001s] writing top-level names to ../build/tag_hover_sim/tag_hover_sim.egg-info/top_level.txt
[1.029s] reading manifest file '../build/tag_hover_sim/tag_hover_sim.egg-info/SOURCES.txt'
[1.030s] writing manifest file '../build/tag_hover_sim/tag_hover_sim.egg-info/SOURCES.txt'
[1.031s] running build
[1.031s] running build_py
[1.031s] copying tag_hover_sim/hover_yaw_search.py -> /home/javierbecerril/harmonic_ws/src/build/tag_hover_sim/build/lib/tag_hover_sim
[1.032s] running install
[1.037s] running install_lib
[1.051s] copying /home/javierbecerril/harmonic_ws/src/build/tag_hover_sim/build/lib/tag_hover_sim/hover_yaw_search.py -> /home/javierbecerril/harmonic_ws/src/install/tag_hover_sim/lib/python3.12/site-packages/tag_hover_sim
[1.052s] byte-compiling /home/javierbecerril/harmonic_ws/src/install/tag_hover_sim/lib/python3.12/site-packages/tag_hover_sim/hover_yaw_search.py to hover_yaw_search.cpython-312.pyc
[1.054s] running install_data
[1.054s] running install_egg_info
[1.068s] removing '/home/javierbecerril/harmonic_ws/src/install/tag_hover_sim/lib/python3.12/site-packages/tag_hover_sim-0.1.0-py3.12.egg-info' (and everything under it)
[1.070s] Copying ../build/tag_hover_sim/tag_hover_sim.egg-info to /home/javierbecerril/harmonic_ws/src/install/tag_hover_sim/lib/python3.12/site-packages/tag_hover_sim-0.1.0-py3.12.egg-info
[1.071s] running install_scripts
[1.217s] writing list of installed files to '/home/javierbecerril/harmonic_ws/src/build/tag_hover_sim/install.log'
[1.253s] Invoked command in '/home/javierbecerril/harmonic_ws/src/tag_hover_sim' returned '0': DEBUGINFOD_URLS=https://debuginfod.ubuntu.com PS1=\[\e]0;\u@\h: \w\a\]${debian_chroot:+($debian_chroot)}\[\033[01;32m\]\u@\h\[\033[00m\]:\[\033[01;34m\]\w\[\033[00m\]\$ PYTHONPATH=/home/javierbecerril/harmonic_ws/src/build/tag_hover_sim/prefix_override:/usr/lib/python3/dist-packages/colcon_core/task/python/colcon_distutils_commands:/home/javierbecerril/harmonic_ws/src/install/tag_hover_sim/lib/python3.12/site-packages:${PYTHONPATH} /usr/bin/python3 -W ignore:setup.py install is deprecated -W ignore:easy_install command is deprecated setup.py egg_info --egg-base ../build/tag_hover_sim build --build-base /home/javierbecerril/harmonic_ws/src/build/tag_hover_sim/build install --record /home/javierbecerril/harmonic_ws/src/build/tag_hover_sim/install.log --single-version-externally-managed install_data
