running egg_info
creating ../../build/tag_hover_sim/tag_hover_sim.egg-info
writing ../../build/tag_hover_sim/tag_hover_sim.egg-info/PKG-INFO
writing dependency_links to ../../build/tag_hover_sim/tag_hover_sim.egg-info/dependency_links.txt
writing requirements to ../../build/tag_hover_sim/tag_hover_sim.egg-info/requires.txt
writing top-level names to ../../build/tag_hover_sim/tag_hover_sim.egg-info/top_level.txt
writing manifest file '../../build/tag_hover_sim/tag_hover_sim.egg-info/SOURCES.txt'
reading manifest file '../../build/tag_hover_sim/tag_hover_sim.egg-info/SOURCES.txt'
writing manifest file '../../build/tag_hover_sim/tag_hover_sim.egg-info/SOURCES.txt'
running build
running build_py
creating /home/javierbecerril/harmonic_ws/build/tag_hover_sim/build
creating /home/javierbecerril/harmonic_ws/build/tag_hover_sim/build/lib
creating /home/javierbecerril/harmonic_ws/build/tag_hover_sim/build/lib/tag_hover_sim
copying tag_hover_sim/__init__.py -> /home/javierbecerril/harmonic_ws/build/tag_hover_sim/build/lib/tag_hover_sim
copying tag_hover_sim/hover_yaw_search.py -> /home/javierbecerril/harmonic_ws/build/tag_hover_sim/build/lib/tag_hover_sim
running install
running install_lib
creating /home/javierbecerril/harmonic_ws/install/tag_hover_sim/lib/python3.12/site-packages/tag_hover_sim
copying /home/javierbecerril/harmonic_ws/build/tag_hover_sim/build/lib/tag_hover_sim/__init__.py -> /home/javierbecerril/harmonic_ws/install/tag_hover_sim/lib/python3.12/site-packages/tag_hover_sim
copying /home/javierbecerril/harmonic_ws/build/tag_hover_sim/build/lib/tag_hover_sim/hover_yaw_search.py -> /home/javierbecerril/harmonic_ws/install/tag_hover_sim/lib/python3.12/site-packages/tag_hover_sim
byte-compiling /home/javierbecerril/harmonic_ws/install/tag_hover_sim/lib/python3.12/site-packages/tag_hover_sim/__init__.py to __init__.cpython-312.pyc
byte-compiling /home/javierbecerril/harmonic_ws/install/tag_hover_sim/lib/python3.12/site-packages/tag_hover_sim/hover_yaw_search.py to hover_yaw_search.cpython-312.pyc
running install_data
creating /home/javierbecerril/harmonic_ws/install/tag_hover_sim/share/ament_index
creating /home/javierbecerril/harmonic_ws/install/tag_hover_sim/share/ament_index/resource_index
creating /home/javierbecerril/harmonic_ws/install/tag_hover_sim/share/ament_index/resource_index/packages
copying resource/tag_hover_sim -> /home/javierbecerril/harmonic_ws/install/tag_hover_sim/share/ament_index/resource_index/packages
copying package.xml -> /home/javierbecerril/harmonic_ws/install/tag_hover_sim/share/tag_hover_sim
creating /home/javierbecerril/harmonic_ws/install/tag_hover_sim/share/tag_hover_sim/launch
copying launch/sim_lockon_backbone.launch.py -> /home/javierbecerril/harmonic_ws/install/tag_hover_sim/share/tag_hover_sim/launch
creating /home/javierbecerril/harmonic_ws/install/tag_hover_sim/share/tag_hover_sim/config
copying config/apriltag_params.yaml -> /home/javierbecerril/harmonic_ws/install/tag_hover_sim/share/tag_hover_sim/config
running install_egg_info
Copying ../../build/tag_hover_sim/tag_hover_sim.egg-info to /home/javierbecerril/harmonic_ws/install/tag_hover_sim/lib/python3.12/site-packages/tag_hover_sim-0.1.0-py3.12.egg-info
running install_scripts
writing list of installed files to '/home/javierbecerril/harmonic_ws/build/tag_hover_sim/install.log'
