[0.082s] Invoking command in '/home/javierbecerril/harmonic_ws/build/ardupilot_msgs': CMAKE_PREFIX_PATH=${CMAKE_PREFIX_PATH}:/home/javierbecerril/harmonic_ws/install/tag_hover_sim:/opt/ros/jazzy DEBUGINFOD_URLS=https://debuginfod.ubuntu.com PS1=\[\e]0;\u@\h: \w\a\]${debian_chroot:+($debian_chroot)}\[\033[01;32m\]\u@\h\[\033[00m\]:\[\033[01;34m\]\w\[\033[00m\]\$ /usr/bin/cmake /home/javierbecerril/harmonic_ws/src/ardupilot/Tools/ros2/ardupilot_msgs -DAMENT_CMAKE_SYMLINK_INSTALL=1 -DCMAKE_INSTALL_PREFIX=/home/javierbecerril/harmonic_ws/install/ardupilot_msgs
[0.417s] -- Found ament_cmake: 2.5.4 (/opt/ros/jazzy/share/ament_cmake/cmake)
[0.544s] -- Override CMake install command with custom implementation using symlinks instead of copying resources
[0.588s] -- Found geometry_msgs: 5.3.6 (/opt/ros/jazzy/share/geometry_msgs/cmake)
[1.138s] -- Found rosidl_generator_c: 4.6.6 (/opt/ros/jazzy/share/rosidl_generator_c/cmake)
[1.159s] -- Found rosidl_generator_cpp: 4.6.6 (/opt/ros/jazzy/share/rosidl_generator_cpp/cmake)
[1.189s] -- Using all available rosidl_typesupport_c: rosidl_typesupport_fastrtps_c;rosidl_typesupport_introspection_c
[1.218s] -- Using all available rosidl_typesupport_cpp: rosidl_typesupport_fastrtps_cpp;rosidl_typesupport_introspection_cpp
[1.305s] -- Found rosidl_default_generators: 1.6.0 (/opt/ros/jazzy/share/rosidl_default_generators/cmake)
[1.340s] -- Found rosidl_adapter: 4.6.6 (/opt/ros/jazzy/share/rosidl_adapter/cmake)
[2.310s] -- Found ament_cmake_cppcheck: 0.17.3 (/opt/ros/jazzy/share/ament_cmake_cppcheck/cmake)
[2.317s] -- Found ament_cmake_cpplint: 0.17.3 (/opt/ros/jazzy/share/ament_cmake_cpplint/cmake)
[2.324s] -- Found ament_cmake_uncrustify: 0.17.3 (/opt/ros/jazzy/share/ament_cmake_uncrustify/cmake)
[2.332s] -- Found ament_cmake_ros: 0.12.0 (/opt/ros/jazzy/share/ament_cmake_ros/cmake)
[3.716s] -- Using all available rosidl_typesupport_c: rosidl_typesupport_fastrtps_c;rosidl_typesupport_introspection_c
[4.218s] -- Using all available rosidl_typesupport_cpp: rosidl_typesupport_fastrtps_cpp;rosidl_typesupport_introspection_cpp
[4.227s] -- Found python_cmake_module: 0.11.1 (/opt/ros/jazzy/share/python_cmake_module/cmake)
[4.455s] -- Found PythonExtra: /usr/bin/python3  
[5.056s] -- Found Python3: /usr/bin/python3 (found version "3.12.3") found components: Interpreter Development NumPy Development.Module Development.Embed 
[5.141s] -- Found ament_cmake_flake8: 0.17.3 (/opt/ros/jazzy/share/ament_cmake_flake8/cmake)
[5.149s] -- Found ament_cmake_pep257: 0.17.3 (/opt/ros/jazzy/share/ament_cmake_pep257/cmake)
[5.160s] -- Found ament_lint_auto: 0.17.3 (/opt/ros/jazzy/share/ament_lint_auto/cmake)
[5.214s] -- Added test 'copyright' to check source files copyright and LICENSE
[5.216s] -- Added test 'xmllint' to check XML markup files
[5.227s] -- Configuring done (5.1s)
[5.336s] -- Generating done (0.1s)
[5.355s] -- Build files have been written to: /home/javierbecerril/harmonic_ws/build/ardupilot_msgs
[5.367s] Invoked command in '/home/javierbecerril/harmonic_ws/build/ardupilot_msgs' returned '0': CMAKE_PREFIX_PATH=${CMAKE_PREFIX_PATH}:/home/javierbecerril/harmonic_ws/install/tag_hover_sim:/opt/ros/jazzy DEBUGINFOD_URLS=https://debuginfod.ubuntu.com PS1=\[\e]0;\u@\h: \w\a\]${debian_chroot:+($debian_chroot)}\[\033[01;32m\]\u@\h\[\033[00m\]:\[\033[01;34m\]\w\[\033[00m\]\$ /usr/bin/cmake /home/javierbecerril/harmonic_ws/src/ardupilot/Tools/ros2/ardupilot_msgs -DAMENT_CMAKE_SYMLINK_INSTALL=1 -DCMAKE_INSTALL_PREFIX=/home/javierbecerril/harmonic_ws/install/ardupilot_msgs
[5.369s] Invoking command in '/home/javierbecerril/harmonic_ws/build/ardupilot_msgs': CMAKE_PREFIX_PATH=${CMAKE_PREFIX_PATH}:/home/javierbecerril/harmonic_ws/install/tag_hover_sim:/opt/ros/jazzy DEBUGINFOD_URLS=https://debuginfod.ubuntu.com PS1=\[\e]0;\u@\h: \w\a\]${debian_chroot:+($debian_chroot)}\[\033[01;32m\]\u@\h\[\033[00m\]:\[\033[01;34m\]\w\[\033[00m\]\$ /usr/bin/cmake --build /home/javierbecerril/harmonic_ws/build/ardupilot_msgs -- -j12 -l12
[5.447s] [  1%] [34m[1mGenerating type hashes for ROS interfaces[0m
[5.458s] [  1%] Built target ament_cmake_python_symlink_ardupilot_msgs
[5.743s] running egg_info
[5.744s] creating ardupilot_msgs.egg-info
[5.769s] writing ardupilot_msgs.egg-info/PKG-INFO
[5.769s] writing dependency_links to ardupilot_msgs.egg-info/dependency_links.txt
[5.770s] writing top-level names to ardupilot_msgs.egg-info/top_level.txt
[5.770s] writing manifest file 'ardupilot_msgs.egg-info/SOURCES.txt'
[5.853s] reading manifest file 'ardupilot_msgs.egg-info/SOURCES.txt'
[5.854s] writing manifest file 'ardupilot_msgs.egg-info/SOURCES.txt'
[5.887s] [  1%] Built target ament_cmake_python_build_ardupilot_msgs_egg
[6.136s] [  1%] Built target ardupilot_msgs__rosidl_generator_type_description
[6.153s] [  2%] [34m[1mGenerating C code for ROS interfaces[0m
[6.166s] [  3%] [34m[1mGenerating C++ code for ROS interfaces[0m
[7.216s] [  3%] Built target ardupilot_msgs__cpp
[7.406s] [  4%] [32mBuilding C object CMakeFiles/ardupilot_msgs__rosidl_generator_c.dir/rosidl_generator_c/ardupilot_msgs/msg/detail/global_position__description.c.o[0m
[7.408s] [  5%] [32mBuilding C object CMakeFiles/ardupilot_msgs__rosidl_generator_c.dir/rosidl_generator_c/ardupilot_msgs/msg/detail/rc__description.c.o[0m
[7.409s] [  6%] [32mBuilding C object CMakeFiles/ardupilot_msgs__rosidl_generator_c.dir/rosidl_generator_c/ardupilot_msgs/msg/detail/global_position__functions.c.o[0m
[7.409s] [  7%] [32mBuilding C object CMakeFiles/ardupilot_msgs__rosidl_generator_c.dir/rosidl_generator_c/ardupilot_msgs/msg/detail/rc__type_support.c.o[0m
[7.410s] [  8%] [32mBuilding C object CMakeFiles/ardupilot_msgs__rosidl_generator_c.dir/rosidl_generator_c/ardupilot_msgs/msg/detail/rc__functions.c.o[0m
[7.413s] [  9%] [32mBuilding C object CMakeFiles/ardupilot_msgs__rosidl_generator_c.dir/rosidl_generator_c/ardupilot_msgs/msg/detail/global_position__type_support.c.o[0m
[7.413s] [ 10%] [32mBuilding C object CMakeFiles/ardupilot_msgs__rosidl_generator_c.dir/rosidl_generator_c/ardupilot_msgs/msg/detail/status__type_support.c.o[0m
[7.415s] [ 11%] [32mBuilding C object CMakeFiles/ardupilot_msgs__rosidl_generator_c.dir/rosidl_generator_c/ardupilot_msgs/msg/detail/airspeed__description.c.o[0m
[7.416s] [ 14%] [32mBuilding C object CMakeFiles/ardupilot_msgs__rosidl_generator_c.dir/rosidl_generator_c/ardupilot_msgs/msg/detail/status__description.c.o[0m
[7.416s] [ 14%] [32mBuilding C object CMakeFiles/ardupilot_msgs__rosidl_generator_c.dir/rosidl_generator_c/ardupilot_msgs/msg/detail/airspeed__type_support.c.o[0m
[7.416s] [ 13%] [32mBuilding C object CMakeFiles/ardupilot_msgs__rosidl_generator_c.dir/rosidl_generator_c/ardupilot_msgs/msg/detail/status__functions.c.o[0m
[7.417s] [ 15%] [32mBuilding C object CMakeFiles/ardupilot_msgs__rosidl_generator_c.dir/rosidl_generator_c/ardupilot_msgs/msg/detail/airspeed__functions.c.o[0m
[7.535s] [ 18%] [32mBuilding C object CMakeFiles/ardupilot_msgs__rosidl_generator_c.dir/rosidl_generator_c/ardupilot_msgs/srv/detail/arm_motors__type_support.c.o[0m
[7.536s] [ 18%] [32mBuilding C object CMakeFiles/ardupilot_msgs__rosidl_generator_c.dir/rosidl_generator_c/ardupilot_msgs/srv/detail/arm_motors__description.c.o[0m
[7.537s] [ 19%] [32mBuilding C object CMakeFiles/ardupilot_msgs__rosidl_generator_c.dir/rosidl_generator_c/ardupilot_msgs/srv/detail/arm_motors__functions.c.o[0m
[7.542s] [ 20%] [32mBuilding C object CMakeFiles/ardupilot_msgs__rosidl_generator_c.dir/rosidl_generator_c/ardupilot_msgs/srv/detail/mode_switch__description.c.o[0m
[7.574s] [ 21%] [32mBuilding C object CMakeFiles/ardupilot_msgs__rosidl_generator_c.dir/rosidl_generator_c/ardupilot_msgs/srv/detail/mode_switch__functions.c.o[0m
[7.574s] [ 24%] [32mBuilding C object CMakeFiles/ardupilot_msgs__rosidl_generator_c.dir/rosidl_generator_c/ardupilot_msgs/srv/detail/mode_switch__type_support.c.o[0m
[7.574s] [ 24%] [32mBuilding C object CMakeFiles/ardupilot_msgs__rosidl_generator_c.dir/rosidl_generator_c/ardupilot_msgs/srv/detail/takeoff__description.c.o[0m
[7.575s] [ 24%] [32mBuilding C object CMakeFiles/ardupilot_msgs__rosidl_generator_c.dir/rosidl_generator_c/ardupilot_msgs/srv/detail/takeoff__functions.c.o[0m
[7.595s] [ 25%] [32mBuilding C object CMakeFiles/ardupilot_msgs__rosidl_generator_c.dir/rosidl_generator_c/ardupilot_msgs/srv/detail/takeoff__type_support.c.o[0m
[7.676s] [ 26%] [32m[1mLinking C shared library libardupilot_msgs__rosidl_generator_c.so[0m
[8.330s] [ 26%] Built target ardupilot_msgs__rosidl_generator_c
[8.366s] [ 28%] [34m[1mGenerating C type support for eProsima Fast-RTPS[0m
[8.367s] [ 28%] [34m[1mGenerating C++ type support dispatch for ROS interfaces[0m
[8.369s] [ 31%] [34m[1mGenerating C++ introspection for ROS interfaces[0m
[8.369s] [ 31%] [34m[1mGenerating C type support dispatch for ROS interfaces[0m
[8.369s] [ 31%] [34m[1mGenerating C++ type support for eProsima Fast-RTPS[0m
[8.371s] [ 32%] [34m[1mGenerating C introspection for ROS interfaces[0m
[9.403s] [ 34%] [32mBuilding CXX object CMakeFiles/ardupilot_msgs__rosidl_typesupport_c.dir/rosidl_typesupport_c/ardupilot_msgs/msg/airspeed__type_support.cpp.o[0m
[9.403s] [ 35%] [32mBuilding CXX object CMakeFiles/ardupilot_msgs__rosidl_typesupport_c.dir/rosidl_typesupport_c/ardupilot_msgs/srv/mode_switch__type_support.cpp.o[0m
[9.404s] [ 36%] [32mBuilding CXX object CMakeFiles/ardupilot_msgs__rosidl_typesupport_c.dir/rosidl_typesupport_c/ardupilot_msgs/msg/rc__type_support.cpp.o[0m
[9.404s] [ 37%] [32mBuilding CXX object CMakeFiles/ardupilot_msgs__rosidl_typesupport_c.dir/rosidl_typesupport_c/ardupilot_msgs/msg/status__type_support.cpp.o[0m
[9.407s] [ 38%] [32mBuilding CXX object CMakeFiles/ardupilot_msgs__rosidl_typesupport_c.dir/rosidl_typesupport_c/ardupilot_msgs/msg/global_position__type_support.cpp.o[0m
[9.407s] [ 39%] [32mBuilding CXX object CMakeFiles/ardupilot_msgs__rosidl_typesupport_c.dir/rosidl_typesupport_c/ardupilot_msgs/srv/arm_motors__type_support.cpp.o[0m
[9.414s] [ 40%] [32mBuilding CXX object CMakeFiles/ardupilot_msgs__rosidl_typesupport_c.dir/rosidl_typesupport_c/ardupilot_msgs/srv/takeoff__type_support.cpp.o[0m
[9.564s] [ 41%] [32mBuilding CXX object CMakeFiles/ardupilot_msgs__rosidl_typesupport_cpp.dir/rosidl_typesupport_cpp/ardupilot_msgs/msg/global_position__type_support.cpp.o[0m
[9.587s] [ 42%] [32m[1mLinking CXX shared library libardupilot_msgs__rosidl_typesupport_c.so[0m
[9.587s] [ 43%] [32mBuilding CXX object CMakeFiles/ardupilot_msgs__rosidl_typesupport_cpp.dir/rosidl_typesupport_cpp/ardupilot_msgs/msg/status__type_support.cpp.o[0m
[9.588s] [ 44%] [32mBuilding CXX object CMakeFiles/ardupilot_msgs__rosidl_typesupport_cpp.dir/rosidl_typesupport_cpp/ardupilot_msgs/msg/rc__type_support.cpp.o[0m
[9.615s] [ 45%] [32mBuilding CXX object CMakeFiles/ardupilot_msgs__rosidl_typesupport_cpp.dir/rosidl_typesupport_cpp/ardupilot_msgs/msg/airspeed__type_support.cpp.o[0m
[9.615s] [ 46%] [32mBuilding CXX object CMakeFiles/ardupilot_msgs__rosidl_typesupport_cpp.dir/rosidl_typesupport_cpp/ardupilot_msgs/srv/arm_motors__type_support.cpp.o[0m
[9.626s] [ 47%] [32mBuilding CXX object CMakeFiles/ardupilot_msgs__rosidl_typesupport_cpp.dir/rosidl_typesupport_cpp/ardupilot_msgs/srv/mode_switch__type_support.cpp.o[0m
[9.639s] [ 48%] [32mBuilding CXX object CMakeFiles/ardupilot_msgs__rosidl_typesupport_cpp.dir/rosidl_typesupport_cpp/ardupilot_msgs/srv/takeoff__type_support.cpp.o[0m
[9.696s] [ 50%] [32mBuilding C object CMakeFiles/ardupilot_msgs__rosidl_typesupport_introspection_c.dir/rosidl_typesupport_introspection_c/ardupilot_msgs/msg/detail/global_position__type_support.c.o[0m
[9.703s] [ 51%] [32mBuilding CXX object CMakeFiles/ardupilot_msgs__rosidl_typesupport_introspection_cpp.dir/rosidl_typesupport_introspection_cpp/ardupilot_msgs/msg/detail/global_position__type_support.cpp.o[0m
[9.784s] [ 52%] [32mBuilding C object CMakeFiles/ardupilot_msgs__rosidl_typesupport_introspection_c.dir/rosidl_typesupport_introspection_c/ardupilot_msgs/msg/detail/rc__type_support.c.o[0m
[9.886s] [ 53%] [32mBuilding C object CMakeFiles/ardupilot_msgs__rosidl_typesupport_introspection_c.dir/rosidl_typesupport_introspection_c/ardupilot_msgs/msg/detail/status__type_support.c.o[0m
[9.998s] [ 54%] [32mBuilding C object CMakeFiles/ardupilot_msgs__rosidl_typesupport_introspection_c.dir/rosidl_typesupport_introspection_c/ardupilot_msgs/msg/detail/airspeed__type_support.c.o[0m
[10.070s] [ 55%] [32mBuilding CXX object CMakeFiles/ardupilot_msgs__rosidl_typesupport_fastrtps_cpp.dir/rosidl_typesupport_fastrtps_cpp/ardupilot_msgs/msg/detail/dds_fastrtps/global_position__type_support.cpp.o[0m
[10.100s] [ 56%] [32mBuilding C object CMakeFiles/ardupilot_msgs__rosidl_typesupport_introspection_c.dir/rosidl_typesupport_introspection_c/ardupilot_msgs/srv/detail/arm_motors__type_support.c.o[0m
[10.105s] [ 56%] Built target ardupilot_msgs__rosidl_typesupport_c
[10.145s] [ 57%] [32mBuilding CXX object CMakeFiles/ardupilot_msgs__rosidl_typesupport_fastrtps_cpp.dir/rosidl_typesupport_fastrtps_cpp/ardupilot_msgs/msg/detail/dds_fastrtps/rc__type_support.cpp.o[0m
[10.259s] [ 58%] [32mBuilding C object CMakeFiles/ardupilot_msgs__rosidl_typesupport_introspection_c.dir/rosidl_typesupport_introspection_c/ardupilot_msgs/srv/detail/mode_switch__type_support.c.o[0m
[10.280s] [ 59%] [32mBuilding CXX object CMakeFiles/ardupilot_msgs__rosidl_typesupport_fastrtps_c.dir/rosidl_typesupport_fastrtps_c/ardupilot_msgs/msg/detail/global_position__type_support_c.cpp.o[0m
[10.371s] [ 60%] [32mBuilding CXX object CMakeFiles/ardupilot_msgs__rosidl_typesupport_introspection_cpp.dir/rosidl_typesupport_introspection_cpp/ardupilot_msgs/msg/detail/rc__type_support.cpp.o[0m
[10.381s] [ 61%] [32mBuilding C object CMakeFiles/ardupilot_msgs__rosidl_typesupport_introspection_c.dir/rosidl_typesupport_introspection_c/ardupilot_msgs/srv/detail/takeoff__type_support.c.o[0m
[10.384s] [ 62%] [32mBuilding CXX object CMakeFiles/ardupilot_msgs__rosidl_typesupport_fastrtps_cpp.dir/rosidl_typesupport_fastrtps_cpp/ardupilot_msgs/msg/detail/dds_fastrtps/status__type_support.cpp.o[0m
[10.429s] [ 63%] [32mBuilding CXX object CMakeFiles/ardupilot_msgs__rosidl_typesupport_fastrtps_c.dir/rosidl_typesupport_fastrtps_c/ardupilot_msgs/msg/detail/rc__type_support_c.cpp.o[0m
[10.438s] [ 64%] [32mBuilding CXX object CMakeFiles/ardupilot_msgs__rosidl_typesupport_fastrtps_cpp.dir/rosidl_typesupport_fastrtps_cpp/ardupilot_msgs/msg/detail/dds_fastrtps/airspeed__type_support.cpp.o[0m
[10.442s] [ 65%] [32mBuilding CXX object CMakeFiles/ardupilot_msgs__rosidl_typesupport_fastrtps_c.dir/rosidl_typesupport_fastrtps_c/ardupilot_msgs/msg/detail/status__type_support_c.cpp.o[0m
[10.506s] [ 67%] [32m[1mLinking C shared library libardupilot_msgs__rosidl_typesupport_introspection_c.so[0m
[10.528s] [ 68%] [32mBuilding CXX object CMakeFiles/ardupilot_msgs__rosidl_typesupport_introspection_cpp.dir/rosidl_typesupport_introspection_cpp/ardupilot_msgs/msg/detail/status__type_support.cpp.o[0m
[10.556s] [ 69%] [32mBuilding CXX object CMakeFiles/ardupilot_msgs__rosidl_typesupport_introspection_cpp.dir/rosidl_typesupport_introspection_cpp/ardupilot_msgs/msg/detail/airspeed__type_support.cpp.o[0m
[10.617s] [ 70%] [32m[1mLinking CXX shared library libardupilot_msgs__rosidl_typesupport_cpp.so[0m
[11.020s] [ 70%] Built target ardupilot_msgs__rosidl_typesupport_introspection_c
[11.049s] [ 71%] [32mBuilding CXX object CMakeFiles/ardupilot_msgs__rosidl_typesupport_introspection_cpp.dir/rosidl_typesupport_introspection_cpp/ardupilot_msgs/srv/detail/arm_motors__type_support.cpp.o[0m
[11.236s] [ 72%] [32mBuilding CXX object CMakeFiles/ardupilot_msgs__rosidl_typesupport_fastrtps_c.dir/rosidl_typesupport_fastrtps_c/ardupilot_msgs/msg/detail/airspeed__type_support_c.cpp.o[0m
[11.266s] [ 72%] Built target ardupilot_msgs__rosidl_typesupport_cpp
[11.278s] [ 74%] [32mBuilding CXX object CMakeFiles/ardupilot_msgs__rosidl_typesupport_fastrtps_cpp.dir/rosidl_typesupport_fastrtps_cpp/ardupilot_msgs/srv/detail/dds_fastrtps/mode_switch__type_support.cpp.o[0m
[11.279s] [ 74%] [32mBuilding CXX object CMakeFiles/ardupilot_msgs__rosidl_typesupport_fastrtps_cpp.dir/rosidl_typesupport_fastrtps_cpp/ardupilot_msgs/srv/detail/dds_fastrtps/arm_motors__type_support.cpp.o[0m
[11.288s] [ 75%] [32mBuilding CXX object CMakeFiles/ardupilot_msgs__rosidl_typesupport_fastrtps_cpp.dir/rosidl_typesupport_fastrtps_cpp/ardupilot_msgs/srv/detail/dds_fastrtps/takeoff__type_support.cpp.o[0m
[11.342s] [ 76%] [32mBuilding CXX object CMakeFiles/ardupilot_msgs__rosidl_typesupport_fastrtps_c.dir/rosidl_typesupport_fastrtps_c/ardupilot_msgs/srv/detail/arm_motors__type_support_c.cpp.o[0m
[11.407s] [ 77%] [32mBuilding CXX object CMakeFiles/ardupilot_msgs__rosidl_typesupport_introspection_cpp.dir/rosidl_typesupport_introspection_cpp/ardupilot_msgs/srv/detail/mode_switch__type_support.cpp.o[0m
[11.443s] [ 78%] [32mBuilding CXX object CMakeFiles/ardupilot_msgs__rosidl_typesupport_introspection_cpp.dir/rosidl_typesupport_introspection_cpp/ardupilot_msgs/srv/detail/takeoff__type_support.cpp.o[0m
[11.471s] [ 79%] [32mBuilding CXX object CMakeFiles/ardupilot_msgs__rosidl_typesupport_fastrtps_c.dir/rosidl_typesupport_fastrtps_c/ardupilot_msgs/srv/detail/mode_switch__type_support_c.cpp.o[0m
[11.532s] [ 80%] [32mBuilding CXX object CMakeFiles/ardupilot_msgs__rosidl_typesupport_fastrtps_c.dir/rosidl_typesupport_fastrtps_c/ardupilot_msgs/srv/detail/takeoff__type_support_c.cpp.o[0m
[12.235s] [ 81%] [32m[1mLinking CXX shared library libardupilot_msgs__rosidl_typesupport_introspection_cpp.so[0m
[12.451s] [ 82%] [32m[1mLinking CXX shared library libardupilot_msgs__rosidl_typesupport_fastrtps_c.so[0m
[12.491s] [ 84%] [32m[1mLinking CXX shared library libardupilot_msgs__rosidl_typesupport_fastrtps_cpp.so[0m
[12.565s] [ 84%] Built target ardupilot_msgs__rosidl_typesupport_introspection_cpp
[12.786s] [ 84%] Built target ardupilot_msgs__rosidl_typesupport_fastrtps_c
[12.882s] [ 84%] Built target ardupilot_msgs__rosidl_typesupport_fastrtps_cpp
[12.924s] [ 84%] Built target ardupilot_msgs
[12.968s] [ 85%] [34m[1mGenerating Python code for ROS interfaces[0m
[14.948s] [ 85%] Built target ardupilot_msgs__py
[14.980s] [ 86%] [32mBuilding C object CMakeFiles/ardupilot_msgs__rosidl_generator_py.dir/rosidl_generator_py/ardupilot_msgs/msg/_status_s.c.o[0m
[14.981s] [ 87%] [32mBuilding C object CMakeFiles/ardupilot_msgs__rosidl_generator_py.dir/rosidl_generator_py/ardupilot_msgs/srv/_arm_motors_s.c.o[0m
[14.981s] [ 88%] [32mBuilding C object CMakeFiles/ardupilot_msgs__rosidl_generator_py.dir/rosidl_generator_py/ardupilot_msgs/srv/_mode_switch_s.c.o[0m
[14.983s] [ 90%] [32mBuilding C object CMakeFiles/ardupilot_msgs__rosidl_generator_py.dir/rosidl_generator_py/ardupilot_msgs/srv/_takeoff_s.c.o[0m
[14.983s] [ 90%] [32mBuilding C object CMakeFiles/ardupilot_msgs__rosidl_generator_py.dir/rosidl_generator_py/ardupilot_msgs/msg/_airspeed_s.c.o[0m
[14.983s] [ 91%] [32mBuilding C object CMakeFiles/ardupilot_msgs__rosidl_generator_py.dir/rosidl_generator_py/ardupilot_msgs/msg/_global_position_s.c.o[0m
[14.990s] [ 92%] [32mBuilding C object CMakeFiles/ardupilot_msgs__rosidl_generator_py.dir/rosidl_generator_py/ardupilot_msgs/msg/_rc_s.c.o[0m
[15.282s] [ 93%] [32m[1mLinking C shared library libardupilot_msgs__rosidl_generator_py.so[0m
[15.863s] [ 93%] Built target ardupilot_msgs__rosidl_generator_py
[15.929s] [ 94%] [32mBuilding C object CMakeFiles/ardupilot_msgs_s__rosidl_typesupport_introspection_c.dir/rosidl_generator_py/ardupilot_msgs/_ardupilot_msgs_s.ep.rosidl_typesupport_introspection_c.c.o[0m
[15.932s] [ 95%] [32mBuilding C object CMakeFiles/ardupilot_msgs_s__rosidl_typesupport_c.dir/rosidl_generator_py/ardupilot_msgs/_ardupilot_msgs_s.ep.rosidl_typesupport_c.c.o[0m
[15.932s] [ 96%] [32mBuilding C object CMakeFiles/ardupilot_msgs_s__rosidl_typesupport_fastrtps_c.dir/rosidl_generator_py/ardupilot_msgs/_ardupilot_msgs_s.ep.rosidl_typesupport_fastrtps_c.c.o[0m
[16.177s] [ 97%] [32m[1mLinking C shared module rosidl_generator_py/ardupilot_msgs/ardupilot_msgs_s__rosidl_typesupport_c.so[0m
[16.188s] [ 98%] [32m[1mLinking C shared module rosidl_generator_py/ardupilot_msgs/ardupilot_msgs_s__rosidl_typesupport_fastrtps_c.so[0m
[16.189s] [100%] [32m[1mLinking C shared module rosidl_generator_py/ardupilot_msgs/ardupilot_msgs_s__rosidl_typesupport_introspection_c.so[0m
[16.378s] [100%] Built target ardupilot_msgs_s__rosidl_typesupport_introspection_c
[16.381s] [100%] Built target ardupilot_msgs_s__rosidl_typesupport_fastrtps_c
[16.428s] [100%] Built target ardupilot_msgs_s__rosidl_typesupport_c
[16.454s] Invoked command in '/home/javierbecerril/harmonic_ws/build/ardupilot_msgs' returned '0': CMAKE_PREFIX_PATH=${CMAKE_PREFIX_PATH}:/home/javierbecerril/harmonic_ws/install/tag_hover_sim:/opt/ros/jazzy DEBUGINFOD_URLS=https://debuginfod.ubuntu.com PS1=\[\e]0;\u@\h: \w\a\]${debian_chroot:+($debian_chroot)}\[\033[01;32m\]\u@\h\[\033[00m\]:\[\033[01;34m\]\w\[\033[00m\]\$ /usr/bin/cmake --build /home/javierbecerril/harmonic_ws/build/ardupilot_msgs -- -j12 -l12
[16.477s] Invoking command in '/home/javierbecerril/harmonic_ws/build/ardupilot_msgs': CMAKE_PREFIX_PATH=${CMAKE_PREFIX_PATH}:/home/javierbecerril/harmonic_ws/install/tag_hover_sim:/opt/ros/jazzy DEBUGINFOD_URLS=https://debuginfod.ubuntu.com PS1=\[\e]0;\u@\h: \w\a\]${debian_chroot:+($debian_chroot)}\[\033[01;32m\]\u@\h\[\033[00m\]:\[\033[01;34m\]\w\[\033[00m\]\$ /usr/bin/cmake --install /home/javierbecerril/harmonic_ws/build/ardupilot_msgs
[16.498s] -- Install configuration: ""
[16.500s] -- Execute custom install script
[16.501s] -- Symlinking: /home/javierbecerril/harmonic_ws/install/ardupilot_msgs/share/ament_index/resource_index/rosidl_interfaces/ardupilot_msgs
[16.523s] -- Symlinking: /home/javierbecerril/harmonic_ws/install/ardupilot_msgs/share/ardupilot_msgs/msg/GlobalPosition.json
[16.542s] -- Symlinking: /home/javierbecerril/harmonic_ws/install/ardupilot_msgs/share/ardupilot_msgs/msg/Rc.json
[16.562s] -- Symlinking: /home/javierbecerril/harmonic_ws/install/ardupilot_msgs/share/ardupilot_msgs/msg/Status.json
[16.582s] -- Symlinking: /home/javierbecerril/harmonic_ws/install/ardupilot_msgs/share/ardupilot_msgs/msg/Airspeed.json
[16.603s] -- Symlinking: /home/javierbecerril/harmonic_ws/install/ardupilot_msgs/share/ardupilot_msgs/srv/ArmMotors.json
[16.623s] -- Symlinking: /home/javierbecerril/harmonic_ws/install/ardupilot_msgs/share/ardupilot_msgs/srv/ModeSwitch.json
[16.638s] -- Symlinking: /home/javierbecerril/harmonic_ws/install/ardupilot_msgs/share/ardupilot_msgs/srv/Takeoff.json
[16.654s] -- Symlinking: /home/javierbecerril/harmonic_ws/install/ardupilot_msgs/include/ardupilot_msgs/ardupilot_msgs/msg/airspeed.h
[16.666s] -- Symlinking: /home/javierbecerril/harmonic_ws/install/ardupilot_msgs/include/ardupilot_msgs/ardupilot_msgs/msg/detail/airspeed__functions.h
[16.683s] -- Symlinking: /home/javierbecerril/harmonic_ws/install/ardupilot_msgs/include/ardupilot_msgs/ardupilot_msgs/msg/detail/airspeed__struct.h
[16.696s] -- Symlinking: /home/javierbecerril/harmonic_ws/install/ardupilot_msgs/include/ardupilot_msgs/ardupilot_msgs/msg/detail/airspeed__type_support.h
[16.709s] -- Symlinking: /home/javierbecerril/harmonic_ws/install/ardupilot_msgs/include/ardupilot_msgs/ardupilot_msgs/msg/detail/global_position__functions.h
[16.724s] -- Symlinking: /home/javierbecerril/harmonic_ws/install/ardupilot_msgs/include/ardupilot_msgs/ardupilot_msgs/msg/detail/global_position__struct.h
[16.738s] -- Symlinking: /home/javierbecerril/harmonic_ws/install/ardupilot_msgs/include/ardupilot_msgs/ardupilot_msgs/msg/detail/global_position__type_support.h
[16.757s] -- Symlinking: /home/javierbecerril/harmonic_ws/install/ardupilot_msgs/include/ardupilot_msgs/ardupilot_msgs/msg/detail/rc__functions.h
[16.777s] -- Symlinking: /home/javierbecerril/harmonic_ws/install/ardupilot_msgs/include/ardupilot_msgs/ardupilot_msgs/msg/detail/rc__struct.h
[16.795s] -- Symlinking: /home/javierbecerril/harmonic_ws/install/ardupilot_msgs/include/ardupilot_msgs/ardupilot_msgs/msg/detail/rc__type_support.h
[16.815s] -- Symlinking: /home/javierbecerril/harmonic_ws/install/ardupilot_msgs/include/ardupilot_msgs/ardupilot_msgs/msg/detail/status__functions.h
[16.830s] -- Symlinking: /home/javierbecerril/harmonic_ws/install/ardupilot_msgs/include/ardupilot_msgs/ardupilot_msgs/msg/detail/status__struct.h
[16.843s] -- Symlinking: /home/javierbecerril/harmonic_ws/install/ardupilot_msgs/include/ardupilot_msgs/ardupilot_msgs/msg/detail/status__type_support.h
[16.856s] -- Symlinking: /home/javierbecerril/harmonic_ws/install/ardupilot_msgs/include/ardupilot_msgs/ardupilot_msgs/msg/global_position.h
[16.870s] -- Symlinking: /home/javierbecerril/harmonic_ws/install/ardupilot_msgs/include/ardupilot_msgs/ardupilot_msgs/msg/rc.h
[16.887s] -- Symlinking: /home/javierbecerril/harmonic_ws/install/ardupilot_msgs/include/ardupilot_msgs/ardupilot_msgs/msg/rosidl_generator_c__visibility_control.h
[16.902s] -- Symlinking: /home/javierbecerril/harmonic_ws/install/ardupilot_msgs/include/ardupilot_msgs/ardupilot_msgs/msg/status.h
[16.915s] -- Symlinking: /home/javierbecerril/harmonic_ws/install/ardupilot_msgs/include/ardupilot_msgs/ardupilot_msgs/srv/arm_motors.h
[16.929s] -- Symlinking: /home/javierbecerril/harmonic_ws/install/ardupilot_msgs/include/ardupilot_msgs/ardupilot_msgs/srv/detail/arm_motors__functions.h
[16.945s] -- Symlinking: /home/javierbecerril/harmonic_ws/install/ardupilot_msgs/include/ardupilot_msgs/ardupilot_msgs/srv/detail/arm_motors__struct.h
[16.960s] -- Symlinking: /home/javierbecerril/harmonic_ws/install/ardupilot_msgs/include/ardupilot_msgs/ardupilot_msgs/srv/detail/arm_motors__type_support.h
[16.978s] -- Symlinking: /home/javierbecerril/harmonic_ws/install/ardupilot_msgs/include/ardupilot_msgs/ardupilot_msgs/srv/detail/mode_switch__functions.h
[16.994s] -- Symlinking: /home/javierbecerril/harmonic_ws/install/ardupilot_msgs/include/ardupilot_msgs/ardupilot_msgs/srv/detail/mode_switch__struct.h
[17.006s] -- Symlinking: /home/javierbecerril/harmonic_ws/install/ardupilot_msgs/include/ardupilot_msgs/ardupilot_msgs/srv/detail/mode_switch__type_support.h
[17.019s] -- Symlinking: /home/javierbecerril/harmonic_ws/install/ardupilot_msgs/include/ardupilot_msgs/ardupilot_msgs/srv/detail/takeoff__functions.h
[17.033s] -- Symlinking: /home/javierbecerril/harmonic_ws/install/ardupilot_msgs/include/ardupilot_msgs/ardupilot_msgs/srv/detail/takeoff__struct.h
[17.047s] -- Symlinking: /home/javierbecerril/harmonic_ws/install/ardupilot_msgs/include/ardupilot_msgs/ardupilot_msgs/srv/detail/takeoff__type_support.h
[17.060s] -- Symlinking: /home/javierbecerril/harmonic_ws/install/ardupilot_msgs/include/ardupilot_msgs/ardupilot_msgs/srv/mode_switch.h
[17.073s] -- Symlinking: /home/javierbecerril/harmonic_ws/install/ardupilot_msgs/include/ardupilot_msgs/ardupilot_msgs/srv/takeoff.h
[17.089s] -- Symlinking: /home/javierbecerril/harmonic_ws/install/ardupilot_msgs/share/ardupilot_msgs/environment/library_path.sh
[17.103s] -- Symlinking: /home/javierbecerril/harmonic_ws/install/ardupilot_msgs/share/ardupilot_msgs/environment/library_path.dsv
[17.119s] -- Symlinking: /home/javierbecerril/harmonic_ws/install/ardupilot_msgs/include/ardupilot_msgs/ardupilot_msgs/msg/detail/airspeed__rosidl_typesupport_fastrtps_c.h
[17.132s] -- Symlinking: /home/javierbecerril/harmonic_ws/install/ardupilot_msgs/include/ardupilot_msgs/ardupilot_msgs/msg/detail/global_position__rosidl_typesupport_fastrtps_c.h
[17.144s] -- Symlinking: /home/javierbecerril/harmonic_ws/install/ardupilot_msgs/include/ardupilot_msgs/ardupilot_msgs/msg/detail/rc__rosidl_typesupport_fastrtps_c.h
[17.156s] -- Symlinking: /home/javierbecerril/harmonic_ws/install/ardupilot_msgs/include/ardupilot_msgs/ardupilot_msgs/msg/detail/status__rosidl_typesupport_fastrtps_c.h
[17.167s] -- Symlinking: /home/javierbecerril/harmonic_ws/install/ardupilot_msgs/include/ardupilot_msgs/ardupilot_msgs/msg/rosidl_typesupport_fastrtps_c__visibility_control.h
[17.179s] -- Symlinking: /home/javierbecerril/harmonic_ws/install/ardupilot_msgs/include/ardupilot_msgs/ardupilot_msgs/srv/detail/arm_motors__rosidl_typesupport_fastrtps_c.h
[17.193s] -- Symlinking: /home/javierbecerril/harmonic_ws/install/ardupilot_msgs/include/ardupilot_msgs/ardupilot_msgs/srv/detail/mode_switch__rosidl_typesupport_fastrtps_c.h
[17.206s] -- Symlinking: /home/javierbecerril/harmonic_ws/install/ardupilot_msgs/include/ardupilot_msgs/ardupilot_msgs/srv/detail/takeoff__rosidl_typesupport_fastrtps_c.h
[17.220s] -- Symlinking: /home/javierbecerril/harmonic_ws/install/ardupilot_msgs/include/ardupilot_msgs/ardupilot_msgs/msg/airspeed.hpp
[17.240s] -- Symlinking: /home/javierbecerril/harmonic_ws/install/ardupilot_msgs/include/ardupilot_msgs/ardupilot_msgs/msg/detail/airspeed__builder.hpp
[17.264s] -- Symlinking: /home/javierbecerril/harmonic_ws/install/ardupilot_msgs/include/ardupilot_msgs/ardupilot_msgs/msg/detail/airspeed__struct.hpp
[17.288s] -- Symlinking: /home/javierbecerril/harmonic_ws/install/ardupilot_msgs/include/ardupilot_msgs/ardupilot_msgs/msg/detail/airspeed__traits.hpp
[17.304s] -- Symlinking: /home/javierbecerril/harmonic_ws/install/ardupilot_msgs/include/ardupilot_msgs/ardupilot_msgs/msg/detail/airspeed__type_support.hpp
[17.318s] -- Symlinking: /home/javierbecerril/harmonic_ws/install/ardupilot_msgs/include/ardupilot_msgs/ardupilot_msgs/msg/detail/global_position__builder.hpp
[17.331s] -- Symlinking: /home/javierbecerril/harmonic_ws/install/ardupilot_msgs/include/ardupilot_msgs/ardupilot_msgs/msg/detail/global_position__struct.hpp
[17.344s] -- Symlinking: /home/javierbecerril/harmonic_ws/install/ardupilot_msgs/include/ardupilot_msgs/ardupilot_msgs/msg/detail/global_position__traits.hpp
[17.358s] -- Symlinking: /home/javierbecerril/harmonic_ws/install/ardupilot_msgs/include/ardupilot_msgs/ardupilot_msgs/msg/detail/global_position__type_support.hpp
[17.370s] -- Symlinking: /home/javierbecerril/harmonic_ws/install/ardupilot_msgs/include/ardupilot_msgs/ardupilot_msgs/msg/detail/rc__builder.hpp
[17.383s] -- Symlinking: /home/javierbecerril/harmonic_ws/install/ardupilot_msgs/include/ardupilot_msgs/ardupilot_msgs/msg/detail/rc__struct.hpp
[17.395s] -- Symlinking: /home/javierbecerril/harmonic_ws/install/ardupilot_msgs/include/ardupilot_msgs/ardupilot_msgs/msg/detail/rc__traits.hpp
[17.408s] -- Symlinking: /home/javierbecerril/harmonic_ws/install/ardupilot_msgs/include/ardupilot_msgs/ardupilot_msgs/msg/detail/rc__type_support.hpp
[17.420s] -- Symlinking: /home/javierbecerril/harmonic_ws/install/ardupilot_msgs/include/ardupilot_msgs/ardupilot_msgs/msg/detail/status__builder.hpp
[17.433s] -- Symlinking: /home/javierbecerril/harmonic_ws/install/ardupilot_msgs/include/ardupilot_msgs/ardupilot_msgs/msg/detail/status__struct.hpp
[17.444s] -- Symlinking: /home/javierbecerril/harmonic_ws/install/ardupilot_msgs/include/ardupilot_msgs/ardupilot_msgs/msg/detail/status__traits.hpp
[17.457s] -- Symlinking: /home/javierbecerril/harmonic_ws/install/ardupilot_msgs/include/ardupilot_msgs/ardupilot_msgs/msg/detail/status__type_support.hpp
[17.470s] -- Symlinking: /home/javierbecerril/harmonic_ws/install/ardupilot_msgs/include/ardupilot_msgs/ardupilot_msgs/msg/global_position.hpp
[17.483s] -- Symlinking: /home/javierbecerril/harmonic_ws/install/ardupilot_msgs/include/ardupilot_msgs/ardupilot_msgs/msg/rc.hpp
[17.498s] -- Symlinking: /home/javierbecerril/harmonic_ws/install/ardupilot_msgs/include/ardupilot_msgs/ardupilot_msgs/msg/rosidl_generator_cpp__visibility_control.hpp
[17.510s] -- Symlinking: /home/javierbecerril/harmonic_ws/install/ardupilot_msgs/include/ardupilot_msgs/ardupilot_msgs/msg/status.hpp
[17.523s] -- Symlinking: /home/javierbecerril/harmonic_ws/install/ardupilot_msgs/include/ardupilot_msgs/ardupilot_msgs/srv/arm_motors.hpp
[17.536s] -- Symlinking: /home/javierbecerril/harmonic_ws/install/ardupilot_msgs/include/ardupilot_msgs/ardupilot_msgs/srv/detail/arm_motors__builder.hpp
[17.551s] -- Symlinking: /home/javierbecerril/harmonic_ws/install/ardupilot_msgs/include/ardupilot_msgs/ardupilot_msgs/srv/detail/arm_motors__struct.hpp
[17.566s] -- Symlinking: /home/javierbecerril/harmonic_ws/install/ardupilot_msgs/include/ardupilot_msgs/ardupilot_msgs/srv/detail/arm_motors__traits.hpp
[17.580s] -- Symlinking: /home/javierbecerril/harmonic_ws/install/ardupilot_msgs/include/ardupilot_msgs/ardupilot_msgs/srv/detail/arm_motors__type_support.hpp
[17.592s] -- Symlinking: /home/javierbecerril/harmonic_ws/install/ardupilot_msgs/include/ardupilot_msgs/ardupilot_msgs/srv/detail/mode_switch__builder.hpp
[17.605s] -- Symlinking: /home/javierbecerril/harmonic_ws/install/ardupilot_msgs/include/ardupilot_msgs/ardupilot_msgs/srv/detail/mode_switch__struct.hpp
[17.617s] -- Symlinking: /home/javierbecerril/harmonic_ws/install/ardupilot_msgs/include/ardupilot_msgs/ardupilot_msgs/srv/detail/mode_switch__traits.hpp
[17.631s] -- Symlinking: /home/javierbecerril/harmonic_ws/install/ardupilot_msgs/include/ardupilot_msgs/ardupilot_msgs/srv/detail/mode_switch__type_support.hpp
[17.642s] -- Symlinking: /home/javierbecerril/harmonic_ws/install/ardupilot_msgs/include/ardupilot_msgs/ardupilot_msgs/srv/detail/takeoff__builder.hpp
[17.653s] -- Symlinking: /home/javierbecerril/harmonic_ws/install/ardupilot_msgs/include/ardupilot_msgs/ardupilot_msgs/srv/detail/takeoff__struct.hpp
[17.664s] -- Symlinking: /home/javierbecerril/harmonic_ws/install/ardupilot_msgs/include/ardupilot_msgs/ardupilot_msgs/srv/detail/takeoff__traits.hpp
[17.676s] -- Symlinking: /home/javierbecerril/harmonic_ws/install/ardupilot_msgs/include/ardupilot_msgs/ardupilot_msgs/srv/detail/takeoff__type_support.hpp
[17.688s] -- Symlinking: /home/javierbecerril/harmonic_ws/install/ardupilot_msgs/include/ardupilot_msgs/ardupilot_msgs/srv/mode_switch.hpp
[17.702s] -- Symlinking: /home/javierbecerril/harmonic_ws/install/ardupilot_msgs/include/ardupilot_msgs/ardupilot_msgs/srv/takeoff.hpp
[17.717s] -- Symlinking: /home/javierbecerril/harmonic_ws/install/ardupilot_msgs/include/ardupilot_msgs/ardupilot_msgs/msg/detail/airspeed__rosidl_typesupport_fastrtps_cpp.hpp
[17.729s] -- Symlinking: /home/javierbecerril/harmonic_ws/install/ardupilot_msgs/include/ardupilot_msgs/ardupilot_msgs/msg/detail/global_position__rosidl_typesupport_fastrtps_cpp.hpp
[17.741s] -- Symlinking: /home/javierbecerril/harmonic_ws/install/ardupilot_msgs/include/ardupilot_msgs/ardupilot_msgs/msg/detail/rc__rosidl_typesupport_fastrtps_cpp.hpp
[17.753s] -- Symlinking: /home/javierbecerril/harmonic_ws/install/ardupilot_msgs/include/ardupilot_msgs/ardupilot_msgs/msg/detail/status__rosidl_typesupport_fastrtps_cpp.hpp
[17.765s] -- Symlinking: /home/javierbecerril/harmonic_ws/install/ardupilot_msgs/include/ardupilot_msgs/ardupilot_msgs/msg/rosidl_typesupport_fastrtps_cpp__visibility_control.h
[17.784s] -- Symlinking: /home/javierbecerril/harmonic_ws/install/ardupilot_msgs/include/ardupilot_msgs/ardupilot_msgs/srv/detail/arm_motors__rosidl_typesupport_fastrtps_cpp.hpp
[17.803s] -- Symlinking: /home/javierbecerril/harmonic_ws/install/ardupilot_msgs/include/ardupilot_msgs/ardupilot_msgs/srv/detail/mode_switch__rosidl_typesupport_fastrtps_cpp.hpp
[17.823s] -- Symlinking: /home/javierbecerril/harmonic_ws/install/ardupilot_msgs/include/ardupilot_msgs/ardupilot_msgs/srv/detail/takeoff__rosidl_typesupport_fastrtps_cpp.hpp
[17.844s] -- Symlinking: /home/javierbecerril/harmonic_ws/install/ardupilot_msgs/include/ardupilot_msgs/ardupilot_msgs/msg/detail/airspeed__rosidl_typesupport_introspection_c.h
[17.866s] -- Symlinking: /home/javierbecerril/harmonic_ws/install/ardupilot_msgs/include/ardupilot_msgs/ardupilot_msgs/msg/detail/global_position__rosidl_typesupport_introspection_c.h
[17.889s] -- Symlinking: /home/javierbecerril/harmonic_ws/install/ardupilot_msgs/include/ardupilot_msgs/ardupilot_msgs/msg/detail/rc__rosidl_typesupport_introspection_c.h
[17.907s] -- Symlinking: /home/javierbecerril/harmonic_ws/install/ardupilot_msgs/include/ardupilot_msgs/ardupilot_msgs/msg/detail/status__rosidl_typesupport_introspection_c.h
[17.928s] -- Symlinking: /home/javierbecerril/harmonic_ws/install/ardupilot_msgs/include/ardupilot_msgs/ardupilot_msgs/msg/rosidl_typesupport_introspection_c__visibility_control.h
[17.950s] -- Symlinking: /home/javierbecerril/harmonic_ws/install/ardupilot_msgs/include/ardupilot_msgs/ardupilot_msgs/srv/detail/arm_motors__rosidl_typesupport_introspection_c.h
[17.969s] -- Symlinking: /home/javierbecerril/harmonic_ws/install/ardupilot_msgs/include/ardupilot_msgs/ardupilot_msgs/srv/detail/mode_switch__rosidl_typesupport_introspection_c.h
[17.984s] -- Symlinking: /home/javierbecerril/harmonic_ws/install/ardupilot_msgs/include/ardupilot_msgs/ardupilot_msgs/srv/detail/takeoff__rosidl_typesupport_introspection_c.h
[18.001s] -- Symlinking: /home/javierbecerril/harmonic_ws/install/ardupilot_msgs/include/ardupilot_msgs/ardupilot_msgs/msg/detail/airspeed__rosidl_typesupport_introspection_cpp.hpp
[18.018s] -- Symlinking: /home/javierbecerril/harmonic_ws/install/ardupilot_msgs/include/ardupilot_msgs/ardupilot_msgs/msg/detail/global_position__rosidl_typesupport_introspection_cpp.hpp
[18.035s] -- Symlinking: /home/javierbecerril/harmonic_ws/install/ardupilot_msgs/include/ardupilot_msgs/ardupilot_msgs/msg/detail/rc__rosidl_typesupport_introspection_cpp.hpp
[18.051s] -- Symlinking: /home/javierbecerril/harmonic_ws/install/ardupilot_msgs/include/ardupilot_msgs/ardupilot_msgs/msg/detail/status__rosidl_typesupport_introspection_cpp.hpp
[18.069s] -- Symlinking: /home/javierbecerril/harmonic_ws/install/ardupilot_msgs/include/ardupilot_msgs/ardupilot_msgs/srv/detail/arm_motors__rosidl_typesupport_introspection_cpp.hpp
[18.088s] -- Symlinking: /home/javierbecerril/harmonic_ws/install/ardupilot_msgs/include/ardupilot_msgs/ardupilot_msgs/srv/detail/mode_switch__rosidl_typesupport_introspection_cpp.hpp
[18.100s] -- Symlinking: /home/javierbecerril/harmonic_ws/install/ardupilot_msgs/include/ardupilot_msgs/ardupilot_msgs/srv/detail/takeoff__rosidl_typesupport_introspection_cpp.hpp
[18.115s] -- Symlinking: /home/javierbecerril/harmonic_ws/install/ardupilot_msgs/share/ardupilot_msgs/environment/pythonpath.sh
[18.136s] -- Symlinking: /home/javierbecerril/harmonic_ws/install/ardupilot_msgs/share/ardupilot_msgs/environment/pythonpath.dsv
[18.156s] -- Symlinking: /home/javierbecerril/harmonic_ws/install/ardupilot_msgs/lib/python3.12/site-packages/ardupilot_msgs-0.0.0-py3.12.egg-info/PKG-INFO
[18.175s] -- Symlinking: /home/javierbecerril/harmonic_ws/install/ardupilot_msgs/lib/python3.12/site-packages/ardupilot_msgs-0.0.0-py3.12.egg-info/SOURCES.txt
[18.195s] -- Symlinking: /home/javierbecerril/harmonic_ws/install/ardupilot_msgs/lib/python3.12/site-packages/ardupilot_msgs-0.0.0-py3.12.egg-info/dependency_links.txt
[18.218s] -- Symlinking: /home/javierbecerril/harmonic_ws/install/ardupilot_msgs/lib/python3.12/site-packages/ardupilot_msgs-0.0.0-py3.12.egg-info/top_level.txt
[18.241s] -- Symlinking: /home/javierbecerril/harmonic_ws/install/ardupilot_msgs/lib/python3.12/site-packages/ardupilot_msgs/__init__.py
[18.261s] -- Symlinking: /home/javierbecerril/harmonic_ws/install/ardupilot_msgs/lib/python3.12/site-packages/ardupilot_msgs/_ardupilot_msgs_s.ep.rosidl_typesupport_c.c
[18.281s] -- Symlinking: /home/javierbecerril/harmonic_ws/install/ardupilot_msgs/lib/python3.12/site-packages/ardupilot_msgs/_ardupilot_msgs_s.ep.rosidl_typesupport_fastrtps_c.c
[18.298s] -- Symlinking: /home/javierbecerril/harmonic_ws/install/ardupilot_msgs/lib/python3.12/site-packages/ardupilot_msgs/_ardupilot_msgs_s.ep.rosidl_typesupport_introspection_c.c
[18.315s] -- Symlinking: /home/javierbecerril/harmonic_ws/install/ardupilot_msgs/lib/python3.12/site-packages/ardupilot_msgs/ardupilot_msgs_s__rosidl_typesupport_c.so
[18.336s] -- Symlinking: /home/javierbecerril/harmonic_ws/install/ardupilot_msgs/lib/python3.12/site-packages/ardupilot_msgs/ardupilot_msgs_s__rosidl_typesupport_fastrtps_c.so
[18.356s] -- Symlinking: /home/javierbecerril/harmonic_ws/install/ardupilot_msgs/lib/python3.12/site-packages/ardupilot_msgs/ardupilot_msgs_s__rosidl_typesupport_introspection_c.so
[18.376s] -- Symlinking: /home/javierbecerril/harmonic_ws/install/ardupilot_msgs/lib/python3.12/site-packages/ardupilot_msgs/msg/__init__.py
[18.397s] -- Symlinking: /home/javierbecerril/harmonic_ws/install/ardupilot_msgs/lib/python3.12/site-packages/ardupilot_msgs/msg/_airspeed.py
[18.418s] -- Symlinking: /home/javierbecerril/harmonic_ws/install/ardupilot_msgs/lib/python3.12/site-packages/ardupilot_msgs/msg/_airspeed_s.c
[18.437s] -- Symlinking: /home/javierbecerril/harmonic_ws/install/ardupilot_msgs/lib/python3.12/site-packages/ardupilot_msgs/msg/_global_position.py
[18.455s] -- Symlinking: /home/javierbecerril/harmonic_ws/install/ardupilot_msgs/lib/python3.12/site-packages/ardupilot_msgs/msg/_global_position_s.c
[18.474s] -- Symlinking: /home/javierbecerril/harmonic_ws/install/ardupilot_msgs/lib/python3.12/site-packages/ardupilot_msgs/msg/_rc.py
[18.495s] -- Symlinking: /home/javierbecerril/harmonic_ws/install/ardupilot_msgs/lib/python3.12/site-packages/ardupilot_msgs/msg/_rc_s.c
[18.516s] -- Symlinking: /home/javierbecerril/harmonic_ws/install/ardupilot_msgs/lib/python3.12/site-packages/ardupilot_msgs/msg/_status.py
[18.535s] -- Symlinking: /home/javierbecerril/harmonic_ws/install/ardupilot_msgs/lib/python3.12/site-packages/ardupilot_msgs/msg/_status_s.c
[18.555s] -- Symlinking: /home/javierbecerril/harmonic_ws/install/ardupilot_msgs/lib/python3.12/site-packages/ardupilot_msgs/srv/__init__.py
[18.573s] -- Symlinking: /home/javierbecerril/harmonic_ws/install/ardupilot_msgs/lib/python3.12/site-packages/ardupilot_msgs/srv/_arm_motors.py
[18.594s] -- Symlinking: /home/javierbecerril/harmonic_ws/install/ardupilot_msgs/lib/python3.12/site-packages/ardupilot_msgs/srv/_arm_motors_s.c
[18.609s] -- Symlinking: /home/javierbecerril/harmonic_ws/install/ardupilot_msgs/lib/python3.12/site-packages/ardupilot_msgs/srv/_mode_switch.py
[18.626s] -- Symlinking: /home/javierbecerril/harmonic_ws/install/ardupilot_msgs/lib/python3.12/site-packages/ardupilot_msgs/srv/_mode_switch_s.c
[18.644s] -- Symlinking: /home/javierbecerril/harmonic_ws/install/ardupilot_msgs/lib/python3.12/site-packages/ardupilot_msgs/srv/_takeoff.py
[18.666s] -- Symlinking: /home/javierbecerril/harmonic_ws/install/ardupilot_msgs/lib/python3.12/site-packages/ardupilot_msgs/srv/_takeoff_s.c
[18.683s] -- Up-to-date symlink: /home/javierbecerril/harmonic_ws/install/ardupilot_msgs/lib/python3.12/site-packages/ardupilot_msgs/ardupilot_msgs_s__rosidl_typesupport_fastrtps_c.so
[18.683s] -- Up-to-date symlink: /home/javierbecerril/harmonic_ws/install/ardupilot_msgs/lib/python3.12/site-packages/ardupilot_msgs/ardupilot_msgs_s__rosidl_typesupport_introspection_c.so
[18.684s] -- Up-to-date symlink: /home/javierbecerril/harmonic_ws/install/ardupilot_msgs/lib/python3.12/site-packages/ardupilot_msgs/ardupilot_msgs_s__rosidl_typesupport_c.so
[18.684s] -- Symlinking: /home/javierbecerril/harmonic_ws/install/ardupilot_msgs/share/ardupilot_msgs/msg/GlobalPosition.idl
[18.696s] -- Symlinking: /home/javierbecerril/harmonic_ws/install/ardupilot_msgs/share/ardupilot_msgs/msg/Rc.idl
[18.709s] -- Symlinking: /home/javierbecerril/harmonic_ws/install/ardupilot_msgs/share/ardupilot_msgs/msg/Status.idl
[18.721s] -- Symlinking: /home/javierbecerril/harmonic_ws/install/ardupilot_msgs/share/ardupilot_msgs/msg/Airspeed.idl
[18.733s] -- Symlinking: /home/javierbecerril/harmonic_ws/install/ardupilot_msgs/share/ardupilot_msgs/srv/ArmMotors.idl
[18.745s] -- Symlinking: /home/javierbecerril/harmonic_ws/install/ardupilot_msgs/share/ardupilot_msgs/srv/ModeSwitch.idl
[18.757s] -- Symlinking: /home/javierbecerril/harmonic_ws/install/ardupilot_msgs/share/ardupilot_msgs/srv/Takeoff.idl
[18.769s] -- Symlinking: /home/javierbecerril/harmonic_ws/install/ardupilot_msgs/share/ardupilot_msgs/msg/GlobalPosition.msg
[18.782s] -- Symlinking: /home/javierbecerril/harmonic_ws/install/ardupilot_msgs/share/ardupilot_msgs/msg/Rc.msg
[18.793s] -- Symlinking: /home/javierbecerril/harmonic_ws/install/ardupilot_msgs/share/ardupilot_msgs/msg/Status.msg
[18.807s] -- Symlinking: /home/javierbecerril/harmonic_ws/install/ardupilot_msgs/share/ardupilot_msgs/msg/Airspeed.msg
[18.819s] -- Symlinking: /home/javierbecerril/harmonic_ws/install/ardupilot_msgs/share/ardupilot_msgs/srv/ArmMotors.srv
[18.831s] -- Symlinking: /home/javierbecerril/harmonic_ws/install/ardupilot_msgs/share/ardupilot_msgs/srv/ModeSwitch.srv
[18.842s] -- Symlinking: /home/javierbecerril/harmonic_ws/install/ardupilot_msgs/share/ardupilot_msgs/srv/Takeoff.srv
[18.855s] -- Symlinking: /home/javierbecerril/harmonic_ws/install/ardupilot_msgs/share/ament_index/resource_index/package_run_dependencies/ardupilot_msgs
[18.867s] -- Symlinking: /home/javierbecerril/harmonic_ws/install/ardupilot_msgs/share/ament_index/resource_index/parent_prefix_path/ardupilot_msgs
[18.879s] -- Symlinking: /home/javierbecerril/harmonic_ws/install/ardupilot_msgs/share/ardupilot_msgs/environment/ament_prefix_path.sh
[18.892s] -- Symlinking: /home/javierbecerril/harmonic_ws/install/ardupilot_msgs/share/ardupilot_msgs/environment/ament_prefix_path.dsv
[18.905s] -- Symlinking: /home/javierbecerril/harmonic_ws/install/ardupilot_msgs/share/ardupilot_msgs/environment/path.sh
[18.917s] -- Symlinking: /home/javierbecerril/harmonic_ws/install/ardupilot_msgs/share/ardupilot_msgs/environment/path.dsv
[18.929s] -- Symlinking: /home/javierbecerril/harmonic_ws/install/ardupilot_msgs/share/ardupilot_msgs/local_setup.bash
[18.941s] -- Symlinking: /home/javierbecerril/harmonic_ws/install/ardupilot_msgs/share/ardupilot_msgs/local_setup.sh
[18.954s] -- Symlinking: /home/javierbecerril/harmonic_ws/install/ardupilot_msgs/share/ardupilot_msgs/local_setup.zsh
[18.969s] -- Symlinking: /home/javierbecerril/harmonic_ws/install/ardupilot_msgs/share/ardupilot_msgs/local_setup.dsv
[18.985s] -- Symlinking: /home/javierbecerril/harmonic_ws/install/ardupilot_msgs/share/ardupilot_msgs/package.dsv
[19.003s] -- Symlinking: /home/javierbecerril/harmonic_ws/install/ardupilot_msgs/share/ament_index/resource_index/packages/ardupilot_msgs
[19.021s] -- Symlinking: /home/javierbecerril/harmonic_ws/install/ardupilot_msgs/share/ardupilot_msgs/cmake/rosidl_cmake-extras.cmake
[19.040s] -- Symlinking: /home/javierbecerril/harmonic_ws/install/ardupilot_msgs/share/ardupilot_msgs/cmake/ament_cmake_export_dependencies-extras.cmake
[19.056s] -- Symlinking: /home/javierbecerril/harmonic_ws/install/ardupilot_msgs/share/ardupilot_msgs/cmake/ament_cmake_export_include_directories-extras.cmake
[19.069s] -- Symlinking: /home/javierbecerril/harmonic_ws/install/ardupilot_msgs/share/ardupilot_msgs/cmake/ament_cmake_export_libraries-extras.cmake
[19.080s] -- Symlinking: /home/javierbecerril/harmonic_ws/install/ardupilot_msgs/share/ardupilot_msgs/cmake/ament_cmake_export_targets-extras.cmake
[19.093s] -- Symlinking: /home/javierbecerril/harmonic_ws/install/ardupilot_msgs/share/ardupilot_msgs/cmake/rosidl_cmake_export_typesupport_targets-extras.cmake
[19.105s] -- Symlinking: /home/javierbecerril/harmonic_ws/install/ardupilot_msgs/share/ardupilot_msgs/cmake/rosidl_cmake_export_typesupport_libraries-extras.cmake
[19.119s] -- Symlinking: /home/javierbecerril/harmonic_ws/install/ardupilot_msgs/share/ardupilot_msgs/cmake/ardupilot_msgsConfig.cmake
[19.133s] -- Symlinking: /home/javierbecerril/harmonic_ws/install/ardupilot_msgs/share/ardupilot_msgs/cmake/ardupilot_msgsConfig-version.cmake
[19.147s] -- Symlinking: /home/javierbecerril/harmonic_ws/install/ardupilot_msgs/share/ardupilot_msgs/package.xml
[19.161s] -- Installing: /home/javierbecerril/harmonic_ws/install/ardupilot_msgs/lib/libardupilot_msgs__rosidl_generator_c.so
[19.162s] -- Set non-toolchain portion of runtime path of "/home/javierbecerril/harmonic_ws/install/ardupilot_msgs/lib/libardupilot_msgs__rosidl_generator_c.so" to ""
[19.162s] -- Installing: /home/javierbecerril/harmonic_ws/install/ardupilot_msgs/lib/libardupilot_msgs__rosidl_typesupport_fastrtps_c.so
[19.163s] -- Set non-toolchain portion of runtime path of "/home/javierbecerril/harmonic_ws/install/ardupilot_msgs/lib/libardupilot_msgs__rosidl_typesupport_fastrtps_c.so" to ""
[19.163s] -- Installing: /home/javierbecerril/harmonic_ws/install/ardupilot_msgs/lib/libardupilot_msgs__rosidl_typesupport_fastrtps_cpp.so
[19.164s] -- Set non-toolchain portion of runtime path of "/home/javierbecerril/harmonic_ws/install/ardupilot_msgs/lib/libardupilot_msgs__rosidl_typesupport_fastrtps_cpp.so" to ""
[19.164s] -- Installing: /home/javierbecerril/harmonic_ws/install/ardupilot_msgs/lib/libardupilot_msgs__rosidl_typesupport_introspection_c.so
[19.164s] -- Set non-toolchain portion of runtime path of "/home/javierbecerril/harmonic_ws/install/ardupilot_msgs/lib/libardupilot_msgs__rosidl_typesupport_introspection_c.so" to ""
[19.164s] -- Installing: /home/javierbecerril/harmonic_ws/install/ardupilot_msgs/lib/libardupilot_msgs__rosidl_typesupport_c.so
[19.165s] -- Set non-toolchain portion of runtime path of "/home/javierbecerril/harmonic_ws/install/ardupilot_msgs/lib/libardupilot_msgs__rosidl_typesupport_c.so" to ""
[19.165s] -- Installing: /home/javierbecerril/harmonic_ws/install/ardupilot_msgs/lib/libardupilot_msgs__rosidl_typesupport_introspection_cpp.so
[19.165s] -- Set non-toolchain portion of runtime path of "/home/javierbecerril/harmonic_ws/install/ardupilot_msgs/lib/libardupilot_msgs__rosidl_typesupport_introspection_cpp.so" to ""
[19.166s] -- Installing: /home/javierbecerril/harmonic_ws/install/ardupilot_msgs/lib/libardupilot_msgs__rosidl_typesupport_cpp.so
[19.166s] -- Set non-toolchain portion of runtime path of "/home/javierbecerril/harmonic_ws/install/ardupilot_msgs/lib/libardupilot_msgs__rosidl_typesupport_cpp.so" to ""
[19.261s] Listing '/home/javierbecerril/harmonic_ws/install/ardupilot_msgs/lib/python3.12/site-packages/ardupilot_msgs'...
[19.261s] Compiling '/home/javierbecerril/harmonic_ws/install/ardupilot_msgs/lib/python3.12/site-packages/ardupilot_msgs/__init__.py'...
[19.262s] Listing '/home/javierbecerril/harmonic_ws/install/ardupilot_msgs/lib/python3.12/site-packages/ardupilot_msgs/msg'...
[19.262s] Compiling '/home/javierbecerril/harmonic_ws/install/ardupilot_msgs/lib/python3.12/site-packages/ardupilot_msgs/msg/__init__.py'...
[19.262s] Compiling '/home/javierbecerril/harmonic_ws/install/ardupilot_msgs/lib/python3.12/site-packages/ardupilot_msgs/msg/_airspeed.py'...
[19.262s] Compiling '/home/javierbecerril/harmonic_ws/install/ardupilot_msgs/lib/python3.12/site-packages/ardupilot_msgs/msg/_global_position.py'...
[19.262s] Compiling '/home/javierbecerril/harmonic_ws/install/ardupilot_msgs/lib/python3.12/site-packages/ardupilot_msgs/msg/_rc.py'...
[19.262s] Compiling '/home/javierbecerril/harmonic_ws/install/ardupilot_msgs/lib/python3.12/site-packages/ardupilot_msgs/msg/_status.py'...
[19.262s] Listing '/home/javierbecerril/harmonic_ws/install/ardupilot_msgs/lib/python3.12/site-packages/ardupilot_msgs/srv'...
[19.262s] Compiling '/home/javierbecerril/harmonic_ws/install/ardupilot_msgs/lib/python3.12/site-packages/ardupilot_msgs/srv/__init__.py'...
[19.262s] Compiling '/home/javierbecerril/harmonic_ws/install/ardupilot_msgs/lib/python3.12/site-packages/ardupilot_msgs/srv/_arm_motors.py'...
[19.262s] Compiling '/home/javierbecerril/harmonic_ws/install/ardupilot_msgs/lib/python3.12/site-packages/ardupilot_msgs/srv/_mode_switch.py'...
[19.262s] Compiling '/home/javierbecerril/harmonic_ws/install/ardupilot_msgs/lib/python3.12/site-packages/ardupilot_msgs/srv/_takeoff.py'...
[19.269s] -- Installing: /home/javierbecerril/harmonic_ws/install/ardupilot_msgs/lib/libardupilot_msgs__rosidl_generator_py.so
[19.269s] -- Set non-toolchain portion of runtime path of "/home/javierbecerril/harmonic_ws/install/ardupilot_msgs/lib/libardupilot_msgs__rosidl_generator_py.so" to ""
[19.270s] -- Installing: /home/javierbecerril/harmonic_ws/install/ardupilot_msgs/share/ardupilot_msgs/cmake/export_ardupilot_msgs__rosidl_generator_cExport.cmake
[19.270s] -- Installing: /home/javierbecerril/harmonic_ws/install/ardupilot_msgs/share/ardupilot_msgs/cmake/export_ardupilot_msgs__rosidl_generator_cExport-noconfig.cmake
[19.270s] -- Installing: /home/javierbecerril/harmonic_ws/install/ardupilot_msgs/share/ardupilot_msgs/cmake/export_ardupilot_msgs__rosidl_typesupport_fastrtps_cExport.cmake
[19.271s] -- Installing: /home/javierbecerril/harmonic_ws/install/ardupilot_msgs/share/ardupilot_msgs/cmake/export_ardupilot_msgs__rosidl_typesupport_fastrtps_cExport-noconfig.cmake
[19.271s] -- Installing: /home/javierbecerril/harmonic_ws/install/ardupilot_msgs/share/ardupilot_msgs/cmake/export_ardupilot_msgs__rosidl_generator_cppExport.cmake
[19.271s] -- Installing: /home/javierbecerril/harmonic_ws/install/ardupilot_msgs/share/ardupilot_msgs/cmake/export_ardupilot_msgs__rosidl_typesupport_fastrtps_cppExport.cmake
[19.271s] -- Installing: /home/javierbecerril/harmonic_ws/install/ardupilot_msgs/share/ardupilot_msgs/cmake/export_ardupilot_msgs__rosidl_typesupport_fastrtps_cppExport-noconfig.cmake
[19.271s] -- Installing: /home/javierbecerril/harmonic_ws/install/ardupilot_msgs/share/ardupilot_msgs/cmake/ardupilot_msgs__rosidl_typesupport_introspection_cExport.cmake
[19.272s] -- Installing: /home/javierbecerril/harmonic_ws/install/ardupilot_msgs/share/ardupilot_msgs/cmake/ardupilot_msgs__rosidl_typesupport_introspection_cExport-noconfig.cmake
[19.272s] -- Installing: /home/javierbecerril/harmonic_ws/install/ardupilot_msgs/share/ardupilot_msgs/cmake/ardupilot_msgs__rosidl_typesupport_cExport.cmake
[19.272s] -- Installing: /home/javierbecerril/harmonic_ws/install/ardupilot_msgs/share/ardupilot_msgs/cmake/ardupilot_msgs__rosidl_typesupport_cExport-noconfig.cmake
[19.272s] -- Installing: /home/javierbecerril/harmonic_ws/install/ardupilot_msgs/share/ardupilot_msgs/cmake/ardupilot_msgs__rosidl_typesupport_introspection_cppExport.cmake
[19.272s] -- Installing: /home/javierbecerril/harmonic_ws/install/ardupilot_msgs/share/ardupilot_msgs/cmake/ardupilot_msgs__rosidl_typesupport_introspection_cppExport-noconfig.cmake
[19.272s] -- Installing: /home/javierbecerril/harmonic_ws/install/ardupilot_msgs/share/ardupilot_msgs/cmake/ardupilot_msgs__rosidl_typesupport_cppExport.cmake
[19.273s] -- Installing: /home/javierbecerril/harmonic_ws/install/ardupilot_msgs/share/ardupilot_msgs/cmake/ardupilot_msgs__rosidl_typesupport_cppExport-noconfig.cmake
[19.273s] -- Installing: /home/javierbecerril/harmonic_ws/install/ardupilot_msgs/share/ardupilot_msgs/cmake/export_ardupilot_msgs__rosidl_generator_pyExport.cmake
[19.273s] -- Installing: /home/javierbecerril/harmonic_ws/install/ardupilot_msgs/share/ardupilot_msgs/cmake/export_ardupilot_msgs__rosidl_generator_pyExport-noconfig.cmake
[19.275s] Invoked command in '/home/javierbecerril/harmonic_ws/build/ardupilot_msgs' returned '0': CMAKE_PREFIX_PATH=${CMAKE_PREFIX_PATH}:/home/javierbecerril/harmonic_ws/install/tag_hover_sim:/opt/ros/jazzy DEBUGINFOD_URLS=https://debuginfod.ubuntu.com PS1=\[\e]0;\u@\h: \w\a\]${debian_chroot:+($debian_chroot)}\[\033[01;32m\]\u@\h\[\033[00m\]:\[\033[01;34m\]\w\[\033[00m\]\$ /usr/bin/cmake --install /home/javierbecerril/harmonic_ws/build/ardupilot_msgs
