[0.348s] DEBUG:colcon:Command line arguments: ['/usr/bin/colcon', 'build', '--packages-select', 'ardupilot_gazebo', '--symlink-install']
[0.348s] DEBUG:colcon:Parsed command line arguments: Namespace(log_base=None, log_level=None, verb_name='build', build_base='build', install_base='install', merge_install=False, symlink_install=True, test_result_base=None, continue_on_error=False, executor='parallel', parallel_workers=12, event_handlers=None, ignore_user_meta=False, metas=['./colcon.meta'], base_paths=['.'], packages_ignore=None, packages_ignore_regex=None, paths=None, packages_up_to=None, packages_up_to_regex=None, packages_above=None, packages_above_and_dependencies=None, packages_above_depth=None, packages_select_by_dep=None, packages_skip_by_dep=None, packages_skip_up_to=None, packages_select_build_failed=False, packages_skip_build_finished=False, packages_select_test_failures=False, packages_skip_test_passed=False, packages_select=['ardupilot_gazebo'], packages_skip=None, packages_select_regex=None, packages_skip_regex=None, packages_start=None, packages_end=None, allow_overriding=[], cmake_args=None, cmake_target=None, cmake_target_skip_unavailable=False, cmake_clean_cache=False, cmake_clean_first=False, cmake_force_configure=False, ament_cmake_args=None, catkin_cmake_args=None, catkin_skip_building_tests=False, mixin_files=None, mixin=None, verb_parser=<colcon_mixin.mixin.mixin_argument.MixinArgumentDecorator object at 0x74a32c0a8f50>, verb_extension=<colcon_core.verb.build.BuildVerb object at 0x74a32c0a8e30>, main=<bound method BuildVerb.main of <colcon_core.verb.build.BuildVerb object at 0x74a32c0a8e30>>, mixin_verb=('build',))
[0.390s] Level 1:colcon.colcon_core.package_discovery:discover_packages(colcon_meta) check parameters
[0.390s] Level 1:colcon.colcon_core.package_discovery:discover_packages(recursive) check parameters
[0.390s] Level 1:colcon.colcon_core.package_discovery:discover_packages(ignore) check parameters
[0.390s] Level 1:colcon.colcon_core.package_discovery:discover_packages(path) check parameters
[0.390s] Level 1:colcon.colcon_core.package_discovery:discover_packages(colcon_meta) discover
[0.390s] Level 1:colcon.colcon_core.package_discovery:discover_packages(recursive) discover
[0.390s] INFO:colcon.colcon_core.package_discovery:Crawling recursively for packages in '/home/javierbecerril/harmonic_ws'
[0.390s] Level 1:colcon.colcon_core.package_identification:_identify(.) by extensions ['ignore', 'ignore_ament_install']
[0.390s] Level 1:colcon.colcon_core.package_identification:_identify(.) by extension 'ignore'
[0.390s] Level 1:colcon.colcon_core.package_identification:_identify(.) by extension 'ignore_ament_install'
[0.390s] Level 1:colcon.colcon_core.package_identification:_identify(.) by extensions ['colcon_pkg']
[0.390s] Level 1:colcon.colcon_core.package_identification:_identify(.) by extension 'colcon_pkg'
[0.390s] Level 1:colcon.colcon_core.package_identification:_identify(.) by extensions ['colcon_meta']
[0.390s] Level 1:colcon.colcon_core.package_identification:_identify(.) by extension 'colcon_meta'
[0.391s] Level 1:colcon.colcon_core.package_identification:_identify(.) by extensions ['ros']
[0.391s] Level 1:colcon.colcon_core.package_identification:_identify(.) by extension 'ros'
[0.417s] Level 1:colcon.colcon_core.package_identification:_identify(.) by extensions ['cmake', 'python']
[0.417s] Level 1:colcon.colcon_core.package_identification:_identify(.) by extension 'cmake'
[0.417s] Level 1:colcon.colcon_core.package_identification:_identify(.) by extension 'python'
[0.417s] Level 1:colcon.colcon_core.package_identification:_identify(.) by extensions ['python_setup_py']
[0.417s] Level 1:colcon.colcon_core.package_identification:_identify(.) by extension 'python_setup_py'
[0.418s] Level 1:colcon.colcon_core.package_identification:_identify(build) by extensions ['ignore', 'ignore_ament_install']
[0.418s] Level 1:colcon.colcon_core.package_identification:_identify(build) by extension 'ignore'
[0.418s] Level 1:colcon.colcon_core.package_identification:_identify(build) ignored
[0.418s] Level 1:colcon.colcon_core.package_identification:_identify(install) by extensions ['ignore', 'ignore_ament_install']
[0.418s] Level 1:colcon.colcon_core.package_identification:_identify(install) by extension 'ignore'
[0.418s] Level 1:colcon.colcon_core.package_identification:_identify(install) ignored
[0.418s] Level 1:colcon.colcon_core.package_identification:_identify(log) by extensions ['ignore', 'ignore_ament_install']
[0.418s] Level 1:colcon.colcon_core.package_identification:_identify(log) by extension 'ignore'
[0.418s] Level 1:colcon.colcon_core.package_identification:_identify(log) ignored
[0.418s] Level 1:colcon.colcon_core.package_identification:_identify(src) by extensions ['ignore', 'ignore_ament_install']
[0.419s] Level 1:colcon.colcon_core.package_identification:_identify(src) by extension 'ignore'
[0.419s] Level 1:colcon.colcon_core.package_identification:_identify(src) by extension 'ignore_ament_install'
[0.419s] Level 1:colcon.colcon_core.package_identification:_identify(src) by extensions ['colcon_pkg']
[0.419s] Level 1:colcon.colcon_core.package_identification:_identify(src) by extension 'colcon_pkg'
[0.419s] Level 1:colcon.colcon_core.package_identification:_identify(src) by extensions ['colcon_meta']
[0.419s] Level 1:colcon.colcon_core.package_identification:_identify(src) by extension 'colcon_meta'
[0.419s] Level 1:colcon.colcon_core.package_identification:_identify(src) by extensions ['ros']
[0.419s] Level 1:colcon.colcon_core.package_identification:_identify(src) by extension 'ros'
[0.419s] Level 1:colcon.colcon_core.package_identification:_identify(src) by extensions ['cmake', 'python']
[0.419s] Level 1:colcon.colcon_core.package_identification:_identify(src) by extension 'cmake'
[0.419s] Level 1:colcon.colcon_core.package_identification:_identify(src) by extension 'python'
[0.419s] Level 1:colcon.colcon_core.package_identification:_identify(src) by extensions ['python_setup_py']
[0.419s] Level 1:colcon.colcon_core.package_identification:_identify(src) by extension 'python_setup_py'
[0.419s] Level 1:colcon.colcon_core.package_identification:_identify(src/ardupilot_gazebo) by extensions ['ignore', 'ignore_ament_install']
[0.419s] Level 1:colcon.colcon_core.package_identification:_identify(src/ardupilot_gazebo) by extension 'ignore'
[0.419s] Level 1:colcon.colcon_core.package_identification:_identify(src/ardupilot_gazebo) by extension 'ignore_ament_install'
[0.419s] Level 1:colcon.colcon_core.package_identification:_identify(src/ardupilot_gazebo) by extensions ['colcon_pkg']
[0.419s] Level 1:colcon.colcon_core.package_identification:_identify(src/ardupilot_gazebo) by extension 'colcon_pkg'
[0.419s] Level 1:colcon.colcon_core.package_identification:_identify(src/ardupilot_gazebo) by extensions ['colcon_meta']
[0.419s] Level 1:colcon.colcon_core.package_identification:_identify(src/ardupilot_gazebo) by extension 'colcon_meta'
[0.419s] Level 1:colcon.colcon_core.package_identification:_identify(src/ardupilot_gazebo) by extensions ['ros']
[0.419s] Level 1:colcon.colcon_core.package_identification:_identify(src/ardupilot_gazebo) by extension 'ros'
[0.430s] DEBUG:colcon.colcon_core.package_identification:Package 'src/ardupilot_gazebo' with type 'ros.ament_cmake' and name 'ardupilot_gazebo'
[0.430s] Level 1:colcon.colcon_core.package_identification:_identify(src/backups_iris) by extensions ['ignore', 'ignore_ament_install']
[0.431s] Level 1:colcon.colcon_core.package_identification:_identify(src/backups_iris) by extension 'ignore'
[0.431s] Level 1:colcon.colcon_core.package_identification:_identify(src/backups_iris) by extension 'ignore_ament_install'
[0.431s] Level 1:colcon.colcon_core.package_identification:_identify(src/backups_iris) by extensions ['colcon_pkg']
[0.431s] Level 1:colcon.colcon_core.package_identification:_identify(src/backups_iris) by extension 'colcon_pkg'
[0.431s] Level 1:colcon.colcon_core.package_identification:_identify(src/backups_iris) by extensions ['colcon_meta']
[0.431s] Level 1:colcon.colcon_core.package_identification:_identify(src/backups_iris) by extension 'colcon_meta'
[0.431s] Level 1:colcon.colcon_core.package_identification:_identify(src/backups_iris) by extensions ['ros']
[0.431s] Level 1:colcon.colcon_core.package_identification:_identify(src/backups_iris) by extension 'ros'
[0.431s] Level 1:colcon.colcon_core.package_identification:_identify(src/backups_iris) by extensions ['cmake', 'python']
[0.431s] Level 1:colcon.colcon_core.package_identification:_identify(src/backups_iris) by extension 'cmake'
[0.431s] Level 1:colcon.colcon_core.package_identification:_identify(src/backups_iris) by extension 'python'
[0.431s] Level 1:colcon.colcon_core.package_identification:_identify(src/backups_iris) by extensions ['python_setup_py']
[0.431s] Level 1:colcon.colcon_core.package_identification:_identify(src/backups_iris) by extension 'python_setup_py'
[0.431s] Level 1:colcon.colcon_core.package_identification:_identify(src/backups_iris/iris_with_ardupilot) by extensions ['ignore', 'ignore_ament_install']
[0.431s] Level 1:colcon.colcon_core.package_identification:_identify(src/backups_iris/iris_with_ardupilot) by extension 'ignore'
[0.431s] Level 1:colcon.colcon_core.package_identification:_identify(src/backups_iris/iris_with_ardupilot) by extension 'ignore_ament_install'
[0.431s] Level 1:colcon.colcon_core.package_identification:_identify(src/backups_iris/iris_with_ardupilot) by extensions ['colcon_pkg']
[0.431s] Level 1:colcon.colcon_core.package_identification:_identify(src/backups_iris/iris_with_ardupilot) by extension 'colcon_pkg'
[0.431s] Level 1:colcon.colcon_core.package_identification:_identify(src/backups_iris/iris_with_ardupilot) by extensions ['colcon_meta']
[0.431s] Level 1:colcon.colcon_core.package_identification:_identify(src/backups_iris/iris_with_ardupilot) by extension 'colcon_meta'
[0.431s] Level 1:colcon.colcon_core.package_identification:_identify(src/backups_iris/iris_with_ardupilot) by extensions ['ros']
[0.431s] Level 1:colcon.colcon_core.package_identification:_identify(src/backups_iris/iris_with_ardupilot) by extension 'ros'
[0.431s] Level 1:colcon.colcon_core.package_identification:_identify(src/backups_iris/iris_with_ardupilot) by extensions ['cmake', 'python']
[0.431s] Level 1:colcon.colcon_core.package_identification:_identify(src/backups_iris/iris_with_ardupilot) by extension 'cmake'
[0.432s] Level 1:colcon.colcon_core.package_identification:_identify(src/backups_iris/iris_with_ardupilot) by extension 'python'
[0.432s] Level 1:colcon.colcon_core.package_identification:_identify(src/backups_iris/iris_with_ardupilot) by extensions ['python_setup_py']
[0.432s] Level 1:colcon.colcon_core.package_identification:_identify(src/backups_iris/iris_with_ardupilot) by extension 'python_setup_py'
[0.432s] Level 1:colcon.colcon_core.package_identification:_identify(src/backups_iris/iris_with_gimbal) by extensions ['ignore', 'ignore_ament_install']
[0.432s] Level 1:colcon.colcon_core.package_identification:_identify(src/backups_iris/iris_with_gimbal) by extension 'ignore'
[0.432s] Level 1:colcon.colcon_core.package_identification:_identify(src/backups_iris/iris_with_gimbal) by extension 'ignore_ament_install'
[0.432s] Level 1:colcon.colcon_core.package_identification:_identify(src/backups_iris/iris_with_gimbal) by extensions ['colcon_pkg']
[0.432s] Level 1:colcon.colcon_core.package_identification:_identify(src/backups_iris/iris_with_gimbal) by extension 'colcon_pkg'
[0.432s] Level 1:colcon.colcon_core.package_identification:_identify(src/backups_iris/iris_with_gimbal) by extensions ['colcon_meta']
[0.432s] Level 1:colcon.colcon_core.package_identification:_identify(src/backups_iris/iris_with_gimbal) by extension 'colcon_meta'
[0.432s] Level 1:colcon.colcon_core.package_identification:_identify(src/backups_iris/iris_with_gimbal) by extensions ['ros']
[0.432s] Level 1:colcon.colcon_core.package_identification:_identify(src/backups_iris/iris_with_gimbal) by extension 'ros'
[0.432s] Level 1:colcon.colcon_core.package_identification:_identify(src/backups_iris/iris_with_gimbal) by extensions ['cmake', 'python']
[0.432s] Level 1:colcon.colcon_core.package_identification:_identify(src/backups_iris/iris_with_gimbal) by extension 'cmake'
[0.432s] Level 1:colcon.colcon_core.package_identification:_identify(src/backups_iris/iris_with_gimbal) by extension 'python'
[0.432s] Level 1:colcon.colcon_core.package_identification:_identify(src/backups_iris/iris_with_gimbal) by extensions ['python_setup_py']
[0.432s] Level 1:colcon.colcon_core.package_identification:_identify(src/backups_iris/iris_with_gimbal) by extension 'python_setup_py'
[0.432s] Level 1:colcon.colcon_core.package_identification:_identify(src/backups_iris/iris_with_standoffs) by extensions ['ignore', 'ignore_ament_install']
[0.432s] Level 1:colcon.colcon_core.package_identification:_identify(src/backups_iris/iris_with_standoffs) by extension 'ignore'
[0.432s] Level 1:colcon.colcon_core.package_identification:_identify(src/backups_iris/iris_with_standoffs) by extension 'ignore_ament_install'
[0.432s] Level 1:colcon.colcon_core.package_identification:_identify(src/backups_iris/iris_with_standoffs) by extensions ['colcon_pkg']
[0.432s] Level 1:colcon.colcon_core.package_identification:_identify(src/backups_iris/iris_with_standoffs) by extension 'colcon_pkg'
[0.432s] Level 1:colcon.colcon_core.package_identification:_identify(src/backups_iris/iris_with_standoffs) by extensions ['colcon_meta']
[0.432s] Level 1:colcon.colcon_core.package_identification:_identify(src/backups_iris/iris_with_standoffs) by extension 'colcon_meta'
[0.432s] Level 1:colcon.colcon_core.package_identification:_identify(src/backups_iris/iris_with_standoffs) by extensions ['ros']
[0.432s] Level 1:colcon.colcon_core.package_identification:_identify(src/backups_iris/iris_with_standoffs) by extension 'ros'
[0.432s] Level 1:colcon.colcon_core.package_identification:_identify(src/backups_iris/iris_with_standoffs) by extensions ['cmake', 'python']
[0.432s] Level 1:colcon.colcon_core.package_identification:_identify(src/backups_iris/iris_with_standoffs) by extension 'cmake'
[0.433s] Level 1:colcon.colcon_core.package_identification:_identify(src/backups_iris/iris_with_standoffs) by extension 'python'
[0.433s] Level 1:colcon.colcon_core.package_identification:_identify(src/backups_iris/iris_with_standoffs) by extensions ['python_setup_py']
[0.433s] Level 1:colcon.colcon_core.package_identification:_identify(src/backups_iris/iris_with_standoffs) by extension 'python_setup_py'
[0.433s] Level 1:colcon.colcon_core.package_identification:_identify(src/backups_iris/iris_with_standoffs/meshes) by extensions ['ignore', 'ignore_ament_install']
[0.433s] Level 1:colcon.colcon_core.package_identification:_identify(src/backups_iris/iris_with_standoffs/meshes) by extension 'ignore'
[0.433s] Level 1:colcon.colcon_core.package_identification:_identify(src/backups_iris/iris_with_standoffs/meshes) by extension 'ignore_ament_install'
[0.433s] Level 1:colcon.colcon_core.package_identification:_identify(src/backups_iris/iris_with_standoffs/meshes) by extensions ['colcon_pkg']
[0.433s] Level 1:colcon.colcon_core.package_identification:_identify(src/backups_iris/iris_with_standoffs/meshes) by extension 'colcon_pkg'
[0.433s] Level 1:colcon.colcon_core.package_identification:_identify(src/backups_iris/iris_with_standoffs/meshes) by extensions ['colcon_meta']
[0.433s] Level 1:colcon.colcon_core.package_identification:_identify(src/backups_iris/iris_with_standoffs/meshes) by extension 'colcon_meta'
[0.433s] Level 1:colcon.colcon_core.package_identification:_identify(src/backups_iris/iris_with_standoffs/meshes) by extensions ['ros']
[0.433s] Level 1:colcon.colcon_core.package_identification:_identify(src/backups_iris/iris_with_standoffs/meshes) by extension 'ros'
[0.433s] Level 1:colcon.colcon_core.package_identification:_identify(src/backups_iris/iris_with_standoffs/meshes) by extensions ['cmake', 'python']
[0.433s] Level 1:colcon.colcon_core.package_identification:_identify(src/backups_iris/iris_with_standoffs/meshes) by extension 'cmake'
[0.433s] Level 1:colcon.colcon_core.package_identification:_identify(src/backups_iris/iris_with_standoffs/meshes) by extension 'python'
[0.433s] Level 1:colcon.colcon_core.package_identification:_identify(src/backups_iris/iris_with_standoffs/meshes) by extensions ['python_setup_py']
[0.433s] Level 1:colcon.colcon_core.package_identification:_identify(src/backups_iris/iris_with_standoffs/meshes) by extension 'python_setup_py'
[0.433s] Level 1:colcon.colcon_core.package_identification:_identify(src/build) by extensions ['ignore', 'ignore_ament_install']
[0.433s] Level 1:colcon.colcon_core.package_identification:_identify(src/build) by extension 'ignore'
[0.433s] Level 1:colcon.colcon_core.package_identification:_identify(src/build) ignored
[0.433s] Level 1:colcon.colcon_core.package_identification:_identify(src/disabled_models) by extensions ['ignore', 'ignore_ament_install']
[0.433s] Level 1:colcon.colcon_core.package_identification:_identify(src/disabled_models) by extension 'ignore'
[0.433s] Level 1:colcon.colcon_core.package_identification:_identify(src/disabled_models) by extension 'ignore_ament_install'
[0.433s] Level 1:colcon.colcon_core.package_identification:_identify(src/disabled_models) by extensions ['colcon_pkg']
[0.433s] Level 1:colcon.colcon_core.package_identification:_identify(src/disabled_models) by extension 'colcon_pkg'
[0.433s] Level 1:colcon.colcon_core.package_identification:_identify(src/disabled_models) by extensions ['colcon_meta']
[0.433s] Level 1:colcon.colcon_core.package_identification:_identify(src/disabled_models) by extension 'colcon_meta'
[0.433s] Level 1:colcon.colcon_core.package_identification:_identify(src/disabled_models) by extensions ['ros']
[0.433s] Level 1:colcon.colcon_core.package_identification:_identify(src/disabled_models) by extension 'ros'
[0.434s] Level 1:colcon.colcon_core.package_identification:_identify(src/disabled_models) by extensions ['cmake', 'python']
[0.434s] Level 1:colcon.colcon_core.package_identification:_identify(src/disabled_models) by extension 'cmake'
[0.434s] Level 1:colcon.colcon_core.package_identification:_identify(src/disabled_models) by extension 'python'
[0.434s] Level 1:colcon.colcon_core.package_identification:_identify(src/disabled_models) by extensions ['python_setup_py']
[0.434s] Level 1:colcon.colcon_core.package_identification:_identify(src/disabled_models) by extension 'python_setup_py'
[0.434s] Level 1:colcon.colcon_core.package_identification:_identify(src/disabled_models/model_graveyard) by extensions ['ignore', 'ignore_ament_install']
[0.434s] Level 1:colcon.colcon_core.package_identification:_identify(src/disabled_models/model_graveyard) by extension 'ignore'
[0.434s] Level 1:colcon.colcon_core.package_identification:_identify(src/disabled_models/model_graveyard) by extension 'ignore_ament_install'
[0.434s] Level 1:colcon.colcon_core.package_identification:_identify(src/disabled_models/model_graveyard) by extensions ['colcon_pkg']
[0.434s] Level 1:colcon.colcon_core.package_identification:_identify(src/disabled_models/model_graveyard) by extension 'colcon_pkg'
[0.434s] Level 1:colcon.colcon_core.package_identification:_identify(src/disabled_models/model_graveyard) by extensions ['colcon_meta']
[0.434s] Level 1:colcon.colcon_core.package_identification:_identify(src/disabled_models/model_graveyard) by extension 'colcon_meta'
[0.434s] Level 1:colcon.colcon_core.package_identification:_identify(src/disabled_models/model_graveyard) by extensions ['ros']
[0.434s] Level 1:colcon.colcon_core.package_identification:_identify(src/disabled_models/model_graveyard) by extension 'ros'
[0.434s] Level 1:colcon.colcon_core.package_identification:_identify(src/disabled_models/model_graveyard) by extensions ['cmake', 'python']
[0.434s] Level 1:colcon.colcon_core.package_identification:_identify(src/disabled_models/model_graveyard) by extension 'cmake'
[0.434s] Level 1:colcon.colcon_core.package_identification:_identify(src/disabled_models/model_graveyard) by extension 'python'
[0.434s] Level 1:colcon.colcon_core.package_identification:_identify(src/disabled_models/model_graveyard) by extensions ['python_setup_py']
[0.434s] Level 1:colcon.colcon_core.package_identification:_identify(src/disabled_models/model_graveyard) by extension 'python_setup_py'
[0.434s] Level 1:colcon.colcon_core.package_identification:_identify(src/disabled_models/model_graveyard/drone_with_camera) by extensions ['ignore', 'ignore_ament_install']
[0.434s] Level 1:colcon.colcon_core.package_identification:_identify(src/disabled_models/model_graveyard/drone_with_camera) by extension 'ignore'
[0.434s] Level 1:colcon.colcon_core.package_identification:_identify(src/disabled_models/model_graveyard/drone_with_camera) by extension 'ignore_ament_install'
[0.434s] Level 1:colcon.colcon_core.package_identification:_identify(src/disabled_models/model_graveyard/drone_with_camera) by extensions ['colcon_pkg']
[0.434s] Level 1:colcon.colcon_core.package_identification:_identify(src/disabled_models/model_graveyard/drone_with_camera) by extension 'colcon_pkg'
[0.434s] Level 1:colcon.colcon_core.package_identification:_identify(src/disabled_models/model_graveyard/drone_with_camera) by extensions ['colcon_meta']
[0.434s] Level 1:colcon.colcon_core.package_identification:_identify(src/disabled_models/model_graveyard/drone_with_camera) by extension 'colcon_meta'
[0.435s] Level 1:colcon.colcon_core.package_identification:_identify(src/disabled_models/model_graveyard/drone_with_camera) by extensions ['ros']
[0.435s] Level 1:colcon.colcon_core.package_identification:_identify(src/disabled_models/model_graveyard/drone_with_camera) by extension 'ros'
[0.435s] Level 1:colcon.colcon_core.package_identification:_identify(src/disabled_models/model_graveyard/drone_with_camera) by extensions ['cmake', 'python']
[0.435s] Level 1:colcon.colcon_core.package_identification:_identify(src/disabled_models/model_graveyard/drone_with_camera) by extension 'cmake'
[0.435s] Level 1:colcon.colcon_core.package_identification:_identify(src/disabled_models/model_graveyard/drone_with_camera) by extension 'python'
[0.435s] Level 1:colcon.colcon_core.package_identification:_identify(src/disabled_models/model_graveyard/drone_with_camera) by extensions ['python_setup_py']
[0.435s] Level 1:colcon.colcon_core.package_identification:_identify(src/disabled_models/model_graveyard/drone_with_camera) by extension 'python_setup_py'
[0.435s] Level 1:colcon.colcon_core.package_identification:_identify(src/disabled_models/model_graveyard/drone_with_camera/meshes) by extensions ['ignore', 'ignore_ament_install']
[0.435s] Level 1:colcon.colcon_core.package_identification:_identify(src/disabled_models/model_graveyard/drone_with_camera/meshes) by extension 'ignore'
[0.435s] Level 1:colcon.colcon_core.package_identification:_identify(src/disabled_models/model_graveyard/drone_with_camera/meshes) by extension 'ignore_ament_install'
[0.435s] Level 1:colcon.colcon_core.package_identification:_identify(src/disabled_models/model_graveyard/drone_with_camera/meshes) by extensions ['colcon_pkg']
[0.435s] Level 1:colcon.colcon_core.package_identification:_identify(src/disabled_models/model_graveyard/drone_with_camera/meshes) by extension 'colcon_pkg'
[0.435s] Level 1:colcon.colcon_core.package_identification:_identify(src/disabled_models/model_graveyard/drone_with_camera/meshes) by extensions ['colcon_meta']
[0.435s] Level 1:colcon.colcon_core.package_identification:_identify(src/disabled_models/model_graveyard/drone_with_camera/meshes) by extension 'colcon_meta'
[0.435s] Level 1:colcon.colcon_core.package_identification:_identify(src/disabled_models/model_graveyard/drone_with_camera/meshes) by extensions ['ros']
[0.435s] Level 1:colcon.colcon_core.package_identification:_identify(src/disabled_models/model_graveyard/drone_with_camera/meshes) by extension 'ros'
[0.435s] Level 1:colcon.colcon_core.package_identification:_identify(src/disabled_models/model_graveyard/drone_with_camera/meshes) by extensions ['cmake', 'python']
[0.435s] Level 1:colcon.colcon_core.package_identification:_identify(src/disabled_models/model_graveyard/drone_with_camera/meshes) by extension 'cmake'
[0.435s] Level 1:colcon.colcon_core.package_identification:_identify(src/disabled_models/model_graveyard/drone_with_camera/meshes) by extension 'python'
[0.435s] Level 1:colcon.colcon_core.package_identification:_identify(src/disabled_models/model_graveyard/drone_with_camera/meshes) by extensions ['python_setup_py']
[0.435s] Level 1:colcon.colcon_core.package_identification:_identify(src/disabled_models/model_graveyard/drone_with_camera/meshes) by extension 'python_setup_py'
[0.435s] Level 1:colcon.colcon_core.package_identification:_identify(src/disabled_models/model_graveyard/iris_base) by extensions ['ignore', 'ignore_ament_install']
[0.435s] Level 1:colcon.colcon_core.package_identification:_identify(src/disabled_models/model_graveyard/iris_base) by extension 'ignore'
[0.435s] Level 1:colcon.colcon_core.package_identification:_identify(src/disabled_models/model_graveyard/iris_base) by extension 'ignore_ament_install'
[0.435s] Level 1:colcon.colcon_core.package_identification:_identify(src/disabled_models/model_graveyard/iris_base) by extensions ['colcon_pkg']
[0.435s] Level 1:colcon.colcon_core.package_identification:_identify(src/disabled_models/model_graveyard/iris_base) by extension 'colcon_pkg'
[0.435s] Level 1:colcon.colcon_core.package_identification:_identify(src/disabled_models/model_graveyard/iris_base) by extensions ['colcon_meta']
[0.435s] Level 1:colcon.colcon_core.package_identification:_identify(src/disabled_models/model_graveyard/iris_base) by extension 'colcon_meta'
[0.435s] Level 1:colcon.colcon_core.package_identification:_identify(src/disabled_models/model_graveyard/iris_base) by extensions ['ros']
[0.436s] Level 1:colcon.colcon_core.package_identification:_identify(src/disabled_models/model_graveyard/iris_base) by extension 'ros'
[0.436s] Level 1:colcon.colcon_core.package_identification:_identify(src/disabled_models/model_graveyard/iris_base) by extensions ['cmake', 'python']
[0.436s] Level 1:colcon.colcon_core.package_identification:_identify(src/disabled_models/model_graveyard/iris_base) by extension 'cmake'
[0.436s] Level 1:colcon.colcon_core.package_identification:_identify(src/disabled_models/model_graveyard/iris_base) by extension 'python'
[0.436s] Level 1:colcon.colcon_core.package_identification:_identify(src/disabled_models/model_graveyard/iris_base) by extensions ['python_setup_py']
[0.436s] Level 1:colcon.colcon_core.package_identification:_identify(src/disabled_models/model_graveyard/iris_base) by extension 'python_setup_py'
[0.436s] Level 1:colcon.colcon_core.package_identification:_identify(src/disabled_models/model_graveyard/iris_base/meshes) by extensions ['ignore', 'ignore_ament_install']
[0.436s] Level 1:colcon.colcon_core.package_identification:_identify(src/disabled_models/model_graveyard/iris_base/meshes) by extension 'ignore'
[0.436s] Level 1:colcon.colcon_core.package_identification:_identify(src/disabled_models/model_graveyard/iris_base/meshes) by extension 'ignore_ament_install'
[0.436s] Level 1:colcon.colcon_core.package_identification:_identify(src/disabled_models/model_graveyard/iris_base/meshes) by extensions ['colcon_pkg']
[0.436s] Level 1:colcon.colcon_core.package_identification:_identify(src/disabled_models/model_graveyard/iris_base/meshes) by extension 'colcon_pkg'
[0.436s] Level 1:colcon.colcon_core.package_identification:_identify(src/disabled_models/model_graveyard/iris_base/meshes) by extensions ['colcon_meta']
[0.436s] Level 1:colcon.colcon_core.package_identification:_identify(src/disabled_models/model_graveyard/iris_base/meshes) by extension 'colcon_meta'
[0.436s] Level 1:colcon.colcon_core.package_identification:_identify(src/disabled_models/model_graveyard/iris_base/meshes) by extensions ['ros']
[0.436s] Level 1:colcon.colcon_core.package_identification:_identify(src/disabled_models/model_graveyard/iris_base/meshes) by extension 'ros'
[0.436s] Level 1:colcon.colcon_core.package_identification:_identify(src/disabled_models/model_graveyard/iris_base/meshes) by extensions ['cmake', 'python']
[0.436s] Level 1:colcon.colcon_core.package_identification:_identify(src/disabled_models/model_graveyard/iris_base/meshes) by extension 'cmake'
[0.436s] Level 1:colcon.colcon_core.package_identification:_identify(src/disabled_models/model_graveyard/iris_base/meshes) by extension 'python'
[0.436s] Level 1:colcon.colcon_core.package_identification:_identify(src/disabled_models/model_graveyard/iris_base/meshes) by extensions ['python_setup_py']
[0.436s] Level 1:colcon.colcon_core.package_identification:_identify(src/disabled_models/model_graveyard/iris_base/meshes) by extension 'python_setup_py'
[0.436s] Level 1:colcon.colcon_core.package_identification:_identify(src/install) by extensions ['ignore', 'ignore_ament_install']
[0.436s] Level 1:colcon.colcon_core.package_identification:_identify(src/install) by extension 'ignore'
[0.436s] Level 1:colcon.colcon_core.package_identification:_identify(src/install) ignored
[0.436s] Level 1:colcon.colcon_core.package_identification:_identify(src/log) by extensions ['ignore', 'ignore_ament_install']
[0.436s] Level 1:colcon.colcon_core.package_identification:_identify(src/log) by extension 'ignore'
[0.437s] Level 1:colcon.colcon_core.package_identification:_identify(src/log) ignored
[0.437s] Level 1:colcon.colcon_core.package_identification:_identify(src/tag_hover_sim) by extensions ['ignore', 'ignore_ament_install']
[0.437s] Level 1:colcon.colcon_core.package_identification:_identify(src/tag_hover_sim) by extension 'ignore'
[0.437s] Level 1:colcon.colcon_core.package_identification:_identify(src/tag_hover_sim) by extension 'ignore_ament_install'
[0.437s] Level 1:colcon.colcon_core.package_identification:_identify(src/tag_hover_sim) by extensions ['colcon_pkg']
[0.437s] Level 1:colcon.colcon_core.package_identification:_identify(src/tag_hover_sim) by extension 'colcon_pkg'
[0.437s] Level 1:colcon.colcon_core.package_identification:_identify(src/tag_hover_sim) by extensions ['colcon_meta']
[0.437s] Level 1:colcon.colcon_core.package_identification:_identify(src/tag_hover_sim) by extension 'colcon_meta'
[0.437s] Level 1:colcon.colcon_core.package_identification:_identify(src/tag_hover_sim) by extensions ['ros']
[0.437s] Level 1:colcon.colcon_core.package_identification:_identify(src/tag_hover_sim) by extension 'ros'
[0.438s] DEBUG:colcon.colcon_core.package_identification:Package 'src/tag_hover_sim' with type 'ros.ament_python' and name 'tag_hover_sim'
[0.438s] Level 1:colcon.colcon_core.package_discovery:discover_packages(recursive) using defaults
[0.438s] Level 1:colcon.colcon_core.package_discovery:discover_packages(ignore) discover
[0.438s] Level 1:colcon.colcon_core.package_discovery:discover_packages(ignore) using defaults
[0.438s] Level 1:colcon.colcon_core.package_discovery:discover_packages(path) discover
[0.438s] Level 1:colcon.colcon_core.package_discovery:discover_packages(path) using defaults
[0.457s] INFO:colcon.colcon_core.package_selection:Skipping not selected package 'tag_hover_sim' in 'src/tag_hover_sim'
[0.458s] Level 1:colcon.colcon_core.package_discovery:discover_packages(prefix_path) check parameters
[0.458s] Level 1:colcon.colcon_core.package_discovery:discover_packages(prefix_path) discover
[0.460s] DEBUG:colcon.colcon_installed_package_information.package_discovery:Found 336 installed packages in /opt/ros/jazzy
[0.461s] Level 1:colcon.colcon_core.package_discovery:discover_packages(prefix_path) using defaults
[0.498s] Level 5:colcon.colcon_core.verb:set package 'ardupilot_gazebo' build argument 'cmake_args' from command line to 'None'
[0.498s] Level 5:colcon.colcon_core.verb:set package 'ardupilot_gazebo' build argument 'cmake_target' from command line to 'None'
[0.498s] Level 5:colcon.colcon_core.verb:set package 'ardupilot_gazebo' build argument 'cmake_target_skip_unavailable' from command line to 'False'
[0.498s] Level 5:colcon.colcon_core.verb:set package 'ardupilot_gazebo' build argument 'cmake_clean_cache' from command line to 'False'
[0.498s] Level 5:colcon.colcon_core.verb:set package 'ardupilot_gazebo' build argument 'cmake_clean_first' from command line to 'False'
[0.498s] Level 5:colcon.colcon_core.verb:set package 'ardupilot_gazebo' build argument 'cmake_force_configure' from command line to 'False'
[0.498s] Level 5:colcon.colcon_core.verb:set package 'ardupilot_gazebo' build argument 'ament_cmake_args' from command line to 'None'
[0.498s] Level 5:colcon.colcon_core.verb:set package 'ardupilot_gazebo' build argument 'catkin_cmake_args' from command line to 'None'
[0.498s] Level 5:colcon.colcon_core.verb:set package 'ardupilot_gazebo' build argument 'catkin_skip_building_tests' from command line to 'False'
[0.498s] DEBUG:colcon.colcon_core.verb:Building package 'ardupilot_gazebo' with the following arguments: {'ament_cmake_args': None, 'build_base': '/home/javierbecerril/harmonic_ws/build/ardupilot_gazebo', 'catkin_cmake_args': None, 'catkin_skip_building_tests': False, 'cmake_args': None, 'cmake_clean_cache': False, 'cmake_clean_first': False, 'cmake_force_configure': False, 'cmake_target': None, 'cmake_target_skip_unavailable': False, 'install_base': '/home/javierbecerril/harmonic_ws/install/ardupilot_gazebo', 'merge_install': False, 'path': '/home/javierbecerril/harmonic_ws/src/ardupilot_gazebo', 'symlink_install': True, 'test_result_base': None}
[0.498s] INFO:colcon.colcon_core.executor:Executing jobs using 'parallel' executor
[0.499s] DEBUG:colcon.colcon_parallel_executor.executor.parallel:run_until_complete
[0.500s] INFO:colcon.colcon_ros.task.ament_cmake.build:Building ROS package in '/home/javierbecerril/harmonic_ws/src/ardupilot_gazebo' with build type 'ament_cmake'
[0.500s] INFO:colcon.colcon_cmake.task.cmake.build:Building CMake package in '/home/javierbecerril/harmonic_ws/src/ardupilot_gazebo'
[0.502s] INFO:colcon.colcon_core.plugin_system:Skipping extension 'colcon_core.shell.bat': Not used on non-Windows systems
[0.502s] INFO:colcon.colcon_core.shell:Skip shell extension 'powershell' for command environment: Not usable outside of PowerShell
[0.502s] DEBUG:colcon.colcon_core.shell:Skip shell extension 'dsv' for command environment
[0.511s] DEBUG:colcon.colcon_core.event_handler.log_command:Invoking command in '/home/javierbecerril/harmonic_ws/build/ardupilot_gazebo': CMAKE_PREFIX_PATH=${CMAKE_PREFIX_PATH}:/opt/ros/jazzy DEBUGINFOD_URLS=https://debuginfod.ubuntu.com PS1=\[\e]0;\u@\h: \w\a\]${debian_chroot:+($debian_chroot)}\[\033[01;32m\]\u@\h\[\033[00m\]:\[\033[01;34m\]\w\[\033[00m\]\$ /usr/bin/cmake --build /home/javierbecerril/harmonic_ws/build/ardupilot_gazebo -- -j12 -l12
[0.596s] DEBUG:colcon.colcon_core.event_handler.log_command:Invoked command in '/home/javierbecerril/harmonic_ws/build/ardupilot_gazebo' returned '0': CMAKE_PREFIX_PATH=${CMAKE_PREFIX_PATH}:/opt/ros/jazzy DEBUGINFOD_URLS=https://debuginfod.ubuntu.com PS1=\[\e]0;\u@\h: \w\a\]${debian_chroot:+($debian_chroot)}\[\033[01;32m\]\u@\h\[\033[00m\]:\[\033[01;34m\]\w\[\033[00m\]\$ /usr/bin/cmake --build /home/javierbecerril/harmonic_ws/build/ardupilot_gazebo -- -j12 -l12
[0.608s] DEBUG:colcon.colcon_core.event_handler.log_command:Invoking command in '/home/javierbecerril/harmonic_ws/build/ardupilot_gazebo': CMAKE_PREFIX_PATH=${CMAKE_PREFIX_PATH}:/opt/ros/jazzy DEBUGINFOD_URLS=https://debuginfod.ubuntu.com PS1=\[\e]0;\u@\h: \w\a\]${debian_chroot:+($debian_chroot)}\[\033[01;32m\]\u@\h\[\033[00m\]:\[\033[01;34m\]\w\[\033[00m\]\$ /usr/bin/cmake --install /home/javierbecerril/harmonic_ws/build/ardupilot_gazebo
[0.638s] Level 1:colcon.colcon_core.environment:create_environment_scripts_only(ardupilot_gazebo)
[0.639s] DEBUG:colcon.colcon_core.event_handler.log_command:Invoked command in '/home/javierbecerril/harmonic_ws/build/ardupilot_gazebo' returned '0': CMAKE_PREFIX_PATH=${CMAKE_PREFIX_PATH}:/opt/ros/jazzy DEBUGINFOD_URLS=https://debuginfod.ubuntu.com PS1=\[\e]0;\u@\h: \w\a\]${debian_chroot:+($debian_chroot)}\[\033[01;32m\]\u@\h\[\033[00m\]:\[\033[01;34m\]\w\[\033[00m\]\$ /usr/bin/cmake --install /home/javierbecerril/harmonic_ws/build/ardupilot_gazebo
[0.640s] Level 1:colcon.colcon_core.environment:checking '/home/javierbecerril/harmonic_ws/install/ardupilot_gazebo' for CMake module files
[0.641s] Level 1:colcon.colcon_core.environment:checking '/home/javierbecerril/harmonic_ws/install/ardupilot_gazebo' for CMake config files
[0.641s] Level 1:colcon.colcon_core.shell:create_environment_hook('ardupilot_gazebo', 'cmake_prefix_path')
[0.641s] INFO:colcon.colcon_core.shell:Creating environment hook '/home/javierbecerril/harmonic_ws/install/ardupilot_gazebo/share/ardupilot_gazebo/hook/cmake_prefix_path.ps1'
[0.642s] INFO:colcon.colcon_core.shell:Creating environment descriptor '/home/javierbecerril/harmonic_ws/install/ardupilot_gazebo/share/ardupilot_gazebo/hook/cmake_prefix_path.dsv'
[0.642s] INFO:colcon.colcon_core.shell:Creating environment hook '/home/javierbecerril/harmonic_ws/install/ardupilot_gazebo/share/ardupilot_gazebo/hook/cmake_prefix_path.sh'
[0.643s] Level 1:colcon.colcon_core.environment:checking '/home/javierbecerril/harmonic_ws/install/ardupilot_gazebo/lib'
[0.643s] Level 1:colcon.colcon_core.environment:checking '/home/javierbecerril/harmonic_ws/install/ardupilot_gazebo/bin'
[0.643s] Level 1:colcon.colcon_core.environment:checking '/home/javierbecerril/harmonic_ws/install/ardupilot_gazebo/lib/pkgconfig/ardupilot_gazebo.pc'
[0.644s] Level 1:colcon.colcon_core.environment:checking '/home/javierbecerril/harmonic_ws/install/ardupilot_gazebo/lib/python3.12/site-packages'
[0.644s] Level 1:colcon.colcon_core.environment:checking '/home/javierbecerril/harmonic_ws/install/ardupilot_gazebo/bin'
[0.644s] INFO:colcon.colcon_core.shell:Creating package script '/home/javierbecerril/harmonic_ws/install/ardupilot_gazebo/share/ardupilot_gazebo/package.ps1'
[0.645s] INFO:colcon.colcon_core.shell:Creating package descriptor '/home/javierbecerril/harmonic_ws/install/ardupilot_gazebo/share/ardupilot_gazebo/package.dsv'
[0.645s] INFO:colcon.colcon_core.shell:Creating package script '/home/javierbecerril/harmonic_ws/install/ardupilot_gazebo/share/ardupilot_gazebo/package.sh'
[0.646s] INFO:colcon.colcon_core.shell:Creating package script '/home/javierbecerril/harmonic_ws/install/ardupilot_gazebo/share/ardupilot_gazebo/package.bash'
[0.647s] INFO:colcon.colcon_core.shell:Creating package script '/home/javierbecerril/harmonic_ws/install/ardupilot_gazebo/share/ardupilot_gazebo/package.zsh'
[0.647s] Level 1:colcon.colcon_core.environment:create_file_with_runtime_dependencies(/home/javierbecerril/harmonic_ws/install/ardupilot_gazebo/share/colcon-core/packages/ardupilot_gazebo)
[0.648s] Level 1:colcon.colcon_core.environment:create_environment_scripts_only(ardupilot_gazebo)
[0.648s] Level 1:colcon.colcon_core.environment:checking '/home/javierbecerril/harmonic_ws/install/ardupilot_gazebo' for CMake module files
[0.649s] Level 1:colcon.colcon_core.environment:checking '/home/javierbecerril/harmonic_ws/install/ardupilot_gazebo' for CMake config files
[0.649s] Level 1:colcon.colcon_core.shell:create_environment_hook('ardupilot_gazebo', 'cmake_prefix_path')
[0.649s] INFO:colcon.colcon_core.shell:Creating environment hook '/home/javierbecerril/harmonic_ws/install/ardupilot_gazebo/share/ardupilot_gazebo/hook/cmake_prefix_path.ps1'
[0.650s] INFO:colcon.colcon_core.shell:Creating environment descriptor '/home/javierbecerril/harmonic_ws/install/ardupilot_gazebo/share/ardupilot_gazebo/hook/cmake_prefix_path.dsv'
[0.650s] INFO:colcon.colcon_core.shell:Creating environment hook '/home/javierbecerril/harmonic_ws/install/ardupilot_gazebo/share/ardupilot_gazebo/hook/cmake_prefix_path.sh'
[0.651s] Level 1:colcon.colcon_core.environment:checking '/home/javierbecerril/harmonic_ws/install/ardupilot_gazebo/lib'
[0.651s] Level 1:colcon.colcon_core.environment:checking '/home/javierbecerril/harmonic_ws/install/ardupilot_gazebo/bin'
[0.651s] Level 1:colcon.colcon_core.environment:checking '/home/javierbecerril/harmonic_ws/install/ardupilot_gazebo/lib/pkgconfig/ardupilot_gazebo.pc'
[0.651s] Level 1:colcon.colcon_core.environment:checking '/home/javierbecerril/harmonic_ws/install/ardupilot_gazebo/lib/python3.12/site-packages'
[0.651s] Level 1:colcon.colcon_core.environment:checking '/home/javierbecerril/harmonic_ws/install/ardupilot_gazebo/bin'
[0.652s] INFO:colcon.colcon_core.shell:Creating package script '/home/javierbecerril/harmonic_ws/install/ardupilot_gazebo/share/ardupilot_gazebo/package.ps1'
[0.652s] INFO:colcon.colcon_core.shell:Creating package descriptor '/home/javierbecerril/harmonic_ws/install/ardupilot_gazebo/share/ardupilot_gazebo/package.dsv'
[0.652s] INFO:colcon.colcon_core.shell:Creating package script '/home/javierbecerril/harmonic_ws/install/ardupilot_gazebo/share/ardupilot_gazebo/package.sh'
[0.653s] INFO:colcon.colcon_core.shell:Creating package script '/home/javierbecerril/harmonic_ws/install/ardupilot_gazebo/share/ardupilot_gazebo/package.bash'
[0.653s] INFO:colcon.colcon_core.shell:Creating package script '/home/javierbecerril/harmonic_ws/install/ardupilot_gazebo/share/ardupilot_gazebo/package.zsh'
[0.654s] Level 1:colcon.colcon_core.environment:create_file_with_runtime_dependencies(/home/javierbecerril/harmonic_ws/install/ardupilot_gazebo/share/colcon-core/packages/ardupilot_gazebo)
[0.654s] DEBUG:colcon.colcon_parallel_executor.executor.parallel:closing loop
[0.654s] DEBUG:colcon.colcon_parallel_executor.executor.parallel:loop closed
[0.654s] DEBUG:colcon.colcon_parallel_executor.executor.parallel:run_until_complete finished with '0'
[0.655s] DEBUG:colcon.colcon_core.event_reactor:joining thread
[0.671s] INFO:colcon.colcon_core.plugin_system:Skipping extension 'colcon_notification.desktop_notification.terminal_notifier': Not used on non-Darwin systems
[0.671s] INFO:colcon.colcon_core.plugin_system:Skipping extension 'colcon_notification.desktop_notification.win32': Not used on non-Windows systems
[0.671s] INFO:colcon.colcon_notification.desktop_notification:Sending desktop notification using 'notify2'
[0.673s] DEBUG:colcon.colcon_notification.desktop_notification.notify2:Failed to initialize notify2: org.freedesktop.DBus.Error.ServiceUnknown: The name org.freedesktop.Notifications was not provided by any .service files
[0.673s] DEBUG:colcon.colcon_core.event_reactor:joined thread
[0.673s] INFO:colcon.colcon_core.shell:Creating prefix script '/home/javierbecerril/harmonic_ws/install/local_setup.ps1'
[0.674s] INFO:colcon.colcon_core.shell:Creating prefix util module '/home/javierbecerril/harmonic_ws/install/_local_setup_util_ps1.py'
[0.675s] INFO:colcon.colcon_core.shell:Creating prefix chain script '/home/javierbecerril/harmonic_ws/install/setup.ps1'
[0.675s] INFO:colcon.colcon_core.shell:Creating prefix script '/home/javierbecerril/harmonic_ws/install/local_setup.sh'
[0.676s] INFO:colcon.colcon_core.shell:Creating prefix util module '/home/javierbecerril/harmonic_ws/install/_local_setup_util_sh.py'
[0.676s] INFO:colcon.colcon_core.shell:Creating prefix chain script '/home/javierbecerril/harmonic_ws/install/setup.sh'
[0.677s] INFO:colcon.colcon_core.shell:Creating prefix script '/home/javierbecerril/harmonic_ws/install/local_setup.bash'
[0.677s] INFO:colcon.colcon_core.shell:Creating prefix chain script '/home/javierbecerril/harmonic_ws/install/setup.bash'
[0.678s] INFO:colcon.colcon_core.shell:Creating prefix script '/home/javierbecerril/harmonic_ws/install/local_setup.zsh'
[0.678s] INFO:colcon.colcon_core.shell:Creating prefix chain script '/home/javierbecerril/harmonic_ws/install/setup.zsh'
