[0.040s] Invoking command in '/home/javierbecerril/harmonic_ws/build/ardupilot_msgs': CMAKE_PREFIX_PATH=${CMAKE_PREFIX_PATH}:/home/javierbecerril/harmonic_ws/install/tag_hover_sim:/opt/ros/jazzy DEBUGINFOD_URLS=https://debuginfod.ubuntu.com PS1=\[\e]0;\u@\h: \w\a\]${debian_chroot:+($debian_chroot)}\[\033[01;32m\]\u@\h\[\033[00m\]:\[\033[01;34m\]\w\[\033[00m\]\$ /usr/bin/cmake /home/javierbecerril/harmonic_ws/src/ardupilot/Tools/ros2/ardupilot_msgs -DCMAKE_INSTALL_PREFIX=/home/javierbecerril/harmonic_ws/install/ardupilot_msgs
[0.413s] -- The C compiler identification is GNU 13.3.0
[1.537s] -- The CXX compiler identification is GNU 13.3.0
[2.576s] -- Detecting C compiler ABI info
[2.986s] -- Detecting C compiler ABI info - done
[2.994s] -- Check for working C compiler: /usr/bin/cc - skipped
[2.995s] -- Detecting C compile features
[2.997s] -- Detecting C compile features - done
[3.166s] -- Detecting CXX compiler ABI info
[3.611s] -- Detecting CXX compiler ABI info - done
[3.619s] -- Check for working CXX compiler: /usr/bin/c++ - skipped
[3.620s] -- Detecting CXX compile features
[3.620s] -- Detecting CXX compile features - done
[3.634s] -- Found ament_cmake: 2.5.4 (/opt/ros/jazzy/share/ament_cmake/cmake)
[3.826s] -- Found Python3: /usr/bin/python3 (found version "3.12.3") found components: Interpreter 
[3.966s] -- Found geometry_msgs: 5.3.6 (/opt/ros/jazzy/share/geometry_msgs/cmake)
[4.342s] -- Found rosidl_generator_c: 4.6.6 (/opt/ros/jazzy/share/rosidl_generator_c/cmake)
[4.367s] -- Found rosidl_generator_cpp: 4.6.6 (/opt/ros/jazzy/share/rosidl_generator_cpp/cmake)
[4.400s] -- Using all available rosidl_typesupport_c: rosidl_typesupport_fastrtps_c;rosidl_typesupport_introspection_c
[4.436s] -- Using all available rosidl_typesupport_cpp: rosidl_typesupport_fastrtps_cpp;rosidl_typesupport_introspection_cpp
[6.704s] [31mCMake Error at CMakeLists.txt:10 (find_package):
[6.704s]   By not providing "Findrosidl_default_generators.cmake" in CMAKE_MODULE_PATH
[6.704s]   this project has asked CMake to find a package configuration file provided
[6.704s]   by "rosidl_default_generators", but CMake did not find one.
[6.704s] 
[6.704s]   Could not find a package configuration file provided by
[6.704s]   "rosidl_default_generators" with any of the following names:
[6.704s] 
[6.704s]     rosidl_default_generatorsConfig.cmake
[6.704s]     rosidl_default_generators-config.cmake
[6.704s] 
[6.704s]   Add the installation prefix of "rosidl_default_generators" to
[6.704s]   CMAKE_PREFIX_PATH or set "rosidl_default_generators_DIR" to a directory
[6.704s]   containing one of the above files.  If "rosidl_default_generators" provides
[6.704s]   a separate development package or SDK, be sure it has been installed.
[6.704s] 
[6.704s] [0m
[6.705s] -- Configuring incomplete, errors occurred!
[6.713s] Invoked command in '/home/javierbecerril/harmonic_ws/build/ardupilot_msgs' returned '1': CMAKE_PREFIX_PATH=${CMAKE_PREFIX_PATH}:/home/javierbecerril/harmonic_ws/install/tag_hover_sim:/opt/ros/jazzy DEBUGINFOD_URLS=https://debuginfod.ubuntu.com PS1=\[\e]0;\u@\h: \w\a\]${debian_chroot:+($debian_chroot)}\[\033[01;32m\]\u@\h\[\033[00m\]:\[\033[01;34m\]\w\[\033[00m\]\$ /usr/bin/cmake /home/javierbecerril/harmonic_ws/src/ardupilot/Tools/ros2/ardupilot_msgs -DCMAKE_INSTALL_PREFIX=/home/javierbecerril/harmonic_ws/install/ardupilot_msgs
