[0.028s] Invoking command in '/home/javierbecerril/harmonic_ws/build/ardupilot_gazebo': CMAKE_PREFIX_PATH=${CMAKE_PREFIX_PATH}:/opt/ros/jazzy DEBUGINFOD_URLS=https://debuginfod.ubuntu.com PS1=\[\e]0;\u@\h: \w\a\]${debian_chroot:+($debian_chroot)}\[\033[01;32m\]\u@\h\[\033[00m\]:\[\033[01;34m\]\w\[\033[00m\]\$ /usr/bin/cmake /home/javierbecerril/harmonic_ws/src/ardupilot_gazebo -DCMAKE_INSTALL_PREFIX=/home/javierbecerril/harmonic_ws/install/ardupilot_gazebo
[0.324s] -- The C compiler identification is GNU 13.3.0
[1.006s] -- The CXX compiler identification is GNU 13.3.0
[1.866s] -- Detecting C compiler ABI info
[2.183s] -- Detecting C compiler ABI info - done
[2.191s] -- Check for working C compiler: /usr/bin/cc - skipped
[2.192s] -- Detecting C compile features
[2.192s] -- Detecting C compile features - done
[2.277s] -- Detecting CXX compiler ABI info
[2.533s] -- Detecting CXX compiler ABI info - done
[2.541s] -- Check for working CXX compiler: /usr/bin/c++ - skipped
[2.541s] -- Detecting CXX compile features
[2.542s] -- Detecting CXX compile features - done
[2.738s] -- Found Python3: /usr/bin/python3 (found version "3.12.3") found components: Interpreter 
[2.908s] [0mBuilding ardupilot_gazebo as an `ament_cmake` project.[0m
[2.923s] -- Looking for gz-common5 -- found version 5.7.1
[2.924s] -- Searching for dependencies of gz-common5
[2.926s] -- Looking for gz-utils2 -- found version 2.2.1
[2.926s] -- Searching for dependencies of gz-utils2
[2.980s] -- Looking for dlfcn.h - found
[3.158s] -- Looking for libdl - found
[3.159s] -- Found DL: TRUE  
[3.166s] -- Checking for module 'uuid'
[3.180s] --   Found uuid, version 2.39.3
[3.211s] -- Found UUID: TRUE  
[3.213s] -- Looking for gz-common5 - found
[3.213s] 
[3.215s] -- Looking for gz-rendering8 -- found version 8.2.2
[3.215s] -- Searching for dependencies of gz-rendering8
[3.217s] -- Looking for gz-math7 -- found version 7.5.2
[3.217s] -- Searching for dependencies of gz-math7
[3.218s] -- Looking for gz-utils2 -- found version 2.2.1
[3.219s] -- Searching for <gz-math7> component [eigen3]
[3.221s] -- Looking for gz-math7-eigen3 -- found version 7.5.2
[3.221s] -- Searching for dependencies of gz-math7-eigen3
[3.234s] -- Looking for gz-common5 -- found version 5.7.1
[3.235s] -- Searching for dependencies of gz-common5
[3.235s] -- Looking for gz-utils2 -- found version 2.2.1
[3.235s] -- Looking for dlfcn.h - found
[3.235s] -- Looking for libdl - found
[3.242s] -- Searching for <gz-common5> component [graphics]
[3.244s] -- Looking for gz-common5-graphics -- found version 5.7.1
[3.244s] -- Searching for dependencies of gz-common5-graphics
[3.245s] -- Looking for gz-math7 -- found version 7.5.2
[3.251s] -- Found GzAssimp: TRUE (found version "5.3.0") 
[3.252s] -- Searching for <gz-common5> component [events]
[3.254s] -- Looking for gz-common5-events -- found version 5.7.1
[3.254s] -- Searching for dependencies of gz-common5-events
[3.255s] -- Looking for gz-math7 -- found version 7.5.2
[3.256s] -- Searching for <gz-common5> component [geospatial]
[3.258s] -- Looking for gz-common5-geospatial -- found version 5.7.1
[3.259s] -- Searching for dependencies of gz-common5-geospatial
[3.259s] -- Looking for gz-math7 -- found version 7.5.2
[3.259s] -- Looking for gz-common5 -- found version 5.7.1
[3.262s] -- Looking for gz-plugin2 -- found version 2.0.4
[3.262s] -- Searching for dependencies of gz-plugin2
[3.263s] -- Looking for gz-utils2 -- found version 2.2.1
[3.263s] -- Searching for dependencies of gz-utils2
[3.263s] -- Searching for <gz-utils2> component [cli]
[3.265s] -- Looking for gz-utils2-cli -- found version 2.2.1
[3.265s] -- Searching for dependencies of gz-utils2-cli
[3.267s] -- Searching for <gz-plugin2> component [all]
[3.269s] -- Looking for all libraries of gz-plugin2 -- found version 2.0.4
[3.269s] -- Looking for gz-plugin2 -- found version 2.0.4
[3.271s] -- Looking for gz-plugin2-loader -- found version 2.0.4
[3.272s] -- Searching for dependencies of gz-plugin2-loader
[3.275s] -- Looking for gz-plugin2-register -- found version 2.0.4
[3.275s] -- Searching for dependencies of gz-plugin2-register
[3.277s] -- Looking for gz-utils2 -- found version 2.2.1
[4.342s] -- Found OpenGL: /usr/lib/x86_64-linux-gnu/libOpenGL.so  found components: OpenGL 
[4.345s] -- Looking for gz-rendering8 - found
[4.345s] 
[4.349s] -- Looking for gz-sim8 -- found version 8.10.0
[4.349s] -- Searching for dependencies of gz-sim8
[4.352s] -- Looking for sdformat14 -- found version 14.8.0
[4.352s] -- Searching for dependencies of sdformat14
[4.361s] -- Checking for module 'tinyxml2'
[4.383s] --   Found tinyxml2, version 10.0.0
[4.439s] -- Looking for gz-math7 -- found version 7.5.2
[4.440s] -- Looking for gz-utils2 -- found version 2.2.1
[4.444s] -- Looking for gz-plugin2 -- found version 2.0.4
[4.447s] -- Looking for gz-transport13 -- found version 13.5.0
[4.447s] -- Searching for dependencies of gz-transport13
[7.358s] -- Found Protobuf: /usr/lib/x86_64-linux-gnu/libprotobuf.so (found version "3.21.12") 
[8.930s] -- Config-file not installed for ZeroMQ -- checking for pkg-config
[8.935s] -- Checking for module 'libzmq >= 4'
[8.948s] --   Found libzmq, version 4.3.5
[8.986s] -- Found ZeroMQ: TRUE (Required is at least version "4") 
[9.031s] -- Looking for gz-utils2 -- found version 2.2.1
[9.033s] -- Looking for gz-msgs10 -- found version 10.3.2
[9.033s] -- Searching for dependencies of gz-msgs10
[10.602s] -- Looking for gz-utils2 -- found version 2.2.1
[10.602s] -- Looking for gz-math7 -- found version 7.5.2
[10.611s] -- Searching for <gz-transport13> component [log]
[10.613s] -- Looking for gz-transport13-log -- found version 13.5.0
[10.613s] -- Searching for dependencies of gz-transport13-log
[10.614s] -- Searching for <gz-transport13> component [parameters]
[10.616s] -- Looking for gz-transport13-parameters -- found version 13.5.0
[10.616s] -- Searching for dependencies of gz-transport13-parameters
[10.618s] -- Looking for gz-msgs10 -- found version 10.3.2
[10.618s] -- Looking for gz-common5 -- found version 5.7.1
[10.618s] -- Searching for dependencies of gz-common5
[10.619s] -- Looking for gz-utils2 -- found version 2.2.1
[10.619s] -- Looking for dlfcn.h - found
[10.619s] -- Looking for libdl - found
[10.626s] -- Searching for <gz-common5> component [av]
[10.628s] -- Looking for gz-common5-av -- found version 5.7.1
[10.629s] -- Searching for dependencies of gz-common5-av
[10.634s] -- Checking for module 'libswscale'
[10.648s] --   Found libswscale, version 7.5.100
[10.681s] -- Found SWSCALE: TRUE  
[10.687s] -- Checking for module 'libavdevice >= 56.4.100'
[10.708s] --   Found libavdevice, version 60.3.100
[10.779s] -- Found AVDEVICE: TRUE (Required is at least version "56.4.100") 
[10.787s] -- Checking for module 'libavformat'
[10.808s] --   Found libavformat, version 60.16.100
[10.860s] -- Found AVFORMAT: TRUE  
[10.866s] -- Checking for module 'libavcodec'
[10.880s] --   Found libavcodec, version 60.31.102
[10.915s] -- Found AVCODEC: TRUE  
[10.920s] -- Checking for module 'libavutil'
[10.933s] --   Found libavutil, version 58.29.100
[10.965s] -- Found AVUTIL: TRUE  
[10.967s] -- Searching for <gz-common5> component [events]
[10.967s] -- Searching for <gz-common5> component [graphics]
[10.967s] -- Searching for <gz-common5> component [io]
[10.970s] -- Looking for gz-common5-io -- found version 5.7.1
[10.970s] -- Searching for dependencies of gz-common5-io
[10.971s] -- Searching for <gz-common5> component [profiler]
[10.973s] -- Looking for gz-common5-profiler -- found version 5.7.1
[10.974s] -- Searching for dependencies of gz-common5-profiler
[10.977s] -- Looking for gz-fuel_tools9 -- found version 9.1.1
[10.977s] -- Searching for dependencies of gz-fuel_tools9
[12.982s] -- Found CURL: /usr/lib/x86_64-linux-gnu/libcurl.so (found version "8.5.0")  
[12.992s] -- Checking for module 'jsoncpp'
[13.006s] --   Found jsoncpp, version 1.9.5
[13.037s] -- Found JSONCPP: TRUE  
[14.211s] -- Checking for module 'yaml-0.1'
[14.224s] --   Found yaml-0.1, version 0.2.5
[14.253s] -- Found YAML: TRUE  
[14.259s] -- Checking for module 'libzip'
[14.273s] --   Found libzip, version 1.7.3
[14.302s] -- Found ZIP: TRUE  
[14.302s] -- Looking for gz-utils2 -- found version 2.2.1
[14.302s] -- Looking for gz-common5 -- found version 5.7.1
[14.303s] -- Searching for dependencies of gz-common5
[14.303s] -- Looking for gz-utils2 -- found version 2.2.1
[14.303s] -- Looking for dlfcn.h - found
[14.304s] -- Looking for libdl - found
[14.310s] -- Searching for <gz-common5> component [testing]
[14.313s] -- Looking for gz-common5-testing -- found version 5.7.1
[14.313s] -- Searching for dependencies of gz-common5-testing
[14.314s] -- Looking for gz-math7 -- found version 7.5.2
[14.315s] -- Looking for gz-msgs10 -- found version 10.3.2
[14.318s] -- Looking for gz-gui8 -- found version 8.4.0
[14.318s] -- Searching for dependencies of gz-gui8
[15.615s] -- Looking for gz-utils2 -- found version 2.2.1
[15.616s] -- Looking for gz-math7 -- found version 7.5.2
[15.616s] -- Looking for gz-common5 -- found version 5.7.1
[15.617s] -- Looking for gz-plugin2 -- found version 2.0.4
[15.617s] -- Looking for gz-transport13 -- found version 13.5.0
[15.618s] -- Looking for gz-rendering8 -- found version 8.2.2
[15.618s] -- Looking for gz-msgs10 -- found version 10.3.2
[15.765s] -- Looking for gz-physics7 -- found version 7.6.0
[15.766s] -- Searching for dependencies of gz-physics7
[15.766s] -- Looking for gz-common5 -- found version 5.7.1
[15.767s] -- Looking for gz-math7 -- found version 7.5.2
[15.767s] -- Looking for gz-plugin2 -- found version 2.0.4
[15.768s] -- Looking for gz-utils2 -- found version 2.2.1
[15.772s] -- Searching for <gz-physics7> component [heightmap]
[15.775s] -- Looking for gz-physics7-heightmap -- found version 7.6.0
[15.775s] -- Searching for dependencies of gz-physics7-heightmap
[15.776s] -- Looking for gz-common5 -- found version 5.7.1
[15.778s] -- Searching for <gz-physics7> component [mesh]
[15.780s] -- Looking for gz-physics7-mesh -- found version 7.6.0
[15.780s] -- Searching for dependencies of gz-physics7-mesh
[15.781s] -- Looking for gz-common5 -- found version 5.7.1
[15.782s] -- Searching for <gz-physics7> component [sdf]
[15.784s] -- Looking for gz-physics7-sdf -- found version 7.6.0
[15.784s] -- Searching for dependencies of gz-physics7-sdf
[15.784s] -- Looking for sdformat14 -- found version 14.8.0
[15.787s] -- Looking for gz-sensors8 -- found version 8.2.2
[15.787s] -- Searching for dependencies of gz-sensors8
[17.217s] -- Looking for gz-math7 -- found version 7.5.2
[17.217s] -- Looking for gz-common5 -- found version 5.7.1
[17.218s] -- Looking for gz-transport13 -- found version 13.5.0
[17.218s] -- Looking for gz-rendering8 -- found version 8.2.2
[17.219s] -- Looking for gz-msgs10 -- found version 10.3.2
[17.219s] -- Looking for sdformat14 -- found version 14.8.0
[17.221s] -- Searching for <gz-sensors8> component [air_pressure]
[17.222s] -- Looking for gz-sensors8-air_pressure -- found version 8.2.2
[17.222s] -- Searching for dependencies of gz-sensors8-air_pressure
[17.223s] -- Searching for <gz-sensors8> component [air_speed]
[17.225s] -- Looking for gz-sensors8-air_speed -- found version 8.2.2
[17.225s] -- Searching for dependencies of gz-sensors8-air_speed
[17.226s] -- Searching for <gz-sensors8> component [altimeter]
[17.228s] -- Looking for gz-sensors8-altimeter -- found version 8.2.2
[17.228s] -- Searching for dependencies of gz-sensors8-altimeter
[17.229s] -- Searching for <gz-sensors8> component [imu]
[17.231s] -- Looking for gz-sensors8-imu -- found version 8.2.2
[17.231s] -- Searching for dependencies of gz-sensors8-imu
[17.232s] -- Searching for <gz-sensors8> component [force_torque]
[17.234s] -- Looking for gz-sensors8-force_torque -- found version 8.2.2
[17.234s] -- Searching for dependencies of gz-sensors8-force_torque
[17.235s] -- Searching for <gz-sensors8> component [logical_camera]
[17.236s] -- Looking for gz-sensors8-logical_camera -- found version 8.2.2
[17.236s] -- Searching for dependencies of gz-sensors8-logical_camera
[17.237s] -- Searching for <gz-sensors8> component [magnetometer]
[17.239s] -- Looking for gz-sensors8-magnetometer -- found version 8.2.2
[17.239s] -- Searching for dependencies of gz-sensors8-magnetometer
[17.240s] -- Searching for <gz-sensors8> component [navsat]
[17.241s] -- Looking for gz-sensors8-navsat -- found version 8.2.2
[17.241s] -- Searching for dependencies of gz-sensors8-navsat
[17.242s] -- Searching for <gz-sensors8> component [dvl]
[17.244s] -- Looking for gz-sensors8-dvl -- found version 8.2.2
[17.244s] -- Searching for dependencies of gz-sensors8-dvl
[17.244s] -- Looking for gz-sensors8 -- found version 8.2.2
[17.245s] -- Searching for dependencies of gz-sensors8
[18.382s] -- Looking for gz-math7 -- found version 7.5.2
[18.382s] -- Looking for gz-common5 -- found version 5.7.1
[18.382s] -- Looking for gz-transport13 -- found version 13.5.0
[18.383s] -- Looking for gz-rendering8 -- found version 8.2.2
[18.383s] -- Looking for gz-msgs10 -- found version 10.3.2
[18.384s] -- Looking for sdformat14 -- found version 14.8.0
[18.384s] -- Searching for <gz-sensors8> component [rendering]
[18.385s] -- Looking for gz-sensors8-rendering -- found version 8.2.2
[18.386s] -- Searching for dependencies of gz-sensors8-rendering
[18.389s] -- Searching for <gz-sensors8> component [rendering]
[18.389s] -- Searching for <gz-sensors8> component [lidar]
[18.390s] -- Looking for gz-sensors8-lidar -- found version 8.2.2
[18.390s] -- Searching for dependencies of gz-sensors8-lidar
[18.391s] -- Looking for gz-sensors8 -- found version 8.2.2
[18.392s] -- Searching for <gz-sensors8> component [gpu_lidar]
[18.394s] -- Looking for gz-sensors8-gpu_lidar -- found version 8.2.2
[18.394s] -- Searching for dependencies of gz-sensors8-gpu_lidar
[18.394s] -- Looking for gz-sensors8 -- found version 8.2.2
[18.396s] -- Searching for <gz-sensors8> component [camera]
[18.397s] -- Looking for gz-sensors8-camera -- found version 8.2.2
[18.397s] -- Searching for dependencies of gz-sensors8-camera
[18.397s] -- Looking for gz-sensors8 -- found version 8.2.2
[18.399s] -- Searching for <gz-sensors8> component [boundingbox_camera]
[18.400s] -- Looking for gz-sensors8-boundingbox_camera -- found version 8.2.2
[18.400s] -- Searching for dependencies of gz-sensors8-boundingbox_camera
[18.401s] -- Searching for <gz-sensors8> component [segmentation_camera]
[18.402s] -- Looking for gz-sensors8-segmentation_camera -- found version 8.2.2
[18.403s] -- Searching for dependencies of gz-sensors8-segmentation_camera
[18.404s] -- Searching for <gz-sensors8> component [depth_camera]
[18.405s] -- Looking for gz-sensors8-depth_camera -- found version 8.2.2
[18.405s] -- Searching for dependencies of gz-sensors8-depth_camera
[18.406s] -- Looking for gz-sensors8 -- found version 8.2.2
[18.407s] -- Searching for <gz-sensors8> component [rgbd_camera]
[18.408s] -- Looking for gz-sensors8-rgbd_camera -- found version 8.2.2
[18.408s] -- Searching for dependencies of gz-sensors8-rgbd_camera
[18.409s] -- Looking for gz-sensors8 -- found version 8.2.2
[18.410s] -- Searching for <gz-sensors8> component [thermal_camera]
[18.411s] -- Looking for gz-sensors8-thermal_camera -- found version 8.2.2
[18.412s] -- Searching for dependencies of gz-sensors8-thermal_camera
[18.412s] -- Looking for gz-sensors8 -- found version 8.2.2
[18.413s] -- Searching for <gz-sensors8> component [wide_angle_camera]
[18.415s] -- Looking for gz-sensors8-wide_angle_camera -- found version 8.2.2
[18.415s] -- Searching for dependencies of gz-sensors8-wide_angle_camera
[18.416s] -- Looking for gz-rendering8 -- found version 8.2.2
[18.417s] -- Looking for gz-math7 -- found version 7.5.2
[18.417s] -- Looking for gz-utils2 -- found version 2.2.1
[20.107s] -- Looking for gz-sim8 - found
[20.107s] 
[20.107s] -- Compiling against Gazebo Harmonic
[20.116s] -- RapidJSON found. Headers: /usr/include
[20.133s] -- Found OpenCV: /usr (found version "4.6.0") 
[20.134s] -- Checking for modules 'gstreamer-1.0;gstreamer-app-1.0'
[20.180s] --   Found gstreamer-1.0, version 1.24.2
[20.206s] --   Found gstreamer-app-1.0, version 1.24.2
[20.480s] -- Configuring done (20.4s)
[20.531s] -- Generating done (0.0s)
[20.538s] -- Build files have been written to: /home/javierbecerril/harmonic_ws/build/ardupilot_gazebo
[20.553s] Invoked command in '/home/javierbecerril/harmonic_ws/build/ardupilot_gazebo' returned '0': CMAKE_PREFIX_PATH=${CMAKE_PREFIX_PATH}:/opt/ros/jazzy DEBUGINFOD_URLS=https://debuginfod.ubuntu.com PS1=\[\e]0;\u@\h: \w\a\]${debian_chroot:+($debian_chroot)}\[\033[01;32m\]\u@\h\[\033[00m\]:\[\033[01;34m\]\w\[\033[00m\]\$ /usr/bin/cmake /home/javierbecerril/harmonic_ws/src/ardupilot_gazebo -DCMAKE_INSTALL_PREFIX=/home/javierbecerril/harmonic_ws/install/ardupilot_gazebo
[20.554s] Invoking command in '/home/javierbecerril/harmonic_ws/build/ardupilot_gazebo': CMAKE_PREFIX_PATH=${CMAKE_PREFIX_PATH}:/opt/ros/jazzy DEBUGINFOD_URLS=https://debuginfod.ubuntu.com PS1=\[\e]0;\u@\h: \w\a\]${debian_chroot:+($debian_chroot)}\[\033[01;32m\]\u@\h\[\033[00m\]:\[\033[01;34m\]\w\[\033[00m\]\$ /usr/bin/cmake --build /home/javierbecerril/harmonic_ws/build/ardupilot_gazebo -- -j12 -l12
[20.647s] [ 10%] [32mBuilding CXX object CMakeFiles/ArduPilotPlugin.dir/src/ArduPilotPlugin.cc.o[0m
[20.648s] [ 20%] [32mBuilding CXX object CMakeFiles/ArduPilotPlugin.dir/src/SocketUDP.cc.o[0m
[20.650s] [ 30%] [32mBuilding CXX object CMakeFiles/CameraZoomPlugin.dir/src/CameraZoomPlugin.cc.o[0m
[20.650s] [ 40%] [32mBuilding CXX object CMakeFiles/ParachutePlugin.dir/src/ParachutePlugin.cc.o[0m
[20.652s] [ 50%] [32mBuilding CXX object CMakeFiles/ArduPilotPlugin.dir/src/Util.cc.o[0m
[20.653s] [ 60%] [32mBuilding CXX object CMakeFiles/GstCameraPlugin.dir/src/GstCameraPlugin.cc.o[0m
[28.766s] [ 70%] [32m[1mLinking CXX shared library libParachutePlugin.so[0m
[28.984s] [ 80%] [32m[1mLinking CXX shared library libCameraZoomPlugin.so[0m
[29.213s] [ 80%] Built target ParachutePlugin
[29.432s] [ 80%] Built target CameraZoomPlugin
[29.575s] [ 90%] [32m[1mLinking CXX shared library libGstCameraPlugin.so[0m
[30.050s] [ 90%] Built target GstCameraPlugin
[30.161s] [100%] [32m[1mLinking CXX shared library libArduPilotPlugin.so[0m
[30.777s] [100%] Built target ArduPilotPlugin
[30.791s] Invoked command in '/home/javierbecerril/harmonic_ws/build/ardupilot_gazebo' returned '0': CMAKE_PREFIX_PATH=${CMAKE_PREFIX_PATH}:/opt/ros/jazzy DEBUGINFOD_URLS=https://debuginfod.ubuntu.com PS1=\[\e]0;\u@\h: \w\a\]${debian_chroot:+($debian_chroot)}\[\033[01;32m\]\u@\h\[\033[00m\]:\[\033[01;34m\]\w\[\033[00m\]\$ /usr/bin/cmake --build /home/javierbecerril/harmonic_ws/build/ardupilot_gazebo -- -j12 -l12
[30.803s] Invoking command in '/home/javierbecerril/harmonic_ws/build/ardupilot_gazebo': CMAKE_PREFIX_PATH=${CMAKE_PREFIX_PATH}:/opt/ros/jazzy DEBUGINFOD_URLS=https://debuginfod.ubuntu.com PS1=\[\e]0;\u@\h: \w\a\]${debian_chroot:+($debian_chroot)}\[\033[01;32m\]\u@\h\[\033[00m\]:\[\033[01;34m\]\w\[\033[00m\]\$ /usr/bin/cmake --install /home/javierbecerril/harmonic_ws/build/ardupilot_gazebo
[30.812s] -- Install configuration: ""
[30.812s] -- Installing: /home/javierbecerril/harmonic_ws/install/ardupilot_gazebo/lib/ardupilot_gazebo/libArduPilotPlugin.so
[30.818s] -- Set non-toolchain portion of runtime path of "/home/javierbecerril/harmonic_ws/install/ardupilot_gazebo/lib/ardupilot_gazebo/libArduPilotPlugin.so" to ""
[30.818s] -- Installing: /home/javierbecerril/harmonic_ws/install/ardupilot_gazebo/lib/ardupilot_gazebo/libParachutePlugin.so
[30.819s] -- Set non-toolchain portion of runtime path of "/home/javierbecerril/harmonic_ws/install/ardupilot_gazebo/lib/ardupilot_gazebo/libParachutePlugin.so" to ""
[30.819s] -- Installing: /home/javierbecerril/harmonic_ws/install/ardupilot_gazebo/lib/ardupilot_gazebo/libCameraZoomPlugin.so
[30.821s] -- Set non-toolchain portion of runtime path of "/home/javierbecerril/harmonic_ws/install/ardupilot_gazebo/lib/ardupilot_gazebo/libCameraZoomPlugin.so" to ""
[30.821s] -- Installing: /home/javierbecerril/harmonic_ws/install/ardupilot_gazebo/lib/ardupilot_gazebo/libGstCameraPlugin.so
[30.823s] -- Set non-toolchain portion of runtime path of "/home/javierbecerril/harmonic_ws/install/ardupilot_gazebo/lib/ardupilot_gazebo/libGstCameraPlugin.so" to ""
[30.823s] -- Installing: /home/javierbecerril/harmonic_ws/install/ardupilot_gazebo/share/ardupilot_gazebo/config
[30.824s] -- Installing: /home/javierbecerril/harmonic_ws/install/ardupilot_gazebo/share/ardupilot_gazebo/config/gazebo-iris-gimbal.parm
[30.825s] -- Installing: /home/javierbecerril/harmonic_ws/install/ardupilot_gazebo/share/ardupilot_gazebo/models
[30.826s] -- Installing: /home/javierbecerril/harmonic_ws/install/ardupilot_gazebo/share/ardupilot_gazebo/models/iris_with_standoffs
[30.826s] -- Installing: /home/javierbecerril/harmonic_ws/install/ardupilot_gazebo/share/ardupilot_gazebo/models/iris_with_standoffs/model.sdf
[30.827s] -- Installing: /home/javierbecerril/harmonic_ws/install/ardupilot_gazebo/share/ardupilot_gazebo/models/iris_with_standoffs/model.config
[30.827s] -- Installing: /home/javierbecerril/harmonic_ws/install/ardupilot_gazebo/share/ardupilot_gazebo/models/iris_with_standoffs/meshes
[30.828s] -- Installing: /home/javierbecerril/harmonic_ws/install/ardupilot_gazebo/share/ardupilot_gazebo/models/iris_with_standoffs/meshes/iris_prop_cw.dae
[30.829s] -- Installing: /home/javierbecerril/harmonic_ws/install/ardupilot_gazebo/share/ardupilot_gazebo/models/iris_with_standoffs/meshes/iris.dae
[30.855s] -- Installing: /home/javierbecerril/harmonic_ws/install/ardupilot_gazebo/share/ardupilot_gazebo/models/iris_with_standoffs/meshes/iris_prop_ccw.dae
[30.856s] -- Installing: /home/javierbecerril/harmonic_ws/install/ardupilot_gazebo/share/ardupilot_gazebo/models/zephyr
[30.857s] -- Installing: /home/javierbecerril/harmonic_ws/install/ardupilot_gazebo/share/ardupilot_gazebo/models/zephyr/model.sdf
[30.858s] -- Installing: /home/javierbecerril/harmonic_ws/install/ardupilot_gazebo/share/ardupilot_gazebo/models/zephyr/model.config
[30.858s] -- Installing: /home/javierbecerril/harmonic_ws/install/ardupilot_gazebo/share/ardupilot_gazebo/models/zephyr/meshes
[30.859s] -- Installing: /home/javierbecerril/harmonic_ws/install/ardupilot_gazebo/share/ardupilot_gazebo/models/zephyr/meshes/parachute_small.dae
[30.859s] -- Installing: /home/javierbecerril/harmonic_ws/install/ardupilot_gazebo/share/ardupilot_gazebo/models/zephyr/meshes/wing.dae
[30.860s] -- Installing: /home/javierbecerril/harmonic_ws/install/ardupilot_gazebo/share/ardupilot_gazebo/models/zephyr/materials
[30.861s] -- Installing: /home/javierbecerril/harmonic_ws/install/ardupilot_gazebo/share/ardupilot_gazebo/models/zephyr/materials/textures
[30.861s] -- Installing: /home/javierbecerril/harmonic_ws/install/ardupilot_gazebo/share/ardupilot_gazebo/models/zephyr/materials/textures/wing.png
[30.862s] -- Installing: /home/javierbecerril/harmonic_ws/install/ardupilot_gazebo/share/ardupilot_gazebo/models/zephyr/thumbnails
[30.863s] -- Installing: /home/javierbecerril/harmonic_ws/install/ardupilot_gazebo/share/ardupilot_gazebo/models/zephyr/thumbnails/3.png
[30.863s] -- Installing: /home/javierbecerril/harmonic_ws/install/ardupilot_gazebo/share/ardupilot_gazebo/models/zephyr/thumbnails/4.png
[30.864s] -- Installing: /home/javierbecerril/harmonic_ws/install/ardupilot_gazebo/share/ardupilot_gazebo/models/zephyr/thumbnails/5.png
[30.864s] -- Installing: /home/javierbecerril/harmonic_ws/install/ardupilot_gazebo/share/ardupilot_gazebo/models/zephyr/thumbnails/2.png
[30.865s] -- Installing: /home/javierbecerril/harmonic_ws/install/ardupilot_gazebo/share/ardupilot_gazebo/models/zephyr/thumbnails/1.png
[30.865s] -- Installing: /home/javierbecerril/harmonic_ws/install/ardupilot_gazebo/share/ardupilot_gazebo/models/gimbal_small_2d
[30.866s] -- Installing: /home/javierbecerril/harmonic_ws/install/ardupilot_gazebo/share/ardupilot_gazebo/models/gimbal_small_2d/model.sdf
[30.867s] -- Installing: /home/javierbecerril/harmonic_ws/install/ardupilot_gazebo/share/ardupilot_gazebo/models/gimbal_small_2d/model.config
[30.867s] -- Installing: /home/javierbecerril/harmonic_ws/install/ardupilot_gazebo/share/ardupilot_gazebo/models/gimbal_small_2d/meshes
[30.867s] -- Installing: /home/javierbecerril/harmonic_ws/install/ardupilot_gazebo/share/ardupilot_gazebo/models/gimbal_small_2d/meshes/tilt.dae
[30.872s] -- Installing: /home/javierbecerril/harmonic_ws/install/ardupilot_gazebo/share/ardupilot_gazebo/models/gimbal_small_2d/meshes/base_main.dae
[30.880s] -- Installing: /home/javierbecerril/harmonic_ws/install/ardupilot_gazebo/share/ardupilot_gazebo/models/gimbal_small_2d/meshes/base_arm.dae
[30.884s] -- Installing: /home/javierbecerril/harmonic_ws/install/ardupilot_gazebo/share/ardupilot_gazebo/models/runway
[30.885s] -- Installing: /home/javierbecerril/harmonic_ws/install/ardupilot_gazebo/share/ardupilot_gazebo/models/runway/model.sdf
[30.885s] -- Installing: /home/javierbecerril/harmonic_ws/install/ardupilot_gazebo/share/ardupilot_gazebo/models/runway/model.config
[30.886s] -- Installing: /home/javierbecerril/harmonic_ws/install/ardupilot_gazebo/share/ardupilot_gazebo/models/runway/meshes
[30.886s] -- Installing: /home/javierbecerril/harmonic_ws/install/ardupilot_gazebo/share/ardupilot_gazebo/models/runway/meshes/airfield.dae
[30.886s] -- Installing: /home/javierbecerril/harmonic_ws/install/ardupilot_gazebo/share/ardupilot_gazebo/models/runway/materials
[30.887s] -- Installing: /home/javierbecerril/harmonic_ws/install/ardupilot_gazebo/share/ardupilot_gazebo/models/runway/materials/textures
[30.887s] -- Installing: /home/javierbecerril/harmonic_ws/install/ardupilot_gazebo/share/ardupilot_gazebo/models/runway/materials/textures/Grass004_2K_AmbientOcclusion.jpg
[30.893s] -- Installing: /home/javierbecerril/harmonic_ws/install/ardupilot_gazebo/share/ardupilot_gazebo/models/runway/materials/textures/Grass004_2K_Color copy.jpg
[30.902s] -- Installing: /home/javierbecerril/harmonic_ws/install/ardupilot_gazebo/share/ardupilot_gazebo/models/runway/materials/textures/Grass004_2K_Roughness.jpg
[30.906s] -- Installing: /home/javierbecerril/harmonic_ws/install/ardupilot_gazebo/share/ardupilot_gazebo/models/runway/materials/textures/Grass004_2K_Displacement.jpg
[30.911s] -- Installing: /home/javierbecerril/harmonic_ws/install/ardupilot_gazebo/share/ardupilot_gazebo/models/runway/materials/textures/Grass004_2K_Color.jpg
[30.913s] -- Installing: /home/javierbecerril/harmonic_ws/install/ardupilot_gazebo/share/ardupilot_gazebo/models/runway/materials/textures/Grass004_2K_NormalGL.jpg
[30.924s] -- Installing: /home/javierbecerril/harmonic_ws/install/ardupilot_gazebo/share/ardupilot_gazebo/models/runway/materials/textures/runway.png
[30.925s] -- Installing: /home/javierbecerril/harmonic_ws/install/ardupilot_gazebo/share/ardupilot_gazebo/models/zephyr_with_parachute
[30.925s] -- Installing: /home/javierbecerril/harmonic_ws/install/ardupilot_gazebo/share/ardupilot_gazebo/models/zephyr_with_parachute/model.sdf
[30.926s] -- Installing: /home/javierbecerril/harmonic_ws/install/ardupilot_gazebo/share/ardupilot_gazebo/models/zephyr_with_parachute/model.config
[30.926s] -- Installing: /home/javierbecerril/harmonic_ws/install/ardupilot_gazebo/share/ardupilot_gazebo/models/gimbal_small_1d
[30.927s] -- Installing: /home/javierbecerril/harmonic_ws/install/ardupilot_gazebo/share/ardupilot_gazebo/models/gimbal_small_1d/model.sdf
[30.927s] -- Installing: /home/javierbecerril/harmonic_ws/install/ardupilot_gazebo/share/ardupilot_gazebo/models/gimbal_small_1d/model.config
[30.928s] -- Installing: /home/javierbecerril/harmonic_ws/install/ardupilot_gazebo/share/ardupilot_gazebo/models/gimbal_small_1d/meshes
[30.928s] -- Installing: /home/javierbecerril/harmonic_ws/install/ardupilot_gazebo/share/ardupilot_gazebo/models/gimbal_small_1d/meshes/tilt.dae
[30.933s] -- Installing: /home/javierbecerril/harmonic_ws/install/ardupilot_gazebo/share/ardupilot_gazebo/models/gimbal_small_1d/meshes/base_main.dae
[30.940s] -- Installing: /home/javierbecerril/harmonic_ws/install/ardupilot_gazebo/share/ardupilot_gazebo/models/gimbal_small_1d/meshes/base_arm.dae
[30.944s] -- Installing: /home/javierbecerril/harmonic_ws/install/ardupilot_gazebo/share/ardupilot_gazebo/models/zephyr_with_ardupilot
[30.945s] -- Installing: /home/javierbecerril/harmonic_ws/install/ardupilot_gazebo/share/ardupilot_gazebo/models/zephyr_with_ardupilot/model.sdf
[30.946s] -- Installing: /home/javierbecerril/harmonic_ws/install/ardupilot_gazebo/share/ardupilot_gazebo/models/zephyr_with_ardupilot/model.config
[30.946s] -- Installing: /home/javierbecerril/harmonic_ws/install/ardupilot_gazebo/share/ardupilot_gazebo/models/iris_with_ardupilot
[30.947s] -- Installing: /home/javierbecerril/harmonic_ws/install/ardupilot_gazebo/share/ardupilot_gazebo/models/iris_with_ardupilot/model.sdf
[30.947s] -- Installing: /home/javierbecerril/harmonic_ws/install/ardupilot_gazebo/share/ardupilot_gazebo/models/iris_with_ardupilot/model.config
[30.947s] -- Installing: /home/javierbecerril/harmonic_ws/install/ardupilot_gazebo/share/ardupilot_gazebo/models/iris_with_gimbal
[30.948s] -- Installing: /home/javierbecerril/harmonic_ws/install/ardupilot_gazebo/share/ardupilot_gazebo/models/iris_with_gimbal/model.sdf
[30.948s] -- Installing: /home/javierbecerril/harmonic_ws/install/ardupilot_gazebo/share/ardupilot_gazebo/models/iris_with_gimbal/model.config
[30.949s] -- Installing: /home/javierbecerril/harmonic_ws/install/ardupilot_gazebo/share/ardupilot_gazebo/models/gimbal_small_3d
[30.949s] -- Installing: /home/javierbecerril/harmonic_ws/install/ardupilot_gazebo/share/ardupilot_gazebo/models/gimbal_small_3d/model.sdf
[30.950s] -- Installing: /home/javierbecerril/harmonic_ws/install/ardupilot_gazebo/share/ardupilot_gazebo/models/gimbal_small_3d/model.config
[30.950s] -- Installing: /home/javierbecerril/harmonic_ws/install/ardupilot_gazebo/share/ardupilot_gazebo/models/gimbal_small_3d/meshes
[30.951s] -- Installing: /home/javierbecerril/harmonic_ws/install/ardupilot_gazebo/share/ardupilot_gazebo/models/gimbal_small_3d/meshes/yaw_arm.dae
[30.954s] -- Installing: /home/javierbecerril/harmonic_ws/install/ardupilot_gazebo/share/ardupilot_gazebo/models/gimbal_small_3d/meshes/camera_enclosure.dae
[30.956s] -- Installing: /home/javierbecerril/harmonic_ws/install/ardupilot_gazebo/share/ardupilot_gazebo/models/gimbal_small_3d/meshes/base_plate.dae
[30.960s] -- Installing: /home/javierbecerril/harmonic_ws/install/ardupilot_gazebo/share/ardupilot_gazebo/models/gimbal_small_3d/meshes/roll_arm.dae
[30.962s] -- Installing: /home/javierbecerril/harmonic_ws/install/ardupilot_gazebo/share/ardupilot_gazebo/models/parachute_small
[30.963s] -- Installing: /home/javierbecerril/harmonic_ws/install/ardupilot_gazebo/share/ardupilot_gazebo/models/parachute_small/model.sdf
[30.964s] -- Installing: /home/javierbecerril/harmonic_ws/install/ardupilot_gazebo/share/ardupilot_gazebo/models/parachute_small/model.config
[30.964s] -- Installing: /home/javierbecerril/harmonic_ws/install/ardupilot_gazebo/share/ardupilot_gazebo/models/parachute_small/meshes
[30.964s] -- Installing: /home/javierbecerril/harmonic_ws/install/ardupilot_gazebo/share/ardupilot_gazebo/models/parachute_small/meshes/parachute_small.dae
[30.966s] -- Installing: /home/javierbecerril/harmonic_ws/install/ardupilot_gazebo/share/ardupilot_gazebo/worlds
[30.967s] -- Installing: /home/javierbecerril/harmonic_ws/install/ardupilot_gazebo/share/ardupilot_gazebo/worlds/iris_warehouse.sdf
[30.967s] -- Installing: /home/javierbecerril/harmonic_ws/install/ardupilot_gazebo/share/ardupilot_gazebo/worlds/zephyr_parachute.sdf
[30.968s] -- Installing: /home/javierbecerril/harmonic_ws/install/ardupilot_gazebo/share/ardupilot_gazebo/worlds/zephyr_runway.sdf
[30.968s] -- Installing: /home/javierbecerril/harmonic_ws/install/ardupilot_gazebo/share/ardupilot_gazebo/worlds/gimbal.sdf
[30.969s] -- Installing: /home/javierbecerril/harmonic_ws/install/ardupilot_gazebo/share/ardupilot_gazebo/worlds/iris_runway.sdf
[30.969s] -- Installing: /home/javierbecerril/harmonic_ws/install/ardupilot_gazebo/share/ardupilot_gazebo/environment/ardupilot_gazebo.dsv
[30.970s] -- Installing: /home/javierbecerril/harmonic_ws/install/ardupilot_gazebo/share/ardupilot_gazebo/environment/ardupilot_gazebo.sh
[30.970s] -- Installing: /home/javierbecerril/harmonic_ws/install/ardupilot_gazebo/share/ament_index/resource_index/package_run_dependencies/ardupilot_gazebo
[30.971s] -- Installing: /home/javierbecerril/harmonic_ws/install/ardupilot_gazebo/share/ament_index/resource_index/parent_prefix_path/ardupilot_gazebo
[30.971s] -- Installing: /home/javierbecerril/harmonic_ws/install/ardupilot_gazebo/share/ardupilot_gazebo/environment/ament_prefix_path.sh
[30.971s] -- Installing: /home/javierbecerril/harmonic_ws/install/ardupilot_gazebo/share/ardupilot_gazebo/environment/ament_prefix_path.dsv
[30.971s] -- Installing: /home/javierbecerril/harmonic_ws/install/ardupilot_gazebo/share/ardupilot_gazebo/environment/path.sh
[30.971s] -- Installing: /home/javierbecerril/harmonic_ws/install/ardupilot_gazebo/share/ardupilot_gazebo/environment/path.dsv
[30.971s] -- Installing: /home/javierbecerril/harmonic_ws/install/ardupilot_gazebo/share/ardupilot_gazebo/local_setup.bash
[30.971s] -- Installing: /home/javierbecerril/harmonic_ws/install/ardupilot_gazebo/share/ardupilot_gazebo/local_setup.sh
[30.971s] -- Installing: /home/javierbecerril/harmonic_ws/install/ardupilot_gazebo/share/ardupilot_gazebo/local_setup.zsh
[30.972s] -- Installing: /home/javierbecerril/harmonic_ws/install/ardupilot_gazebo/share/ardupilot_gazebo/local_setup.dsv
[30.972s] -- Installing: /home/javierbecerril/harmonic_ws/install/ardupilot_gazebo/share/ardupilot_gazebo/package.dsv
[30.972s] -- Installing: /home/javierbecerril/harmonic_ws/install/ardupilot_gazebo/share/ament_index/resource_index/packages/ardupilot_gazebo
[30.972s] -- Installing: /home/javierbecerril/harmonic_ws/install/ardupilot_gazebo/share/ardupilot_gazebo/cmake/ardupilot_gazeboConfig.cmake
[30.972s] -- Installing: /home/javierbecerril/harmonic_ws/install/ardupilot_gazebo/share/ardupilot_gazebo/cmake/ardupilot_gazeboConfig-version.cmake
[30.972s] -- Installing: /home/javierbecerril/harmonic_ws/install/ardupilot_gazebo/share/ardupilot_gazebo/package.xml
[30.975s] Invoked command in '/home/javierbecerril/harmonic_ws/build/ardupilot_gazebo' returned '0': CMAKE_PREFIX_PATH=${CMAKE_PREFIX_PATH}:/opt/ros/jazzy DEBUGINFOD_URLS=https://debuginfod.ubuntu.com PS1=\[\e]0;\u@\h: \w\a\]${debian_chroot:+($debian_chroot)}\[\033[01;32m\]\u@\h\[\033[00m\]:\[\033[01;34m\]\w\[\033[00m\]\$ /usr/bin/cmake --install /home/javierbecerril/harmonic_ws/build/ardupilot_gazebo
