[0.443s] DEBUG:colcon:Command line arguments: ['/usr/bin/colcon', 'build', '--packages-select', 'ardupilot_gazebo', 'tag_hover_sim']
[0.443s] DEBUG:colcon:Parsed command line arguments: Namespace(log_base=None, log_level=None, verb_name='build', build_base='build', install_base='install', merge_install=False, symlink_install=False, test_result_base=None, continue_on_error=False, executor='parallel', parallel_workers=12, event_handlers=None, ignore_user_meta=False, metas=['./colcon.meta'], base_paths=['.'], packages_ignore=None, packages_ignore_regex=None, paths=None, packages_up_to=None, packages_up_to_regex=None, packages_above=None, packages_above_and_dependencies=None, packages_above_depth=None, packages_select_by_dep=None, packages_skip_by_dep=None, packages_skip_up_to=None, packages_select_build_failed=False, packages_skip_build_finished=False, packages_select_test_failures=False, packages_skip_test_passed=False, packages_select=['ardupilot_gazebo', 'tag_hover_sim'], packages_skip=None, packages_select_regex=None, packages_skip_regex=None, packages_start=None, packages_end=None, allow_overriding=[], cmake_args=None, cmake_target=None, cmake_target_skip_unavailable=False, cmake_clean_cache=False, cmake_clean_first=False, cmake_force_configure=False, ament_cmake_args=None, catkin_cmake_args=None, catkin_skip_building_tests=False, mixin_files=None, mixin=None, verb_parser=<colcon_mixin.mixin.mixin_argument.MixinArgumentDecorator object at 0x7f455f3a5070>, verb_extension=<colcon_core.verb.build.BuildVerb object at 0x7f455f3a4e30>, main=<bound method BuildVerb.main of <colcon_core.verb.build.BuildVerb object at 0x7f455f3a4e30>>, mixin_verb=('build',))
[0.479s] Level 1:colcon.colcon_core.package_discovery:discover_packages(colcon_meta) check parameters
[0.480s] Level 1:colcon.colcon_core.package_discovery:discover_packages(recursive) check parameters
[0.480s] Level 1:colcon.colcon_core.package_discovery:discover_packages(ignore) check parameters
[0.480s] Level 1:colcon.colcon_core.package_discovery:discover_packages(path) check parameters
[0.480s] Level 1:colcon.colcon_core.package_discovery:discover_packages(colcon_meta) discover
[0.480s] Level 1:colcon.colcon_core.package_discovery:discover_packages(recursive) discover
[0.480s] INFO:colcon.colcon_core.package_discovery:Crawling recursively for packages in '/home/javierbecerril/harmonic_ws/src'
[0.480s] Level 1:colcon.colcon_core.package_identification:_identify(.) by extensions ['ignore', 'ignore_ament_install']
[0.480s] Level 1:colcon.colcon_core.package_identification:_identify(.) by extension 'ignore'
[0.480s] Level 1:colcon.colcon_core.package_identification:_identify(.) by extension 'ignore_ament_install'
[0.480s] Level 1:colcon.colcon_core.package_identification:_identify(.) by extensions ['colcon_pkg']
[0.480s] Level 1:colcon.colcon_core.package_identification:_identify(.) by extension 'colcon_pkg'
[0.480s] Level 1:colcon.colcon_core.package_identification:_identify(.) by extensions ['colcon_meta']
[0.480s] Level 1:colcon.colcon_core.package_identification:_identify(.) by extension 'colcon_meta'
[0.480s] Level 1:colcon.colcon_core.package_identification:_identify(.) by extensions ['ros']
[0.480s] Level 1:colcon.colcon_core.package_identification:_identify(.) by extension 'ros'
[0.505s] Level 1:colcon.colcon_core.package_identification:_identify(.) by extensions ['cmake', 'python']
[0.505s] Level 1:colcon.colcon_core.package_identification:_identify(.) by extension 'cmake'
[0.505s] Level 1:colcon.colcon_core.package_identification:_identify(.) by extension 'python'
[0.505s] Level 1:colcon.colcon_core.package_identification:_identify(.) by extensions ['python_setup_py']
[0.505s] Level 1:colcon.colcon_core.package_identification:_identify(.) by extension 'python_setup_py'
[0.505s] Level 1:colcon.colcon_core.package_identification:_identify(ardupilot_gazebo) by extensions ['ignore', 'ignore_ament_install']
[0.505s] Level 1:colcon.colcon_core.package_identification:_identify(ardupilot_gazebo) by extension 'ignore'
[0.505s] Level 1:colcon.colcon_core.package_identification:_identify(ardupilot_gazebo) by extension 'ignore_ament_install'
[0.505s] Level 1:colcon.colcon_core.package_identification:_identify(ardupilot_gazebo) by extensions ['colcon_pkg']
[0.505s] Level 1:colcon.colcon_core.package_identification:_identify(ardupilot_gazebo) by extension 'colcon_pkg'
[0.505s] Level 1:colcon.colcon_core.package_identification:_identify(ardupilot_gazebo) by extensions ['colcon_meta']
[0.505s] Level 1:colcon.colcon_core.package_identification:_identify(ardupilot_gazebo) by extension 'colcon_meta'
[0.505s] Level 1:colcon.colcon_core.package_identification:_identify(ardupilot_gazebo) by extensions ['ros']
[0.505s] Level 1:colcon.colcon_core.package_identification:_identify(ardupilot_gazebo) by extension 'ros'
[0.514s] DEBUG:colcon.colcon_core.package_identification:Package 'ardupilot_gazebo' with type 'ros.ament_cmake' and name 'ardupilot_gazebo'
[0.514s] Level 1:colcon.colcon_core.package_identification:_identify(backups_iris) by extensions ['ignore', 'ignore_ament_install']
[0.515s] Level 1:colcon.colcon_core.package_identification:_identify(backups_iris) by extension 'ignore'
[0.515s] Level 1:colcon.colcon_core.package_identification:_identify(backups_iris) by extension 'ignore_ament_install'
[0.515s] Level 1:colcon.colcon_core.package_identification:_identify(backups_iris) by extensions ['colcon_pkg']
[0.515s] Level 1:colcon.colcon_core.package_identification:_identify(backups_iris) by extension 'colcon_pkg'
[0.515s] Level 1:colcon.colcon_core.package_identification:_identify(backups_iris) by extensions ['colcon_meta']
[0.515s] Level 1:colcon.colcon_core.package_identification:_identify(backups_iris) by extension 'colcon_meta'
[0.515s] Level 1:colcon.colcon_core.package_identification:_identify(backups_iris) by extensions ['ros']
[0.515s] Level 1:colcon.colcon_core.package_identification:_identify(backups_iris) by extension 'ros'
[0.515s] Level 1:colcon.colcon_core.package_identification:_identify(backups_iris) by extensions ['cmake', 'python']
[0.515s] Level 1:colcon.colcon_core.package_identification:_identify(backups_iris) by extension 'cmake'
[0.515s] Level 1:colcon.colcon_core.package_identification:_identify(backups_iris) by extension 'python'
[0.515s] Level 1:colcon.colcon_core.package_identification:_identify(backups_iris) by extensions ['python_setup_py']
[0.515s] Level 1:colcon.colcon_core.package_identification:_identify(backups_iris) by extension 'python_setup_py'
[0.515s] Level 1:colcon.colcon_core.package_identification:_identify(backups_iris/iris_with_ardupilot) by extensions ['ignore', 'ignore_ament_install']
[0.515s] Level 1:colcon.colcon_core.package_identification:_identify(backups_iris/iris_with_ardupilot) by extension 'ignore'
[0.515s] Level 1:colcon.colcon_core.package_identification:_identify(backups_iris/iris_with_ardupilot) by extension 'ignore_ament_install'
[0.515s] Level 1:colcon.colcon_core.package_identification:_identify(backups_iris/iris_with_ardupilot) by extensions ['colcon_pkg']
[0.515s] Level 1:colcon.colcon_core.package_identification:_identify(backups_iris/iris_with_ardupilot) by extension 'colcon_pkg'
[0.515s] Level 1:colcon.colcon_core.package_identification:_identify(backups_iris/iris_with_ardupilot) by extensions ['colcon_meta']
[0.515s] Level 1:colcon.colcon_core.package_identification:_identify(backups_iris/iris_with_ardupilot) by extension 'colcon_meta'
[0.515s] Level 1:colcon.colcon_core.package_identification:_identify(backups_iris/iris_with_ardupilot) by extensions ['ros']
[0.515s] Level 1:colcon.colcon_core.package_identification:_identify(backups_iris/iris_with_ardupilot) by extension 'ros'
[0.515s] Level 1:colcon.colcon_core.package_identification:_identify(backups_iris/iris_with_ardupilot) by extensions ['cmake', 'python']
[0.515s] Level 1:colcon.colcon_core.package_identification:_identify(backups_iris/iris_with_ardupilot) by extension 'cmake'
[0.515s] Level 1:colcon.colcon_core.package_identification:_identify(backups_iris/iris_with_ardupilot) by extension 'python'
[0.515s] Level 1:colcon.colcon_core.package_identification:_identify(backups_iris/iris_with_ardupilot) by extensions ['python_setup_py']
[0.515s] Level 1:colcon.colcon_core.package_identification:_identify(backups_iris/iris_with_ardupilot) by extension 'python_setup_py'
[0.516s] Level 1:colcon.colcon_core.package_identification:_identify(backups_iris/iris_with_gimbal) by extensions ['ignore', 'ignore_ament_install']
[0.516s] Level 1:colcon.colcon_core.package_identification:_identify(backups_iris/iris_with_gimbal) by extension 'ignore'
[0.516s] Level 1:colcon.colcon_core.package_identification:_identify(backups_iris/iris_with_gimbal) by extension 'ignore_ament_install'
[0.516s] Level 1:colcon.colcon_core.package_identification:_identify(backups_iris/iris_with_gimbal) by extensions ['colcon_pkg']
[0.516s] Level 1:colcon.colcon_core.package_identification:_identify(backups_iris/iris_with_gimbal) by extension 'colcon_pkg'
[0.516s] Level 1:colcon.colcon_core.package_identification:_identify(backups_iris/iris_with_gimbal) by extensions ['colcon_meta']
[0.516s] Level 1:colcon.colcon_core.package_identification:_identify(backups_iris/iris_with_gimbal) by extension 'colcon_meta'
[0.516s] Level 1:colcon.colcon_core.package_identification:_identify(backups_iris/iris_with_gimbal) by extensions ['ros']
[0.516s] Level 1:colcon.colcon_core.package_identification:_identify(backups_iris/iris_with_gimbal) by extension 'ros'
[0.516s] Level 1:colcon.colcon_core.package_identification:_identify(backups_iris/iris_with_gimbal) by extensions ['cmake', 'python']
[0.516s] Level 1:colcon.colcon_core.package_identification:_identify(backups_iris/iris_with_gimbal) by extension 'cmake'
[0.516s] Level 1:colcon.colcon_core.package_identification:_identify(backups_iris/iris_with_gimbal) by extension 'python'
[0.516s] Level 1:colcon.colcon_core.package_identification:_identify(backups_iris/iris_with_gimbal) by extensions ['python_setup_py']
[0.516s] Level 1:colcon.colcon_core.package_identification:_identify(backups_iris/iris_with_gimbal) by extension 'python_setup_py'
[0.516s] Level 1:colcon.colcon_core.package_identification:_identify(backups_iris/iris_with_standoffs) by extensions ['ignore', 'ignore_ament_install']
[0.516s] Level 1:colcon.colcon_core.package_identification:_identify(backups_iris/iris_with_standoffs) by extension 'ignore'
[0.516s] Level 1:colcon.colcon_core.package_identification:_identify(backups_iris/iris_with_standoffs) by extension 'ignore_ament_install'
[0.516s] Level 1:colcon.colcon_core.package_identification:_identify(backups_iris/iris_with_standoffs) by extensions ['colcon_pkg']
[0.516s] Level 1:colcon.colcon_core.package_identification:_identify(backups_iris/iris_with_standoffs) by extension 'colcon_pkg'
[0.516s] Level 1:colcon.colcon_core.package_identification:_identify(backups_iris/iris_with_standoffs) by extensions ['colcon_meta']
[0.516s] Level 1:colcon.colcon_core.package_identification:_identify(backups_iris/iris_with_standoffs) by extension 'colcon_meta'
[0.516s] Level 1:colcon.colcon_core.package_identification:_identify(backups_iris/iris_with_standoffs) by extensions ['ros']
[0.516s] Level 1:colcon.colcon_core.package_identification:_identify(backups_iris/iris_with_standoffs) by extension 'ros'
[0.516s] Level 1:colcon.colcon_core.package_identification:_identify(backups_iris/iris_with_standoffs) by extensions ['cmake', 'python']
[0.516s] Level 1:colcon.colcon_core.package_identification:_identify(backups_iris/iris_with_standoffs) by extension 'cmake'
[0.516s] Level 1:colcon.colcon_core.package_identification:_identify(backups_iris/iris_with_standoffs) by extension 'python'
[0.516s] Level 1:colcon.colcon_core.package_identification:_identify(backups_iris/iris_with_standoffs) by extensions ['python_setup_py']
[0.516s] Level 1:colcon.colcon_core.package_identification:_identify(backups_iris/iris_with_standoffs) by extension 'python_setup_py'
[0.516s] Level 1:colcon.colcon_core.package_identification:_identify(backups_iris/iris_with_standoffs/meshes) by extensions ['ignore', 'ignore_ament_install']
[0.516s] Level 1:colcon.colcon_core.package_identification:_identify(backups_iris/iris_with_standoffs/meshes) by extension 'ignore'
[0.517s] Level 1:colcon.colcon_core.package_identification:_identify(backups_iris/iris_with_standoffs/meshes) by extension 'ignore_ament_install'
[0.517s] Level 1:colcon.colcon_core.package_identification:_identify(backups_iris/iris_with_standoffs/meshes) by extensions ['colcon_pkg']
[0.517s] Level 1:colcon.colcon_core.package_identification:_identify(backups_iris/iris_with_standoffs/meshes) by extension 'colcon_pkg'
[0.517s] Level 1:colcon.colcon_core.package_identification:_identify(backups_iris/iris_with_standoffs/meshes) by extensions ['colcon_meta']
[0.517s] Level 1:colcon.colcon_core.package_identification:_identify(backups_iris/iris_with_standoffs/meshes) by extension 'colcon_meta'
[0.517s] Level 1:colcon.colcon_core.package_identification:_identify(backups_iris/iris_with_standoffs/meshes) by extensions ['ros']
[0.517s] Level 1:colcon.colcon_core.package_identification:_identify(backups_iris/iris_with_standoffs/meshes) by extension 'ros'
[0.517s] Level 1:colcon.colcon_core.package_identification:_identify(backups_iris/iris_with_standoffs/meshes) by extensions ['cmake', 'python']
[0.517s] Level 1:colcon.colcon_core.package_identification:_identify(backups_iris/iris_with_standoffs/meshes) by extension 'cmake'
[0.517s] Level 1:colcon.colcon_core.package_identification:_identify(backups_iris/iris_with_standoffs/meshes) by extension 'python'
[0.517s] Level 1:colcon.colcon_core.package_identification:_identify(backups_iris/iris_with_standoffs/meshes) by extensions ['python_setup_py']
[0.517s] Level 1:colcon.colcon_core.package_identification:_identify(backups_iris/iris_with_standoffs/meshes) by extension 'python_setup_py'
[0.517s] Level 1:colcon.colcon_core.package_identification:_identify(build) by extensions ['ignore', 'ignore_ament_install']
[0.517s] Level 1:colcon.colcon_core.package_identification:_identify(build) by extension 'ignore'
[0.517s] Level 1:colcon.colcon_core.package_identification:_identify(build) ignored
[0.517s] Level 1:colcon.colcon_core.package_identification:_identify(disabled_models) by extensions ['ignore', 'ignore_ament_install']
[0.517s] Level 1:colcon.colcon_core.package_identification:_identify(disabled_models) by extension 'ignore'
[0.517s] Level 1:colcon.colcon_core.package_identification:_identify(disabled_models) by extension 'ignore_ament_install'
[0.517s] Level 1:colcon.colcon_core.package_identification:_identify(disabled_models) by extensions ['colcon_pkg']
[0.517s] Level 1:colcon.colcon_core.package_identification:_identify(disabled_models) by extension 'colcon_pkg'
[0.517s] Level 1:colcon.colcon_core.package_identification:_identify(disabled_models) by extensions ['colcon_meta']
[0.517s] Level 1:colcon.colcon_core.package_identification:_identify(disabled_models) by extension 'colcon_meta'
[0.517s] Level 1:colcon.colcon_core.package_identification:_identify(disabled_models) by extensions ['ros']
[0.517s] Level 1:colcon.colcon_core.package_identification:_identify(disabled_models) by extension 'ros'
[0.517s] Level 1:colcon.colcon_core.package_identification:_identify(disabled_models) by extensions ['cmake', 'python']
[0.517s] Level 1:colcon.colcon_core.package_identification:_identify(disabled_models) by extension 'cmake'
[0.517s] Level 1:colcon.colcon_core.package_identification:_identify(disabled_models) by extension 'python'
[0.517s] Level 1:colcon.colcon_core.package_identification:_identify(disabled_models) by extensions ['python_setup_py']
[0.517s] Level 1:colcon.colcon_core.package_identification:_identify(disabled_models) by extension 'python_setup_py'
[0.517s] Level 1:colcon.colcon_core.package_identification:_identify(disabled_models/model_graveyard) by extensions ['ignore', 'ignore_ament_install']
[0.518s] Level 1:colcon.colcon_core.package_identification:_identify(disabled_models/model_graveyard) by extension 'ignore'
[0.518s] Level 1:colcon.colcon_core.package_identification:_identify(disabled_models/model_graveyard) by extension 'ignore_ament_install'
[0.518s] Level 1:colcon.colcon_core.package_identification:_identify(disabled_models/model_graveyard) by extensions ['colcon_pkg']
[0.518s] Level 1:colcon.colcon_core.package_identification:_identify(disabled_models/model_graveyard) by extension 'colcon_pkg'
[0.518s] Level 1:colcon.colcon_core.package_identification:_identify(disabled_models/model_graveyard) by extensions ['colcon_meta']
[0.518s] Level 1:colcon.colcon_core.package_identification:_identify(disabled_models/model_graveyard) by extension 'colcon_meta'
[0.518s] Level 1:colcon.colcon_core.package_identification:_identify(disabled_models/model_graveyard) by extensions ['ros']
[0.518s] Level 1:colcon.colcon_core.package_identification:_identify(disabled_models/model_graveyard) by extension 'ros'
[0.518s] Level 1:colcon.colcon_core.package_identification:_identify(disabled_models/model_graveyard) by extensions ['cmake', 'python']
[0.518s] Level 1:colcon.colcon_core.package_identification:_identify(disabled_models/model_graveyard) by extension 'cmake'
[0.518s] Level 1:colcon.colcon_core.package_identification:_identify(disabled_models/model_graveyard) by extension 'python'
[0.518s] Level 1:colcon.colcon_core.package_identification:_identify(disabled_models/model_graveyard) by extensions ['python_setup_py']
[0.518s] Level 1:colcon.colcon_core.package_identification:_identify(disabled_models/model_graveyard) by extension 'python_setup_py'
[0.518s] Level 1:colcon.colcon_core.package_identification:_identify(disabled_models/model_graveyard/drone_with_camera) by extensions ['ignore', 'ignore_ament_install']
[0.518s] Level 1:colcon.colcon_core.package_identification:_identify(disabled_models/model_graveyard/drone_with_camera) by extension 'ignore'
[0.518s] Level 1:colcon.colcon_core.package_identification:_identify(disabled_models/model_graveyard/drone_with_camera) by extension 'ignore_ament_install'
[0.518s] Level 1:colcon.colcon_core.package_identification:_identify(disabled_models/model_graveyard/drone_with_camera) by extensions ['colcon_pkg']
[0.518s] Level 1:colcon.colcon_core.package_identification:_identify(disabled_models/model_graveyard/drone_with_camera) by extension 'colcon_pkg'
[0.518s] Level 1:colcon.colcon_core.package_identification:_identify(disabled_models/model_graveyard/drone_with_camera) by extensions ['colcon_meta']
[0.518s] Level 1:colcon.colcon_core.package_identification:_identify(disabled_models/model_graveyard/drone_with_camera) by extension 'colcon_meta'
[0.518s] Level 1:colcon.colcon_core.package_identification:_identify(disabled_models/model_graveyard/drone_with_camera) by extensions ['ros']
[0.518s] Level 1:colcon.colcon_core.package_identification:_identify(disabled_models/model_graveyard/drone_with_camera) by extension 'ros'
[0.518s] Level 1:colcon.colcon_core.package_identification:_identify(disabled_models/model_graveyard/drone_with_camera) by extensions ['cmake', 'python']
[0.518s] Level 1:colcon.colcon_core.package_identification:_identify(disabled_models/model_graveyard/drone_with_camera) by extension 'cmake'
[0.518s] Level 1:colcon.colcon_core.package_identification:_identify(disabled_models/model_graveyard/drone_with_camera) by extension 'python'
[0.518s] Level 1:colcon.colcon_core.package_identification:_identify(disabled_models/model_graveyard/drone_with_camera) by extensions ['python_setup_py']
[0.518s] Level 1:colcon.colcon_core.package_identification:_identify(disabled_models/model_graveyard/drone_with_camera) by extension 'python_setup_py'
[0.518s] Level 1:colcon.colcon_core.package_identification:_identify(disabled_models/model_graveyard/drone_with_camera/meshes) by extensions ['ignore', 'ignore_ament_install']
[0.518s] Level 1:colcon.colcon_core.package_identification:_identify(disabled_models/model_graveyard/drone_with_camera/meshes) by extension 'ignore'
[0.518s] Level 1:colcon.colcon_core.package_identification:_identify(disabled_models/model_graveyard/drone_with_camera/meshes) by extension 'ignore_ament_install'
[0.519s] Level 1:colcon.colcon_core.package_identification:_identify(disabled_models/model_graveyard/drone_with_camera/meshes) by extensions ['colcon_pkg']
[0.519s] Level 1:colcon.colcon_core.package_identification:_identify(disabled_models/model_graveyard/drone_with_camera/meshes) by extension 'colcon_pkg'
[0.519s] Level 1:colcon.colcon_core.package_identification:_identify(disabled_models/model_graveyard/drone_with_camera/meshes) by extensions ['colcon_meta']
[0.519s] Level 1:colcon.colcon_core.package_identification:_identify(disabled_models/model_graveyard/drone_with_camera/meshes) by extension 'colcon_meta'
[0.519s] Level 1:colcon.colcon_core.package_identification:_identify(disabled_models/model_graveyard/drone_with_camera/meshes) by extensions ['ros']
[0.519s] Level 1:colcon.colcon_core.package_identification:_identify(disabled_models/model_graveyard/drone_with_camera/meshes) by extension 'ros'
[0.519s] Level 1:colcon.colcon_core.package_identification:_identify(disabled_models/model_graveyard/drone_with_camera/meshes) by extensions ['cmake', 'python']
[0.519s] Level 1:colcon.colcon_core.package_identification:_identify(disabled_models/model_graveyard/drone_with_camera/meshes) by extension 'cmake'
[0.519s] Level 1:colcon.colcon_core.package_identification:_identify(disabled_models/model_graveyard/drone_with_camera/meshes) by extension 'python'
[0.519s] Level 1:colcon.colcon_core.package_identification:_identify(disabled_models/model_graveyard/drone_with_camera/meshes) by extensions ['python_setup_py']
[0.519s] Level 1:colcon.colcon_core.package_identification:_identify(disabled_models/model_graveyard/drone_with_camera/meshes) by extension 'python_setup_py'
[0.519s] Level 1:colcon.colcon_core.package_identification:_identify(disabled_models/model_graveyard/iris_base) by extensions ['ignore', 'ignore_ament_install']
[0.519s] Level 1:colcon.colcon_core.package_identification:_identify(disabled_models/model_graveyard/iris_base) by extension 'ignore'
[0.519s] Level 1:colcon.colcon_core.package_identification:_identify(disabled_models/model_graveyard/iris_base) by extension 'ignore_ament_install'
[0.519s] Level 1:colcon.colcon_core.package_identification:_identify(disabled_models/model_graveyard/iris_base) by extensions ['colcon_pkg']
[0.519s] Level 1:colcon.colcon_core.package_identification:_identify(disabled_models/model_graveyard/iris_base) by extension 'colcon_pkg'
[0.519s] Level 1:colcon.colcon_core.package_identification:_identify(disabled_models/model_graveyard/iris_base) by extensions ['colcon_meta']
[0.519s] Level 1:colcon.colcon_core.package_identification:_identify(disabled_models/model_graveyard/iris_base) by extension 'colcon_meta'
[0.519s] Level 1:colcon.colcon_core.package_identification:_identify(disabled_models/model_graveyard/iris_base) by extensions ['ros']
[0.519s] Level 1:colcon.colcon_core.package_identification:_identify(disabled_models/model_graveyard/iris_base) by extension 'ros'
[0.519s] Level 1:colcon.colcon_core.package_identification:_identify(disabled_models/model_graveyard/iris_base) by extensions ['cmake', 'python']
[0.519s] Level 1:colcon.colcon_core.package_identification:_identify(disabled_models/model_graveyard/iris_base) by extension 'cmake'
[0.519s] Level 1:colcon.colcon_core.package_identification:_identify(disabled_models/model_graveyard/iris_base) by extension 'python'
[0.519s] Level 1:colcon.colcon_core.package_identification:_identify(disabled_models/model_graveyard/iris_base) by extensions ['python_setup_py']
[0.519s] Level 1:colcon.colcon_core.package_identification:_identify(disabled_models/model_graveyard/iris_base) by extension 'python_setup_py'
[0.519s] Level 1:colcon.colcon_core.package_identification:_identify(disabled_models/model_graveyard/iris_base/meshes) by extensions ['ignore', 'ignore_ament_install']
[0.519s] Level 1:colcon.colcon_core.package_identification:_identify(disabled_models/model_graveyard/iris_base/meshes) by extension 'ignore'
[0.519s] Level 1:colcon.colcon_core.package_identification:_identify(disabled_models/model_graveyard/iris_base/meshes) by extension 'ignore_ament_install'
[0.519s] Level 1:colcon.colcon_core.package_identification:_identify(disabled_models/model_graveyard/iris_base/meshes) by extensions ['colcon_pkg']
[0.519s] Level 1:colcon.colcon_core.package_identification:_identify(disabled_models/model_graveyard/iris_base/meshes) by extension 'colcon_pkg'
[0.519s] Level 1:colcon.colcon_core.package_identification:_identify(disabled_models/model_graveyard/iris_base/meshes) by extensions ['colcon_meta']
[0.519s] Level 1:colcon.colcon_core.package_identification:_identify(disabled_models/model_graveyard/iris_base/meshes) by extension 'colcon_meta'
[0.519s] Level 1:colcon.colcon_core.package_identification:_identify(disabled_models/model_graveyard/iris_base/meshes) by extensions ['ros']
[0.519s] Level 1:colcon.colcon_core.package_identification:_identify(disabled_models/model_graveyard/iris_base/meshes) by extension 'ros'
[0.520s] Level 1:colcon.colcon_core.package_identification:_identify(disabled_models/model_graveyard/iris_base/meshes) by extensions ['cmake', 'python']
[0.520s] Level 1:colcon.colcon_core.package_identification:_identify(disabled_models/model_graveyard/iris_base/meshes) by extension 'cmake'
[0.520s] Level 1:colcon.colcon_core.package_identification:_identify(disabled_models/model_graveyard/iris_base/meshes) by extension 'python'
[0.520s] Level 1:colcon.colcon_core.package_identification:_identify(disabled_models/model_graveyard/iris_base/meshes) by extensions ['python_setup_py']
[0.520s] Level 1:colcon.colcon_core.package_identification:_identify(disabled_models/model_graveyard/iris_base/meshes) by extension 'python_setup_py'
[0.520s] Level 1:colcon.colcon_core.package_identification:_identify(install) by extensions ['ignore', 'ignore_ament_install']
[0.520s] Level 1:colcon.colcon_core.package_identification:_identify(install) by extension 'ignore'
[0.520s] Level 1:colcon.colcon_core.package_identification:_identify(install) ignored
[0.520s] Level 1:colcon.colcon_core.package_identification:_identify(log) by extensions ['ignore', 'ignore_ament_install']
[0.520s] Level 1:colcon.colcon_core.package_identification:_identify(log) by extension 'ignore'
[0.520s] Level 1:colcon.colcon_core.package_identification:_identify(log) ignored
[0.520s] Level 1:colcon.colcon_core.package_identification:_identify(tag_hover_sim) by extensions ['ignore', 'ignore_ament_install']
[0.520s] Level 1:colcon.colcon_core.package_identification:_identify(tag_hover_sim) by extension 'ignore'
[0.520s] Level 1:colcon.colcon_core.package_identification:_identify(tag_hover_sim) by extension 'ignore_ament_install'
[0.520s] Level 1:colcon.colcon_core.package_identification:_identify(tag_hover_sim) by extensions ['colcon_pkg']
[0.520s] Level 1:colcon.colcon_core.package_identification:_identify(tag_hover_sim) by extension 'colcon_pkg'
[0.520s] Level 1:colcon.colcon_core.package_identification:_identify(tag_hover_sim) by extensions ['colcon_meta']
[0.520s] Level 1:colcon.colcon_core.package_identification:_identify(tag_hover_sim) by extension 'colcon_meta'
[0.520s] Level 1:colcon.colcon_core.package_identification:_identify(tag_hover_sim) by extensions ['ros']
[0.520s] Level 1:colcon.colcon_core.package_identification:_identify(tag_hover_sim) by extension 'ros'
[0.521s] DEBUG:colcon.colcon_core.package_identification:Package 'tag_hover_sim' with type 'ros.ament_python' and name 'tag_hover_sim'
[0.521s] Level 1:colcon.colcon_core.package_discovery:discover_packages(recursive) using defaults
[0.521s] Level 1:colcon.colcon_core.package_discovery:discover_packages(ignore) discover
[0.521s] Level 1:colcon.colcon_core.package_discovery:discover_packages(ignore) using defaults
[0.521s] Level 1:colcon.colcon_core.package_discovery:discover_packages(path) discover
[0.521s] Level 1:colcon.colcon_core.package_discovery:discover_packages(path) using defaults
[0.537s] Level 1:colcon.colcon_core.package_discovery:discover_packages(prefix_path) check parameters
[0.537s] Level 1:colcon.colcon_core.package_discovery:discover_packages(prefix_path) discover
[0.538s] DEBUG:colcon.colcon_installed_package_information.package_discovery:Found 2 installed packages in /home/javierbecerril/harmonic_ws/install
[0.539s] DEBUG:colcon.colcon_installed_package_information.package_discovery:Found 339 installed packages in /opt/ros/jazzy
[0.540s] Level 1:colcon.colcon_core.package_discovery:discover_packages(prefix_path) using defaults
[0.579s] Level 5:colcon.colcon_core.verb:set package 'ardupilot_gazebo' build argument 'cmake_args' from command line to 'None'
[0.579s] Level 5:colcon.colcon_core.verb:set package 'ardupilot_gazebo' build argument 'cmake_target' from command line to 'None'
[0.579s] Level 5:colcon.colcon_core.verb:set package 'ardupilot_gazebo' build argument 'cmake_target_skip_unavailable' from command line to 'False'
[0.579s] Level 5:colcon.colcon_core.verb:set package 'ardupilot_gazebo' build argument 'cmake_clean_cache' from command line to 'False'
[0.579s] Level 5:colcon.colcon_core.verb:set package 'ardupilot_gazebo' build argument 'cmake_clean_first' from command line to 'False'
[0.579s] Level 5:colcon.colcon_core.verb:set package 'ardupilot_gazebo' build argument 'cmake_force_configure' from command line to 'False'
[0.579s] Level 5:colcon.colcon_core.verb:set package 'ardupilot_gazebo' build argument 'ament_cmake_args' from command line to 'None'
[0.579s] Level 5:colcon.colcon_core.verb:set package 'ardupilot_gazebo' build argument 'catkin_cmake_args' from command line to 'None'
[0.579s] Level 5:colcon.colcon_core.verb:set package 'ardupilot_gazebo' build argument 'catkin_skip_building_tests' from command line to 'False'
[0.579s] DEBUG:colcon.colcon_core.verb:Building package 'ardupilot_gazebo' with the following arguments: {'ament_cmake_args': None, 'build_base': '/home/javierbecerril/harmonic_ws/src/build/ardupilot_gazebo', 'catkin_cmake_args': None, 'catkin_skip_building_tests': False, 'cmake_args': None, 'cmake_clean_cache': False, 'cmake_clean_first': False, 'cmake_force_configure': False, 'cmake_target': None, 'cmake_target_skip_unavailable': False, 'install_base': '/home/javierbecerril/harmonic_ws/src/install/ardupilot_gazebo', 'merge_install': False, 'path': '/home/javierbecerril/harmonic_ws/src/ardupilot_gazebo', 'symlink_install': False, 'test_result_base': None}
[0.579s] Level 5:colcon.colcon_core.verb:set package 'tag_hover_sim' build argument 'cmake_args' from command line to 'None'
[0.579s] Level 5:colcon.colcon_core.verb:set package 'tag_hover_sim' build argument 'cmake_target' from command line to 'None'
[0.579s] Level 5:colcon.colcon_core.verb:set package 'tag_hover_sim' build argument 'cmake_target_skip_unavailable' from command line to 'False'
[0.579s] Level 5:colcon.colcon_core.verb:set package 'tag_hover_sim' build argument 'cmake_clean_cache' from command line to 'False'
[0.579s] Level 5:colcon.colcon_core.verb:set package 'tag_hover_sim' build argument 'cmake_clean_first' from command line to 'False'
[0.579s] Level 5:colcon.colcon_core.verb:set package 'tag_hover_sim' build argument 'cmake_force_configure' from command line to 'False'
[0.579s] Level 5:colcon.colcon_core.verb:set package 'tag_hover_sim' build argument 'ament_cmake_args' from command line to 'None'
[0.579s] Level 5:colcon.colcon_core.verb:set package 'tag_hover_sim' build argument 'catkin_cmake_args' from command line to 'None'
[0.579s] Level 5:colcon.colcon_core.verb:set package 'tag_hover_sim' build argument 'catkin_skip_building_tests' from command line to 'False'
[0.579s] DEBUG:colcon.colcon_core.verb:Building package 'tag_hover_sim' with the following arguments: {'ament_cmake_args': None, 'build_base': '/home/javierbecerril/harmonic_ws/src/build/tag_hover_sim', 'catkin_cmake_args': None, 'catkin_skip_building_tests': False, 'cmake_args': None, 'cmake_clean_cache': False, 'cmake_clean_first': False, 'cmake_force_configure': False, 'cmake_target': None, 'cmake_target_skip_unavailable': False, 'install_base': '/home/javierbecerril/harmonic_ws/src/install/tag_hover_sim', 'merge_install': False, 'path': '/home/javierbecerril/harmonic_ws/src/tag_hover_sim', 'symlink_install': False, 'test_result_base': None}
[0.580s] INFO:colcon.colcon_core.executor:Executing jobs using 'parallel' executor
[0.581s] DEBUG:colcon.colcon_parallel_executor.executor.parallel:run_until_complete
[0.581s] INFO:colcon.colcon_ros.task.ament_cmake.build:Building ROS package in '/home/javierbecerril/harmonic_ws/src/ardupilot_gazebo' with build type 'ament_cmake'
[0.581s] INFO:colcon.colcon_cmake.task.cmake.build:Building CMake package in '/home/javierbecerril/harmonic_ws/src/ardupilot_gazebo'
[0.583s] INFO:colcon.colcon_core.plugin_system:Skipping extension 'colcon_core.shell.bat': Not used on non-Windows systems
[0.584s] INFO:colcon.colcon_core.shell:Skip shell extension 'powershell' for command environment: Not usable outside of PowerShell
[0.584s] DEBUG:colcon.colcon_core.shell:Skip shell extension 'dsv' for command environment
[0.587s] INFO:colcon.colcon_ros.task.ament_python.build:Building ROS package in '/home/javierbecerril/harmonic_ws/src/tag_hover_sim' with build type 'ament_python'
[0.587s] Level 1:colcon.colcon_core.shell:create_environment_hook('tag_hover_sim', 'ament_prefix_path')
[0.587s] INFO:colcon.colcon_core.shell:Creating environment hook '/home/javierbecerril/harmonic_ws/src/install/tag_hover_sim/share/tag_hover_sim/hook/ament_prefix_path.ps1'
[0.588s] INFO:colcon.colcon_core.shell:Creating environment descriptor '/home/javierbecerril/harmonic_ws/src/install/tag_hover_sim/share/tag_hover_sim/hook/ament_prefix_path.dsv'
[0.588s] INFO:colcon.colcon_core.shell:Creating environment hook '/home/javierbecerril/harmonic_ws/src/install/tag_hover_sim/share/tag_hover_sim/hook/ament_prefix_path.sh'
[0.589s] INFO:colcon.colcon_core.shell:Skip shell extension 'powershell' for command environment: Not usable outside of PowerShell
[0.589s] DEBUG:colcon.colcon_core.shell:Skip shell extension 'dsv' for command environment
[0.599s] DEBUG:colcon.colcon_core.event_handler.log_command:Invoking command in '/home/javierbecerril/harmonic_ws/src/build/ardupilot_gazebo': CMAKE_PREFIX_PATH=${CMAKE_PREFIX_PATH}:/home/javierbecerril/harmonic_ws/install/tag_hover_sim:/opt/ros/jazzy DEBUGINFOD_URLS=https://debuginfod.ubuntu.com PS1=\[\e]0;\u@\h: \w\a\]${debian_chroot:+($debian_chroot)}\[\033[01;32m\]\u@\h\[\033[00m\]:\[\033[01;34m\]\w\[\033[00m\]\$ /usr/bin/cmake --build /home/javierbecerril/harmonic_ws/src/build/ardupilot_gazebo -- -j12 -l12
[-0.320s] INFO:colcon.colcon_core.task.python.build:Building Python package in '/home/javierbecerril/harmonic_ws/src/tag_hover_sim'
[-0.320s] INFO:colcon.colcon_core.shell:Skip shell extension 'powershell' for command environment: Not usable outside of PowerShell
[-0.319s] DEBUG:colcon.colcon_core.shell:Skip shell extension 'dsv' for command environment
[-0.315s] DEBUG:colcon.colcon_core.event_handler.log_command:Invoked command in '/home/javierbecerril/harmonic_ws/src/build/ardupilot_gazebo' returned '0': CMAKE_PREFIX_PATH=${CMAKE_PREFIX_PATH}:/home/javierbecerril/harmonic_ws/install/tag_hover_sim:/opt/ros/jazzy DEBUGINFOD_URLS=https://debuginfod.ubuntu.com PS1=\[\e]0;\u@\h: \w\a\]${debian_chroot:+($debian_chroot)}\[\033[01;32m\]\u@\h\[\033[00m\]:\[\033[01;34m\]\w\[\033[00m\]\$ /usr/bin/cmake --build /home/javierbecerril/harmonic_ws/src/build/ardupilot_gazebo -- -j12 -l12
[-0.305s] DEBUG:colcon.colcon_core.event_handler.log_command:Invoking command in '/home/javierbecerril/harmonic_ws/src/build/ardupilot_gazebo': CMAKE_PREFIX_PATH=${CMAKE_PREFIX_PATH}:/home/javierbecerril/harmonic_ws/install/tag_hover_sim:/opt/ros/jazzy DEBUGINFOD_URLS=https://debuginfod.ubuntu.com PS1=\[\e]0;\u@\h: \w\a\]${debian_chroot:+($debian_chroot)}\[\033[01;32m\]\u@\h\[\033[00m\]:\[\033[01;34m\]\w\[\033[00m\]\$ /usr/bin/cmake --install /home/javierbecerril/harmonic_ws/src/build/ardupilot_gazebo
[-0.284s] Level 1:colcon.colcon_core.environment:create_environment_scripts_only(ardupilot_gazebo)
[-0.283s] DEBUG:colcon.colcon_core.event_handler.log_command:Invoked command in '/home/javierbecerril/harmonic_ws/src/build/ardupilot_gazebo' returned '0': CMAKE_PREFIX_PATH=${CMAKE_PREFIX_PATH}:/home/javierbecerril/harmonic_ws/install/tag_hover_sim:/opt/ros/jazzy DEBUGINFOD_URLS=https://debuginfod.ubuntu.com PS1=\[\e]0;\u@\h: \w\a\]${debian_chroot:+($debian_chroot)}\[\033[01;32m\]\u@\h\[\033[00m\]:\[\033[01;34m\]\w\[\033[00m\]\$ /usr/bin/cmake --install /home/javierbecerril/harmonic_ws/src/build/ardupilot_gazebo
[-0.281s] Level 1:colcon.colcon_core.environment:checking '/home/javierbecerril/harmonic_ws/src/install/ardupilot_gazebo' for CMake module files
[-0.281s] Level 1:colcon.colcon_core.environment:checking '/home/javierbecerril/harmonic_ws/src/install/ardupilot_gazebo' for CMake config files
[-0.281s] Level 1:colcon.colcon_core.shell:create_environment_hook('ardupilot_gazebo', 'cmake_prefix_path')
[-0.280s] INFO:colcon.colcon_core.shell:Creating environment hook '/home/javierbecerril/harmonic_ws/src/install/ardupilot_gazebo/share/ardupilot_gazebo/hook/cmake_prefix_path.ps1'
[-0.280s] INFO:colcon.colcon_core.shell:Creating environment descriptor '/home/javierbecerril/harmonic_ws/src/install/ardupilot_gazebo/share/ardupilot_gazebo/hook/cmake_prefix_path.dsv'
[-0.280s] INFO:colcon.colcon_core.shell:Creating environment hook '/home/javierbecerril/harmonic_ws/src/install/ardupilot_gazebo/share/ardupilot_gazebo/hook/cmake_prefix_path.sh'
[-0.279s] Level 1:colcon.colcon_core.environment:checking '/home/javierbecerril/harmonic_ws/src/install/ardupilot_gazebo/lib'
[-0.279s] Level 1:colcon.colcon_core.environment:checking '/home/javierbecerril/harmonic_ws/src/install/ardupilot_gazebo/bin'
[-0.279s] Level 1:colcon.colcon_core.environment:checking '/home/javierbecerril/harmonic_ws/src/install/ardupilot_gazebo/lib/pkgconfig/ardupilot_gazebo.pc'
[-0.278s] Level 1:colcon.colcon_core.environment:checking '/home/javierbecerril/harmonic_ws/src/install/ardupilot_gazebo/lib/python3.12/site-packages'
[-0.278s] Level 1:colcon.colcon_core.environment:checking '/home/javierbecerril/harmonic_ws/src/install/ardupilot_gazebo/bin'
[-0.278s] INFO:colcon.colcon_core.shell:Creating package script '/home/javierbecerril/harmonic_ws/src/install/ardupilot_gazebo/share/ardupilot_gazebo/package.ps1'
[-0.277s] INFO:colcon.colcon_core.shell:Creating package descriptor '/home/javierbecerril/harmonic_ws/src/install/ardupilot_gazebo/share/ardupilot_gazebo/package.dsv'
[-0.277s] INFO:colcon.colcon_core.shell:Creating package script '/home/javierbecerril/harmonic_ws/src/install/ardupilot_gazebo/share/ardupilot_gazebo/package.sh'
[-0.276s] INFO:colcon.colcon_core.shell:Creating package script '/home/javierbecerril/harmonic_ws/src/install/ardupilot_gazebo/share/ardupilot_gazebo/package.bash'
[-0.276s] INFO:colcon.colcon_core.shell:Creating package script '/home/javierbecerril/harmonic_ws/src/install/ardupilot_gazebo/share/ardupilot_gazebo/package.zsh'
[-0.264s] Level 1:colcon.colcon_core.environment:create_file_with_runtime_dependencies(/home/javierbecerril/harmonic_ws/src/install/ardupilot_gazebo/share/colcon-core/packages/ardupilot_gazebo)
[-0.264s] Level 1:colcon.colcon_core.environment:create_environment_scripts_only(ardupilot_gazebo)
[-0.263s] Level 1:colcon.colcon_core.environment:checking '/home/javierbecerril/harmonic_ws/src/install/ardupilot_gazebo' for CMake module files
[-0.263s] Level 1:colcon.colcon_core.environment:checking '/home/javierbecerril/harmonic_ws/src/install/ardupilot_gazebo' for CMake config files
[-0.263s] Level 1:colcon.colcon_core.shell:create_environment_hook('ardupilot_gazebo', 'cmake_prefix_path')
[-0.263s] INFO:colcon.colcon_core.shell:Creating environment hook '/home/javierbecerril/harmonic_ws/src/install/ardupilot_gazebo/share/ardupilot_gazebo/hook/cmake_prefix_path.ps1'
[-0.262s] INFO:colcon.colcon_core.shell:Creating environment descriptor '/home/javierbecerril/harmonic_ws/src/install/ardupilot_gazebo/share/ardupilot_gazebo/hook/cmake_prefix_path.dsv'
[-0.262s] INFO:colcon.colcon_core.shell:Creating environment hook '/home/javierbecerril/harmonic_ws/src/install/ardupilot_gazebo/share/ardupilot_gazebo/hook/cmake_prefix_path.sh'
[-0.261s] Level 1:colcon.colcon_core.environment:checking '/home/javierbecerril/harmonic_ws/src/install/ardupilot_gazebo/lib'
[-0.261s] Level 1:colcon.colcon_core.environment:checking '/home/javierbecerril/harmonic_ws/src/install/ardupilot_gazebo/bin'
[-0.261s] Level 1:colcon.colcon_core.environment:checking '/home/javierbecerril/harmonic_ws/src/install/ardupilot_gazebo/lib/pkgconfig/ardupilot_gazebo.pc'
[-0.261s] Level 1:colcon.colcon_core.environment:checking '/home/javierbecerril/harmonic_ws/src/install/ardupilot_gazebo/lib/python3.12/site-packages'
[-0.261s] Level 1:colcon.colcon_core.environment:checking '/home/javierbecerril/harmonic_ws/src/install/ardupilot_gazebo/bin'
[-0.261s] INFO:colcon.colcon_core.shell:Creating package script '/home/javierbecerril/harmonic_ws/src/install/ardupilot_gazebo/share/ardupilot_gazebo/package.ps1'
[-0.260s] INFO:colcon.colcon_core.shell:Creating package descriptor '/home/javierbecerril/harmonic_ws/src/install/ardupilot_gazebo/share/ardupilot_gazebo/package.dsv'
[-0.260s] INFO:colcon.colcon_core.shell:Creating package script '/home/javierbecerril/harmonic_ws/src/install/ardupilot_gazebo/share/ardupilot_gazebo/package.sh'
[-0.259s] INFO:colcon.colcon_core.shell:Creating package script '/home/javierbecerril/harmonic_ws/src/install/ardupilot_gazebo/share/ardupilot_gazebo/package.bash'
[-0.259s] INFO:colcon.colcon_core.shell:Creating package script '/home/javierbecerril/harmonic_ws/src/install/ardupilot_gazebo/share/ardupilot_gazebo/package.zsh'
[-0.259s] Level 1:colcon.colcon_core.environment:create_file_with_runtime_dependencies(/home/javierbecerril/harmonic_ws/src/install/ardupilot_gazebo/share/colcon-core/packages/ardupilot_gazebo)
[0.296s] DEBUG:colcon.colcon_core.event_handler.log_command:Invoking command in '/home/javierbecerril/harmonic_ws/src/tag_hover_sim': DEBUGINFOD_URLS=https://debuginfod.ubuntu.com PS1=\[\e]0;\u@\h: \w\a\]${debian_chroot:+($debian_chroot)}\[\033[01;32m\]\u@\h\[\033[00m\]:\[\033[01;34m\]\w\[\033[00m\]\$ PYTHONPATH=/home/javierbecerril/harmonic_ws/src/build/tag_hover_sim/prefix_override:/usr/lib/python3/dist-packages/colcon_core/task/python/colcon_distutils_commands:/home/javierbecerril/harmonic_ws/src/install/tag_hover_sim/lib/python3.12/site-packages:${PYTHONPATH} /usr/bin/python3 -W ignore:setup.py install is deprecated -W ignore:easy_install command is deprecated setup.py egg_info --egg-base ../build/tag_hover_sim build --build-base /home/javierbecerril/harmonic_ws/src/build/tag_hover_sim/build install --record /home/javierbecerril/harmonic_ws/src/build/tag_hover_sim/install.log --single-version-externally-managed install_data
[0.802s] Level 1:colcon.colcon_core.environment:checking '/home/javierbecerril/harmonic_ws/src/install/tag_hover_sim' for CMake module files
[0.802s] DEBUG:colcon.colcon_core.event_handler.log_command:Invoked command in '/home/javierbecerril/harmonic_ws/src/tag_hover_sim' returned '0': DEBUGINFOD_URLS=https://debuginfod.ubuntu.com PS1=\[\e]0;\u@\h: \w\a\]${debian_chroot:+($debian_chroot)}\[\033[01;32m\]\u@\h\[\033[00m\]:\[\033[01;34m\]\w\[\033[00m\]\$ PYTHONPATH=/home/javierbecerril/harmonic_ws/src/build/tag_hover_sim/prefix_override:/usr/lib/python3/dist-packages/colcon_core/task/python/colcon_distutils_commands:/home/javierbecerril/harmonic_ws/src/install/tag_hover_sim/lib/python3.12/site-packages:${PYTHONPATH} /usr/bin/python3 -W ignore:setup.py install is deprecated -W ignore:easy_install command is deprecated setup.py egg_info --egg-base ../build/tag_hover_sim build --build-base /home/javierbecerril/harmonic_ws/src/build/tag_hover_sim/build install --record /home/javierbecerril/harmonic_ws/src/build/tag_hover_sim/install.log --single-version-externally-managed install_data
[0.804s] Level 1:colcon.colcon_core.environment:checking '/home/javierbecerril/harmonic_ws/src/install/tag_hover_sim' for CMake config files
[0.807s] Level 1:colcon.colcon_core.environment:checking '/home/javierbecerril/harmonic_ws/src/install/tag_hover_sim/lib'
[0.807s] Level 1:colcon.colcon_core.environment:checking '/home/javierbecerril/harmonic_ws/src/install/tag_hover_sim/bin'
[0.807s] Level 1:colcon.colcon_core.environment:checking '/home/javierbecerril/harmonic_ws/src/install/tag_hover_sim/lib/pkgconfig/tag_hover_sim.pc'
[0.808s] Level 1:colcon.colcon_core.environment:checking '/home/javierbecerril/harmonic_ws/src/install/tag_hover_sim/lib/python3.12/site-packages'
[0.808s] Level 1:colcon.colcon_core.shell:create_environment_hook('tag_hover_sim', 'pythonpath')
[0.808s] INFO:colcon.colcon_core.shell:Creating environment hook '/home/javierbecerril/harmonic_ws/src/install/tag_hover_sim/share/tag_hover_sim/hook/pythonpath.ps1'
[0.808s] INFO:colcon.colcon_core.shell:Creating environment descriptor '/home/javierbecerril/harmonic_ws/src/install/tag_hover_sim/share/tag_hover_sim/hook/pythonpath.dsv'
[0.809s] INFO:colcon.colcon_core.shell:Creating environment hook '/home/javierbecerril/harmonic_ws/src/install/tag_hover_sim/share/tag_hover_sim/hook/pythonpath.sh'
[0.809s] Level 1:colcon.colcon_core.environment:checking '/home/javierbecerril/harmonic_ws/src/install/tag_hover_sim/bin'
[0.809s] Level 1:colcon.colcon_core.environment:create_environment_scripts_only(tag_hover_sim)
[0.810s] INFO:colcon.colcon_core.shell:Creating package script '/home/javierbecerril/harmonic_ws/src/install/tag_hover_sim/share/tag_hover_sim/package.ps1'
[0.810s] INFO:colcon.colcon_core.shell:Creating package descriptor '/home/javierbecerril/harmonic_ws/src/install/tag_hover_sim/share/tag_hover_sim/package.dsv'
[0.810s] INFO:colcon.colcon_core.shell:Creating package script '/home/javierbecerril/harmonic_ws/src/install/tag_hover_sim/share/tag_hover_sim/package.sh'
[0.811s] INFO:colcon.colcon_core.shell:Creating package script '/home/javierbecerril/harmonic_ws/src/install/tag_hover_sim/share/tag_hover_sim/package.bash'
[0.811s] INFO:colcon.colcon_core.shell:Creating package script '/home/javierbecerril/harmonic_ws/src/install/tag_hover_sim/share/tag_hover_sim/package.zsh'
[0.811s] Level 1:colcon.colcon_core.environment:create_file_with_runtime_dependencies(/home/javierbecerril/harmonic_ws/src/install/tag_hover_sim/share/colcon-core/packages/tag_hover_sim)
[0.811s] DEBUG:colcon.colcon_parallel_executor.executor.parallel:closing loop
[0.812s] DEBUG:colcon.colcon_parallel_executor.executor.parallel:loop closed
[0.812s] DEBUG:colcon.colcon_parallel_executor.executor.parallel:run_until_complete finished with '0'
[0.812s] DEBUG:colcon.colcon_core.event_reactor:joining thread
[0.818s] INFO:colcon.colcon_core.plugin_system:Skipping extension 'colcon_notification.desktop_notification.terminal_notifier': Not used on non-Darwin systems
[0.818s] INFO:colcon.colcon_core.plugin_system:Skipping extension 'colcon_notification.desktop_notification.win32': Not used on non-Windows systems
[0.818s] INFO:colcon.colcon_notification.desktop_notification:Sending desktop notification using 'notify2'
[0.819s] DEBUG:colcon.colcon_notification.desktop_notification.notify2:Failed to initialize notify2: org.freedesktop.DBus.Error.ServiceUnknown: The name org.freedesktop.Notifications was not provided by any .service files
[0.819s] DEBUG:colcon.colcon_core.event_reactor:joined thread
[0.820s] INFO:colcon.colcon_core.shell:Creating prefix script '/home/javierbecerril/harmonic_ws/src/install/local_setup.ps1'
[0.820s] INFO:colcon.colcon_core.shell:Creating prefix util module '/home/javierbecerril/harmonic_ws/src/install/_local_setup_util_ps1.py'
[0.821s] INFO:colcon.colcon_core.shell:Creating prefix chain script '/home/javierbecerril/harmonic_ws/src/install/setup.ps1'
[0.822s] INFO:colcon.colcon_core.shell:Creating prefix script '/home/javierbecerril/harmonic_ws/src/install/local_setup.sh'
[0.823s] INFO:colcon.colcon_core.shell:Creating prefix util module '/home/javierbecerril/harmonic_ws/src/install/_local_setup_util_sh.py'
[0.823s] INFO:colcon.colcon_core.shell:Creating prefix chain script '/home/javierbecerril/harmonic_ws/src/install/setup.sh'
[0.824s] INFO:colcon.colcon_core.shell:Creating prefix script '/home/javierbecerril/harmonic_ws/src/install/local_setup.bash'
[0.825s] INFO:colcon.colcon_core.shell:Creating prefix chain script '/home/javierbecerril/harmonic_ws/src/install/setup.bash'
[0.826s] INFO:colcon.colcon_core.shell:Creating prefix script '/home/javierbecerril/harmonic_ws/src/install/local_setup.zsh'
[0.826s] INFO:colcon.colcon_core.shell:Creating prefix chain script '/home/javierbecerril/harmonic_ws/src/install/setup.zsh'
