[2.061s] DEBUG:colcon:Command line arguments: ['/usr/bin/colcon', 'build', '--packages-select', 'ardupilot_gazebo']
[2.061s] DEBUG:colcon:Parsed command line arguments: Namespace(log_base=None, log_level=None, verb_name='build', build_base='build', install_base='install', merge_install=False, symlink_install=False, test_result_base=None, continue_on_error=False, executor='parallel', parallel_workers=12, event_handlers=None, ignore_user_meta=False, metas=['./colcon.meta'], base_paths=['.'], packages_ignore=None, packages_ignore_regex=None, paths=None, packages_up_to=None, packages_up_to_regex=None, packages_above=None, packages_above_and_dependencies=None, packages_above_depth=None, packages_select_by_dep=None, packages_skip_by_dep=None, packages_skip_up_to=None, packages_select_build_failed=False, packages_skip_build_finished=False, packages_select_test_failures=False, packages_skip_test_passed=False, packages_select=['ardupilot_gazebo'], packages_skip=None, packages_select_regex=None, packages_skip_regex=None, packages_start=None, packages_end=None, allow_overriding=[], cmake_args=None, cmake_target=None, cmake_target_skip_unavailable=False, cmake_clean_cache=False, cmake_clean_first=False, cmake_force_configure=False, ament_cmake_args=None, catkin_cmake_args=None, catkin_skip_building_tests=False, mixin_files=None, mixin=None, verb_parser=<colcon_mixin.mixin.mixin_argument.MixinArgumentDecorator object at 0x7db087454f20>, verb_extension=<colcon_core.verb.build.BuildVerb object at 0x7db087454b90>, main=<bound method BuildVerb.main of <colcon_core.verb.build.BuildVerb object at 0x7db087454b90>>, mixin_verb=('build',))
[2.266s] Level 1:colcon.colcon_core.package_discovery:discover_packages(colcon_meta) check parameters
[2.266s] Level 1:colcon.colcon_core.package_discovery:discover_packages(recursive) check parameters
[2.266s] Level 1:colcon.colcon_core.package_discovery:discover_packages(ignore) check parameters
[2.266s] Level 1:colcon.colcon_core.package_discovery:discover_packages(path) check parameters
[2.266s] Level 1:colcon.colcon_core.package_discovery:discover_packages(colcon_meta) discover
[2.267s] Level 1:colcon.colcon_core.package_discovery:discover_packages(recursive) discover
[2.267s] INFO:colcon.colcon_core.package_discovery:Crawling recursively for packages in '/home/javierbecerril/harmonic_ws'
[2.267s] Level 1:colcon.colcon_core.package_identification:_identify(.) by extensions ['ignore', 'ignore_ament_install']
[2.267s] Level 1:colcon.colcon_core.package_identification:_identify(.) by extension 'ignore'
[2.267s] Level 1:colcon.colcon_core.package_identification:_identify(.) by extension 'ignore_ament_install'
[2.268s] Level 1:colcon.colcon_core.package_identification:_identify(.) by extensions ['colcon_pkg']
[2.268s] Level 1:colcon.colcon_core.package_identification:_identify(.) by extension 'colcon_pkg'
[2.268s] Level 1:colcon.colcon_core.package_identification:_identify(.) by extensions ['colcon_meta']
[2.268s] Level 1:colcon.colcon_core.package_identification:_identify(.) by extension 'colcon_meta'
[2.268s] Level 1:colcon.colcon_core.package_identification:_identify(.) by extensions ['ros']
[2.268s] Level 1:colcon.colcon_core.package_identification:_identify(.) by extension 'ros'
[2.361s] Level 1:colcon.colcon_core.package_identification:_identify(.) by extensions ['cmake', 'python']
[2.362s] Level 1:colcon.colcon_core.package_identification:_identify(.) by extension 'cmake'
[2.362s] Level 1:colcon.colcon_core.package_identification:_identify(.) by extension 'python'
[2.362s] Level 1:colcon.colcon_core.package_identification:_identify(.) by extensions ['python_setup_py']
[2.362s] Level 1:colcon.colcon_core.package_identification:_identify(.) by extension 'python_setup_py'
[2.363s] Level 1:colcon.colcon_core.package_identification:_identify(build) by extensions ['ignore', 'ignore_ament_install']
[2.363s] Level 1:colcon.colcon_core.package_identification:_identify(build) by extension 'ignore'
[2.363s] Level 1:colcon.colcon_core.package_identification:_identify(build) ignored
[2.364s] Level 1:colcon.colcon_core.package_identification:_identify(install) by extensions ['ignore', 'ignore_ament_install']
[2.364s] Level 1:colcon.colcon_core.package_identification:_identify(install) by extension 'ignore'
[2.365s] Level 1:colcon.colcon_core.package_identification:_identify(install) ignored
[2.365s] Level 1:colcon.colcon_core.package_identification:_identify(log) by extensions ['ignore', 'ignore_ament_install']
[2.365s] Level 1:colcon.colcon_core.package_identification:_identify(log) by extension 'ignore'
[2.365s] Level 1:colcon.colcon_core.package_identification:_identify(log) ignored
[2.366s] Level 1:colcon.colcon_core.package_identification:_identify(src) by extensions ['ignore', 'ignore_ament_install']
[2.366s] Level 1:colcon.colcon_core.package_identification:_identify(src) by extension 'ignore'
[2.366s] Level 1:colcon.colcon_core.package_identification:_identify(src) by extension 'ignore_ament_install'
[2.366s] Level 1:colcon.colcon_core.package_identification:_identify(src) by extensions ['colcon_pkg']
[2.366s] Level 1:colcon.colcon_core.package_identification:_identify(src) by extension 'colcon_pkg'
[2.366s] Level 1:colcon.colcon_core.package_identification:_identify(src) by extensions ['colcon_meta']
[2.366s] Level 1:colcon.colcon_core.package_identification:_identify(src) by extension 'colcon_meta'
[2.366s] Level 1:colcon.colcon_core.package_identification:_identify(src) by extensions ['ros']
[2.366s] Level 1:colcon.colcon_core.package_identification:_identify(src) by extension 'ros'
[2.366s] Level 1:colcon.colcon_core.package_identification:_identify(src) by extensions ['cmake', 'python']
[2.367s] Level 1:colcon.colcon_core.package_identification:_identify(src) by extension 'cmake'
[2.367s] Level 1:colcon.colcon_core.package_identification:_identify(src) by extension 'python'
[2.367s] Level 1:colcon.colcon_core.package_identification:_identify(src) by extensions ['python_setup_py']
[2.367s] Level 1:colcon.colcon_core.package_identification:_identify(src) by extension 'python_setup_py'
[2.368s] Level 1:colcon.colcon_core.package_identification:_identify(src/ardupilot_gazebo) by extensions ['ignore', 'ignore_ament_install']
[2.368s] Level 1:colcon.colcon_core.package_identification:_identify(src/ardupilot_gazebo) by extension 'ignore'
[2.368s] Level 1:colcon.colcon_core.package_identification:_identify(src/ardupilot_gazebo) by extension 'ignore_ament_install'
[2.368s] Level 1:colcon.colcon_core.package_identification:_identify(src/ardupilot_gazebo) by extensions ['colcon_pkg']
[2.368s] Level 1:colcon.colcon_core.package_identification:_identify(src/ardupilot_gazebo) by extension 'colcon_pkg'
[2.368s] Level 1:colcon.colcon_core.package_identification:_identify(src/ardupilot_gazebo) by extensions ['colcon_meta']
[2.368s] Level 1:colcon.colcon_core.package_identification:_identify(src/ardupilot_gazebo) by extension 'colcon_meta'
[2.368s] Level 1:colcon.colcon_core.package_identification:_identify(src/ardupilot_gazebo) by extensions ['ros']
[2.368s] Level 1:colcon.colcon_core.package_identification:_identify(src/ardupilot_gazebo) by extension 'ros'
[2.395s] DEBUG:colcon.colcon_core.package_identification:Package 'src/ardupilot_gazebo' with type 'ros.ament_cmake' and name 'ardupilot_gazebo'
[2.396s] Level 1:colcon.colcon_core.package_identification:_identify(src/tag_hover_sim) by extensions ['ignore', 'ignore_ament_install']
[2.397s] Level 1:colcon.colcon_core.package_identification:_identify(src/tag_hover_sim) by extension 'ignore'
[2.397s] Level 1:colcon.colcon_core.package_identification:_identify(src/tag_hover_sim) by extension 'ignore_ament_install'
[2.397s] Level 1:colcon.colcon_core.package_identification:_identify(src/tag_hover_sim) by extensions ['colcon_pkg']
[2.397s] Level 1:colcon.colcon_core.package_identification:_identify(src/tag_hover_sim) by extension 'colcon_pkg'
[2.397s] Level 1:colcon.colcon_core.package_identification:_identify(src/tag_hover_sim) by extensions ['colcon_meta']
[2.397s] Level 1:colcon.colcon_core.package_identification:_identify(src/tag_hover_sim) by extension 'colcon_meta'
[2.397s] Level 1:colcon.colcon_core.package_identification:_identify(src/tag_hover_sim) by extensions ['ros']
[2.397s] Level 1:colcon.colcon_core.package_identification:_identify(src/tag_hover_sim) by extension 'ros'
[2.401s] DEBUG:colcon.colcon_core.package_identification:Package 'src/tag_hover_sim' with type 'ros.ament_python' and name 'tag_hover_sim'
[2.401s] Level 1:colcon.colcon_core.package_discovery:discover_packages(recursive) using defaults
[2.401s] Level 1:colcon.colcon_core.package_discovery:discover_packages(ignore) discover
[2.402s] Level 1:colcon.colcon_core.package_discovery:discover_packages(ignore) using defaults
[2.402s] Level 1:colcon.colcon_core.package_discovery:discover_packages(path) discover
[2.402s] Level 1:colcon.colcon_core.package_discovery:discover_packages(path) using defaults
[2.485s] INFO:colcon.colcon_core.package_selection:Skipping not selected package 'tag_hover_sim' in 'src/tag_hover_sim'
[2.487s] Level 1:colcon.colcon_core.package_discovery:discover_packages(prefix_path) check parameters
[2.487s] Level 1:colcon.colcon_core.package_discovery:discover_packages(prefix_path) discover
[2.519s] DEBUG:colcon.colcon_installed_package_information.package_discovery:Found 339 installed packages in /opt/ros/jazzy
[2.521s] Level 1:colcon.colcon_core.package_discovery:discover_packages(prefix_path) using defaults
[2.875s] Level 5:colcon.colcon_core.verb:set package 'ardupilot_gazebo' build argument 'cmake_args' from command line to 'None'
[2.875s] Level 5:colcon.colcon_core.verb:set package 'ardupilot_gazebo' build argument 'cmake_target' from command line to 'None'
[2.875s] Level 5:colcon.colcon_core.verb:set package 'ardupilot_gazebo' build argument 'cmake_target_skip_unavailable' from command line to 'False'
[2.875s] Level 5:colcon.colcon_core.verb:set package 'ardupilot_gazebo' build argument 'cmake_clean_cache' from command line to 'False'
[2.875s] Level 5:colcon.colcon_core.verb:set package 'ardupilot_gazebo' build argument 'cmake_clean_first' from command line to 'False'
[2.875s] Level 5:colcon.colcon_core.verb:set package 'ardupilot_gazebo' build argument 'cmake_force_configure' from command line to 'False'
[2.875s] Level 5:colcon.colcon_core.verb:set package 'ardupilot_gazebo' build argument 'ament_cmake_args' from command line to 'None'
[2.875s] Level 5:colcon.colcon_core.verb:set package 'ardupilot_gazebo' build argument 'catkin_cmake_args' from command line to 'None'
[2.875s] Level 5:colcon.colcon_core.verb:set package 'ardupilot_gazebo' build argument 'catkin_skip_building_tests' from command line to 'False'
[2.875s] DEBUG:colcon.colcon_core.verb:Building package 'ardupilot_gazebo' with the following arguments: {'ament_cmake_args': None, 'build_base': '/home/javierbecerril/harmonic_ws/build/ardupilot_gazebo', 'catkin_cmake_args': None, 'catkin_skip_building_tests': False, 'cmake_args': None, 'cmake_clean_cache': False, 'cmake_clean_first': False, 'cmake_force_configure': False, 'cmake_target': None, 'cmake_target_skip_unavailable': False, 'install_base': '/home/javierbecerril/harmonic_ws/install/ardupilot_gazebo', 'merge_install': False, 'path': '/home/javierbecerril/harmonic_ws/src/ardupilot_gazebo', 'symlink_install': False, 'test_result_base': None}
[2.875s] INFO:colcon.colcon_core.executor:Executing jobs using 'parallel' executor
[2.877s] DEBUG:colcon.colcon_parallel_executor.executor.parallel:run_until_complete
[2.877s] INFO:colcon.colcon_ros.task.ament_cmake.build:Building ROS package in '/home/javierbecerril/harmonic_ws/src/ardupilot_gazebo' with build type 'ament_cmake'
[2.877s] INFO:colcon.colcon_cmake.task.cmake.build:Building CMake package in '/home/javierbecerril/harmonic_ws/src/ardupilot_gazebo'
[2.891s] INFO:colcon.colcon_core.plugin_system:Skipping extension 'colcon_core.shell.bat': Not used on non-Windows systems
[2.892s] INFO:colcon.colcon_core.shell:Skip shell extension 'powershell' for command environment: Not usable outside of PowerShell
[2.892s] DEBUG:colcon.colcon_core.shell:Skip shell extension 'dsv' for command environment
[2.915s] DEBUG:colcon.colcon_core.event_handler.log_command:Invoking command in '/home/javierbecerril/harmonic_ws/build/ardupilot_gazebo': CMAKE_PREFIX_PATH=${CMAKE_PREFIX_PATH}:/opt/ros/jazzy DEBUGINFOD_URLS=https://debuginfod.ubuntu.com PS1=\[\e]0;\u@\h: \w\a\]${debian_chroot:+($debian_chroot)}\[\033[01;32m\]\u@\h\[\033[00m\]:\[\033[01;34m\]\w\[\033[00m\]\$ /usr/bin/cmake --build /home/javierbecerril/harmonic_ws/build/ardupilot_gazebo -- -j12 -l12
[3.583s] DEBUG:colcon.colcon_core.event_handler.log_command:Invoked command in '/home/javierbecerril/harmonic_ws/build/ardupilot_gazebo' returned '0': CMAKE_PREFIX_PATH=${CMAKE_PREFIX_PATH}:/opt/ros/jazzy DEBUGINFOD_URLS=https://debuginfod.ubuntu.com PS1=\[\e]0;\u@\h: \w\a\]${debian_chroot:+($debian_chroot)}\[\033[01;32m\]\u@\h\[\033[00m\]:\[\033[01;34m\]\w\[\033[00m\]\$ /usr/bin/cmake --build /home/javierbecerril/harmonic_ws/build/ardupilot_gazebo -- -j12 -l12
[3.605s] DEBUG:colcon.colcon_core.event_handler.log_command:Invoking command in '/home/javierbecerril/harmonic_ws/build/ardupilot_gazebo': CMAKE_PREFIX_PATH=${CMAKE_PREFIX_PATH}:/opt/ros/jazzy DEBUGINFOD_URLS=https://debuginfod.ubuntu.com PS1=\[\e]0;\u@\h: \w\a\]${debian_chroot:+($debian_chroot)}\[\033[01;32m\]\u@\h\[\033[00m\]:\[\033[01;34m\]\w\[\033[00m\]\$ /usr/bin/cmake --install /home/javierbecerril/harmonic_ws/build/ardupilot_gazebo
[3.670s] Level 1:colcon.colcon_core.environment:create_environment_scripts_only(ardupilot_gazebo)
[3.671s] DEBUG:colcon.colcon_core.event_handler.log_command:Invoked command in '/home/javierbecerril/harmonic_ws/build/ardupilot_gazebo' returned '0': CMAKE_PREFIX_PATH=${CMAKE_PREFIX_PATH}:/opt/ros/jazzy DEBUGINFOD_URLS=https://debuginfod.ubuntu.com PS1=\[\e]0;\u@\h: \w\a\]${debian_chroot:+($debian_chroot)}\[\033[01;32m\]\u@\h\[\033[00m\]:\[\033[01;34m\]\w\[\033[00m\]\$ /usr/bin/cmake --install /home/javierbecerril/harmonic_ws/build/ardupilot_gazebo
[3.698s] Level 1:colcon.colcon_core.environment:checking '/home/javierbecerril/harmonic_ws/install/ardupilot_gazebo' for CMake module files
[3.702s] Level 1:colcon.colcon_core.environment:checking '/home/javierbecerril/harmonic_ws/install/ardupilot_gazebo' for CMake config files
[3.702s] Level 1:colcon.colcon_core.shell:create_environment_hook('ardupilot_gazebo', 'cmake_prefix_path')
[3.703s] INFO:colcon.colcon_core.shell:Creating environment hook '/home/javierbecerril/harmonic_ws/install/ardupilot_gazebo/share/ardupilot_gazebo/hook/cmake_prefix_path.ps1'
[3.705s] INFO:colcon.colcon_core.shell:Creating environment descriptor '/home/javierbecerril/harmonic_ws/install/ardupilot_gazebo/share/ardupilot_gazebo/hook/cmake_prefix_path.dsv'
[3.705s] INFO:colcon.colcon_core.shell:Creating environment hook '/home/javierbecerril/harmonic_ws/install/ardupilot_gazebo/share/ardupilot_gazebo/hook/cmake_prefix_path.sh'
[3.707s] Level 1:colcon.colcon_core.environment:checking '/home/javierbecerril/harmonic_ws/install/ardupilot_gazebo/lib'
[3.707s] Level 1:colcon.colcon_core.environment:checking '/home/javierbecerril/harmonic_ws/install/ardupilot_gazebo/bin'
[3.707s] Level 1:colcon.colcon_core.environment:checking '/home/javierbecerril/harmonic_ws/install/ardupilot_gazebo/lib/pkgconfig/ardupilot_gazebo.pc'
[3.708s] Level 1:colcon.colcon_core.environment:checking '/home/javierbecerril/harmonic_ws/install/ardupilot_gazebo/lib/python3.12/site-packages'
[3.708s] Level 1:colcon.colcon_core.environment:checking '/home/javierbecerril/harmonic_ws/install/ardupilot_gazebo/bin'
[3.708s] INFO:colcon.colcon_core.shell:Creating package script '/home/javierbecerril/harmonic_ws/install/ardupilot_gazebo/share/ardupilot_gazebo/package.ps1'
[3.710s] INFO:colcon.colcon_core.shell:Creating package descriptor '/home/javierbecerril/harmonic_ws/install/ardupilot_gazebo/share/ardupilot_gazebo/package.dsv'
[3.712s] INFO:colcon.colcon_core.shell:Creating package script '/home/javierbecerril/harmonic_ws/install/ardupilot_gazebo/share/ardupilot_gazebo/package.sh'
[3.714s] INFO:colcon.colcon_core.shell:Creating package script '/home/javierbecerril/harmonic_ws/install/ardupilot_gazebo/share/ardupilot_gazebo/package.bash'
[3.716s] INFO:colcon.colcon_core.shell:Creating package script '/home/javierbecerril/harmonic_ws/install/ardupilot_gazebo/share/ardupilot_gazebo/package.zsh'
[3.718s] Level 1:colcon.colcon_core.environment:create_file_with_runtime_dependencies(/home/javierbecerril/harmonic_ws/install/ardupilot_gazebo/share/colcon-core/packages/ardupilot_gazebo)
[3.719s] Level 1:colcon.colcon_core.environment:create_environment_scripts_only(ardupilot_gazebo)
[3.719s] Level 1:colcon.colcon_core.environment:checking '/home/javierbecerril/harmonic_ws/install/ardupilot_gazebo' for CMake module files
[3.720s] Level 1:colcon.colcon_core.environment:checking '/home/javierbecerril/harmonic_ws/install/ardupilot_gazebo' for CMake config files
[3.720s] Level 1:colcon.colcon_core.shell:create_environment_hook('ardupilot_gazebo', 'cmake_prefix_path')
[3.720s] INFO:colcon.colcon_core.shell:Creating environment hook '/home/javierbecerril/harmonic_ws/install/ardupilot_gazebo/share/ardupilot_gazebo/hook/cmake_prefix_path.ps1'
[3.721s] INFO:colcon.colcon_core.shell:Creating environment descriptor '/home/javierbecerril/harmonic_ws/install/ardupilot_gazebo/share/ardupilot_gazebo/hook/cmake_prefix_path.dsv'
[3.721s] INFO:colcon.colcon_core.shell:Creating environment hook '/home/javierbecerril/harmonic_ws/install/ardupilot_gazebo/share/ardupilot_gazebo/hook/cmake_prefix_path.sh'
[3.722s] Level 1:colcon.colcon_core.environment:checking '/home/javierbecerril/harmonic_ws/install/ardupilot_gazebo/lib'
[3.722s] Level 1:colcon.colcon_core.environment:checking '/home/javierbecerril/harmonic_ws/install/ardupilot_gazebo/bin'
[3.722s] Level 1:colcon.colcon_core.environment:checking '/home/javierbecerril/harmonic_ws/install/ardupilot_gazebo/lib/pkgconfig/ardupilot_gazebo.pc'
[3.723s] Level 1:colcon.colcon_core.environment:checking '/home/javierbecerril/harmonic_ws/install/ardupilot_gazebo/lib/python3.12/site-packages'
[3.723s] Level 1:colcon.colcon_core.environment:checking '/home/javierbecerril/harmonic_ws/install/ardupilot_gazebo/bin'
[3.723s] INFO:colcon.colcon_core.shell:Creating package script '/home/javierbecerril/harmonic_ws/install/ardupilot_gazebo/share/ardupilot_gazebo/package.ps1'
[3.724s] INFO:colcon.colcon_core.shell:Creating package descriptor '/home/javierbecerril/harmonic_ws/install/ardupilot_gazebo/share/ardupilot_gazebo/package.dsv'
[3.724s] INFO:colcon.colcon_core.shell:Creating package script '/home/javierbecerril/harmonic_ws/install/ardupilot_gazebo/share/ardupilot_gazebo/package.sh'
[3.725s] INFO:colcon.colcon_core.shell:Creating package script '/home/javierbecerril/harmonic_ws/install/ardupilot_gazebo/share/ardupilot_gazebo/package.bash'
[3.725s] INFO:colcon.colcon_core.shell:Creating package script '/home/javierbecerril/harmonic_ws/install/ardupilot_gazebo/share/ardupilot_gazebo/package.zsh'
[3.726s] Level 1:colcon.colcon_core.environment:create_file_with_runtime_dependencies(/home/javierbecerril/harmonic_ws/install/ardupilot_gazebo/share/colcon-core/packages/ardupilot_gazebo)
[3.726s] DEBUG:colcon.colcon_parallel_executor.executor.parallel:closing loop
[3.726s] DEBUG:colcon.colcon_parallel_executor.executor.parallel:loop closed
[3.726s] DEBUG:colcon.colcon_parallel_executor.executor.parallel:run_until_complete finished with '0'
[3.726s] DEBUG:colcon.colcon_core.event_reactor:joining thread
[3.777s] INFO:colcon.colcon_core.plugin_system:Skipping extension 'colcon_notification.desktop_notification.terminal_notifier': Not used on non-Darwin systems
[3.777s] INFO:colcon.colcon_core.plugin_system:Skipping extension 'colcon_notification.desktop_notification.win32': Not used on non-Windows systems
[3.777s] INFO:colcon.colcon_notification.desktop_notification:Sending desktop notification using 'notify2'
[3.861s] DEBUG:colcon.colcon_notification.desktop_notification.notify2:Failed to initialize notify2: org.freedesktop.DBus.Error.ServiceUnknown: The name org.freedesktop.Notifications was not provided by any .service files
[3.861s] DEBUG:colcon.colcon_core.event_reactor:joined thread
[3.862s] INFO:colcon.colcon_core.shell:Creating prefix script '/home/javierbecerril/harmonic_ws/install/local_setup.ps1'
[3.864s] INFO:colcon.colcon_core.shell:Creating prefix util module '/home/javierbecerril/harmonic_ws/install/_local_setup_util_ps1.py'
[3.867s] INFO:colcon.colcon_core.shell:Creating prefix chain script '/home/javierbecerril/harmonic_ws/install/setup.ps1'
[3.870s] INFO:colcon.colcon_core.shell:Creating prefix script '/home/javierbecerril/harmonic_ws/install/local_setup.sh'
[3.872s] INFO:colcon.colcon_core.shell:Creating prefix util module '/home/javierbecerril/harmonic_ws/install/_local_setup_util_sh.py'
[3.873s] INFO:colcon.colcon_core.shell:Creating prefix chain script '/home/javierbecerril/harmonic_ws/install/setup.sh'
[3.875s] INFO:colcon.colcon_core.shell:Creating prefix script '/home/javierbecerril/harmonic_ws/install/local_setup.bash'
[3.877s] INFO:colcon.colcon_core.shell:Creating prefix chain script '/home/javierbecerril/harmonic_ws/install/setup.bash'
[3.879s] INFO:colcon.colcon_core.shell:Creating prefix script '/home/javierbecerril/harmonic_ws/install/local_setup.zsh'
[3.881s] INFO:colcon.colcon_core.shell:Creating prefix chain script '/home/javierbecerril/harmonic_ws/install/setup.zsh'
