[0.033s] Invoking command in '/home/javierbecerril/harmonic_ws/build/ardupilot_gazebo': CMAKE_PREFIX_PATH=${CMAKE_PREFIX_PATH}:/home/javierbecerril/harmonic_ws/install/tag_hover_sim:/opt/ros/jazzy DEBUGINFOD_URLS=https://debuginfod.ubuntu.com PS1=\[\e]0;\u@\h: \w\a\]${debian_chroot:+($debian_chroot)}\[\033[01;32m\]\u@\h\[\033[00m\]:\[\033[01;34m\]\w\[\033[00m\]\$ /usr/bin/cmake /home/javierbecerril/harmonic_ws/src/ardupilot_gazebo -DCMAKE_INSTALL_PREFIX=/home/javierbecerril/harmonic_ws/install/ardupilot_gazebo
[0.347s] -- Override CMake install command with custom implementation using symlinks instead of copying resources
[0.374s] [0mBuilding ardupilot_gazebo as an `ament_cmake` project.[0m
[0.393s] -- Looking for gz-common5 -- found version 5.7.1
[0.395s] -- Searching for dependencies of gz-common5
[0.396s] -- Looking for gz-utils2 -- found version 2.2.1
[0.396s] -- Searching for dependencies of gz-utils2
[0.398s] -- Looking for dlfcn.h - found
[0.398s] -- Looking for libdl - found
[0.410s] -- Checking for module 'uuid'
[0.427s] --   Found uuid, version 2.39.3
[0.461s] -- Looking for gz-common5 - found
[0.461s] 
[0.463s] -- Looking for gz-rendering8 -- found version 8.2.2
[0.463s] -- Searching for dependencies of gz-rendering8
[0.465s] -- Looking for gz-math7 -- found version 7.5.2
[0.465s] -- Searching for dependencies of gz-math7
[0.465s] -- Looking for gz-utils2 -- found version 2.2.1
[0.467s] -- Searching for <gz-math7> component [eigen3]
[0.468s] -- Looking for gz-math7-eigen3 -- found version 7.5.2
[0.468s] -- Searching for dependencies of gz-math7-eigen3
[0.476s] -- Looking for gz-common5 -- found version 5.7.1
[0.476s] -- Searching for dependencies of gz-common5
[0.476s] -- Looking for gz-utils2 -- found version 2.2.1
[0.477s] -- Looking for dlfcn.h - found
[0.477s] -- Looking for libdl - found
[0.486s] -- Searching for <gz-common5> component [graphics]
[0.488s] -- Looking for gz-common5-graphics -- found version 5.7.1
[0.488s] -- Searching for dependencies of gz-common5-graphics
[0.489s] -- Looking for gz-math7 -- found version 7.5.2
[0.495s] -- Searching for <gz-common5> component [events]
[0.496s] -- Looking for gz-common5-events -- found version 5.7.1
[0.497s] -- Searching for dependencies of gz-common5-events
[0.497s] -- Looking for gz-math7 -- found version 7.5.2
[0.498s] -- Searching for <gz-common5> component [geospatial]
[0.500s] -- Looking for gz-common5-geospatial -- found version 5.7.1
[0.500s] -- Searching for dependencies of gz-common5-geospatial
[0.500s] -- Looking for gz-math7 -- found version 7.5.2
[0.501s] -- Looking for gz-common5 -- found version 5.7.1
[0.505s] -- Looking for gz-plugin2 -- found version 2.0.4
[0.506s] -- Searching for dependencies of gz-plugin2
[0.506s] -- Looking for gz-utils2 -- found version 2.2.1
[0.507s] -- Searching for dependencies of gz-utils2
[0.507s] -- Searching for <gz-utils2> component [cli]
[0.508s] -- Looking for gz-utils2-cli -- found version 2.2.1
[0.508s] -- Searching for dependencies of gz-utils2-cli
[0.511s] -- Searching for <gz-plugin2> component [all]
[0.511s] -- Looking for all libraries of gz-plugin2 -- found version 2.0.4
[0.512s] -- Looking for gz-plugin2 -- found version 2.0.4
[0.513s] -- Looking for gz-plugin2-loader -- found version 2.0.4
[0.514s] -- Searching for dependencies of gz-plugin2-loader
[0.516s] -- Looking for gz-plugin2-register -- found version 2.0.4
[0.516s] -- Searching for dependencies of gz-plugin2-register
[0.519s] -- Looking for gz-utils2 -- found version 2.2.1
[0.591s] -- Looking for gz-rendering8 - found
[0.591s] 
[0.593s] -- Looking for gz-sim8 -- found version 8.10.0
[0.593s] -- Searching for dependencies of gz-sim8
[0.595s] -- Looking for sdformat14 -- found version 14.8.0
[0.596s] -- Searching for dependencies of sdformat14
[0.606s] -- Checking for module 'tinyxml2'
[0.625s] --   Found tinyxml2, version 10.0.0
[0.661s] -- Looking for gz-math7 -- found version 7.5.2
[0.661s] -- Looking for gz-utils2 -- found version 2.2.1
[0.664s] -- Looking for gz-plugin2 -- found version 2.0.4
[0.665s] -- Looking for gz-transport13 -- found version 13.5.0
[0.665s] -- Searching for dependencies of gz-transport13
[4.826s] -- Config-file not installed for ZeroMQ -- checking for pkg-config
[4.831s] -- Checking for module 'libzmq >= 4'
[4.845s] --   Found libzmq, version 4.3.5
[4.894s] -- Looking for gz-utils2 -- found version 2.2.1
[4.895s] -- Looking for gz-msgs10 -- found version 10.3.2
[4.895s] -- Searching for dependencies of gz-msgs10
[7.137s] -- Looking for gz-utils2 -- found version 2.2.1
[7.137s] -- Looking for gz-math7 -- found version 7.5.2
[7.147s] -- Searching for <gz-transport13> component [log]
[7.148s] -- Looking for gz-transport13-log -- found version 13.5.0
[7.148s] -- Searching for dependencies of gz-transport13-log
[7.150s] -- Searching for <gz-transport13> component [parameters]
[7.151s] -- Looking for gz-transport13-parameters -- found version 13.5.0
[7.152s] -- Searching for dependencies of gz-transport13-parameters
[7.154s] -- Looking for gz-msgs10 -- found version 10.3.2
[7.154s] -- Looking for gz-common5 -- found version 5.7.1
[7.154s] -- Searching for dependencies of gz-common5
[7.155s] -- Looking for gz-utils2 -- found version 2.2.1
[7.155s] -- Looking for dlfcn.h - found
[7.155s] -- Looking for libdl - found
[7.162s] -- Searching for <gz-common5> component [av]
[7.163s] -- Looking for gz-common5-av -- found version 5.7.1
[7.164s] -- Searching for dependencies of gz-common5-av
[7.169s] -- Checking for module 'libswscale'
[7.185s] --   Found libswscale, version 7.5.100
[7.221s] -- Checking for module 'libavdevice >= 56.4.100'
[7.234s] --   Found libavdevice, version 60.3.100
[7.288s] -- Checking for module 'libavformat'
[7.302s] --   Found libavformat, version 60.16.100
[7.342s] -- Checking for module 'libavcodec'
[7.356s] --   Found libavcodec, version 60.31.102
[7.395s] -- Checking for module 'libavutil'
[7.410s] --   Found libavutil, version 58.29.100
[7.443s] -- Searching for <gz-common5> component [events]
[7.444s] -- Searching for <gz-common5> component [graphics]
[7.444s] -- Searching for <gz-common5> component [io]
[7.445s] -- Looking for gz-common5-io -- found version 5.7.1
[7.445s] -- Searching for dependencies of gz-common5-io
[7.446s] -- Searching for <gz-common5> component [profiler]
[7.448s] -- Looking for gz-common5-profiler -- found version 5.7.1
[7.448s] -- Searching for dependencies of gz-common5-profiler
[7.452s] -- Looking for gz-fuel_tools9 -- found version 9.1.1
[7.452s] -- Searching for dependencies of gz-fuel_tools9
[9.855s] -- Checking for module 'jsoncpp'
[9.869s] --   Found jsoncpp, version 1.9.5
[11.931s] -- Checking for module 'yaml-0.1'
[11.946s] --   Found yaml-0.1, version 0.2.5
[11.983s] -- Checking for module 'libzip'
[11.999s] --   Found libzip, version 1.7.3
[12.030s] -- Looking for gz-utils2 -- found version 2.2.1
[12.031s] -- Looking for gz-common5 -- found version 5.7.1
[12.031s] -- Searching for dependencies of gz-common5
[12.031s] -- Looking for gz-utils2 -- found version 2.2.1
[12.031s] -- Looking for dlfcn.h - found
[12.031s] -- Looking for libdl - found
[12.039s] -- Searching for <gz-common5> component [testing]
[12.040s] -- Looking for gz-common5-testing -- found version 5.7.1
[12.040s] -- Searching for dependencies of gz-common5-testing
[12.043s] -- Looking for gz-math7 -- found version 7.5.2
[12.043s] -- Looking for gz-msgs10 -- found version 10.3.2
[12.046s] -- Looking for gz-gui8 -- found version 8.4.0
[12.047s] -- Searching for dependencies of gz-gui8
[13.968s] -- Looking for gz-utils2 -- found version 2.2.1
[13.969s] -- Looking for gz-math7 -- found version 7.5.2
[13.969s] -- Looking for gz-common5 -- found version 5.7.1
[13.970s] -- Looking for gz-plugin2 -- found version 2.0.4
[13.970s] -- Looking for gz-transport13 -- found version 13.5.0
[13.971s] -- Looking for gz-rendering8 -- found version 8.2.2
[13.971s] -- Looking for gz-msgs10 -- found version 10.3.2
[14.131s] -- Looking for gz-physics7 -- found version 7.6.0
[14.132s] -- Searching for dependencies of gz-physics7
[14.132s] -- Looking for gz-common5 -- found version 5.7.1
[14.132s] -- Looking for gz-math7 -- found version 7.5.2
[14.132s] -- Looking for gz-plugin2 -- found version 2.0.4
[14.133s] -- Looking for gz-utils2 -- found version 2.2.1
[14.135s] -- Searching for <gz-physics7> component [heightmap]
[14.136s] -- Looking for gz-physics7-heightmap -- found version 7.6.0
[14.136s] -- Searching for dependencies of gz-physics7-heightmap
[14.136s] -- Looking for gz-common5 -- found version 5.7.1
[14.137s] -- Searching for <gz-physics7> component [mesh]
[14.138s] -- Looking for gz-physics7-mesh -- found version 7.6.0
[14.138s] -- Searching for dependencies of gz-physics7-mesh
[14.139s] -- Looking for gz-common5 -- found version 5.7.1
[14.140s] -- Searching for <gz-physics7> component [sdf]
[14.142s] -- Looking for gz-physics7-sdf -- found version 7.6.0
[14.142s] -- Searching for dependencies of gz-physics7-sdf
[14.143s] -- Looking for sdformat14 -- found version 14.8.0
[14.145s] -- Looking for gz-sensors8 -- found version 8.2.2
[14.145s] -- Searching for dependencies of gz-sensors8
[16.206s] -- Looking for gz-math7 -- found version 7.5.2
[16.207s] -- Looking for gz-common5 -- found version 5.7.1
[16.207s] -- Looking for gz-transport13 -- found version 13.5.0
[16.208s] -- Looking for gz-rendering8 -- found version 8.2.2
[16.208s] -- Looking for gz-msgs10 -- found version 10.3.2
[16.209s] -- Looking for sdformat14 -- found version 14.8.0
[16.210s] -- Searching for <gz-sensors8> component [air_pressure]
[16.211s] -- Looking for gz-sensors8-air_pressure -- found version 8.2.2
[16.212s] -- Searching for dependencies of gz-sensors8-air_pressure
[16.213s] -- Searching for <gz-sensors8> component [air_speed]
[16.214s] -- Looking for gz-sensors8-air_speed -- found version 8.2.2
[16.215s] -- Searching for dependencies of gz-sensors8-air_speed
[16.216s] -- Searching for <gz-sensors8> component [altimeter]
[16.217s] -- Looking for gz-sensors8-altimeter -- found version 8.2.2
[16.217s] -- Searching for dependencies of gz-sensors8-altimeter
[16.218s] -- Searching for <gz-sensors8> component [imu]
[16.219s] -- Looking for gz-sensors8-imu -- found version 8.2.2
[16.220s] -- Searching for dependencies of gz-sensors8-imu
[16.221s] -- Searching for <gz-sensors8> component [force_torque]
[16.222s] -- Looking for gz-sensors8-force_torque -- found version 8.2.2
[16.222s] -- Searching for dependencies of gz-sensors8-force_torque
[16.224s] -- Searching for <gz-sensors8> component [logical_camera]
[16.225s] -- Looking for gz-sensors8-logical_camera -- found version 8.2.2
[16.225s] -- Searching for dependencies of gz-sensors8-logical_camera
[16.226s] -- Searching for <gz-sensors8> component [magnetometer]
[16.227s] -- Looking for gz-sensors8-magnetometer -- found version 8.2.2
[16.227s] -- Searching for dependencies of gz-sensors8-magnetometer
[16.229s] -- Searching for <gz-sensors8> component [navsat]
[16.230s] -- Looking for gz-sensors8-navsat -- found version 8.2.2
[16.231s] -- Searching for dependencies of gz-sensors8-navsat
[16.232s] -- Searching for <gz-sensors8> component [dvl]
[16.234s] -- Looking for gz-sensors8-dvl -- found version 8.2.2
[16.234s] -- Searching for dependencies of gz-sensors8-dvl
[16.234s] -- Looking for gz-sensors8 -- found version 8.2.2
[16.234s] -- Searching for dependencies of gz-sensors8
[18.187s] -- Looking for gz-math7 -- found version 7.5.2
[18.187s] -- Looking for gz-common5 -- found version 5.7.1
[18.187s] -- Looking for gz-transport13 -- found version 13.5.0
[18.187s] -- Looking for gz-rendering8 -- found version 8.2.2
[18.188s] -- Looking for gz-msgs10 -- found version 10.3.2
[18.188s] -- Looking for sdformat14 -- found version 14.8.0
[18.188s] -- Searching for <gz-sensors8> component [rendering]
[18.189s] -- Looking for gz-sensors8-rendering -- found version 8.2.2
[18.190s] -- Searching for dependencies of gz-sensors8-rendering
[18.193s] -- Searching for <gz-sensors8> component [rendering]
[18.193s] -- Searching for <gz-sensors8> component [lidar]
[18.194s] -- Looking for gz-sensors8-lidar -- found version 8.2.2
[18.195s] -- Searching for dependencies of gz-sensors8-lidar
[18.195s] -- Looking for gz-sensors8 -- found version 8.2.2
[18.197s] -- Searching for <gz-sensors8> component [gpu_lidar]
[18.198s] -- Looking for gz-sensors8-gpu_lidar -- found version 8.2.2
[18.198s] -- Searching for dependencies of gz-sensors8-gpu_lidar
[18.199s] -- Looking for gz-sensors8 -- found version 8.2.2
[18.200s] -- Searching for <gz-sensors8> component [camera]
[18.201s] -- Looking for gz-sensors8-camera -- found version 8.2.2
[18.201s] -- Searching for dependencies of gz-sensors8-camera
[18.201s] -- Looking for gz-sensors8 -- found version 8.2.2
[18.203s] -- Searching for <gz-sensors8> component [boundingbox_camera]
[18.204s] -- Looking for gz-sensors8-boundingbox_camera -- found version 8.2.2
[18.204s] -- Searching for dependencies of gz-sensors8-boundingbox_camera
[18.205s] -- Searching for <gz-sensors8> component [segmentation_camera]
[18.206s] -- Looking for gz-sensors8-segmentation_camera -- found version 8.2.2
[18.207s] -- Searching for dependencies of gz-sensors8-segmentation_camera
[18.208s] -- Searching for <gz-sensors8> component [depth_camera]
[18.209s] -- Looking for gz-sensors8-depth_camera -- found version 8.2.2
[18.209s] -- Searching for dependencies of gz-sensors8-depth_camera
[18.210s] -- Looking for gz-sensors8 -- found version 8.2.2
[18.212s] -- Searching for <gz-sensors8> component [rgbd_camera]
[18.212s] -- Looking for gz-sensors8-rgbd_camera -- found version 8.2.2
[18.213s] -- Searching for dependencies of gz-sensors8-rgbd_camera
[18.213s] -- Looking for gz-sensors8 -- found version 8.2.2
[18.215s] -- Searching for <gz-sensors8> component [thermal_camera]
[18.215s] -- Looking for gz-sensors8-thermal_camera -- found version 8.2.2
[18.216s] -- Searching for dependencies of gz-sensors8-thermal_camera
[18.216s] -- Looking for gz-sensors8 -- found version 8.2.2
[18.217s] -- Searching for <gz-sensors8> component [wide_angle_camera]
[18.218s] -- Looking for gz-sensors8-wide_angle_camera -- found version 8.2.2
[18.218s] -- Searching for dependencies of gz-sensors8-wide_angle_camera
[18.220s] -- Looking for gz-rendering8 -- found version 8.2.2
[18.220s] -- Looking for gz-math7 -- found version 7.5.2
[18.221s] -- Looking for gz-utils2 -- found version 2.2.1
[20.230s] -- Looking for gz-sim8 - found
[20.230s] 
[20.231s] -- Compiling against Gazebo Harmonic
[20.231s] -- RapidJSON found. Headers: /usr/include
[20.351s] -- Configuring done (20.3s)
[20.407s] -- Generating done (0.0s)
[20.416s] -- Build files have been written to: /home/javierbecerril/harmonic_ws/build/ardupilot_gazebo
