[1.014s] Invoking command in '/home/javierbecerril/harmonic_ws/src/tag_hover_sim': DEBUGINFOD_URLS=https://debuginfod.ubuntu.com PS1=\[\e]0;\u@\h: \w\a\]${debian_chroot:+($debian_chroot)}\[\033[01;32m\]\u@\h\[\033[00m\]:\[\033[01;34m\]\w\[\033[00m\]\$ PYTHONPATH=/home/javierbecerril/harmonic_ws/src/build/tag_hover_sim/prefix_override:/usr/lib/python3/dist-packages/colcon_core/task/python/colcon_distutils_commands:/home/javierbecerril/harmonic_ws/src/install/tag_hover_sim/lib/python3.12/site-packages:${PYTHONPATH} /usr/bin/python3 -W ignore:setup.py install is deprecated -W ignore:easy_install command is deprecated setup.py egg_info --egg-base ../build/tag_hover_sim build --build-base /home/javierbecerril/harmonic_ws/src/build/tag_hover_sim/build install --record /home/javierbecerril/harmonic_ws/src/build/tag_hover_sim/install.log --single-version-externally-managed install_data
[1.331s] running egg_info
[1.331s] creating ../build/tag_hover_sim/tag_hover_sim.egg-info
[1.351s] writing ../build/tag_hover_sim/tag_hover_sim.egg-info/PKG-INFO
[1.351s] writing dependency_links to ../build/tag_hover_sim/tag_hover_sim.egg-info/dependency_links.txt
[1.351s] writing requirements to ../build/tag_hover_sim/tag_hover_sim.egg-info/requires.txt
[1.352s] writing top-level names to ../build/tag_hover_sim/tag_hover_sim.egg-info/top_level.txt
[1.352s] writing manifest file '../build/tag_hover_sim/tag_hover_sim.egg-info/SOURCES.txt'
[1.393s] reading manifest file '../build/tag_hover_sim/tag_hover_sim.egg-info/SOURCES.txt'
[1.394s] writing manifest file '../build/tag_hover_sim/tag_hover_sim.egg-info/SOURCES.txt'
[1.395s] running build
[1.395s] running build_py
[1.395s] creating /home/javierbecerril/harmonic_ws/src/build/tag_hover_sim/build
[1.395s] creating /home/javierbecerril/harmonic_ws/src/build/tag_hover_sim/build/lib
[1.395s] creating /home/javierbecerril/harmonic_ws/src/build/tag_hover_sim/build/lib/tag_hover_sim
[1.396s] copying tag_hover_sim/__init__.py -> /home/javierbecerril/harmonic_ws/src/build/tag_hover_sim/build/lib/tag_hover_sim
[1.396s] copying tag_hover_sim/hover_yaw_search.py -> /home/javierbecerril/harmonic_ws/src/build/tag_hover_sim/build/lib/tag_hover_sim
[1.396s] running install
[1.405s] running install_lib
[1.431s] creating /home/javierbecerril/harmonic_ws/src/install/tag_hover_sim/lib/python3.12/site-packages/tag_hover_sim
[1.431s] copying /home/javierbecerril/harmonic_ws/src/build/tag_hover_sim/build/lib/tag_hover_sim/__init__.py -> /home/javierbecerril/harmonic_ws/src/install/tag_hover_sim/lib/python3.12/site-packages/tag_hover_sim
[1.431s] copying /home/javierbecerril/harmonic_ws/src/build/tag_hover_sim/build/lib/tag_hover_sim/hover_yaw_search.py -> /home/javierbecerril/harmonic_ws/src/install/tag_hover_sim/lib/python3.12/site-packages/tag_hover_sim
[1.432s] byte-compiling /home/javierbecerril/harmonic_ws/src/install/tag_hover_sim/lib/python3.12/site-packages/tag_hover_sim/__init__.py to __init__.cpython-312.pyc
[1.432s] byte-compiling /home/javierbecerril/harmonic_ws/src/install/tag_hover_sim/lib/python3.12/site-packages/tag_hover_sim/hover_yaw_search.py to hover_yaw_search.cpython-312.pyc
[1.433s] running install_data
[1.433s] creating /home/javierbecerril/harmonic_ws/src/install/tag_hover_sim/share/ament_index
[1.433s] creating /home/javierbecerril/harmonic_ws/src/install/tag_hover_sim/share/ament_index/resource_index
[1.433s] creating /home/javierbecerril/harmonic_ws/src/install/tag_hover_sim/share/ament_index/resource_index/packages
[1.434s] copying resource/tag_hover_sim -> /home/javierbecerril/harmonic_ws/src/install/tag_hover_sim/share/ament_index/resource_index/packages
[1.434s] copying package.xml -> /home/javierbecerril/harmonic_ws/src/install/tag_hover_sim/share/tag_hover_sim
[1.434s] creating /home/javierbecerril/harmonic_ws/src/install/tag_hover_sim/share/tag_hover_sim/launch
[1.434s] copying launch/sim_lockon_backbone.launch.py -> /home/javierbecerril/harmonic_ws/src/install/tag_hover_sim/share/tag_hover_sim/launch
[1.435s] creating /home/javierbecerril/harmonic_ws/src/install/tag_hover_sim/share/tag_hover_sim/config
[1.435s] copying config/apriltag_params.yaml -> /home/javierbecerril/harmonic_ws/src/install/tag_hover_sim/share/tag_hover_sim/config
[1.436s] running install_egg_info
[1.459s] Copying ../build/tag_hover_sim/tag_hover_sim.egg-info to /home/javierbecerril/harmonic_ws/src/install/tag_hover_sim/lib/python3.12/site-packages/tag_hover_sim-0.1.0-py3.12.egg-info
[1.460s] running install_scripts
[1.588s] writing list of installed files to '/home/javierbecerril/harmonic_ws/src/build/tag_hover_sim/install.log'
[1.619s] Invoked command in '/home/javierbecerril/harmonic_ws/src/tag_hover_sim' returned '0': DEBUGINFOD_URLS=https://debuginfod.ubuntu.com PS1=\[\e]0;\u@\h: \w\a\]${debian_chroot:+($debian_chroot)}\[\033[01;32m\]\u@\h\[\033[00m\]:\[\033[01;34m\]\w\[\033[00m\]\$ PYTHONPATH=/home/javierbecerril/harmonic_ws/src/build/tag_hover_sim/prefix_override:/usr/lib/python3/dist-packages/colcon_core/task/python/colcon_distutils_commands:/home/javierbecerril/harmonic_ws/src/install/tag_hover_sim/lib/python3.12/site-packages:${PYTHONPATH} /usr/bin/python3 -W ignore:setup.py install is deprecated -W ignore:easy_install command is deprecated setup.py egg_info --egg-base ../build/tag_hover_sim build --build-base /home/javierbecerril/harmonic_ws/src/build/tag_hover_sim/build install --record /home/javierbecerril/harmonic_ws/src/build/tag_hover_sim/install.log --single-version-externally-managed install_data
