[0.306s] DEBUG:colcon:Command line arguments: ['/usr/bin/colcon', 'build']
[0.306s] DEBUG:colcon:Parsed command line arguments: Namespace(log_base=None, log_level=None, verb_name='build', build_base='build', install_base='install', merge_install=False, symlink_install=False, test_result_base=None, continue_on_error=False, executor='parallel', parallel_workers=12, event_handlers=None, ignore_user_meta=False, metas=['./colcon.meta'], base_paths=['.'], packages_ignore=None, packages_ignore_regex=None, paths=None, packages_up_to=None, packages_up_to_regex=None, packages_above=None, packages_above_and_dependencies=None, packages_above_depth=None, packages_select_by_dep=None, packages_skip_by_dep=None, packages_skip_up_to=None, packages_select_build_failed=False, packages_skip_build_finished=False, packages_select_test_failures=False, packages_skip_test_passed=False, packages_select=None, packages_skip=None, packages_select_regex=None, packages_skip_regex=None, packages_start=None, packages_end=None, allow_overriding=[], cmake_args=None, cmake_target=None, cmake_target_skip_unavailable=False, cmake_clean_cache=False, cmake_clean_first=False, cmake_force_configure=False, ament_cmake_args=None, catkin_cmake_args=None, catkin_skip_building_tests=False, mixin_files=None, mixin=None, verb_parser=<colcon_mixin.mixin.mixin_argument.MixinArgumentDecorator object at 0x7a0a25d3cbc0>, verb_extension=<colcon_core.verb.build.BuildVerb object at 0x7a0a25d3c920>, main=<bound method BuildVerb.main of <colcon_core.verb.build.BuildVerb object at 0x7a0a25d3c920>>, mixin_verb=('build',))
[0.405s] Level 1:colcon.colcon_core.package_discovery:discover_packages(colcon_meta) check parameters
[0.405s] Level 1:colcon.colcon_core.package_discovery:discover_packages(recursive) check parameters
[0.405s] Level 1:colcon.colcon_core.package_discovery:discover_packages(ignore) check parameters
[0.405s] Level 1:colcon.colcon_core.package_discovery:discover_packages(path) check parameters
[0.405s] Level 1:colcon.colcon_core.package_discovery:discover_packages(colcon_meta) discover
[0.405s] Level 1:colcon.colcon_core.package_discovery:discover_packages(recursive) discover
[0.405s] INFO:colcon.colcon_core.package_discovery:Crawling recursively for packages in '/home/javierbecerril/harmonic_ws'
[0.405s] Level 1:colcon.colcon_core.package_identification:_identify(.) by extensions ['ignore', 'ignore_ament_install']
[0.405s] Level 1:colcon.colcon_core.package_identification:_identify(.) by extension 'ignore'
[0.405s] Level 1:colcon.colcon_core.package_identification:_identify(.) by extension 'ignore_ament_install'
[0.405s] Level 1:colcon.colcon_core.package_identification:_identify(.) by extensions ['colcon_pkg']
[0.405s] Level 1:colcon.colcon_core.package_identification:_identify(.) by extension 'colcon_pkg'
[0.405s] Level 1:colcon.colcon_core.package_identification:_identify(.) by extensions ['colcon_meta']
[0.405s] Level 1:colcon.colcon_core.package_identification:_identify(.) by extension 'colcon_meta'
[0.405s] Level 1:colcon.colcon_core.package_identification:_identify(.) by extensions ['ros']
[0.405s] Level 1:colcon.colcon_core.package_identification:_identify(.) by extension 'ros'
[0.444s] Level 1:colcon.colcon_core.package_identification:_identify(.) by extensions ['cmake', 'python']
[0.444s] Level 1:colcon.colcon_core.package_identification:_identify(.) by extension 'cmake'
[0.445s] Level 1:colcon.colcon_core.package_identification:_identify(.) by extension 'python'
[0.445s] Level 1:colcon.colcon_core.package_identification:_identify(.) by extensions ['python_setup_py']
[0.445s] Level 1:colcon.colcon_core.package_identification:_identify(.) by extension 'python_setup_py'
[0.445s] Level 1:colcon.colcon_core.package_identification:_identify(build) by extensions ['ignore', 'ignore_ament_install']
[0.445s] Level 1:colcon.colcon_core.package_identification:_identify(build) by extension 'ignore'
[0.445s] Level 1:colcon.colcon_core.package_identification:_identify(build) ignored
[0.445s] Level 1:colcon.colcon_core.package_identification:_identify(install) by extensions ['ignore', 'ignore_ament_install']
[0.445s] Level 1:colcon.colcon_core.package_identification:_identify(install) by extension 'ignore'
[0.446s] Level 1:colcon.colcon_core.package_identification:_identify(install) ignored
[0.446s] Level 1:colcon.colcon_core.package_identification:_identify(log) by extensions ['ignore', 'ignore_ament_install']
[0.446s] Level 1:colcon.colcon_core.package_identification:_identify(log) by extension 'ignore'
[0.446s] Level 1:colcon.colcon_core.package_identification:_identify(log) ignored
[0.446s] Level 1:colcon.colcon_core.package_identification:_identify(src) by extensions ['ignore', 'ignore_ament_install']
[0.446s] Level 1:colcon.colcon_core.package_identification:_identify(src) by extension 'ignore'
[0.446s] Level 1:colcon.colcon_core.package_identification:_identify(src) by extension 'ignore_ament_install'
[0.447s] Level 1:colcon.colcon_core.package_identification:_identify(src) by extensions ['colcon_pkg']
[0.447s] Level 1:colcon.colcon_core.package_identification:_identify(src) by extension 'colcon_pkg'
[0.447s] Level 1:colcon.colcon_core.package_identification:_identify(src) by extensions ['colcon_meta']
[0.447s] Level 1:colcon.colcon_core.package_identification:_identify(src) by extension 'colcon_meta'
[0.447s] Level 1:colcon.colcon_core.package_identification:_identify(src) by extensions ['ros']
[0.447s] Level 1:colcon.colcon_core.package_identification:_identify(src) by extension 'ros'
[0.447s] Level 1:colcon.colcon_core.package_identification:_identify(src) by extensions ['cmake', 'python']
[0.447s] Level 1:colcon.colcon_core.package_identification:_identify(src) by extension 'cmake'
[0.447s] Level 1:colcon.colcon_core.package_identification:_identify(src) by extension 'python'
[0.447s] Level 1:colcon.colcon_core.package_identification:_identify(src) by extensions ['python_setup_py']
[0.447s] Level 1:colcon.colcon_core.package_identification:_identify(src) by extension 'python_setup_py'
[0.447s] Level 1:colcon.colcon_core.package_identification:_identify(src/ardupilot_gazebo) by extensions ['ignore', 'ignore_ament_install']
[0.447s] Level 1:colcon.colcon_core.package_identification:_identify(src/ardupilot_gazebo) by extension 'ignore'
[0.447s] Level 1:colcon.colcon_core.package_identification:_identify(src/ardupilot_gazebo) by extension 'ignore_ament_install'
[0.447s] Level 1:colcon.colcon_core.package_identification:_identify(src/ardupilot_gazebo) by extensions ['colcon_pkg']
[0.447s] Level 1:colcon.colcon_core.package_identification:_identify(src/ardupilot_gazebo) by extension 'colcon_pkg'
[0.447s] Level 1:colcon.colcon_core.package_identification:_identify(src/ardupilot_gazebo) by extensions ['colcon_meta']
[0.447s] Level 1:colcon.colcon_core.package_identification:_identify(src/ardupilot_gazebo) by extension 'colcon_meta'
[0.447s] Level 1:colcon.colcon_core.package_identification:_identify(src/ardupilot_gazebo) by extensions ['ros']
[0.447s] Level 1:colcon.colcon_core.package_identification:_identify(src/ardupilot_gazebo) by extension 'ros'
[0.472s] DEBUG:colcon.colcon_core.package_identification:Package 'src/ardupilot_gazebo' with type 'ros.ament_cmake' and name 'ardupilot_gazebo'
[0.473s] Level 1:colcon.colcon_core.package_identification:_identify(src/backups_iris) by extensions ['ignore', 'ignore_ament_install']
[0.473s] Level 1:colcon.colcon_core.package_identification:_identify(src/backups_iris) by extension 'ignore'
[0.473s] Level 1:colcon.colcon_core.package_identification:_identify(src/backups_iris) by extension 'ignore_ament_install'
[0.474s] Level 1:colcon.colcon_core.package_identification:_identify(src/backups_iris) by extensions ['colcon_pkg']
[0.474s] Level 1:colcon.colcon_core.package_identification:_identify(src/backups_iris) by extension 'colcon_pkg'
[0.474s] Level 1:colcon.colcon_core.package_identification:_identify(src/backups_iris) by extensions ['colcon_meta']
[0.474s] Level 1:colcon.colcon_core.package_identification:_identify(src/backups_iris) by extension 'colcon_meta'
[0.474s] Level 1:colcon.colcon_core.package_identification:_identify(src/backups_iris) by extensions ['ros']
[0.474s] Level 1:colcon.colcon_core.package_identification:_identify(src/backups_iris) by extension 'ros'
[0.474s] Level 1:colcon.colcon_core.package_identification:_identify(src/backups_iris) by extensions ['cmake', 'python']
[0.474s] Level 1:colcon.colcon_core.package_identification:_identify(src/backups_iris) by extension 'cmake'
[0.474s] Level 1:colcon.colcon_core.package_identification:_identify(src/backups_iris) by extension 'python'
[0.474s] Level 1:colcon.colcon_core.package_identification:_identify(src/backups_iris) by extensions ['python_setup_py']
[0.474s] Level 1:colcon.colcon_core.package_identification:_identify(src/backups_iris) by extension 'python_setup_py'
[0.475s] Level 1:colcon.colcon_core.package_identification:_identify(src/backups_iris/iris_with_ardupilot) by extensions ['ignore', 'ignore_ament_install']
[0.475s] Level 1:colcon.colcon_core.package_identification:_identify(src/backups_iris/iris_with_ardupilot) by extension 'ignore'
[0.475s] Level 1:colcon.colcon_core.package_identification:_identify(src/backups_iris/iris_with_ardupilot) by extension 'ignore_ament_install'
[0.475s] Level 1:colcon.colcon_core.package_identification:_identify(src/backups_iris/iris_with_ardupilot) by extensions ['colcon_pkg']
[0.475s] Level 1:colcon.colcon_core.package_identification:_identify(src/backups_iris/iris_with_ardupilot) by extension 'colcon_pkg'
[0.475s] Level 1:colcon.colcon_core.package_identification:_identify(src/backups_iris/iris_with_ardupilot) by extensions ['colcon_meta']
[0.475s] Level 1:colcon.colcon_core.package_identification:_identify(src/backups_iris/iris_with_ardupilot) by extension 'colcon_meta'
[0.475s] Level 1:colcon.colcon_core.package_identification:_identify(src/backups_iris/iris_with_ardupilot) by extensions ['ros']
[0.475s] Level 1:colcon.colcon_core.package_identification:_identify(src/backups_iris/iris_with_ardupilot) by extension 'ros'
[0.476s] Level 1:colcon.colcon_core.package_identification:_identify(src/backups_iris/iris_with_ardupilot) by extensions ['cmake', 'python']
[0.476s] Level 1:colcon.colcon_core.package_identification:_identify(src/backups_iris/iris_with_ardupilot) by extension 'cmake'
[0.476s] Level 1:colcon.colcon_core.package_identification:_identify(src/backups_iris/iris_with_ardupilot) by extension 'python'
[0.476s] Level 1:colcon.colcon_core.package_identification:_identify(src/backups_iris/iris_with_ardupilot) by extensions ['python_setup_py']
[0.476s] Level 1:colcon.colcon_core.package_identification:_identify(src/backups_iris/iris_with_ardupilot) by extension 'python_setup_py'
[0.476s] Level 1:colcon.colcon_core.package_identification:_identify(src/backups_iris/iris_with_gimbal) by extensions ['ignore', 'ignore_ament_install']
[0.476s] Level 1:colcon.colcon_core.package_identification:_identify(src/backups_iris/iris_with_gimbal) by extension 'ignore'
[0.476s] Level 1:colcon.colcon_core.package_identification:_identify(src/backups_iris/iris_with_gimbal) by extension 'ignore_ament_install'
[0.476s] Level 1:colcon.colcon_core.package_identification:_identify(src/backups_iris/iris_with_gimbal) by extensions ['colcon_pkg']
[0.476s] Level 1:colcon.colcon_core.package_identification:_identify(src/backups_iris/iris_with_gimbal) by extension 'colcon_pkg'
[0.477s] Level 1:colcon.colcon_core.package_identification:_identify(src/backups_iris/iris_with_gimbal) by extensions ['colcon_meta']
[0.477s] Level 1:colcon.colcon_core.package_identification:_identify(src/backups_iris/iris_with_gimbal) by extension 'colcon_meta'
[0.477s] Level 1:colcon.colcon_core.package_identification:_identify(src/backups_iris/iris_with_gimbal) by extensions ['ros']
[0.477s] Level 1:colcon.colcon_core.package_identification:_identify(src/backups_iris/iris_with_gimbal) by extension 'ros'
[0.477s] Level 1:colcon.colcon_core.package_identification:_identify(src/backups_iris/iris_with_gimbal) by extensions ['cmake', 'python']
[0.477s] Level 1:colcon.colcon_core.package_identification:_identify(src/backups_iris/iris_with_gimbal) by extension 'cmake'
[0.477s] Level 1:colcon.colcon_core.package_identification:_identify(src/backups_iris/iris_with_gimbal) by extension 'python'
[0.477s] Level 1:colcon.colcon_core.package_identification:_identify(src/backups_iris/iris_with_gimbal) by extensions ['python_setup_py']
[0.477s] Level 1:colcon.colcon_core.package_identification:_identify(src/backups_iris/iris_with_gimbal) by extension 'python_setup_py'
[0.477s] Level 1:colcon.colcon_core.package_identification:_identify(src/backups_iris/iris_with_standoffs) by extensions ['ignore', 'ignore_ament_install']
[0.478s] Level 1:colcon.colcon_core.package_identification:_identify(src/backups_iris/iris_with_standoffs) by extension 'ignore'
[0.478s] Level 1:colcon.colcon_core.package_identification:_identify(src/backups_iris/iris_with_standoffs) by extension 'ignore_ament_install'
[0.478s] Level 1:colcon.colcon_core.package_identification:_identify(src/backups_iris/iris_with_standoffs) by extensions ['colcon_pkg']
[0.478s] Level 1:colcon.colcon_core.package_identification:_identify(src/backups_iris/iris_with_standoffs) by extension 'colcon_pkg'
[0.478s] Level 1:colcon.colcon_core.package_identification:_identify(src/backups_iris/iris_with_standoffs) by extensions ['colcon_meta']
[0.478s] Level 1:colcon.colcon_core.package_identification:_identify(src/backups_iris/iris_with_standoffs) by extension 'colcon_meta'
[0.478s] Level 1:colcon.colcon_core.package_identification:_identify(src/backups_iris/iris_with_standoffs) by extensions ['ros']
[0.478s] Level 1:colcon.colcon_core.package_identification:_identify(src/backups_iris/iris_with_standoffs) by extension 'ros'
[0.478s] Level 1:colcon.colcon_core.package_identification:_identify(src/backups_iris/iris_with_standoffs) by extensions ['cmake', 'python']
[0.478s] Level 1:colcon.colcon_core.package_identification:_identify(src/backups_iris/iris_with_standoffs) by extension 'cmake'
[0.479s] Level 1:colcon.colcon_core.package_identification:_identify(src/backups_iris/iris_with_standoffs) by extension 'python'
[0.479s] Level 1:colcon.colcon_core.package_identification:_identify(src/backups_iris/iris_with_standoffs) by extensions ['python_setup_py']
[0.479s] Level 1:colcon.colcon_core.package_identification:_identify(src/backups_iris/iris_with_standoffs) by extension 'python_setup_py'
[0.479s] Level 1:colcon.colcon_core.package_identification:_identify(src/backups_iris/iris_with_standoffs/meshes) by extensions ['ignore', 'ignore_ament_install']
[0.479s] Level 1:colcon.colcon_core.package_identification:_identify(src/backups_iris/iris_with_standoffs/meshes) by extension 'ignore'
[0.479s] Level 1:colcon.colcon_core.package_identification:_identify(src/backups_iris/iris_with_standoffs/meshes) by extension 'ignore_ament_install'
[0.480s] Level 1:colcon.colcon_core.package_identification:_identify(src/backups_iris/iris_with_standoffs/meshes) by extensions ['colcon_pkg']
[0.481s] Level 1:colcon.colcon_core.package_identification:_identify(src/backups_iris/iris_with_standoffs/meshes) by extension 'colcon_pkg'
[0.481s] Level 1:colcon.colcon_core.package_identification:_identify(src/backups_iris/iris_with_standoffs/meshes) by extensions ['colcon_meta']
[0.482s] Level 1:colcon.colcon_core.package_identification:_identify(src/backups_iris/iris_with_standoffs/meshes) by extension 'colcon_meta'
[0.482s] Level 1:colcon.colcon_core.package_identification:_identify(src/backups_iris/iris_with_standoffs/meshes) by extensions ['ros']
[0.482s] Level 1:colcon.colcon_core.package_identification:_identify(src/backups_iris/iris_with_standoffs/meshes) by extension 'ros'
[0.483s] Level 1:colcon.colcon_core.package_identification:_identify(src/backups_iris/iris_with_standoffs/meshes) by extensions ['cmake', 'python']
[0.483s] Level 1:colcon.colcon_core.package_identification:_identify(src/backups_iris/iris_with_standoffs/meshes) by extension 'cmake'
[0.483s] Level 1:colcon.colcon_core.package_identification:_identify(src/backups_iris/iris_with_standoffs/meshes) by extension 'python'
[0.483s] Level 1:colcon.colcon_core.package_identification:_identify(src/backups_iris/iris_with_standoffs/meshes) by extensions ['python_setup_py']
[0.484s] Level 1:colcon.colcon_core.package_identification:_identify(src/backups_iris/iris_with_standoffs/meshes) by extension 'python_setup_py'
[0.485s] Level 1:colcon.colcon_core.package_identification:_identify(src/tag_hover_sim) by extensions ['ignore', 'ignore_ament_install']
[0.485s] Level 1:colcon.colcon_core.package_identification:_identify(src/tag_hover_sim) by extension 'ignore'
[0.486s] Level 1:colcon.colcon_core.package_identification:_identify(src/tag_hover_sim) by extension 'ignore_ament_install'
[0.486s] Level 1:colcon.colcon_core.package_identification:_identify(src/tag_hover_sim) by extensions ['colcon_pkg']
[0.486s] Level 1:colcon.colcon_core.package_identification:_identify(src/tag_hover_sim) by extension 'colcon_pkg'
[0.486s] Level 1:colcon.colcon_core.package_identification:_identify(src/tag_hover_sim) by extensions ['colcon_meta']
[0.486s] Level 1:colcon.colcon_core.package_identification:_identify(src/tag_hover_sim) by extension 'colcon_meta'
[0.486s] Level 1:colcon.colcon_core.package_identification:_identify(src/tag_hover_sim) by extensions ['ros']
[0.486s] Level 1:colcon.colcon_core.package_identification:_identify(src/tag_hover_sim) by extension 'ros'
[0.488s] DEBUG:colcon.colcon_core.package_identification:Package 'src/tag_hover_sim' with type 'ros.ament_python' and name 'tag_hover_sim'
[0.488s] Level 1:colcon.colcon_core.package_discovery:discover_packages(recursive) using defaults
[0.488s] Level 1:colcon.colcon_core.package_discovery:discover_packages(ignore) discover
[0.488s] Level 1:colcon.colcon_core.package_discovery:discover_packages(ignore) using defaults
[0.489s] Level 1:colcon.colcon_core.package_discovery:discover_packages(path) discover
[0.489s] Level 1:colcon.colcon_core.package_discovery:discover_packages(path) using defaults
[0.546s] Level 1:colcon.colcon_core.package_discovery:discover_packages(prefix_path) check parameters
[0.546s] Level 1:colcon.colcon_core.package_discovery:discover_packages(prefix_path) discover
[0.550s] DEBUG:colcon.colcon_installed_package_information.package_discovery:Found 2 installed packages in /home/javierbecerril/harmonic_ws/install
[0.551s] DEBUG:colcon.colcon_installed_package_information.package_discovery:Found 339 installed packages in /opt/ros/jazzy
[0.553s] Level 1:colcon.colcon_core.package_discovery:discover_packages(prefix_path) using defaults
[0.598s] Level 5:colcon.colcon_core.verb:set package 'ardupilot_gazebo' build argument 'cmake_args' from command line to 'None'
[0.598s] Level 5:colcon.colcon_core.verb:set package 'ardupilot_gazebo' build argument 'cmake_target' from command line to 'None'
[0.598s] Level 5:colcon.colcon_core.verb:set package 'ardupilot_gazebo' build argument 'cmake_target_skip_unavailable' from command line to 'False'
[0.598s] Level 5:colcon.colcon_core.verb:set package 'ardupilot_gazebo' build argument 'cmake_clean_cache' from command line to 'False'
[0.598s] Level 5:colcon.colcon_core.verb:set package 'ardupilot_gazebo' build argument 'cmake_clean_first' from command line to 'False'
[0.598s] Level 5:colcon.colcon_core.verb:set package 'ardupilot_gazebo' build argument 'cmake_force_configure' from command line to 'False'
[0.598s] Level 5:colcon.colcon_core.verb:set package 'ardupilot_gazebo' build argument 'ament_cmake_args' from command line to 'None'
[0.598s] Level 5:colcon.colcon_core.verb:set package 'ardupilot_gazebo' build argument 'catkin_cmake_args' from command line to 'None'
[0.598s] Level 5:colcon.colcon_core.verb:set package 'ardupilot_gazebo' build argument 'catkin_skip_building_tests' from command line to 'False'
[0.598s] DEBUG:colcon.colcon_core.verb:Building package 'ardupilot_gazebo' with the following arguments: {'ament_cmake_args': None, 'build_base': '/home/javierbecerril/harmonic_ws/build/ardupilot_gazebo', 'catkin_cmake_args': None, 'catkin_skip_building_tests': False, 'cmake_args': None, 'cmake_clean_cache': False, 'cmake_clean_first': False, 'cmake_force_configure': False, 'cmake_target': None, 'cmake_target_skip_unavailable': False, 'install_base': '/home/javierbecerril/harmonic_ws/install/ardupilot_gazebo', 'merge_install': False, 'path': '/home/javierbecerril/harmonic_ws/src/ardupilot_gazebo', 'symlink_install': False, 'test_result_base': None}
[0.598s] Level 5:colcon.colcon_core.verb:set package 'tag_hover_sim' build argument 'cmake_args' from command line to 'None'
[0.598s] Level 5:colcon.colcon_core.verb:set package 'tag_hover_sim' build argument 'cmake_target' from command line to 'None'
[0.598s] Level 5:colcon.colcon_core.verb:set package 'tag_hover_sim' build argument 'cmake_target_skip_unavailable' from command line to 'False'
[0.598s] Level 5:colcon.colcon_core.verb:set package 'tag_hover_sim' build argument 'cmake_clean_cache' from command line to 'False'
[0.598s] Level 5:colcon.colcon_core.verb:set package 'tag_hover_sim' build argument 'cmake_clean_first' from command line to 'False'
[0.598s] Level 5:colcon.colcon_core.verb:set package 'tag_hover_sim' build argument 'cmake_force_configure' from command line to 'False'
[0.598s] Level 5:colcon.colcon_core.verb:set package 'tag_hover_sim' build argument 'ament_cmake_args' from command line to 'None'
[0.598s] Level 5:colcon.colcon_core.verb:set package 'tag_hover_sim' build argument 'catkin_cmake_args' from command line to 'None'
[0.598s] Level 5:colcon.colcon_core.verb:set package 'tag_hover_sim' build argument 'catkin_skip_building_tests' from command line to 'False'
[0.598s] DEBUG:colcon.colcon_core.verb:Building package 'tag_hover_sim' with the following arguments: {'ament_cmake_args': None, 'build_base': '/home/javierbecerril/harmonic_ws/build/tag_hover_sim', 'catkin_cmake_args': None, 'catkin_skip_building_tests': False, 'cmake_args': None, 'cmake_clean_cache': False, 'cmake_clean_first': False, 'cmake_force_configure': False, 'cmake_target': None, 'cmake_target_skip_unavailable': False, 'install_base': '/home/javierbecerril/harmonic_ws/install/tag_hover_sim', 'merge_install': False, 'path': '/home/javierbecerril/harmonic_ws/src/tag_hover_sim', 'symlink_install': False, 'test_result_base': None}
[0.599s] INFO:colcon.colcon_core.executor:Executing jobs using 'parallel' executor
[0.600s] DEBUG:colcon.colcon_parallel_executor.executor.parallel:run_until_complete
[0.600s] INFO:colcon.colcon_ros.task.ament_cmake.build:Building ROS package in '/home/javierbecerril/harmonic_ws/src/ardupilot_gazebo' with build type 'ament_cmake'
[0.600s] INFO:colcon.colcon_cmake.task.cmake.build:Building CMake package in '/home/javierbecerril/harmonic_ws/src/ardupilot_gazebo'
[0.604s] INFO:colcon.colcon_core.plugin_system:Skipping extension 'colcon_core.shell.bat': Not used on non-Windows systems
[0.604s] INFO:colcon.colcon_core.shell:Skip shell extension 'powershell' for command environment: Not usable outside of PowerShell
[0.604s] DEBUG:colcon.colcon_core.shell:Skip shell extension 'dsv' for command environment
[0.608s] INFO:colcon.colcon_ros.task.ament_python.build:Building ROS package in '/home/javierbecerril/harmonic_ws/src/tag_hover_sim' with build type 'ament_python'
[0.608s] Level 1:colcon.colcon_core.shell:create_environment_hook('tag_hover_sim', 'ament_prefix_path')
[0.609s] INFO:colcon.colcon_core.shell:Creating environment hook '/home/javierbecerril/harmonic_ws/install/tag_hover_sim/share/tag_hover_sim/hook/ament_prefix_path.ps1'
[0.613s] INFO:colcon.colcon_core.shell:Creating environment descriptor '/home/javierbecerril/harmonic_ws/install/tag_hover_sim/share/tag_hover_sim/hook/ament_prefix_path.dsv'
[0.614s] INFO:colcon.colcon_core.shell:Creating environment hook '/home/javierbecerril/harmonic_ws/install/tag_hover_sim/share/tag_hover_sim/hook/ament_prefix_path.sh'
[0.616s] INFO:colcon.colcon_core.shell:Skip shell extension 'powershell' for command environment: Not usable outside of PowerShell
[0.616s] DEBUG:colcon.colcon_core.shell:Skip shell extension 'dsv' for command environment
[0.635s] DEBUG:colcon.colcon_core.event_handler.log_command:Invoking command in '/home/javierbecerril/harmonic_ws/build/ardupilot_gazebo': CMAKE_PREFIX_PATH=${CMAKE_PREFIX_PATH}:/home/javierbecerril/harmonic_ws/install/tag_hover_sim:/opt/ros/jazzy DEBUGINFOD_URLS=https://debuginfod.ubuntu.com PS1=\[\e]0;\u@\h: \w\a\]${debian_chroot:+($debian_chroot)}\[\033[01;32m\]\u@\h\[\033[00m\]:\[\033[01;34m\]\w\[\033[00m\]\$ /usr/bin/cmake --build /home/javierbecerril/harmonic_ws/build/ardupilot_gazebo -- -j12 -l12
[0.886s] INFO:colcon.colcon_core.task.python.build:Building Python package in '/home/javierbecerril/harmonic_ws/src/tag_hover_sim'
[0.886s] INFO:colcon.colcon_core.shell:Skip shell extension 'powershell' for command environment: Not usable outside of PowerShell
[0.886s] DEBUG:colcon.colcon_core.shell:Skip shell extension 'dsv' for command environment
[0.891s] DEBUG:colcon.colcon_core.event_handler.log_command:Invoked command in '/home/javierbecerril/harmonic_ws/build/ardupilot_gazebo' returned '0': CMAKE_PREFIX_PATH=${CMAKE_PREFIX_PATH}:/home/javierbecerril/harmonic_ws/install/tag_hover_sim:/opt/ros/jazzy DEBUGINFOD_URLS=https://debuginfod.ubuntu.com PS1=\[\e]0;\u@\h: \w\a\]${debian_chroot:+($debian_chroot)}\[\033[01;32m\]\u@\h\[\033[00m\]:\[\033[01;34m\]\w\[\033[00m\]\$ /usr/bin/cmake --build /home/javierbecerril/harmonic_ws/build/ardupilot_gazebo -- -j12 -l12
[0.903s] DEBUG:colcon.colcon_core.event_handler.log_command:Invoking command in '/home/javierbecerril/harmonic_ws/build/ardupilot_gazebo': CMAKE_PREFIX_PATH=${CMAKE_PREFIX_PATH}:/home/javierbecerril/harmonic_ws/install/tag_hover_sim:/opt/ros/jazzy DEBUGINFOD_URLS=https://debuginfod.ubuntu.com PS1=\[\e]0;\u@\h: \w\a\]${debian_chroot:+($debian_chroot)}\[\033[01;32m\]\u@\h\[\033[00m\]:\[\033[01;34m\]\w\[\033[00m\]\$ /usr/bin/cmake --install /home/javierbecerril/harmonic_ws/build/ardupilot_gazebo
[0.950s] Level 1:colcon.colcon_core.environment:create_environment_scripts_only(ardupilot_gazebo)
[0.951s] DEBUG:colcon.colcon_core.event_handler.log_command:Invoked command in '/home/javierbecerril/harmonic_ws/build/ardupilot_gazebo' returned '0': CMAKE_PREFIX_PATH=${CMAKE_PREFIX_PATH}:/home/javierbecerril/harmonic_ws/install/tag_hover_sim:/opt/ros/jazzy DEBUGINFOD_URLS=https://debuginfod.ubuntu.com PS1=\[\e]0;\u@\h: \w\a\]${debian_chroot:+($debian_chroot)}\[\033[01;32m\]\u@\h\[\033[00m\]:\[\033[01;34m\]\w\[\033[00m\]\$ /usr/bin/cmake --install /home/javierbecerril/harmonic_ws/build/ardupilot_gazebo
[0.953s] Level 1:colcon.colcon_core.environment:checking '/home/javierbecerril/harmonic_ws/install/ardupilot_gazebo' for CMake module files
[0.954s] Level 1:colcon.colcon_core.environment:checking '/home/javierbecerril/harmonic_ws/install/ardupilot_gazebo' for CMake config files
[0.954s] Level 1:colcon.colcon_core.shell:create_environment_hook('ardupilot_gazebo', 'cmake_prefix_path')
[0.954s] INFO:colcon.colcon_core.shell:Creating environment hook '/home/javierbecerril/harmonic_ws/install/ardupilot_gazebo/share/ardupilot_gazebo/hook/cmake_prefix_path.ps1'
[0.955s] INFO:colcon.colcon_core.shell:Creating environment descriptor '/home/javierbecerril/harmonic_ws/install/ardupilot_gazebo/share/ardupilot_gazebo/hook/cmake_prefix_path.dsv'
[0.955s] INFO:colcon.colcon_core.shell:Creating environment hook '/home/javierbecerril/harmonic_ws/install/ardupilot_gazebo/share/ardupilot_gazebo/hook/cmake_prefix_path.sh'
[0.955s] Level 1:colcon.colcon_core.environment:checking '/home/javierbecerril/harmonic_ws/install/ardupilot_gazebo/lib'
[0.956s] Level 1:colcon.colcon_core.environment:checking '/home/javierbecerril/harmonic_ws/install/ardupilot_gazebo/bin'
[0.956s] Level 1:colcon.colcon_core.environment:checking '/home/javierbecerril/harmonic_ws/install/ardupilot_gazebo/lib/pkgconfig/ardupilot_gazebo.pc'
[0.956s] Level 1:colcon.colcon_core.environment:checking '/home/javierbecerril/harmonic_ws/install/ardupilot_gazebo/lib/python3.12/site-packages'
[0.956s] Level 1:colcon.colcon_core.environment:checking '/home/javierbecerril/harmonic_ws/install/ardupilot_gazebo/bin'
[0.956s] INFO:colcon.colcon_core.shell:Creating package script '/home/javierbecerril/harmonic_ws/install/ardupilot_gazebo/share/ardupilot_gazebo/package.ps1'
[0.957s] INFO:colcon.colcon_core.shell:Creating package descriptor '/home/javierbecerril/harmonic_ws/install/ardupilot_gazebo/share/ardupilot_gazebo/package.dsv'
[0.957s] INFO:colcon.colcon_core.shell:Creating package script '/home/javierbecerril/harmonic_ws/install/ardupilot_gazebo/share/ardupilot_gazebo/package.sh'
[0.958s] INFO:colcon.colcon_core.shell:Creating package script '/home/javierbecerril/harmonic_ws/install/ardupilot_gazebo/share/ardupilot_gazebo/package.bash'
[0.958s] INFO:colcon.colcon_core.shell:Creating package script '/home/javierbecerril/harmonic_ws/install/ardupilot_gazebo/share/ardupilot_gazebo/package.zsh'
[0.970s] Level 1:colcon.colcon_core.environment:create_file_with_runtime_dependencies(/home/javierbecerril/harmonic_ws/install/ardupilot_gazebo/share/colcon-core/packages/ardupilot_gazebo)
[0.970s] Level 1:colcon.colcon_core.environment:create_environment_scripts_only(ardupilot_gazebo)
[0.971s] Level 1:colcon.colcon_core.environment:checking '/home/javierbecerril/harmonic_ws/install/ardupilot_gazebo' for CMake module files
[0.971s] Level 1:colcon.colcon_core.environment:checking '/home/javierbecerril/harmonic_ws/install/ardupilot_gazebo' for CMake config files
[0.971s] Level 1:colcon.colcon_core.shell:create_environment_hook('ardupilot_gazebo', 'cmake_prefix_path')
[0.971s] INFO:colcon.colcon_core.shell:Creating environment hook '/home/javierbecerril/harmonic_ws/install/ardupilot_gazebo/share/ardupilot_gazebo/hook/cmake_prefix_path.ps1'
[0.972s] INFO:colcon.colcon_core.shell:Creating environment descriptor '/home/javierbecerril/harmonic_ws/install/ardupilot_gazebo/share/ardupilot_gazebo/hook/cmake_prefix_path.dsv'
[0.972s] INFO:colcon.colcon_core.shell:Creating environment hook '/home/javierbecerril/harmonic_ws/install/ardupilot_gazebo/share/ardupilot_gazebo/hook/cmake_prefix_path.sh'
[0.974s] Level 1:colcon.colcon_core.environment:checking '/home/javierbecerril/harmonic_ws/install/ardupilot_gazebo/lib'
[0.974s] Level 1:colcon.colcon_core.environment:checking '/home/javierbecerril/harmonic_ws/install/ardupilot_gazebo/bin'
[0.974s] Level 1:colcon.colcon_core.environment:checking '/home/javierbecerril/harmonic_ws/install/ardupilot_gazebo/lib/pkgconfig/ardupilot_gazebo.pc'
[0.974s] Level 1:colcon.colcon_core.environment:checking '/home/javierbecerril/harmonic_ws/install/ardupilot_gazebo/lib/python3.12/site-packages'
[0.974s] Level 1:colcon.colcon_core.environment:checking '/home/javierbecerril/harmonic_ws/install/ardupilot_gazebo/bin'
[0.975s] INFO:colcon.colcon_core.shell:Creating package script '/home/javierbecerril/harmonic_ws/install/ardupilot_gazebo/share/ardupilot_gazebo/package.ps1'
[0.975s] INFO:colcon.colcon_core.shell:Creating package descriptor '/home/javierbecerril/harmonic_ws/install/ardupilot_gazebo/share/ardupilot_gazebo/package.dsv'
[0.976s] INFO:colcon.colcon_core.shell:Creating package script '/home/javierbecerril/harmonic_ws/install/ardupilot_gazebo/share/ardupilot_gazebo/package.sh'
[0.976s] INFO:colcon.colcon_core.shell:Creating package script '/home/javierbecerril/harmonic_ws/install/ardupilot_gazebo/share/ardupilot_gazebo/package.bash'
[0.976s] INFO:colcon.colcon_core.shell:Creating package script '/home/javierbecerril/harmonic_ws/install/ardupilot_gazebo/share/ardupilot_gazebo/package.zsh'
[0.976s] Level 1:colcon.colcon_core.environment:create_file_with_runtime_dependencies(/home/javierbecerril/harmonic_ws/install/ardupilot_gazebo/share/colcon-core/packages/ardupilot_gazebo)
[1.719s] DEBUG:colcon.colcon_core.event_handler.log_command:Invoking command in '/home/javierbecerril/harmonic_ws/src/tag_hover_sim': DEBUGINFOD_URLS=https://debuginfod.ubuntu.com PS1=\[\e]0;\u@\h: \w\a\]${debian_chroot:+($debian_chroot)}\[\033[01;32m\]\u@\h\[\033[00m\]:\[\033[01;34m\]\w\[\033[00m\]\$ PYTHONPATH=/home/javierbecerril/harmonic_ws/build/tag_hover_sim/prefix_override:/usr/lib/python3/dist-packages/colcon_core/task/python/colcon_distutils_commands:/home/javierbecerril/harmonic_ws/install/tag_hover_sim/lib/python3.12/site-packages:${PYTHONPATH} /usr/bin/python3 -W ignore:setup.py install is deprecated -W ignore:easy_install command is deprecated setup.py egg_info --egg-base ../../build/tag_hover_sim build --build-base /home/javierbecerril/harmonic_ws/build/tag_hover_sim/build install --record /home/javierbecerril/harmonic_ws/build/tag_hover_sim/install.log --single-version-externally-managed install_data
[2.280s] Level 1:colcon.colcon_core.environment:checking '/home/javierbecerril/harmonic_ws/install/tag_hover_sim' for CMake module files
[2.281s] DEBUG:colcon.colcon_core.event_handler.log_command:Invoked command in '/home/javierbecerril/harmonic_ws/src/tag_hover_sim' returned '0': DEBUGINFOD_URLS=https://debuginfod.ubuntu.com PS1=\[\e]0;\u@\h: \w\a\]${debian_chroot:+($debian_chroot)}\[\033[01;32m\]\u@\h\[\033[00m\]:\[\033[01;34m\]\w\[\033[00m\]\$ PYTHONPATH=/home/javierbecerril/harmonic_ws/build/tag_hover_sim/prefix_override:/usr/lib/python3/dist-packages/colcon_core/task/python/colcon_distutils_commands:/home/javierbecerril/harmonic_ws/install/tag_hover_sim/lib/python3.12/site-packages:${PYTHONPATH} /usr/bin/python3 -W ignore:setup.py install is deprecated -W ignore:easy_install command is deprecated setup.py egg_info --egg-base ../../build/tag_hover_sim build --build-base /home/javierbecerril/harmonic_ws/build/tag_hover_sim/build install --record /home/javierbecerril/harmonic_ws/build/tag_hover_sim/install.log --single-version-externally-managed install_data
[2.283s] Level 1:colcon.colcon_core.environment:checking '/home/javierbecerril/harmonic_ws/install/tag_hover_sim' for CMake config files
[2.287s] Level 1:colcon.colcon_core.environment:checking '/home/javierbecerril/harmonic_ws/install/tag_hover_sim/lib'
[2.287s] Level 1:colcon.colcon_core.environment:checking '/home/javierbecerril/harmonic_ws/install/tag_hover_sim/bin'
[2.287s] Level 1:colcon.colcon_core.environment:checking '/home/javierbecerril/harmonic_ws/install/tag_hover_sim/lib/pkgconfig/tag_hover_sim.pc'
[2.287s] Level 1:colcon.colcon_core.environment:checking '/home/javierbecerril/harmonic_ws/install/tag_hover_sim/lib/python3.12/site-packages'
[2.287s] Level 1:colcon.colcon_core.shell:create_environment_hook('tag_hover_sim', 'pythonpath')
[2.287s] INFO:colcon.colcon_core.shell:Creating environment hook '/home/javierbecerril/harmonic_ws/install/tag_hover_sim/share/tag_hover_sim/hook/pythonpath.ps1'
[2.288s] INFO:colcon.colcon_core.shell:Creating environment descriptor '/home/javierbecerril/harmonic_ws/install/tag_hover_sim/share/tag_hover_sim/hook/pythonpath.dsv'
[2.288s] INFO:colcon.colcon_core.shell:Creating environment hook '/home/javierbecerril/harmonic_ws/install/tag_hover_sim/share/tag_hover_sim/hook/pythonpath.sh'
[2.289s] Level 1:colcon.colcon_core.environment:checking '/home/javierbecerril/harmonic_ws/install/tag_hover_sim/bin'
[2.289s] Level 1:colcon.colcon_core.environment:create_environment_scripts_only(tag_hover_sim)
[2.289s] INFO:colcon.colcon_core.shell:Creating package script '/home/javierbecerril/harmonic_ws/install/tag_hover_sim/share/tag_hover_sim/package.ps1'
[2.289s] INFO:colcon.colcon_core.shell:Creating package descriptor '/home/javierbecerril/harmonic_ws/install/tag_hover_sim/share/tag_hover_sim/package.dsv'
[2.290s] INFO:colcon.colcon_core.shell:Creating package script '/home/javierbecerril/harmonic_ws/install/tag_hover_sim/share/tag_hover_sim/package.sh'
[2.290s] INFO:colcon.colcon_core.shell:Creating package script '/home/javierbecerril/harmonic_ws/install/tag_hover_sim/share/tag_hover_sim/package.bash'
[2.290s] INFO:colcon.colcon_core.shell:Creating package script '/home/javierbecerril/harmonic_ws/install/tag_hover_sim/share/tag_hover_sim/package.zsh'
[2.291s] Level 1:colcon.colcon_core.environment:create_file_with_runtime_dependencies(/home/javierbecerril/harmonic_ws/install/tag_hover_sim/share/colcon-core/packages/tag_hover_sim)
[2.291s] DEBUG:colcon.colcon_parallel_executor.executor.parallel:closing loop
[2.292s] DEBUG:colcon.colcon_parallel_executor.executor.parallel:loop closed
[2.292s] DEBUG:colcon.colcon_parallel_executor.executor.parallel:run_until_complete finished with '0'
[2.292s] DEBUG:colcon.colcon_core.event_reactor:joining thread
[2.300s] INFO:colcon.colcon_core.plugin_system:Skipping extension 'colcon_notification.desktop_notification.terminal_notifier': Not used on non-Darwin systems
[2.300s] INFO:colcon.colcon_core.plugin_system:Skipping extension 'colcon_notification.desktop_notification.win32': Not used on non-Windows systems
[2.300s] INFO:colcon.colcon_notification.desktop_notification:Sending desktop notification using 'notify2'
[2.302s] DEBUG:colcon.colcon_notification.desktop_notification.notify2:Failed to initialize notify2: org.freedesktop.DBus.Error.ServiceUnknown: The name org.freedesktop.Notifications was not provided by any .service files
[2.302s] DEBUG:colcon.colcon_core.event_reactor:joined thread
[2.302s] INFO:colcon.colcon_core.shell:Creating prefix script '/home/javierbecerril/harmonic_ws/install/local_setup.ps1'
[2.303s] INFO:colcon.colcon_core.shell:Creating prefix util module '/home/javierbecerril/harmonic_ws/install/_local_setup_util_ps1.py'
[2.304s] INFO:colcon.colcon_core.shell:Creating prefix chain script '/home/javierbecerril/harmonic_ws/install/setup.ps1'
[2.305s] INFO:colcon.colcon_core.shell:Creating prefix script '/home/javierbecerril/harmonic_ws/install/local_setup.sh'
[2.306s] INFO:colcon.colcon_core.shell:Creating prefix util module '/home/javierbecerril/harmonic_ws/install/_local_setup_util_sh.py'
[2.307s] INFO:colcon.colcon_core.shell:Creating prefix chain script '/home/javierbecerril/harmonic_ws/install/setup.sh'
[2.308s] INFO:colcon.colcon_core.shell:Creating prefix script '/home/javierbecerril/harmonic_ws/install/local_setup.bash'
[2.308s] INFO:colcon.colcon_core.shell:Creating prefix chain script '/home/javierbecerril/harmonic_ws/install/setup.bash'
[2.309s] INFO:colcon.colcon_core.shell:Creating prefix script '/home/javierbecerril/harmonic_ws/install/local_setup.zsh'
[2.310s] INFO:colcon.colcon_core.shell:Creating prefix chain script '/home/javierbecerril/harmonic_ws/install/setup.zsh'
