[0.024s] Invoking command in '/home/javierbecerril/harmonic_ws/src/build/ardupilot_msgs': CMAKE_PREFIX_PATH=${CMAKE_PREFIX_PATH}:/home/javierbecerril/harmonic_ws/install/tag_hover_sim:/opt/ros/jazzy DEBUGINFOD_URLS=https://debuginfod.ubuntu.com PS1=\[\e]0;\u@\h: \w\a\]${debian_chroot:+($debian_chroot)}\[\033[01;32m\]\u@\h\[\033[00m\]:\[\033[01;34m\]\w\[\033[00m\]\$ /usr/bin/cmake /home/javierbecerril/harmonic_ws/src/ardupilot/Tools/ros2/ardupilot_msgs -DCMAKE_INSTALL_PREFIX=/home/javierbecerril/harmonic_ws/src/install/ardupilot_msgs
[0.250s] -- The C compiler identification is GNU 13.3.0
[1.266s] -- The CXX compiler identification is GNU 13.3.0
[2.164s] -- Detecting C compiler ABI info
[2.559s] -- Detecting C compiler ABI info - done
[2.567s] -- Check for working C compiler: /usr/bin/cc - skipped
[2.567s] -- Detecting C compile features
[2.568s] -- Detecting C compile features - done
[2.733s] -- Detecting CXX compiler ABI info
[3.189s] -- Detecting CXX compiler ABI info - done
[3.198s] -- Check for working CXX compiler: /usr/bin/c++ - skipped
[3.198s] -- Detecting CXX compile features
[3.198s] -- Detecting CXX compile features - done
[3.201s] -- Found ament_cmake: 2.5.4 (/opt/ros/jazzy/share/ament_cmake/cmake)
[3.414s] -- Found Python3: /usr/bin/python3 (found version "3.12.3") found components: Interpreter 
[3.548s] -- Found geometry_msgs: 5.3.6 (/opt/ros/jazzy/share/geometry_msgs/cmake)
[3.853s] -- Found rosidl_generator_c: 4.6.6 (/opt/ros/jazzy/share/rosidl_generator_c/cmake)
[3.868s] -- Found rosidl_generator_cpp: 4.6.6 (/opt/ros/jazzy/share/rosidl_generator_cpp/cmake)
[3.886s] -- Using all available rosidl_typesupport_c: rosidl_typesupport_fastrtps_c;rosidl_typesupport_introspection_c
[3.905s] -- Using all available rosidl_typesupport_cpp: rosidl_typesupport_fastrtps_cpp;rosidl_typesupport_introspection_cpp
[5.980s] [31mCMake Error at CMakeLists.txt:10 (find_package):
[5.980s]   By not providing "Findrosidl_default_generators.cmake" in CMAKE_MODULE_PATH
[5.980s]   this project has asked CMake to find a package configuration file provided
[5.980s]   by "rosidl_default_generators", but CMake did not find one.
[5.980s] 
[5.980s]   Could not find a package configuration file provided by
[5.981s]   "rosidl_default_generators" with any of the following names:
[5.981s] 
[5.981s]     rosidl_default_generatorsConfig.cmake
[5.981s]     rosidl_default_generators-config.cmake
[5.981s] 
[5.981s]   Add the installation prefix of "rosidl_default_generators" to
[5.981s]   CMAKE_PREFIX_PATH or set "rosidl_default_generators_DIR" to a directory
[5.981s]   containing one of the above files.  If "rosidl_default_generators" provides
[5.981s]   a separate development package or SDK, be sure it has been installed.
[5.981s] 
[5.981s] [0m
[5.981s] -- Configuring incomplete, errors occurred!
[5.987s] Invoked command in '/home/javierbecerril/harmonic_ws/src/build/ardupilot_msgs' returned '1': CMAKE_PREFIX_PATH=${CMAKE_PREFIX_PATH}:/home/javierbecerril/harmonic_ws/install/tag_hover_sim:/opt/ros/jazzy DEBUGINFOD_URLS=https://debuginfod.ubuntu.com PS1=\[\e]0;\u@\h: \w\a\]${debian_chroot:+($debian_chroot)}\[\033[01;32m\]\u@\h\[\033[00m\]:\[\033[01;34m\]\w\[\033[00m\]\$ /usr/bin/cmake /home/javierbecerril/harmonic_ws/src/ardupilot/Tools/ros2/ardupilot_msgs -DCMAKE_INSTALL_PREFIX=/home/javierbecerril/harmonic_ws/src/install/ardupilot_msgs
