[0.346s] DEBUG:colcon:Command line arguments: ['/usr/bin/colcon', 'build']
[0.346s] DEBUG:colcon:Parsed command line arguments: Namespace(log_base=None, log_level=None, verb_name='build', build_base='build', install_base='install', merge_install=False, symlink_install=False, test_result_base=None, continue_on_error=False, executor='parallel', parallel_workers=12, event_handlers=None, ignore_user_meta=False, metas=['./colcon.meta'], base_paths=['.'], packages_ignore=None, packages_ignore_regex=None, paths=None, packages_up_to=None, packages_up_to_regex=None, packages_above=None, packages_above_and_dependencies=None, packages_above_depth=None, packages_select_by_dep=None, packages_skip_by_dep=None, packages_skip_up_to=None, packages_select_build_failed=False, packages_skip_build_finished=False, packages_select_test_failures=False, packages_skip_test_passed=False, packages_select=None, packages_skip=None, packages_select_regex=None, packages_skip_regex=None, packages_start=None, packages_end=None, allow_overriding=[], cmake_args=None, cmake_target=None, cmake_target_skip_unavailable=False, cmake_clean_cache=False, cmake_clean_first=False, cmake_force_configure=False, ament_cmake_args=None, catkin_cmake_args=None, catkin_skip_building_tests=False, mixin_files=None, mixin=None, verb_parser=<colcon_mixin.mixin.mixin_argument.MixinArgumentDecorator object at 0x7926bdca8cb0>, verb_extension=<colcon_core.verb.build.BuildVerb object at 0x7926bdca8a40>, main=<bound method BuildVerb.main of <colcon_core.verb.build.BuildVerb object at 0x7926bdca8a40>>, mixin_verb=('build',))
[0.390s] Level 1:colcon.colcon_core.package_discovery:discover_packages(colcon_meta) check parameters
[0.391s] Level 1:colcon.colcon_core.package_discovery:discover_packages(recursive) check parameters
[0.391s] Level 1:colcon.colcon_core.package_discovery:discover_packages(ignore) check parameters
[0.391s] Level 1:colcon.colcon_core.package_discovery:discover_packages(path) check parameters
[0.391s] Level 1:colcon.colcon_core.package_discovery:discover_packages(colcon_meta) discover
[0.391s] Level 1:colcon.colcon_core.package_discovery:discover_packages(recursive) discover
[0.391s] INFO:colcon.colcon_core.package_discovery:Crawling recursively for packages in '/home/javierbecerril/harmonic_ws/src'
[0.391s] Level 1:colcon.colcon_core.package_identification:_identify(.) by extensions ['ignore', 'ignore_ament_install']
[0.391s] Level 1:colcon.colcon_core.package_identification:_identify(.) by extension 'ignore'
[0.391s] Level 1:colcon.colcon_core.package_identification:_identify(.) by extension 'ignore_ament_install'
[0.391s] Level 1:colcon.colcon_core.package_identification:_identify(.) by extensions ['colcon_pkg']
[0.391s] Level 1:colcon.colcon_core.package_identification:_identify(.) by extension 'colcon_pkg'
[0.391s] Level 1:colcon.colcon_core.package_identification:_identify(.) by extensions ['colcon_meta']
[0.391s] Level 1:colcon.colcon_core.package_identification:_identify(.) by extension 'colcon_meta'
[0.391s] Level 1:colcon.colcon_core.package_identification:_identify(.) by extensions ['ros']
[0.391s] Level 1:colcon.colcon_core.package_identification:_identify(.) by extension 'ros'
[0.426s] Level 1:colcon.colcon_core.package_identification:_identify(.) by extensions ['cmake', 'python']
[0.426s] Level 1:colcon.colcon_core.package_identification:_identify(.) by extension 'cmake'
[0.426s] Level 1:colcon.colcon_core.package_identification:_identify(.) by extension 'python'
[0.426s] Level 1:colcon.colcon_core.package_identification:_identify(.) by extensions ['python_setup_py']
[0.426s] Level 1:colcon.colcon_core.package_identification:_identify(.) by extension 'python_setup_py'
[0.426s] Level 1:colcon.colcon_core.package_identification:_identify(ardupilot_gazebo) by extensions ['ignore', 'ignore_ament_install']
[0.427s] Level 1:colcon.colcon_core.package_identification:_identify(ardupilot_gazebo) by extension 'ignore'
[0.427s] Level 1:colcon.colcon_core.package_identification:_identify(ardupilot_gazebo) by extension 'ignore_ament_install'
[0.427s] Level 1:colcon.colcon_core.package_identification:_identify(ardupilot_gazebo) by extensions ['colcon_pkg']
[0.427s] Level 1:colcon.colcon_core.package_identification:_identify(ardupilot_gazebo) by extension 'colcon_pkg'
[0.427s] Level 1:colcon.colcon_core.package_identification:_identify(ardupilot_gazebo) by extensions ['colcon_meta']
[0.427s] Level 1:colcon.colcon_core.package_identification:_identify(ardupilot_gazebo) by extension 'colcon_meta'
[0.427s] Level 1:colcon.colcon_core.package_identification:_identify(ardupilot_gazebo) by extensions ['ros']
[0.427s] Level 1:colcon.colcon_core.package_identification:_identify(ardupilot_gazebo) by extension 'ros'
[0.444s] DEBUG:colcon.colcon_core.package_identification:Package 'ardupilot_gazebo' with type 'ros.ament_cmake' and name 'ardupilot_gazebo'
[0.445s] Level 1:colcon.colcon_core.package_identification:_identify(backups_iris) by extensions ['ignore', 'ignore_ament_install']
[0.445s] Level 1:colcon.colcon_core.package_identification:_identify(backups_iris) by extension 'ignore'
[0.445s] Level 1:colcon.colcon_core.package_identification:_identify(backups_iris) by extension 'ignore_ament_install'
[0.445s] Level 1:colcon.colcon_core.package_identification:_identify(backups_iris) by extensions ['colcon_pkg']
[0.445s] Level 1:colcon.colcon_core.package_identification:_identify(backups_iris) by extension 'colcon_pkg'
[0.445s] Level 1:colcon.colcon_core.package_identification:_identify(backups_iris) by extensions ['colcon_meta']
[0.445s] Level 1:colcon.colcon_core.package_identification:_identify(backups_iris) by extension 'colcon_meta'
[0.445s] Level 1:colcon.colcon_core.package_identification:_identify(backups_iris) by extensions ['ros']
[0.445s] Level 1:colcon.colcon_core.package_identification:_identify(backups_iris) by extension 'ros'
[0.445s] Level 1:colcon.colcon_core.package_identification:_identify(backups_iris) by extensions ['cmake', 'python']
[0.445s] Level 1:colcon.colcon_core.package_identification:_identify(backups_iris) by extension 'cmake'
[0.445s] Level 1:colcon.colcon_core.package_identification:_identify(backups_iris) by extension 'python'
[0.445s] Level 1:colcon.colcon_core.package_identification:_identify(backups_iris) by extensions ['python_setup_py']
[0.445s] Level 1:colcon.colcon_core.package_identification:_identify(backups_iris) by extension 'python_setup_py'
[0.446s] Level 1:colcon.colcon_core.package_identification:_identify(backups_iris/iris_with_ardupilot) by extensions ['ignore', 'ignore_ament_install']
[0.446s] Level 1:colcon.colcon_core.package_identification:_identify(backups_iris/iris_with_ardupilot) by extension 'ignore'
[0.446s] Level 1:colcon.colcon_core.package_identification:_identify(backups_iris/iris_with_ardupilot) by extension 'ignore_ament_install'
[0.446s] Level 1:colcon.colcon_core.package_identification:_identify(backups_iris/iris_with_ardupilot) by extensions ['colcon_pkg']
[0.446s] Level 1:colcon.colcon_core.package_identification:_identify(backups_iris/iris_with_ardupilot) by extension 'colcon_pkg'
[0.446s] Level 1:colcon.colcon_core.package_identification:_identify(backups_iris/iris_with_ardupilot) by extensions ['colcon_meta']
[0.446s] Level 1:colcon.colcon_core.package_identification:_identify(backups_iris/iris_with_ardupilot) by extension 'colcon_meta'
[0.447s] Level 1:colcon.colcon_core.package_identification:_identify(backups_iris/iris_with_ardupilot) by extensions ['ros']
[0.447s] Level 1:colcon.colcon_core.package_identification:_identify(backups_iris/iris_with_ardupilot) by extension 'ros'
[0.447s] Level 1:colcon.colcon_core.package_identification:_identify(backups_iris/iris_with_ardupilot) by extensions ['cmake', 'python']
[0.447s] Level 1:colcon.colcon_core.package_identification:_identify(backups_iris/iris_with_ardupilot) by extension 'cmake'
[0.447s] Level 1:colcon.colcon_core.package_identification:_identify(backups_iris/iris_with_ardupilot) by extension 'python'
[0.447s] Level 1:colcon.colcon_core.package_identification:_identify(backups_iris/iris_with_ardupilot) by extensions ['python_setup_py']
[0.447s] Level 1:colcon.colcon_core.package_identification:_identify(backups_iris/iris_with_ardupilot) by extension 'python_setup_py'
[0.447s] Level 1:colcon.colcon_core.package_identification:_identify(backups_iris/iris_with_gimbal) by extensions ['ignore', 'ignore_ament_install']
[0.447s] Level 1:colcon.colcon_core.package_identification:_identify(backups_iris/iris_with_gimbal) by extension 'ignore'
[0.447s] Level 1:colcon.colcon_core.package_identification:_identify(backups_iris/iris_with_gimbal) by extension 'ignore_ament_install'
[0.447s] Level 1:colcon.colcon_core.package_identification:_identify(backups_iris/iris_with_gimbal) by extensions ['colcon_pkg']
[0.447s] Level 1:colcon.colcon_core.package_identification:_identify(backups_iris/iris_with_gimbal) by extension 'colcon_pkg'
[0.448s] Level 1:colcon.colcon_core.package_identification:_identify(backups_iris/iris_with_gimbal) by extensions ['colcon_meta']
[0.448s] Level 1:colcon.colcon_core.package_identification:_identify(backups_iris/iris_with_gimbal) by extension 'colcon_meta'
[0.448s] Level 1:colcon.colcon_core.package_identification:_identify(backups_iris/iris_with_gimbal) by extensions ['ros']
[0.448s] Level 1:colcon.colcon_core.package_identification:_identify(backups_iris/iris_with_gimbal) by extension 'ros'
[0.448s] Level 1:colcon.colcon_core.package_identification:_identify(backups_iris/iris_with_gimbal) by extensions ['cmake', 'python']
[0.448s] Level 1:colcon.colcon_core.package_identification:_identify(backups_iris/iris_with_gimbal) by extension 'cmake'
[0.448s] Level 1:colcon.colcon_core.package_identification:_identify(backups_iris/iris_with_gimbal) by extension 'python'
[0.448s] Level 1:colcon.colcon_core.package_identification:_identify(backups_iris/iris_with_gimbal) by extensions ['python_setup_py']
[0.448s] Level 1:colcon.colcon_core.package_identification:_identify(backups_iris/iris_with_gimbal) by extension 'python_setup_py'
[0.448s] Level 1:colcon.colcon_core.package_identification:_identify(backups_iris/iris_with_standoffs) by extensions ['ignore', 'ignore_ament_install']
[0.448s] Level 1:colcon.colcon_core.package_identification:_identify(backups_iris/iris_with_standoffs) by extension 'ignore'
[0.448s] Level 1:colcon.colcon_core.package_identification:_identify(backups_iris/iris_with_standoffs) by extension 'ignore_ament_install'
[0.448s] Level 1:colcon.colcon_core.package_identification:_identify(backups_iris/iris_with_standoffs) by extensions ['colcon_pkg']
[0.448s] Level 1:colcon.colcon_core.package_identification:_identify(backups_iris/iris_with_standoffs) by extension 'colcon_pkg'
[0.448s] Level 1:colcon.colcon_core.package_identification:_identify(backups_iris/iris_with_standoffs) by extensions ['colcon_meta']
[0.448s] Level 1:colcon.colcon_core.package_identification:_identify(backups_iris/iris_with_standoffs) by extension 'colcon_meta'
[0.448s] Level 1:colcon.colcon_core.package_identification:_identify(backups_iris/iris_with_standoffs) by extensions ['ros']
[0.448s] Level 1:colcon.colcon_core.package_identification:_identify(backups_iris/iris_with_standoffs) by extension 'ros'
[0.448s] Level 1:colcon.colcon_core.package_identification:_identify(backups_iris/iris_with_standoffs) by extensions ['cmake', 'python']
[0.448s] Level 1:colcon.colcon_core.package_identification:_identify(backups_iris/iris_with_standoffs) by extension 'cmake'
[0.448s] Level 1:colcon.colcon_core.package_identification:_identify(backups_iris/iris_with_standoffs) by extension 'python'
[0.448s] Level 1:colcon.colcon_core.package_identification:_identify(backups_iris/iris_with_standoffs) by extensions ['python_setup_py']
[0.448s] Level 1:colcon.colcon_core.package_identification:_identify(backups_iris/iris_with_standoffs) by extension 'python_setup_py'
[0.448s] Level 1:colcon.colcon_core.package_identification:_identify(backups_iris/iris_with_standoffs/meshes) by extensions ['ignore', 'ignore_ament_install']
[0.448s] Level 1:colcon.colcon_core.package_identification:_identify(backups_iris/iris_with_standoffs/meshes) by extension 'ignore'
[0.448s] Level 1:colcon.colcon_core.package_identification:_identify(backups_iris/iris_with_standoffs/meshes) by extension 'ignore_ament_install'
[0.448s] Level 1:colcon.colcon_core.package_identification:_identify(backups_iris/iris_with_standoffs/meshes) by extensions ['colcon_pkg']
[0.448s] Level 1:colcon.colcon_core.package_identification:_identify(backups_iris/iris_with_standoffs/meshes) by extension 'colcon_pkg'
[0.449s] Level 1:colcon.colcon_core.package_identification:_identify(backups_iris/iris_with_standoffs/meshes) by extensions ['colcon_meta']
[0.449s] Level 1:colcon.colcon_core.package_identification:_identify(backups_iris/iris_with_standoffs/meshes) by extension 'colcon_meta'
[0.449s] Level 1:colcon.colcon_core.package_identification:_identify(backups_iris/iris_with_standoffs/meshes) by extensions ['ros']
[0.449s] Level 1:colcon.colcon_core.package_identification:_identify(backups_iris/iris_with_standoffs/meshes) by extension 'ros'
[0.449s] Level 1:colcon.colcon_core.package_identification:_identify(backups_iris/iris_with_standoffs/meshes) by extensions ['cmake', 'python']
[0.449s] Level 1:colcon.colcon_core.package_identification:_identify(backups_iris/iris_with_standoffs/meshes) by extension 'cmake'
[0.449s] Level 1:colcon.colcon_core.package_identification:_identify(backups_iris/iris_with_standoffs/meshes) by extension 'python'
[0.449s] Level 1:colcon.colcon_core.package_identification:_identify(backups_iris/iris_with_standoffs/meshes) by extensions ['python_setup_py']
[0.449s] Level 1:colcon.colcon_core.package_identification:_identify(backups_iris/iris_with_standoffs/meshes) by extension 'python_setup_py'
[0.449s] Level 1:colcon.colcon_core.package_identification:_identify(build) by extensions ['ignore', 'ignore_ament_install']
[0.449s] Level 1:colcon.colcon_core.package_identification:_identify(build) by extension 'ignore'
[0.449s] Level 1:colcon.colcon_core.package_identification:_identify(build) ignored
[0.449s] Level 1:colcon.colcon_core.package_identification:_identify(disabled_models) by extensions ['ignore', 'ignore_ament_install']
[0.449s] Level 1:colcon.colcon_core.package_identification:_identify(disabled_models) by extension 'ignore'
[0.449s] Level 1:colcon.colcon_core.package_identification:_identify(disabled_models) by extension 'ignore_ament_install'
[0.449s] Level 1:colcon.colcon_core.package_identification:_identify(disabled_models) by extensions ['colcon_pkg']
[0.449s] Level 1:colcon.colcon_core.package_identification:_identify(disabled_models) by extension 'colcon_pkg'
[0.449s] Level 1:colcon.colcon_core.package_identification:_identify(disabled_models) by extensions ['colcon_meta']
[0.449s] Level 1:colcon.colcon_core.package_identification:_identify(disabled_models) by extension 'colcon_meta'
[0.449s] Level 1:colcon.colcon_core.package_identification:_identify(disabled_models) by extensions ['ros']
[0.449s] Level 1:colcon.colcon_core.package_identification:_identify(disabled_models) by extension 'ros'
[0.449s] Level 1:colcon.colcon_core.package_identification:_identify(disabled_models) by extensions ['cmake', 'python']
[0.449s] Level 1:colcon.colcon_core.package_identification:_identify(disabled_models) by extension 'cmake'
[0.449s] Level 1:colcon.colcon_core.package_identification:_identify(disabled_models) by extension 'python'
[0.449s] Level 1:colcon.colcon_core.package_identification:_identify(disabled_models) by extensions ['python_setup_py']
[0.450s] Level 1:colcon.colcon_core.package_identification:_identify(disabled_models) by extension 'python_setup_py'
[0.450s] Level 1:colcon.colcon_core.package_identification:_identify(disabled_models/model_graveyard) by extensions ['ignore', 'ignore_ament_install']
[0.450s] Level 1:colcon.colcon_core.package_identification:_identify(disabled_models/model_graveyard) by extension 'ignore'
[0.450s] Level 1:colcon.colcon_core.package_identification:_identify(disabled_models/model_graveyard) by extension 'ignore_ament_install'
[0.450s] Level 1:colcon.colcon_core.package_identification:_identify(disabled_models/model_graveyard) by extensions ['colcon_pkg']
[0.450s] Level 1:colcon.colcon_core.package_identification:_identify(disabled_models/model_graveyard) by extension 'colcon_pkg'
[0.450s] Level 1:colcon.colcon_core.package_identification:_identify(disabled_models/model_graveyard) by extensions ['colcon_meta']
[0.450s] Level 1:colcon.colcon_core.package_identification:_identify(disabled_models/model_graveyard) by extension 'colcon_meta'
[0.450s] Level 1:colcon.colcon_core.package_identification:_identify(disabled_models/model_graveyard) by extensions ['ros']
[0.450s] Level 1:colcon.colcon_core.package_identification:_identify(disabled_models/model_graveyard) by extension 'ros'
[0.450s] Level 1:colcon.colcon_core.package_identification:_identify(disabled_models/model_graveyard) by extensions ['cmake', 'python']
[0.450s] Level 1:colcon.colcon_core.package_identification:_identify(disabled_models/model_graveyard) by extension 'cmake'
[0.450s] Level 1:colcon.colcon_core.package_identification:_identify(disabled_models/model_graveyard) by extension 'python'
[0.450s] Level 1:colcon.colcon_core.package_identification:_identify(disabled_models/model_graveyard) by extensions ['python_setup_py']
[0.450s] Level 1:colcon.colcon_core.package_identification:_identify(disabled_models/model_graveyard) by extension 'python_setup_py'
[0.450s] Level 1:colcon.colcon_core.package_identification:_identify(disabled_models/model_graveyard/drone_with_camera) by extensions ['ignore', 'ignore_ament_install']
[0.450s] Level 1:colcon.colcon_core.package_identification:_identify(disabled_models/model_graveyard/drone_with_camera) by extension 'ignore'
[0.450s] Level 1:colcon.colcon_core.package_identification:_identify(disabled_models/model_graveyard/drone_with_camera) by extension 'ignore_ament_install'
[0.450s] Level 1:colcon.colcon_core.package_identification:_identify(disabled_models/model_graveyard/drone_with_camera) by extensions ['colcon_pkg']
[0.450s] Level 1:colcon.colcon_core.package_identification:_identify(disabled_models/model_graveyard/drone_with_camera) by extension 'colcon_pkg'
[0.450s] Level 1:colcon.colcon_core.package_identification:_identify(disabled_models/model_graveyard/drone_with_camera) by extensions ['colcon_meta']
[0.450s] Level 1:colcon.colcon_core.package_identification:_identify(disabled_models/model_graveyard/drone_with_camera) by extension 'colcon_meta'
[0.450s] Level 1:colcon.colcon_core.package_identification:_identify(disabled_models/model_graveyard/drone_with_camera) by extensions ['ros']
[0.450s] Level 1:colcon.colcon_core.package_identification:_identify(disabled_models/model_graveyard/drone_with_camera) by extension 'ros'
[0.451s] Level 1:colcon.colcon_core.package_identification:_identify(disabled_models/model_graveyard/drone_with_camera) by extensions ['cmake', 'python']
[0.451s] Level 1:colcon.colcon_core.package_identification:_identify(disabled_models/model_graveyard/drone_with_camera) by extension 'cmake'
[0.451s] Level 1:colcon.colcon_core.package_identification:_identify(disabled_models/model_graveyard/drone_with_camera) by extension 'python'
[0.451s] Level 1:colcon.colcon_core.package_identification:_identify(disabled_models/model_graveyard/drone_with_camera) by extensions ['python_setup_py']
[0.451s] Level 1:colcon.colcon_core.package_identification:_identify(disabled_models/model_graveyard/drone_with_camera) by extension 'python_setup_py'
[0.451s] Level 1:colcon.colcon_core.package_identification:_identify(disabled_models/model_graveyard/drone_with_camera/meshes) by extensions ['ignore', 'ignore_ament_install']
[0.451s] Level 1:colcon.colcon_core.package_identification:_identify(disabled_models/model_graveyard/drone_with_camera/meshes) by extension 'ignore'
[0.451s] Level 1:colcon.colcon_core.package_identification:_identify(disabled_models/model_graveyard/drone_with_camera/meshes) by extension 'ignore_ament_install'
[0.451s] Level 1:colcon.colcon_core.package_identification:_identify(disabled_models/model_graveyard/drone_with_camera/meshes) by extensions ['colcon_pkg']
[0.451s] Level 1:colcon.colcon_core.package_identification:_identify(disabled_models/model_graveyard/drone_with_camera/meshes) by extension 'colcon_pkg'
[0.451s] Level 1:colcon.colcon_core.package_identification:_identify(disabled_models/model_graveyard/drone_with_camera/meshes) by extensions ['colcon_meta']
[0.451s] Level 1:colcon.colcon_core.package_identification:_identify(disabled_models/model_graveyard/drone_with_camera/meshes) by extension 'colcon_meta'
[0.451s] Level 1:colcon.colcon_core.package_identification:_identify(disabled_models/model_graveyard/drone_with_camera/meshes) by extensions ['ros']
[0.451s] Level 1:colcon.colcon_core.package_identification:_identify(disabled_models/model_graveyard/drone_with_camera/meshes) by extension 'ros'
[0.451s] Level 1:colcon.colcon_core.package_identification:_identify(disabled_models/model_graveyard/drone_with_camera/meshes) by extensions ['cmake', 'python']
[0.451s] Level 1:colcon.colcon_core.package_identification:_identify(disabled_models/model_graveyard/drone_with_camera/meshes) by extension 'cmake'
[0.451s] Level 1:colcon.colcon_core.package_identification:_identify(disabled_models/model_graveyard/drone_with_camera/meshes) by extension 'python'
[0.451s] Level 1:colcon.colcon_core.package_identification:_identify(disabled_models/model_graveyard/drone_with_camera/meshes) by extensions ['python_setup_py']
[0.451s] Level 1:colcon.colcon_core.package_identification:_identify(disabled_models/model_graveyard/drone_with_camera/meshes) by extension 'python_setup_py'
[0.451s] Level 1:colcon.colcon_core.package_identification:_identify(disabled_models/model_graveyard/iris_base) by extensions ['ignore', 'ignore_ament_install']
[0.451s] Level 1:colcon.colcon_core.package_identification:_identify(disabled_models/model_graveyard/iris_base) by extension 'ignore'
[0.451s] Level 1:colcon.colcon_core.package_identification:_identify(disabled_models/model_graveyard/iris_base) by extension 'ignore_ament_install'
[0.451s] Level 1:colcon.colcon_core.package_identification:_identify(disabled_models/model_graveyard/iris_base) by extensions ['colcon_pkg']
[0.451s] Level 1:colcon.colcon_core.package_identification:_identify(disabled_models/model_graveyard/iris_base) by extension 'colcon_pkg'
[0.451s] Level 1:colcon.colcon_core.package_identification:_identify(disabled_models/model_graveyard/iris_base) by extensions ['colcon_meta']
[0.451s] Level 1:colcon.colcon_core.package_identification:_identify(disabled_models/model_graveyard/iris_base) by extension 'colcon_meta'
[0.451s] Level 1:colcon.colcon_core.package_identification:_identify(disabled_models/model_graveyard/iris_base) by extensions ['ros']
[0.451s] Level 1:colcon.colcon_core.package_identification:_identify(disabled_models/model_graveyard/iris_base) by extension 'ros'
[0.451s] Level 1:colcon.colcon_core.package_identification:_identify(disabled_models/model_graveyard/iris_base) by extensions ['cmake', 'python']
[0.451s] Level 1:colcon.colcon_core.package_identification:_identify(disabled_models/model_graveyard/iris_base) by extension 'cmake'
[0.452s] Level 1:colcon.colcon_core.package_identification:_identify(disabled_models/model_graveyard/iris_base) by extension 'python'
[0.452s] Level 1:colcon.colcon_core.package_identification:_identify(disabled_models/model_graveyard/iris_base) by extensions ['python_setup_py']
[0.452s] Level 1:colcon.colcon_core.package_identification:_identify(disabled_models/model_graveyard/iris_base) by extension 'python_setup_py'
[0.452s] Level 1:colcon.colcon_core.package_identification:_identify(disabled_models/model_graveyard/iris_base/meshes) by extensions ['ignore', 'ignore_ament_install']
[0.452s] Level 1:colcon.colcon_core.package_identification:_identify(disabled_models/model_graveyard/iris_base/meshes) by extension 'ignore'
[0.452s] Level 1:colcon.colcon_core.package_identification:_identify(disabled_models/model_graveyard/iris_base/meshes) by extension 'ignore_ament_install'
[0.452s] Level 1:colcon.colcon_core.package_identification:_identify(disabled_models/model_graveyard/iris_base/meshes) by extensions ['colcon_pkg']
[0.452s] Level 1:colcon.colcon_core.package_identification:_identify(disabled_models/model_graveyard/iris_base/meshes) by extension 'colcon_pkg'
[0.452s] Level 1:colcon.colcon_core.package_identification:_identify(disabled_models/model_graveyard/iris_base/meshes) by extensions ['colcon_meta']
[0.452s] Level 1:colcon.colcon_core.package_identification:_identify(disabled_models/model_graveyard/iris_base/meshes) by extension 'colcon_meta'
[0.452s] Level 1:colcon.colcon_core.package_identification:_identify(disabled_models/model_graveyard/iris_base/meshes) by extensions ['ros']
[0.452s] Level 1:colcon.colcon_core.package_identification:_identify(disabled_models/model_graveyard/iris_base/meshes) by extension 'ros'
[0.452s] Level 1:colcon.colcon_core.package_identification:_identify(disabled_models/model_graveyard/iris_base/meshes) by extensions ['cmake', 'python']
[0.452s] Level 1:colcon.colcon_core.package_identification:_identify(disabled_models/model_graveyard/iris_base/meshes) by extension 'cmake'
[0.452s] Level 1:colcon.colcon_core.package_identification:_identify(disabled_models/model_graveyard/iris_base/meshes) by extension 'python'
[0.452s] Level 1:colcon.colcon_core.package_identification:_identify(disabled_models/model_graveyard/iris_base/meshes) by extensions ['python_setup_py']
[0.452s] Level 1:colcon.colcon_core.package_identification:_identify(disabled_models/model_graveyard/iris_base/meshes) by extension 'python_setup_py'
[0.452s] Level 1:colcon.colcon_core.package_identification:_identify(install) by extensions ['ignore', 'ignore_ament_install']
[0.452s] Level 1:colcon.colcon_core.package_identification:_identify(install) by extension 'ignore'
[0.452s] Level 1:colcon.colcon_core.package_identification:_identify(install) ignored
[0.452s] Level 1:colcon.colcon_core.package_identification:_identify(log) by extensions ['ignore', 'ignore_ament_install']
[0.452s] Level 1:colcon.colcon_core.package_identification:_identify(log) by extension 'ignore'
[0.452s] Level 1:colcon.colcon_core.package_identification:_identify(log) ignored
[0.452s] Level 1:colcon.colcon_core.package_identification:_identify(tag_hover_sim) by extensions ['ignore', 'ignore_ament_install']
[0.453s] Level 1:colcon.colcon_core.package_identification:_identify(tag_hover_sim) by extension 'ignore'
[0.453s] Level 1:colcon.colcon_core.package_identification:_identify(tag_hover_sim) by extension 'ignore_ament_install'
[0.453s] Level 1:colcon.colcon_core.package_identification:_identify(tag_hover_sim) by extensions ['colcon_pkg']
[0.453s] Level 1:colcon.colcon_core.package_identification:_identify(tag_hover_sim) by extension 'colcon_pkg'
[0.453s] Level 1:colcon.colcon_core.package_identification:_identify(tag_hover_sim) by extensions ['colcon_meta']
[0.453s] Level 1:colcon.colcon_core.package_identification:_identify(tag_hover_sim) by extension 'colcon_meta'
[0.453s] Level 1:colcon.colcon_core.package_identification:_identify(tag_hover_sim) by extensions ['ros']
[0.453s] Level 1:colcon.colcon_core.package_identification:_identify(tag_hover_sim) by extension 'ros'
[0.453s] DEBUG:colcon.colcon_core.package_identification:Package 'tag_hover_sim' with type 'ros.ament_python' and name 'tag_hover_sim'
[0.453s] Level 1:colcon.colcon_core.package_discovery:discover_packages(recursive) using defaults
[0.453s] Level 1:colcon.colcon_core.package_discovery:discover_packages(ignore) discover
[0.453s] Level 1:colcon.colcon_core.package_discovery:discover_packages(ignore) using defaults
[0.453s] Level 1:colcon.colcon_core.package_discovery:discover_packages(path) discover
[0.453s] Level 1:colcon.colcon_core.package_discovery:discover_packages(path) using defaults
[0.475s] Level 1:colcon.colcon_core.package_discovery:discover_packages(prefix_path) check parameters
[0.475s] Level 1:colcon.colcon_core.package_discovery:discover_packages(prefix_path) discover
[0.477s] DEBUG:colcon.colcon_installed_package_information.package_discovery:Found 2 installed packages in /home/javierbecerril/harmonic_ws/install
[0.478s] DEBUG:colcon.colcon_installed_package_information.package_discovery:Found 339 installed packages in /opt/ros/jazzy
[0.479s] Level 1:colcon.colcon_core.package_discovery:discover_packages(prefix_path) using defaults
[0.526s] Level 5:colcon.colcon_core.verb:set package 'ardupilot_gazebo' build argument 'cmake_args' from command line to 'None'
[0.526s] Level 5:colcon.colcon_core.verb:set package 'ardupilot_gazebo' build argument 'cmake_target' from command line to 'None'
[0.526s] Level 5:colcon.colcon_core.verb:set package 'ardupilot_gazebo' build argument 'cmake_target_skip_unavailable' from command line to 'False'
[0.526s] Level 5:colcon.colcon_core.verb:set package 'ardupilot_gazebo' build argument 'cmake_clean_cache' from command line to 'False'
[0.527s] Level 5:colcon.colcon_core.verb:set package 'ardupilot_gazebo' build argument 'cmake_clean_first' from command line to 'False'
[0.527s] Level 5:colcon.colcon_core.verb:set package 'ardupilot_gazebo' build argument 'cmake_force_configure' from command line to 'False'
[0.527s] Level 5:colcon.colcon_core.verb:set package 'ardupilot_gazebo' build argument 'ament_cmake_args' from command line to 'None'
[0.527s] Level 5:colcon.colcon_core.verb:set package 'ardupilot_gazebo' build argument 'catkin_cmake_args' from command line to 'None'
[0.527s] Level 5:colcon.colcon_core.verb:set package 'ardupilot_gazebo' build argument 'catkin_skip_building_tests' from command line to 'False'
[0.527s] DEBUG:colcon.colcon_core.verb:Building package 'ardupilot_gazebo' with the following arguments: {'ament_cmake_args': None, 'build_base': '/home/javierbecerril/harmonic_ws/src/build/ardupilot_gazebo', 'catkin_cmake_args': None, 'catkin_skip_building_tests': False, 'cmake_args': None, 'cmake_clean_cache': False, 'cmake_clean_first': False, 'cmake_force_configure': False, 'cmake_target': None, 'cmake_target_skip_unavailable': False, 'install_base': '/home/javierbecerril/harmonic_ws/src/install/ardupilot_gazebo', 'merge_install': False, 'path': '/home/javierbecerril/harmonic_ws/src/ardupilot_gazebo', 'symlink_install': False, 'test_result_base': None}
[0.527s] Level 5:colcon.colcon_core.verb:set package 'tag_hover_sim' build argument 'cmake_args' from command line to 'None'
[0.527s] Level 5:colcon.colcon_core.verb:set package 'tag_hover_sim' build argument 'cmake_target' from command line to 'None'
[0.527s] Level 5:colcon.colcon_core.verb:set package 'tag_hover_sim' build argument 'cmake_target_skip_unavailable' from command line to 'False'
[0.527s] Level 5:colcon.colcon_core.verb:set package 'tag_hover_sim' build argument 'cmake_clean_cache' from command line to 'False'
[0.527s] Level 5:colcon.colcon_core.verb:set package 'tag_hover_sim' build argument 'cmake_clean_first' from command line to 'False'
[0.527s] Level 5:colcon.colcon_core.verb:set package 'tag_hover_sim' build argument 'cmake_force_configure' from command line to 'False'
[0.527s] Level 5:colcon.colcon_core.verb:set package 'tag_hover_sim' build argument 'ament_cmake_args' from command line to 'None'
[0.527s] Level 5:colcon.colcon_core.verb:set package 'tag_hover_sim' build argument 'catkin_cmake_args' from command line to 'None'
[0.527s] Level 5:colcon.colcon_core.verb:set package 'tag_hover_sim' build argument 'catkin_skip_building_tests' from command line to 'False'
[0.527s] DEBUG:colcon.colcon_core.verb:Building package 'tag_hover_sim' with the following arguments: {'ament_cmake_args': None, 'build_base': '/home/javierbecerril/harmonic_ws/src/build/tag_hover_sim', 'catkin_cmake_args': None, 'catkin_skip_building_tests': False, 'cmake_args': None, 'cmake_clean_cache': False, 'cmake_clean_first': False, 'cmake_force_configure': False, 'cmake_target': None, 'cmake_target_skip_unavailable': False, 'install_base': '/home/javierbecerril/harmonic_ws/src/install/tag_hover_sim', 'merge_install': False, 'path': '/home/javierbecerril/harmonic_ws/src/tag_hover_sim', 'symlink_install': False, 'test_result_base': None}
[0.527s] INFO:colcon.colcon_core.executor:Executing jobs using 'parallel' executor
[0.529s] DEBUG:colcon.colcon_parallel_executor.executor.parallel:run_until_complete
[0.529s] INFO:colcon.colcon_ros.task.ament_cmake.build:Building ROS package in '/home/javierbecerril/harmonic_ws/src/ardupilot_gazebo' with build type 'ament_cmake'
[0.530s] INFO:colcon.colcon_cmake.task.cmake.build:Building CMake package in '/home/javierbecerril/harmonic_ws/src/ardupilot_gazebo'
[0.532s] INFO:colcon.colcon_core.plugin_system:Skipping extension 'colcon_core.shell.bat': Not used on non-Windows systems
[0.532s] INFO:colcon.colcon_core.shell:Skip shell extension 'powershell' for command environment: Not usable outside of PowerShell
[0.532s] DEBUG:colcon.colcon_core.shell:Skip shell extension 'dsv' for command environment
[0.537s] INFO:colcon.colcon_ros.task.ament_python.build:Building ROS package in '/home/javierbecerril/harmonic_ws/src/tag_hover_sim' with build type 'ament_python'
[0.537s] Level 1:colcon.colcon_core.shell:create_environment_hook('tag_hover_sim', 'ament_prefix_path')
[0.538s] INFO:colcon.colcon_core.shell:Creating environment hook '/home/javierbecerril/harmonic_ws/src/install/tag_hover_sim/share/tag_hover_sim/hook/ament_prefix_path.ps1'
[0.539s] INFO:colcon.colcon_core.shell:Creating environment descriptor '/home/javierbecerril/harmonic_ws/src/install/tag_hover_sim/share/tag_hover_sim/hook/ament_prefix_path.dsv'
[0.540s] INFO:colcon.colcon_core.shell:Creating environment hook '/home/javierbecerril/harmonic_ws/src/install/tag_hover_sim/share/tag_hover_sim/hook/ament_prefix_path.sh'
[0.541s] INFO:colcon.colcon_core.shell:Skip shell extension 'powershell' for command environment: Not usable outside of PowerShell
[0.541s] DEBUG:colcon.colcon_core.shell:Skip shell extension 'dsv' for command environment
[0.551s] DEBUG:colcon.colcon_core.event_handler.log_command:Invoking command in '/home/javierbecerril/harmonic_ws/src/build/ardupilot_gazebo': CMAKE_PREFIX_PATH=${CMAKE_PREFIX_PATH}:/home/javierbecerril/harmonic_ws/install/tag_hover_sim:/opt/ros/jazzy DEBUGINFOD_URLS=https://debuginfod.ubuntu.com PS1=\[\e]0;\u@\h: \w\a\]${debian_chroot:+($debian_chroot)}\[\033[01;32m\]\u@\h\[\033[00m\]:\[\033[01;34m\]\w\[\033[00m\]\$ /usr/bin/cmake /home/javierbecerril/harmonic_ws/src/ardupilot_gazebo -DCMAKE_INSTALL_PREFIX=/home/javierbecerril/harmonic_ws/src/install/ardupilot_gazebo
[0.841s] INFO:colcon.colcon_core.task.python.build:Building Python package in '/home/javierbecerril/harmonic_ws/src/tag_hover_sim'
[0.842s] INFO:colcon.colcon_core.shell:Skip shell extension 'powershell' for command environment: Not usable outside of PowerShell
[0.842s] DEBUG:colcon.colcon_core.shell:Skip shell extension 'dsv' for command environment
[1.553s] DEBUG:colcon.colcon_core.event_handler.log_command:Invoking command in '/home/javierbecerril/harmonic_ws/src/tag_hover_sim': DEBUGINFOD_URLS=https://debuginfod.ubuntu.com PS1=\[\e]0;\u@\h: \w\a\]${debian_chroot:+($debian_chroot)}\[\033[01;32m\]\u@\h\[\033[00m\]:\[\033[01;34m\]\w\[\033[00m\]\$ PYTHONPATH=/home/javierbecerril/harmonic_ws/src/build/tag_hover_sim/prefix_override:/usr/lib/python3/dist-packages/colcon_core/task/python/colcon_distutils_commands:/home/javierbecerril/harmonic_ws/src/install/tag_hover_sim/lib/python3.12/site-packages:${PYTHONPATH} /usr/bin/python3 -W ignore:setup.py install is deprecated -W ignore:easy_install command is deprecated setup.py egg_info --egg-base ../build/tag_hover_sim build --build-base /home/javierbecerril/harmonic_ws/src/build/tag_hover_sim/build install --record /home/javierbecerril/harmonic_ws/src/build/tag_hover_sim/install.log --single-version-externally-managed install_data
[2.157s] DEBUG:colcon.colcon_core.event_handler.log_command:Invoked command in '/home/javierbecerril/harmonic_ws/src/tag_hover_sim' returned '0': DEBUGINFOD_URLS=https://debuginfod.ubuntu.com PS1=\[\e]0;\u@\h: \w\a\]${debian_chroot:+($debian_chroot)}\[\033[01;32m\]\u@\h\[\033[00m\]:\[\033[01;34m\]\w\[\033[00m\]\$ PYTHONPATH=/home/javierbecerril/harmonic_ws/src/build/tag_hover_sim/prefix_override:/usr/lib/python3/dist-packages/colcon_core/task/python/colcon_distutils_commands:/home/javierbecerril/harmonic_ws/src/install/tag_hover_sim/lib/python3.12/site-packages:${PYTHONPATH} /usr/bin/python3 -W ignore:setup.py install is deprecated -W ignore:easy_install command is deprecated setup.py egg_info --egg-base ../build/tag_hover_sim build --build-base /home/javierbecerril/harmonic_ws/src/build/tag_hover_sim/build install --record /home/javierbecerril/harmonic_ws/src/build/tag_hover_sim/install.log --single-version-externally-managed install_data
[2.159s] Level 1:colcon.colcon_core.environment:checking '/home/javierbecerril/harmonic_ws/src/install/tag_hover_sim' for CMake module files
[2.159s] Level 1:colcon.colcon_core.environment:checking '/home/javierbecerril/harmonic_ws/src/install/tag_hover_sim' for CMake config files
[2.160s] Level 1:colcon.colcon_core.environment:checking '/home/javierbecerril/harmonic_ws/src/install/tag_hover_sim/lib'
[2.160s] Level 1:colcon.colcon_core.environment:checking '/home/javierbecerril/harmonic_ws/src/install/tag_hover_sim/bin'
[2.160s] Level 1:colcon.colcon_core.environment:checking '/home/javierbecerril/harmonic_ws/src/install/tag_hover_sim/lib/pkgconfig/tag_hover_sim.pc'
[2.160s] Level 1:colcon.colcon_core.environment:checking '/home/javierbecerril/harmonic_ws/src/install/tag_hover_sim/lib/python3.12/site-packages'
[2.160s] Level 1:colcon.colcon_core.shell:create_environment_hook('tag_hover_sim', 'pythonpath')
[2.161s] INFO:colcon.colcon_core.shell:Creating environment hook '/home/javierbecerril/harmonic_ws/src/install/tag_hover_sim/share/tag_hover_sim/hook/pythonpath.ps1'
[2.161s] INFO:colcon.colcon_core.shell:Creating environment descriptor '/home/javierbecerril/harmonic_ws/src/install/tag_hover_sim/share/tag_hover_sim/hook/pythonpath.dsv'
[2.161s] INFO:colcon.colcon_core.shell:Creating environment hook '/home/javierbecerril/harmonic_ws/src/install/tag_hover_sim/share/tag_hover_sim/hook/pythonpath.sh'
[2.162s] Level 1:colcon.colcon_core.environment:checking '/home/javierbecerril/harmonic_ws/src/install/tag_hover_sim/bin'
[2.162s] Level 1:colcon.colcon_core.environment:create_environment_scripts_only(tag_hover_sim)
[2.162s] INFO:colcon.colcon_core.shell:Creating package script '/home/javierbecerril/harmonic_ws/src/install/tag_hover_sim/share/tag_hover_sim/package.ps1'
[2.163s] INFO:colcon.colcon_core.shell:Creating package descriptor '/home/javierbecerril/harmonic_ws/src/install/tag_hover_sim/share/tag_hover_sim/package.dsv'
[2.164s] INFO:colcon.colcon_core.shell:Creating package script '/home/javierbecerril/harmonic_ws/src/install/tag_hover_sim/share/tag_hover_sim/package.sh'
[2.177s] INFO:colcon.colcon_core.shell:Creating package script '/home/javierbecerril/harmonic_ws/src/install/tag_hover_sim/share/tag_hover_sim/package.bash'
[2.178s] INFO:colcon.colcon_core.shell:Creating package script '/home/javierbecerril/harmonic_ws/src/install/tag_hover_sim/share/tag_hover_sim/package.zsh'
[2.178s] Level 1:colcon.colcon_core.environment:create_file_with_runtime_dependencies(/home/javierbecerril/harmonic_ws/src/install/tag_hover_sim/share/colcon-core/packages/tag_hover_sim)
[26.820s] DEBUG:colcon.colcon_core.event_handler.log_command:Invoked command in '/home/javierbecerril/harmonic_ws/src/build/ardupilot_gazebo' returned '0': CMAKE_PREFIX_PATH=${CMAKE_PREFIX_PATH}:/home/javierbecerril/harmonic_ws/install/tag_hover_sim:/opt/ros/jazzy DEBUGINFOD_URLS=https://debuginfod.ubuntu.com PS1=\[\e]0;\u@\h: \w\a\]${debian_chroot:+($debian_chroot)}\[\033[01;32m\]\u@\h\[\033[00m\]:\[\033[01;34m\]\w\[\033[00m\]\$ /usr/bin/cmake /home/javierbecerril/harmonic_ws/src/ardupilot_gazebo -DCMAKE_INSTALL_PREFIX=/home/javierbecerril/harmonic_ws/src/install/ardupilot_gazebo
[26.822s] DEBUG:colcon.colcon_core.event_handler.log_command:Invoking command in '/home/javierbecerril/harmonic_ws/src/build/ardupilot_gazebo': CMAKE_PREFIX_PATH=${CMAKE_PREFIX_PATH}:/home/javierbecerril/harmonic_ws/install/tag_hover_sim:/opt/ros/jazzy DEBUGINFOD_URLS=https://debuginfod.ubuntu.com PS1=\[\e]0;\u@\h: \w\a\]${debian_chroot:+($debian_chroot)}\[\033[01;32m\]\u@\h\[\033[00m\]:\[\033[01;34m\]\w\[\033[00m\]\$ /usr/bin/cmake --build /home/javierbecerril/harmonic_ws/src/build/ardupilot_gazebo -- -j12 -l12
[37.465s] DEBUG:colcon.colcon_core.event_handler.log_command:Invoked command in '/home/javierbecerril/harmonic_ws/src/build/ardupilot_gazebo' returned '0': CMAKE_PREFIX_PATH=${CMAKE_PREFIX_PATH}:/home/javierbecerril/harmonic_ws/install/tag_hover_sim:/opt/ros/jazzy DEBUGINFOD_URLS=https://debuginfod.ubuntu.com PS1=\[\e]0;\u@\h: \w\a\]${debian_chroot:+($debian_chroot)}\[\033[01;32m\]\u@\h\[\033[00m\]:\[\033[01;34m\]\w\[\033[00m\]\$ /usr/bin/cmake --build /home/javierbecerril/harmonic_ws/src/build/ardupilot_gazebo -- -j12 -l12
[37.479s] DEBUG:colcon.colcon_core.event_handler.log_command:Invoking command in '/home/javierbecerril/harmonic_ws/src/build/ardupilot_gazebo': CMAKE_PREFIX_PATH=${CMAKE_PREFIX_PATH}:/home/javierbecerril/harmonic_ws/install/tag_hover_sim:/opt/ros/jazzy DEBUGINFOD_URLS=https://debuginfod.ubuntu.com PS1=\[\e]0;\u@\h: \w\a\]${debian_chroot:+($debian_chroot)}\[\033[01;32m\]\u@\h\[\033[00m\]:\[\033[01;34m\]\w\[\033[00m\]\$ /usr/bin/cmake --install /home/javierbecerril/harmonic_ws/src/build/ardupilot_gazebo
[37.683s] Level 1:colcon.colcon_core.environment:create_environment_scripts_only(ardupilot_gazebo)
[37.683s] Level 1:colcon.colcon_core.environment:checking '/home/javierbecerril/harmonic_ws/src/install/ardupilot_gazebo' for CMake module files
[37.683s] DEBUG:colcon.colcon_core.event_handler.log_command:Invoked command in '/home/javierbecerril/harmonic_ws/src/build/ardupilot_gazebo' returned '0': CMAKE_PREFIX_PATH=${CMAKE_PREFIX_PATH}:/home/javierbecerril/harmonic_ws/install/tag_hover_sim:/opt/ros/jazzy DEBUGINFOD_URLS=https://debuginfod.ubuntu.com PS1=\[\e]0;\u@\h: \w\a\]${debian_chroot:+($debian_chroot)}\[\033[01;32m\]\u@\h\[\033[00m\]:\[\033[01;34m\]\w\[\033[00m\]\$ /usr/bin/cmake --install /home/javierbecerril/harmonic_ws/src/build/ardupilot_gazebo
[37.684s] Level 1:colcon.colcon_core.environment:checking '/home/javierbecerril/harmonic_ws/src/install/ardupilot_gazebo' for CMake config files
[37.685s] Level 1:colcon.colcon_core.shell:create_environment_hook('ardupilot_gazebo', 'cmake_prefix_path')
[37.685s] INFO:colcon.colcon_core.shell:Creating environment hook '/home/javierbecerril/harmonic_ws/src/install/ardupilot_gazebo/share/ardupilot_gazebo/hook/cmake_prefix_path.ps1'
[37.686s] INFO:colcon.colcon_core.shell:Creating environment descriptor '/home/javierbecerril/harmonic_ws/src/install/ardupilot_gazebo/share/ardupilot_gazebo/hook/cmake_prefix_path.dsv'
[37.686s] INFO:colcon.colcon_core.shell:Creating environment hook '/home/javierbecerril/harmonic_ws/src/install/ardupilot_gazebo/share/ardupilot_gazebo/hook/cmake_prefix_path.sh'
[37.687s] Level 1:colcon.colcon_core.environment:checking '/home/javierbecerril/harmonic_ws/src/install/ardupilot_gazebo/lib'
[37.687s] Level 1:colcon.colcon_core.environment:checking '/home/javierbecerril/harmonic_ws/src/install/ardupilot_gazebo/bin'
[37.687s] Level 1:colcon.colcon_core.environment:checking '/home/javierbecerril/harmonic_ws/src/install/ardupilot_gazebo/lib/pkgconfig/ardupilot_gazebo.pc'
[37.688s] Level 1:colcon.colcon_core.environment:checking '/home/javierbecerril/harmonic_ws/src/install/ardupilot_gazebo/lib/python3.12/site-packages'
[37.688s] Level 1:colcon.colcon_core.environment:checking '/home/javierbecerril/harmonic_ws/src/install/ardupilot_gazebo/bin'
[37.689s] INFO:colcon.colcon_core.shell:Creating package script '/home/javierbecerril/harmonic_ws/src/install/ardupilot_gazebo/share/ardupilot_gazebo/package.ps1'
[37.689s] INFO:colcon.colcon_core.shell:Creating package descriptor '/home/javierbecerril/harmonic_ws/src/install/ardupilot_gazebo/share/ardupilot_gazebo/package.dsv'
[37.689s] INFO:colcon.colcon_core.shell:Creating package script '/home/javierbecerril/harmonic_ws/src/install/ardupilot_gazebo/share/ardupilot_gazebo/package.sh'
[37.690s] INFO:colcon.colcon_core.shell:Creating package script '/home/javierbecerril/harmonic_ws/src/install/ardupilot_gazebo/share/ardupilot_gazebo/package.bash'
[37.690s] INFO:colcon.colcon_core.shell:Creating package script '/home/javierbecerril/harmonic_ws/src/install/ardupilot_gazebo/share/ardupilot_gazebo/package.zsh'
[37.690s] Level 1:colcon.colcon_core.environment:create_file_with_runtime_dependencies(/home/javierbecerril/harmonic_ws/src/install/ardupilot_gazebo/share/colcon-core/packages/ardupilot_gazebo)
[37.691s] Level 1:colcon.colcon_core.environment:create_environment_scripts_only(ardupilot_gazebo)
[37.692s] Level 1:colcon.colcon_core.environment:checking '/home/javierbecerril/harmonic_ws/src/install/ardupilot_gazebo' for CMake module files
[37.692s] Level 1:colcon.colcon_core.environment:checking '/home/javierbecerril/harmonic_ws/src/install/ardupilot_gazebo' for CMake config files
[37.692s] Level 1:colcon.colcon_core.shell:create_environment_hook('ardupilot_gazebo', 'cmake_prefix_path')
[37.692s] INFO:colcon.colcon_core.shell:Creating environment hook '/home/javierbecerril/harmonic_ws/src/install/ardupilot_gazebo/share/ardupilot_gazebo/hook/cmake_prefix_path.ps1'
[37.693s] INFO:colcon.colcon_core.shell:Creating environment descriptor '/home/javierbecerril/harmonic_ws/src/install/ardupilot_gazebo/share/ardupilot_gazebo/hook/cmake_prefix_path.dsv'
[37.693s] INFO:colcon.colcon_core.shell:Creating environment hook '/home/javierbecerril/harmonic_ws/src/install/ardupilot_gazebo/share/ardupilot_gazebo/hook/cmake_prefix_path.sh'
[37.694s] Level 1:colcon.colcon_core.environment:checking '/home/javierbecerril/harmonic_ws/src/install/ardupilot_gazebo/lib'
[37.694s] Level 1:colcon.colcon_core.environment:checking '/home/javierbecerril/harmonic_ws/src/install/ardupilot_gazebo/bin'
[37.694s] Level 1:colcon.colcon_core.environment:checking '/home/javierbecerril/harmonic_ws/src/install/ardupilot_gazebo/lib/pkgconfig/ardupilot_gazebo.pc'
[37.694s] Level 1:colcon.colcon_core.environment:checking '/home/javierbecerril/harmonic_ws/src/install/ardupilot_gazebo/lib/python3.12/site-packages'
[37.694s] Level 1:colcon.colcon_core.environment:checking '/home/javierbecerril/harmonic_ws/src/install/ardupilot_gazebo/bin'
[37.694s] INFO:colcon.colcon_core.shell:Creating package script '/home/javierbecerril/harmonic_ws/src/install/ardupilot_gazebo/share/ardupilot_gazebo/package.ps1'
[37.695s] INFO:colcon.colcon_core.shell:Creating package descriptor '/home/javierbecerril/harmonic_ws/src/install/ardupilot_gazebo/share/ardupilot_gazebo/package.dsv'
[37.696s] INFO:colcon.colcon_core.shell:Creating package script '/home/javierbecerril/harmonic_ws/src/install/ardupilot_gazebo/share/ardupilot_gazebo/package.sh'
[37.696s] INFO:colcon.colcon_core.shell:Creating package script '/home/javierbecerril/harmonic_ws/src/install/ardupilot_gazebo/share/ardupilot_gazebo/package.bash'
[37.696s] INFO:colcon.colcon_core.shell:Creating package script '/home/javierbecerril/harmonic_ws/src/install/ardupilot_gazebo/share/ardupilot_gazebo/package.zsh'
[37.697s] Level 1:colcon.colcon_core.environment:create_file_with_runtime_dependencies(/home/javierbecerril/harmonic_ws/src/install/ardupilot_gazebo/share/colcon-core/packages/ardupilot_gazebo)
[37.697s] DEBUG:colcon.colcon_parallel_executor.executor.parallel:closing loop
[37.698s] DEBUG:colcon.colcon_parallel_executor.executor.parallel:loop closed
[37.698s] DEBUG:colcon.colcon_parallel_executor.executor.parallel:run_until_complete finished with '0'
[37.698s] DEBUG:colcon.colcon_core.event_reactor:joining thread
[37.707s] INFO:colcon.colcon_core.plugin_system:Skipping extension 'colcon_notification.desktop_notification.terminal_notifier': Not used on non-Darwin systems
[37.707s] INFO:colcon.colcon_core.plugin_system:Skipping extension 'colcon_notification.desktop_notification.win32': Not used on non-Windows systems
[37.707s] INFO:colcon.colcon_notification.desktop_notification:Sending desktop notification using 'notify2'
[37.709s] DEBUG:colcon.colcon_notification.desktop_notification.notify2:Failed to initialize notify2: org.freedesktop.DBus.Error.ServiceUnknown: The name org.freedesktop.Notifications was not provided by any .service files
[37.709s] DEBUG:colcon.colcon_core.event_reactor:joined thread
[37.709s] INFO:colcon.colcon_core.shell:Creating prefix script '/home/javierbecerril/harmonic_ws/src/install/local_setup.ps1'
[37.710s] INFO:colcon.colcon_core.shell:Creating prefix util module '/home/javierbecerril/harmonic_ws/src/install/_local_setup_util_ps1.py'
[37.711s] INFO:colcon.colcon_core.shell:Creating prefix chain script '/home/javierbecerril/harmonic_ws/src/install/setup.ps1'
[37.712s] INFO:colcon.colcon_core.shell:Creating prefix script '/home/javierbecerril/harmonic_ws/src/install/local_setup.sh'
[37.712s] INFO:colcon.colcon_core.shell:Creating prefix util module '/home/javierbecerril/harmonic_ws/src/install/_local_setup_util_sh.py'
[37.713s] INFO:colcon.colcon_core.shell:Creating prefix chain script '/home/javierbecerril/harmonic_ws/src/install/setup.sh'
[37.714s] INFO:colcon.colcon_core.shell:Creating prefix script '/home/javierbecerril/harmonic_ws/src/install/local_setup.bash'
[37.714s] INFO:colcon.colcon_core.shell:Creating prefix chain script '/home/javierbecerril/harmonic_ws/src/install/setup.bash'
[37.715s] INFO:colcon.colcon_core.shell:Creating prefix script '/home/javierbecerril/harmonic_ws/src/install/local_setup.zsh'
[37.715s] INFO:colcon.colcon_core.shell:Creating prefix chain script '/home/javierbecerril/harmonic_ws/src/install/setup.zsh'
