[0.069s] Invoking command in '/home/javierbecerril/harmonic_ws/build/ardupilot_gazebo': CMAKE_PREFIX_PATH=${CMAKE_PREFIX_PATH}:/home/javierbecerril/harmonic_ws/install/tag_hover_sim:/opt/ros/jazzy DEBUGINFOD_URLS=https://debuginfod.ubuntu.com PS1=\[\e]0;\u@\h: \w\a\]${debian_chroot:+($debian_chroot)}\[\033[01;32m\]\u@\h\[\033[00m\]:\[\033[01;34m\]\w\[\033[00m\]\$ /usr/bin/cmake /home/javierbecerril/harmonic_ws/src/ardupilot_gazebo -DAMENT_CMAKE_SYMLINK_INSTALL=1 -DCMAKE_INSTALL_PREFIX=/home/javierbecerril/harmonic_ws/install/ardupilot_gazebo
[0.518s] -- Override CMake install command with custom implementation using symlinks instead of copying resources
[0.561s] [0mBuilding ardupilot_gazebo as an `ament_cmake` project.[0m
[0.586s] -- Looking for gz-common5 -- found version 5.7.1
[0.587s] -- Searching for dependencies of gz-common5
[0.589s] -- Looking for gz-utils2 -- found version 2.2.1
[0.590s] -- Searching for dependencies of gz-utils2
[0.593s] -- Looking for dlfcn.h - found
[0.593s] -- Looking for libdl - found
[0.605s] -- Checking for module 'uuid'
[0.637s] --   Found uuid, version 2.39.3
[0.685s] -- Looking for gz-common5 - found
[0.685s] 
[0.687s] -- Looking for gz-rendering8 -- found version 8.2.2
[0.687s] -- Searching for dependencies of gz-rendering8
[0.690s] -- Looking for gz-math7 -- found version 7.5.2
[0.690s] -- Searching for dependencies of gz-math7
[0.691s] -- Looking for gz-utils2 -- found version 2.2.1
[0.693s] -- Searching for <gz-math7> component [eigen3]
[0.695s] -- Looking for gz-math7-eigen3 -- found version 7.5.2
[0.695s] -- Searching for dependencies of gz-math7-eigen3
[0.701s] -- Looking for gz-common5 -- found version 5.7.1
[0.701s] -- Searching for dependencies of gz-common5
[0.702s] -- Looking for gz-utils2 -- found version 2.2.1
[0.702s] -- Looking for dlfcn.h - found
[0.702s] -- Looking for libdl - found
[0.714s] -- Searching for <gz-common5> component [graphics]
[0.715s] -- Looking for gz-common5-graphics -- found version 5.7.1
[0.716s] -- Searching for dependencies of gz-common5-graphics
[0.716s] -- Looking for gz-math7 -- found version 7.5.2
[0.724s] -- Searching for <gz-common5> component [events]
[0.726s] -- Looking for gz-common5-events -- found version 5.7.1
[0.727s] -- Searching for dependencies of gz-common5-events
[0.727s] -- Looking for gz-math7 -- found version 7.5.2
[0.728s] -- Searching for <gz-common5> component [geospatial]
[0.730s] -- Looking for gz-common5-geospatial -- found version 5.7.1
[0.730s] -- Searching for dependencies of gz-common5-geospatial
[0.731s] -- Looking for gz-math7 -- found version 7.5.2
[0.732s] -- Looking for gz-common5 -- found version 5.7.1
[0.736s] -- Looking for gz-plugin2 -- found version 2.0.4
[0.736s] -- Searching for dependencies of gz-plugin2
[0.736s] -- Looking for gz-utils2 -- found version 2.2.1
[0.736s] -- Searching for dependencies of gz-utils2
[0.737s] -- Searching for <gz-utils2> component [cli]
[0.739s] -- Looking for gz-utils2-cli -- found version 2.2.1
[0.739s] -- Searching for dependencies of gz-utils2-cli
[0.742s] -- Searching for <gz-plugin2> component [all]
[0.744s] -- Looking for all libraries of gz-plugin2 -- found version 2.0.4
[0.745s] -- Looking for gz-plugin2 -- found version 2.0.4
[0.746s] -- Looking for gz-plugin2-loader -- found version 2.0.4
[0.746s] -- Searching for dependencies of gz-plugin2-loader
[0.750s] -- Looking for gz-plugin2-register -- found version 2.0.4
[0.750s] -- Searching for dependencies of gz-plugin2-register
[0.752s] -- Looking for gz-utils2 -- found version 2.2.1
[0.882s] -- Looking for gz-rendering8 - found
[0.882s] 
[0.885s] -- Looking for gz-sim8 -- found version 8.10.0
[0.886s] -- Searching for dependencies of gz-sim8
[0.888s] -- Looking for sdformat14 -- found version 14.8.0
[0.889s] -- Searching for dependencies of sdformat14
[0.896s] -- Checking for module 'tinyxml2'
[0.920s] --   Found tinyxml2, version 10.0.0
[0.985s] -- Looking for gz-math7 -- found version 7.5.2
[0.986s] -- Looking for gz-utils2 -- found version 2.2.1
[0.990s] -- Looking for gz-plugin2 -- found version 2.0.4
[0.992s] -- Looking for gz-transport13 -- found version 13.5.0
[0.993s] -- Searching for dependencies of gz-transport13
[5.947s] -- Config-file not installed for ZeroMQ -- checking for pkg-config
[5.953s] -- Checking for module 'libzmq >= 4'
[5.975s] --   Found libzmq, version 4.3.5
[6.061s] -- Looking for gz-utils2 -- found version 2.2.1
[6.064s] -- Looking for gz-msgs10 -- found version 10.3.2
[6.064s] -- Searching for dependencies of gz-msgs10
[10.080s] -- Looking for gz-utils2 -- found version 2.2.1
[10.089s] -- Looking for gz-math7 -- found version 7.5.2
[10.109s] -- Searching for <gz-transport13> component [log]
[10.111s] -- Looking for gz-transport13-log -- found version 13.5.0
[10.112s] -- Searching for dependencies of gz-transport13-log
[10.118s] -- Searching for <gz-transport13> component [parameters]
[10.121s] -- Looking for gz-transport13-parameters -- found version 13.5.0
[10.121s] -- Searching for dependencies of gz-transport13-parameters
[10.129s] -- Looking for gz-msgs10 -- found version 10.3.2
[10.129s] -- Looking for gz-common5 -- found version 5.7.1
[10.129s] -- Searching for dependencies of gz-common5
[10.130s] -- Looking for gz-utils2 -- found version 2.2.1
[10.130s] -- Looking for dlfcn.h - found
[10.130s] -- Looking for libdl - found
[10.165s] -- Searching for <gz-common5> component [av]
[10.170s] -- Looking for gz-common5-av -- found version 5.7.1
[10.171s] -- Searching for dependencies of gz-common5-av
[10.187s] -- Checking for module 'libswscale'
[10.225s] --   Found libswscale, version 7.5.100
[10.343s] -- Checking for module 'libavdevice >= 56.4.100'
[10.378s] --   Found libavdevice, version 60.3.100
[10.549s] -- Checking for module 'libavformat'
[10.583s] --   Found libavformat, version 60.16.100
[10.690s] -- Checking for module 'libavcodec'
[10.727s] --   Found libavcodec, version 60.31.102
[10.830s] -- Checking for module 'libavutil'
[10.873s] --   Found libavutil, version 58.29.100
[10.978s] -- Searching for <gz-common5> component [events]
[10.978s] -- Searching for <gz-common5> component [graphics]
[10.978s] -- Searching for <gz-common5> component [io]
[10.983s] -- Looking for gz-common5-io -- found version 5.7.1
[10.984s] -- Searching for dependencies of gz-common5-io
[10.988s] -- Searching for <gz-common5> component [profiler]
[10.991s] -- Looking for gz-common5-profiler -- found version 5.7.1
[10.992s] -- Searching for dependencies of gz-common5-profiler
[10.998s] -- Looking for gz-fuel_tools9 -- found version 9.1.1
[10.998s] -- Searching for dependencies of gz-fuel_tools9
[14.590s] -- Checking for module 'jsoncpp'
[14.609s] --   Found jsoncpp, version 1.9.5
[17.767s] -- Checking for module 'yaml-0.1'
[17.801s] --   Found yaml-0.1, version 0.2.5
[17.886s] -- Checking for module 'libzip'
[17.922s] --   Found libzip, version 1.7.3
[17.981s] -- Looking for gz-utils2 -- found version 2.2.1
[17.982s] -- Looking for gz-common5 -- found version 5.7.1
[17.983s] -- Searching for dependencies of gz-common5
[17.984s] -- Looking for gz-utils2 -- found version 2.2.1
[17.985s] -- Looking for dlfcn.h - found
[17.985s] -- Looking for libdl - found
[17.997s] -- Searching for <gz-common5> component [testing]
[18.001s] -- Looking for gz-common5-testing -- found version 5.7.1
[18.001s] -- Searching for dependencies of gz-common5-testing
[18.005s] -- Looking for gz-math7 -- found version 7.5.2
[18.006s] -- Looking for gz-msgs10 -- found version 10.3.2
[18.010s] -- Looking for gz-gui8 -- found version 8.4.0
[18.011s] -- Searching for dependencies of gz-gui8
[21.109s] -- Looking for gz-utils2 -- found version 2.2.1
[21.110s] -- Looking for gz-math7 -- found version 7.5.2
[21.110s] -- Looking for gz-common5 -- found version 5.7.1
[21.111s] -- Looking for gz-plugin2 -- found version 2.0.4
[21.111s] -- Looking for gz-transport13 -- found version 13.5.0
[21.111s] -- Looking for gz-rendering8 -- found version 8.2.2
[21.112s] -- Looking for gz-msgs10 -- found version 10.3.2
[21.290s] -- Looking for gz-physics7 -- found version 7.6.0
[21.290s] -- Searching for dependencies of gz-physics7
[21.290s] -- Looking for gz-common5 -- found version 5.7.1
[21.291s] -- Looking for gz-math7 -- found version 7.5.2
[21.292s] -- Looking for gz-plugin2 -- found version 2.0.4
[21.292s] -- Looking for gz-utils2 -- found version 2.2.1
[21.295s] -- Searching for <gz-physics7> component [heightmap]
[21.297s] -- Looking for gz-physics7-heightmap -- found version 7.6.0
[21.297s] -- Searching for dependencies of gz-physics7-heightmap
[21.297s] -- Looking for gz-common5 -- found version 5.7.1
[21.299s] -- Searching for <gz-physics7> component [mesh]
[21.301s] -- Looking for gz-physics7-mesh -- found version 7.6.0
[21.301s] -- Searching for dependencies of gz-physics7-mesh
[21.302s] -- Looking for gz-common5 -- found version 5.7.1
[21.303s] -- Searching for <gz-physics7> component [sdf]
[21.305s] -- Looking for gz-physics7-sdf -- found version 7.6.0
[21.306s] -- Searching for dependencies of gz-physics7-sdf
[21.307s] -- Looking for sdformat14 -- found version 14.8.0
[21.309s] -- Looking for gz-sensors8 -- found version 8.2.2
[21.310s] -- Searching for dependencies of gz-sensors8
[23.212s] -- Looking for gz-math7 -- found version 7.5.2
[23.212s] -- Looking for gz-common5 -- found version 5.7.1
[23.213s] -- Looking for gz-transport13 -- found version 13.5.0
[23.213s] -- Looking for gz-rendering8 -- found version 8.2.2
[23.214s] -- Looking for gz-msgs10 -- found version 10.3.2
[23.214s] -- Looking for sdformat14 -- found version 14.8.0
[23.218s] -- Searching for <gz-sensors8> component [air_pressure]
[23.219s] -- Looking for gz-sensors8-air_pressure -- found version 8.2.2
[23.220s] -- Searching for dependencies of gz-sensors8-air_pressure
[23.221s] -- Searching for <gz-sensors8> component [air_speed]
[23.222s] -- Looking for gz-sensors8-air_speed -- found version 8.2.2
[23.223s] -- Searching for dependencies of gz-sensors8-air_speed
[23.224s] -- Searching for <gz-sensors8> component [altimeter]
[23.225s] -- Looking for gz-sensors8-altimeter -- found version 8.2.2
[23.225s] -- Searching for dependencies of gz-sensors8-altimeter
[23.227s] -- Searching for <gz-sensors8> component [imu]
[23.228s] -- Looking for gz-sensors8-imu -- found version 8.2.2
[23.228s] -- Searching for dependencies of gz-sensors8-imu
[23.230s] -- Searching for <gz-sensors8> component [force_torque]
[23.231s] -- Looking for gz-sensors8-force_torque -- found version 8.2.2
[23.231s] -- Searching for dependencies of gz-sensors8-force_torque
[23.232s] -- Searching for <gz-sensors8> component [logical_camera]
[23.234s] -- Looking for gz-sensors8-logical_camera -- found version 8.2.2
[23.234s] -- Searching for dependencies of gz-sensors8-logical_camera
[23.235s] -- Searching for <gz-sensors8> component [magnetometer]
[23.237s] -- Looking for gz-sensors8-magnetometer -- found version 8.2.2
[23.237s] -- Searching for dependencies of gz-sensors8-magnetometer
[23.239s] -- Searching for <gz-sensors8> component [navsat]
[23.240s] -- Looking for gz-sensors8-navsat -- found version 8.2.2
[23.240s] -- Searching for dependencies of gz-sensors8-navsat
[23.242s] -- Searching for <gz-sensors8> component [dvl]
[23.243s] -- Looking for gz-sensors8-dvl -- found version 8.2.2
[23.243s] -- Searching for dependencies of gz-sensors8-dvl
[23.244s] -- Looking for gz-sensors8 -- found version 8.2.2
[23.244s] -- Searching for dependencies of gz-sensors8
[25.303s] -- Looking for gz-math7 -- found version 7.5.2
[25.303s] -- Looking for gz-common5 -- found version 5.7.1
[25.304s] -- Looking for gz-transport13 -- found version 13.5.0
[25.304s] -- Looking for gz-rendering8 -- found version 8.2.2
[25.305s] -- Looking for gz-msgs10 -- found version 10.3.2
[25.305s] -- Looking for sdformat14 -- found version 14.8.0
[25.306s] -- Searching for <gz-sensors8> component [rendering]
[25.308s] -- Looking for gz-sensors8-rendering -- found version 8.2.2
[25.309s] -- Searching for dependencies of gz-sensors8-rendering
[25.311s] -- Searching for <gz-sensors8> component [rendering]
[25.312s] -- Searching for <gz-sensors8> component [lidar]
[25.313s] -- Looking for gz-sensors8-lidar -- found version 8.2.2
[25.313s] -- Searching for dependencies of gz-sensors8-lidar
[25.314s] -- Looking for gz-sensors8 -- found version 8.2.2
[25.315s] -- Searching for <gz-sensors8> component [gpu_lidar]
[25.317s] -- Looking for gz-sensors8-gpu_lidar -- found version 8.2.2
[25.317s] -- Searching for dependencies of gz-sensors8-gpu_lidar
[25.318s] -- Looking for gz-sensors8 -- found version 8.2.2
[25.319s] -- Searching for <gz-sensors8> component [camera]
[25.320s] -- Looking for gz-sensors8-camera -- found version 8.2.2
[25.321s] -- Searching for dependencies of gz-sensors8-camera
[25.321s] -- Looking for gz-sensors8 -- found version 8.2.2
[25.323s] -- Searching for <gz-sensors8> component [boundingbox_camera]
[25.324s] -- Looking for gz-sensors8-boundingbox_camera -- found version 8.2.2
[25.325s] -- Searching for dependencies of gz-sensors8-boundingbox_camera
[25.326s] -- Searching for <gz-sensors8> component [segmentation_camera]
[25.327s] -- Looking for gz-sensors8-segmentation_camera -- found version 8.2.2
[25.327s] -- Searching for dependencies of gz-sensors8-segmentation_camera
[25.329s] -- Searching for <gz-sensors8> component [depth_camera]
[25.331s] -- Looking for gz-sensors8-depth_camera -- found version 8.2.2
[25.331s] -- Searching for dependencies of gz-sensors8-depth_camera
[25.332s] -- Looking for gz-sensors8 -- found version 8.2.2
[25.333s] -- Searching for <gz-sensors8> component [rgbd_camera]
[25.335s] -- Looking for gz-sensors8-rgbd_camera -- found version 8.2.2
[25.336s] -- Searching for dependencies of gz-sensors8-rgbd_camera
[25.336s] -- Looking for gz-sensors8 -- found version 8.2.2
[25.338s] -- Searching for <gz-sensors8> component [thermal_camera]
[25.339s] -- Looking for gz-sensors8-thermal_camera -- found version 8.2.2
[25.339s] -- Searching for dependencies of gz-sensors8-thermal_camera
[25.340s] -- Looking for gz-sensors8 -- found version 8.2.2
[25.341s] -- Searching for <gz-sensors8> component [wide_angle_camera]
[25.343s] -- Looking for gz-sensors8-wide_angle_camera -- found version 8.2.2
[25.344s] -- Searching for dependencies of gz-sensors8-wide_angle_camera
[25.346s] -- Looking for gz-rendering8 -- found version 8.2.2
[25.347s] -- Looking for gz-math7 -- found version 7.5.2
[25.347s] -- Looking for gz-utils2 -- found version 2.2.1
[27.838s] -- Looking for gz-sim8 - found
[27.838s] 
[27.838s] -- Compiling against Gazebo Harmonic
[27.839s] -- RapidJSON found. Headers: /usr/include
[27.997s] -- Configuring done (27.9s)
[28.091s] -- Generating done (0.1s)
[28.107s] -- Build files have been written to: /home/javierbecerril/harmonic_ws/build/ardupilot_gazebo
[28.121s] Invoked command in '/home/javierbecerril/harmonic_ws/build/ardupilot_gazebo' returned '0': CMAKE_PREFIX_PATH=${CMAKE_PREFIX_PATH}:/home/javierbecerril/harmonic_ws/install/tag_hover_sim:/opt/ros/jazzy DEBUGINFOD_URLS=https://debuginfod.ubuntu.com PS1=\[\e]0;\u@\h: \w\a\]${debian_chroot:+($debian_chroot)}\[\033[01;32m\]\u@\h\[\033[00m\]:\[\033[01;34m\]\w\[\033[00m\]\$ /usr/bin/cmake /home/javierbecerril/harmonic_ws/src/ardupilot_gazebo -DAMENT_CMAKE_SYMLINK_INSTALL=1 -DCMAKE_INSTALL_PREFIX=/home/javierbecerril/harmonic_ws/install/ardupilot_gazebo
[28.124s] Invoking command in '/home/javierbecerril/harmonic_ws/build/ardupilot_gazebo': CMAKE_PREFIX_PATH=${CMAKE_PREFIX_PATH}:/home/javierbecerril/harmonic_ws/install/tag_hover_sim:/opt/ros/jazzy DEBUGINFOD_URLS=https://debuginfod.ubuntu.com PS1=\[\e]0;\u@\h: \w\a\]${debian_chroot:+($debian_chroot)}\[\033[01;32m\]\u@\h\[\033[00m\]:\[\033[01;34m\]\w\[\033[00m\]\$ /usr/bin/cmake --build /home/javierbecerril/harmonic_ws/build/ardupilot_gazebo -- -j12 -l12
[28.246s] [ 20%] Built target ParachutePlugin
[28.248s] [ 40%] Built target CameraZoomPlugin
[28.251s] [ 80%] Built target ArduPilotPlugin
[28.260s] [100%] Built target GstCameraPlugin
[28.277s] Invoked command in '/home/javierbecerril/harmonic_ws/build/ardupilot_gazebo' returned '0': CMAKE_PREFIX_PATH=${CMAKE_PREFIX_PATH}:/home/javierbecerril/harmonic_ws/install/tag_hover_sim:/opt/ros/jazzy DEBUGINFOD_URLS=https://debuginfod.ubuntu.com PS1=\[\e]0;\u@\h: \w\a\]${debian_chroot:+($debian_chroot)}\[\033[01;32m\]\u@\h\[\033[00m\]:\[\033[01;34m\]\w\[\033[00m\]\$ /usr/bin/cmake --build /home/javierbecerril/harmonic_ws/build/ardupilot_gazebo -- -j12 -l12
[28.280s] Invoking command in '/home/javierbecerril/harmonic_ws/build/ardupilot_gazebo': CMAKE_PREFIX_PATH=${CMAKE_PREFIX_PATH}:/home/javierbecerril/harmonic_ws/install/tag_hover_sim:/opt/ros/jazzy DEBUGINFOD_URLS=https://debuginfod.ubuntu.com PS1=\[\e]0;\u@\h: \w\a\]${debian_chroot:+($debian_chroot)}\[\033[01;32m\]\u@\h\[\033[00m\]:\[\033[01;34m\]\w\[\033[00m\]\$ /usr/bin/cmake --install /home/javierbecerril/harmonic_ws/build/ardupilot_gazebo
[28.294s] -- Install configuration: ""
[28.296s] -- Execute custom install script
[28.298s] -- Up-to-date symlink: /home/javierbecerril/harmonic_ws/install/ardupilot_gazebo/lib/ardupilot_gazebo/libArduPilotPlugin.so
[28.298s] -- Up-to-date symlink: /home/javierbecerril/harmonic_ws/install/ardupilot_gazebo/lib/ardupilot_gazebo/libParachutePlugin.so
[28.299s] -- Up-to-date symlink: /home/javierbecerril/harmonic_ws/install/ardupilot_gazebo/lib/ardupilot_gazebo/libCameraZoomPlugin.so
[28.299s] -- Up-to-date symlink: /home/javierbecerril/harmonic_ws/install/ardupilot_gazebo/lib/ardupilot_gazebo/libGstCameraPlugin.so
[28.303s] -- Up-to-date symlink: /home/javierbecerril/harmonic_ws/install/ardupilot_gazebo/share/ardupilot_gazebo/config/gazebo-iris-gimbal.parm
[28.324s] -- Up-to-date symlink: /home/javierbecerril/harmonic_ws/install/ardupilot_gazebo/share/ardupilot_gazebo/models/gimbal_small_1d/meshes/base_arm.dae
[28.325s] -- Up-to-date symlink: /home/javierbecerril/harmonic_ws/install/ardupilot_gazebo/share/ardupilot_gazebo/models/gimbal_small_1d/meshes/base_main.dae
[28.326s] -- Up-to-date symlink: /home/javierbecerril/harmonic_ws/install/ardupilot_gazebo/share/ardupilot_gazebo/models/gimbal_small_1d/meshes/tilt.dae
[28.328s] -- Up-to-date symlink: /home/javierbecerril/harmonic_ws/install/ardupilot_gazebo/share/ardupilot_gazebo/models/gimbal_small_1d/model.config
[28.329s] -- Up-to-date symlink: /home/javierbecerril/harmonic_ws/install/ardupilot_gazebo/share/ardupilot_gazebo/models/gimbal_small_1d/model.sdf
[28.330s] -- Up-to-date symlink: /home/javierbecerril/harmonic_ws/install/ardupilot_gazebo/share/ardupilot_gazebo/models/gimbal_small_2d/meshes/base_arm.dae
[28.331s] -- Up-to-date symlink: /home/javierbecerril/harmonic_ws/install/ardupilot_gazebo/share/ardupilot_gazebo/models/gimbal_small_2d/meshes/base_main.dae
[28.332s] -- Up-to-date symlink: /home/javierbecerril/harmonic_ws/install/ardupilot_gazebo/share/ardupilot_gazebo/models/gimbal_small_2d/meshes/tilt.dae
[28.333s] -- Up-to-date symlink: /home/javierbecerril/harmonic_ws/install/ardupilot_gazebo/share/ardupilot_gazebo/models/gimbal_small_2d/model.config
[28.334s] -- Up-to-date symlink: /home/javierbecerril/harmonic_ws/install/ardupilot_gazebo/share/ardupilot_gazebo/models/gimbal_small_2d/model.sdf
[28.335s] -- Up-to-date symlink: /home/javierbecerril/harmonic_ws/install/ardupilot_gazebo/share/ardupilot_gazebo/models/gimbal_small_3d/meshes/base_plate.dae
[28.336s] -- Up-to-date symlink: /home/javierbecerril/harmonic_ws/install/ardupilot_gazebo/share/ardupilot_gazebo/models/gimbal_small_3d/meshes/camera_enclosure.dae
[28.337s] -- Up-to-date symlink: /home/javierbecerril/harmonic_ws/install/ardupilot_gazebo/share/ardupilot_gazebo/models/gimbal_small_3d/meshes/roll_arm.dae
[28.338s] -- Up-to-date symlink: /home/javierbecerril/harmonic_ws/install/ardupilot_gazebo/share/ardupilot_gazebo/models/gimbal_small_3d/meshes/yaw_arm.dae
[28.338s] -- Up-to-date symlink: /home/javierbecerril/harmonic_ws/install/ardupilot_gazebo/share/ardupilot_gazebo/models/gimbal_small_3d/model.config
[28.339s] -- Up-to-date symlink: /home/javierbecerril/harmonic_ws/install/ardupilot_gazebo/share/ardupilot_gazebo/models/gimbal_small_3d/model.sdf
[28.341s] -- Up-to-date symlink: /home/javierbecerril/harmonic_ws/install/ardupilot_gazebo/share/ardupilot_gazebo/models/iris_with_ardupilot/model.config
[28.341s] -- Up-to-date symlink: /home/javierbecerril/harmonic_ws/install/ardupilot_gazebo/share/ardupilot_gazebo/models/iris_with_ardupilot/model.sdf
[28.342s] -- Up-to-date symlink: /home/javierbecerril/harmonic_ws/install/ardupilot_gazebo/share/ardupilot_gazebo/models/iris_with_gimbal/model.config
[28.343s] -- Up-to-date symlink: /home/javierbecerril/harmonic_ws/install/ardupilot_gazebo/share/ardupilot_gazebo/models/iris_with_gimbal/model.sdf
[28.343s] -- Symlinking: /home/javierbecerril/harmonic_ws/install/ardupilot_gazebo/share/ardupilot_gazebo/models/iris_with_rgb_camera/model.config
[28.366s] -- Symlinking: /home/javierbecerril/harmonic_ws/install/ardupilot_gazebo/share/ardupilot_gazebo/models/iris_with_rgb_camera/model.sdf
[28.390s] -- Up-to-date symlink: /home/javierbecerril/harmonic_ws/install/ardupilot_gazebo/share/ardupilot_gazebo/models/iris_with_standoffs/meshes/iris.dae
[28.391s] -- Up-to-date symlink: /home/javierbecerril/harmonic_ws/install/ardupilot_gazebo/share/ardupilot_gazebo/models/iris_with_standoffs/meshes/iris_prop_ccw.dae
[28.392s] -- Up-to-date symlink: /home/javierbecerril/harmonic_ws/install/ardupilot_gazebo/share/ardupilot_gazebo/models/iris_with_standoffs/meshes/iris_prop_cw.dae
[28.392s] -- Up-to-date symlink: /home/javierbecerril/harmonic_ws/install/ardupilot_gazebo/share/ardupilot_gazebo/models/iris_with_standoffs/model.config
[28.393s] -- Up-to-date symlink: /home/javierbecerril/harmonic_ws/install/ardupilot_gazebo/share/ardupilot_gazebo/models/iris_with_standoffs/model.sdf
[28.394s] -- Up-to-date symlink: /home/javierbecerril/harmonic_ws/install/ardupilot_gazebo/share/ardupilot_gazebo/models/parachute_small/meshes/parachute_small.dae
[28.395s] -- Up-to-date symlink: /home/javierbecerril/harmonic_ws/install/ardupilot_gazebo/share/ardupilot_gazebo/models/parachute_small/model.config
[28.396s] -- Up-to-date symlink: /home/javierbecerril/harmonic_ws/install/ardupilot_gazebo/share/ardupilot_gazebo/models/parachute_small/model.sdf
[28.397s] -- Up-to-date symlink: /home/javierbecerril/harmonic_ws/install/ardupilot_gazebo/share/ardupilot_gazebo/models/runway/materials/textures/Grass004_2K_AmbientOcclusion.jpg
[28.398s] -- Up-to-date symlink: /home/javierbecerril/harmonic_ws/install/ardupilot_gazebo/share/ardupilot_gazebo/models/runway/materials/textures/Grass004_2K_Color copy.jpg
[28.398s] -- Up-to-date symlink: /home/javierbecerril/harmonic_ws/install/ardupilot_gazebo/share/ardupilot_gazebo/models/runway/materials/textures/Grass004_2K_Color.jpg
[28.398s] -- Up-to-date symlink: /home/javierbecerril/harmonic_ws/install/ardupilot_gazebo/share/ardupilot_gazebo/models/runway/materials/textures/Grass004_2K_Displacement.jpg
[28.399s] -- Up-to-date symlink: /home/javierbecerril/harmonic_ws/install/ardupilot_gazebo/share/ardupilot_gazebo/models/runway/materials/textures/Grass004_2K_NormalGL.jpg
[28.400s] -- Up-to-date symlink: /home/javierbecerril/harmonic_ws/install/ardupilot_gazebo/share/ardupilot_gazebo/models/runway/materials/textures/Grass004_2K_Roughness.jpg
[28.400s] -- Up-to-date symlink: /home/javierbecerril/harmonic_ws/install/ardupilot_gazebo/share/ardupilot_gazebo/models/runway/materials/textures/runway.png
[28.401s] -- Up-to-date symlink: /home/javierbecerril/harmonic_ws/install/ardupilot_gazebo/share/ardupilot_gazebo/models/runway/meshes/airfield.dae
[28.401s] -- Up-to-date symlink: /home/javierbecerril/harmonic_ws/install/ardupilot_gazebo/share/ardupilot_gazebo/models/runway/model.config
[28.402s] -- Up-to-date symlink: /home/javierbecerril/harmonic_ws/install/ardupilot_gazebo/share/ardupilot_gazebo/models/runway/model.sdf
[28.402s] -- Up-to-date symlink: /home/javierbecerril/harmonic_ws/install/ardupilot_gazebo/share/ardupilot_gazebo/models/zephyr/materials/textures/wing.png
[28.403s] -- Up-to-date symlink: /home/javierbecerril/harmonic_ws/install/ardupilot_gazebo/share/ardupilot_gazebo/models/zephyr/meshes/parachute_small.dae
[28.404s] -- Up-to-date symlink: /home/javierbecerril/harmonic_ws/install/ardupilot_gazebo/share/ardupilot_gazebo/models/zephyr/meshes/wing.dae
[28.404s] -- Up-to-date symlink: /home/javierbecerril/harmonic_ws/install/ardupilot_gazebo/share/ardupilot_gazebo/models/zephyr/model.config
[28.404s] -- Up-to-date symlink: /home/javierbecerril/harmonic_ws/install/ardupilot_gazebo/share/ardupilot_gazebo/models/zephyr/model.sdf
[28.405s] -- Up-to-date symlink: /home/javierbecerril/harmonic_ws/install/ardupilot_gazebo/share/ardupilot_gazebo/models/zephyr/thumbnails/1.png
[28.405s] -- Up-to-date symlink: /home/javierbecerril/harmonic_ws/install/ardupilot_gazebo/share/ardupilot_gazebo/models/zephyr/thumbnails/2.png
[28.406s] -- Up-to-date symlink: /home/javierbecerril/harmonic_ws/install/ardupilot_gazebo/share/ardupilot_gazebo/models/zephyr/thumbnails/3.png
[28.406s] -- Up-to-date symlink: /home/javierbecerril/harmonic_ws/install/ardupilot_gazebo/share/ardupilot_gazebo/models/zephyr/thumbnails/4.png
[28.406s] -- Up-to-date symlink: /home/javierbecerril/harmonic_ws/install/ardupilot_gazebo/share/ardupilot_gazebo/models/zephyr/thumbnails/5.png
[28.407s] -- Up-to-date symlink: /home/javierbecerril/harmonic_ws/install/ardupilot_gazebo/share/ardupilot_gazebo/models/zephyr_with_ardupilot/model.config
[28.407s] -- Up-to-date symlink: /home/javierbecerril/harmonic_ws/install/ardupilot_gazebo/share/ardupilot_gazebo/models/zephyr_with_ardupilot/model.sdf
[28.407s] -- Up-to-date symlink: /home/javierbecerril/harmonic_ws/install/ardupilot_gazebo/share/ardupilot_gazebo/models/zephyr_with_parachute/model.config
[28.408s] -- Up-to-date symlink: /home/javierbecerril/harmonic_ws/install/ardupilot_gazebo/share/ardupilot_gazebo/models/zephyr_with_parachute/model.sdf
[28.409s] -- Up-to-date symlink: /home/javierbecerril/harmonic_ws/install/ardupilot_gazebo/share/ardupilot_gazebo/worlds/gimbal.sdf
[28.410s] -- Up-to-date symlink: /home/javierbecerril/harmonic_ws/install/ardupilot_gazebo/share/ardupilot_gazebo/worlds/iris_runway.sdf
[28.410s] -- Up-to-date symlink: /home/javierbecerril/harmonic_ws/install/ardupilot_gazebo/share/ardupilot_gazebo/worlds/iris_warehouse.sdf
[28.410s] -- Up-to-date symlink: /home/javierbecerril/harmonic_ws/install/ardupilot_gazebo/share/ardupilot_gazebo/worlds/zephyr_parachute.sdf
[28.411s] -- Up-to-date symlink: /home/javierbecerril/harmonic_ws/install/ardupilot_gazebo/share/ardupilot_gazebo/worlds/zephyr_runway.sdf
[28.411s] -- Up-to-date symlink: /home/javierbecerril/harmonic_ws/install/ardupilot_gazebo/share/ardupilot_gazebo/environment/ardupilot_gazebo.dsv
[28.412s] -- Up-to-date symlink: /home/javierbecerril/harmonic_ws/install/ardupilot_gazebo/share/ardupilot_gazebo/environment/ardupilot_gazebo.sh
[28.412s] -- Up-to-date symlink: /home/javierbecerril/harmonic_ws/install/ardupilot_gazebo/share/ament_index/resource_index/package_run_dependencies/ardupilot_gazebo
[28.413s] -- Up-to-date symlink: /home/javierbecerril/harmonic_ws/install/ardupilot_gazebo/share/ament_index/resource_index/parent_prefix_path/ardupilot_gazebo
[28.413s] -- Up-to-date symlink: /home/javierbecerril/harmonic_ws/install/ardupilot_gazebo/share/ardupilot_gazebo/environment/ament_prefix_path.sh
[28.413s] -- Up-to-date symlink: /home/javierbecerril/harmonic_ws/install/ardupilot_gazebo/share/ardupilot_gazebo/environment/ament_prefix_path.dsv
[28.414s] -- Up-to-date symlink: /home/javierbecerril/harmonic_ws/install/ardupilot_gazebo/share/ardupilot_gazebo/environment/path.sh
[28.414s] -- Up-to-date symlink: /home/javierbecerril/harmonic_ws/install/ardupilot_gazebo/share/ardupilot_gazebo/environment/path.dsv
[28.415s] -- Up-to-date symlink: /home/javierbecerril/harmonic_ws/install/ardupilot_gazebo/share/ardupilot_gazebo/local_setup.bash
[28.415s] -- Up-to-date symlink: /home/javierbecerril/harmonic_ws/install/ardupilot_gazebo/share/ardupilot_gazebo/local_setup.sh
[28.416s] -- Up-to-date symlink: /home/javierbecerril/harmonic_ws/install/ardupilot_gazebo/share/ardupilot_gazebo/local_setup.zsh
[28.416s] -- Up-to-date symlink: /home/javierbecerril/harmonic_ws/install/ardupilot_gazebo/share/ardupilot_gazebo/local_setup.dsv
[28.416s] -- Symlinking: /home/javierbecerril/harmonic_ws/install/ardupilot_gazebo/share/ardupilot_gazebo/package.dsv
[28.429s] -- Up-to-date symlink: /home/javierbecerril/harmonic_ws/install/ardupilot_gazebo/share/ament_index/resource_index/packages/ardupilot_gazebo
[28.430s] -- Up-to-date symlink: /home/javierbecerril/harmonic_ws/install/ardupilot_gazebo/share/ardupilot_gazebo/cmake/ardupilot_gazeboConfig.cmake
[28.430s] -- Up-to-date symlink: /home/javierbecerril/harmonic_ws/install/ardupilot_gazebo/share/ardupilot_gazebo/cmake/ardupilot_gazeboConfig-version.cmake
[28.431s] -- Up-to-date symlink: /home/javierbecerril/harmonic_ws/install/ardupilot_gazebo/share/ardupilot_gazebo/package.xml
[28.434s] Invoked command in '/home/javierbecerril/harmonic_ws/build/ardupilot_gazebo' returned '0': CMAKE_PREFIX_PATH=${CMAKE_PREFIX_PATH}:/home/javierbecerril/harmonic_ws/install/tag_hover_sim:/opt/ros/jazzy DEBUGINFOD_URLS=https://debuginfod.ubuntu.com PS1=\[\e]0;\u@\h: \w\a\]${debian_chroot:+($debian_chroot)}\[\033[01;32m\]\u@\h\[\033[00m\]:\[\033[01;34m\]\w\[\033[00m\]\$ /usr/bin/cmake --install /home/javierbecerril/harmonic_ws/build/ardupilot_gazebo
